[2023-08-18 01:56:10,567] {manager.py:480} INFO - Processing files using up to 1 processes at a time 
[2023-08-18 01:56:10,568] {manager.py:481} INFO - Process each file at most once every 30 seconds
[2023-08-18 01:56:10,568] {manager.py:482} INFO - Checking for new files in /home/guilherme/extracao-dados-twitter/airflow_pipeline/dags every 300 seconds
[2023-08-18 01:56:10,568] {manager.py:690} INFO - Searching for files in /home/guilherme/extracao-dados-twitter/airflow_pipeline/dags
[2023-08-18 01:56:10,592] {manager.py:693} INFO - There are 34 files in /home/guilherme/extracao-dados-twitter/airflow_pipeline/dags
[2023-08-18 01:56:11,178] {manager.py:809} INFO - 
================================================================================
DAG File Processing Stats

File Path                                                                                                                                PID    Runtime      # DAGs    # Errors  Last Runtime    Last Run
---------------------------------------------------------------------------------------------------------------------------------------  -----  ---------  --------  ----------  --------------  -------------------
/home/guilherme/extracao-dados-twitter/venv/lib/python3.9/site-packages/airflow/example_dags/example_latest_only_with_trigger.py                                  0           0
/home/guilherme/extracao-dados-twitter/venv/lib/python3.9/site-packages/airflow/example_dags/example_sla_dag.py                                                   0           0
/home/guilherme/extracao-dados-twitter/venv/lib/python3.9/site-packages/airflow/example_dags/example_subdag_operator.py                                           0           0
/home/guilherme/extracao-dados-twitter/venv/lib/python3.9/site-packages/airflow/example_dags/example_nested_branch_dag.py                                         0           0
/home/guilherme/extracao-dados-twitter/venv/lib/python3.9/site-packages/airflow/example_dags/example_complex.py                                                   0           0
/home/guilherme/extracao-dados-twitter/venv/lib/python3.9/site-packages/airflow/example_dags/example_task_group_decorator.py                                      0           0
/home/guilherme/extracao-dados-twitter/venv/lib/python3.9/site-packages/airflow/example_dags/example_branch_operator_decorator.py                                 0           0
/home/guilherme/extracao-dados-twitter/venv/lib/python3.9/site-packages/airflow/example_dags/example_local_kubernetes_executor.py                                 0           0
/home/guilherme/extracao-dados-twitter/venv/lib/python3.9/site-packages/airflow/example_dags/example_short_circuit_operator.py                                    0           0
/home/guilherme/extracao-dados-twitter/venv/lib/python3.9/site-packages/airflow/example_dags/tutorial.py                                                          0           0
/home/guilherme/extracao-dados-twitter/venv/lib/python3.9/site-packages/airflow/example_dags/example_branch_labels.py                                             0           0
/home/guilherme/extracao-dados-twitter/venv/lib/python3.9/site-packages/airflow/example_dags/example_skip_dag.py                                                  0           0
/home/guilherme/extracao-dados-twitter/venv/lib/python3.9/site-packages/airflow/example_dags/example_external_task_marker_dag.py                                  0           0
/home/guilherme/extracao-dados-twitter/venv/lib/python3.9/site-packages/airflow/example_dags/example_latest_only.py                                               0           0
/home/guilherme/extracao-dados-twitter/venv/lib/python3.9/site-packages/airflow/example_dags/example_xcom.py                                                      0           0
/home/guilherme/extracao-dados-twitter/venv/lib/python3.9/site-packages/airflow/example_dags/example_dag_decorator.py                                             0           0
/home/guilherme/extracao-dados-twitter/venv/lib/python3.9/site-packages/airflow/example_dags/example_bash_operator.py                                             0           0
/home/guilherme/extracao-dados-twitter/venv/lib/python3.9/site-packages/airflow/example_dags/example_branch_datetime_operator.py                                  0           0
/home/guilherme/extracao-dados-twitter/venv/lib/python3.9/site-packages/airflow/example_dags/example_kubernetes_executor.py                                       0           0
/home/guilherme/extracao-dados-twitter/venv/lib/python3.9/site-packages/airflow/example_dags/example_time_delta_sensor_async.py                                   0           0
/home/guilherme/extracao-dados-twitter/venv/lib/python3.9/site-packages/airflow/example_dags/tutorial_etl_dag.py                                                  0           0
/home/guilherme/extracao-dados-twitter/venv/lib/python3.9/site-packages/airflow/example_dags/example_python_operator.py                                           0           0
/home/guilherme/extracao-dados-twitter/venv/lib/python3.9/site-packages/airflow/example_dags/example_trigger_controller_dag.py                                    0           0
/home/guilherme/extracao-dados-twitter/venv/lib/python3.9/site-packages/airflow/example_dags/example_trigger_target_dag.py                                        0           0
/home/guilherme/extracao-dados-twitter/venv/lib/python3.9/site-packages/airflow/example_dags/tutorial_taskflow_api_etl_virtualenv.py                              0           0
/home/guilherme/extracao-dados-twitter/venv/lib/python3.9/site-packages/airflow/example_dags/example_task_group.py                                                0           0
/home/guilherme/extracao-dados-twitter/venv/lib/python3.9/site-packages/airflow/example_dags/example_branch_operator.py                                           0           0
/home/guilherme/extracao-dados-twitter/venv/lib/python3.9/site-packages/airflow/example_dags/example_passing_params_via_test_command.py                           0           0
/home/guilherme/extracao-dados-twitter/venv/lib/python3.9/site-packages/airflow/example_dags/example_branch_day_of_week_operator.py                               0           0
/home/guilherme/extracao-dados-twitter/venv/lib/python3.9/site-packages/airflow/example_dags/example_branch_python_dop_operator_3.py                              0           0
/home/guilherme/extracao-dados-twitter/venv/lib/python3.9/site-packages/airflow/example_dags/example_xcomargs.py                                                  0           0
/home/guilherme/extracao-dados-twitter/venv/lib/python3.9/site-packages/airflow/example_dags/subdags/subdag.py                                                    0           0
/home/guilherme/extracao-dados-twitter/venv/lib/python3.9/site-packages/airflow/example_dags/plugins/workday.py                                                   0           0
/home/guilherme/extracao-dados-twitter/venv/lib/python3.9/site-packages/airflow/example_dags/tutorial_taskflow_api_etl.py                                         1           0  0.51s           2023-08-18T01:56:11
================================================================================
[2023-08-18 01:56:41,379] {manager.py:809} INFO - 
================================================================================
DAG File Processing Stats

File Path                                                                                                                                PID    Runtime      # DAGs    # Errors  Last Runtime    Last Run
---------------------------------------------------------------------------------------------------------------------------------------  -----  ---------  --------  ----------  --------------  -------------------
/home/guilherme/extracao-dados-twitter/venv/lib/python3.9/site-packages/airflow/example_dags/example_complex.py                                                   0           0
/home/guilherme/extracao-dados-twitter/venv/lib/python3.9/site-packages/airflow/example_dags/example_branch_operator_decorator.py                                 0           0
/home/guilherme/extracao-dados-twitter/venv/lib/python3.9/site-packages/airflow/example_dags/example_local_kubernetes_executor.py                                 0           0  0.10s           2023-08-18T01:56:27
/home/guilherme/extracao-dados-twitter/venv/lib/python3.9/site-packages/airflow/example_dags/example_branch_labels.py                                             0           0
/home/guilherme/extracao-dados-twitter/venv/lib/python3.9/site-packages/airflow/example_dags/example_external_task_marker_dag.py                                  0           0
/home/guilherme/extracao-dados-twitter/venv/lib/python3.9/site-packages/airflow/example_dags/example_dag_decorator.py                                             0           0
/home/guilherme/extracao-dados-twitter/venv/lib/python3.9/site-packages/airflow/example_dags/example_bash_operator.py                                             0           0
/home/guilherme/extracao-dados-twitter/venv/lib/python3.9/site-packages/airflow/example_dags/example_branch_datetime_operator.py                                  0           0
/home/guilherme/extracao-dados-twitter/venv/lib/python3.9/site-packages/airflow/example_dags/example_kubernetes_executor.py                                       0           0  0.10s           2023-08-18T01:56:33
/home/guilherme/extracao-dados-twitter/venv/lib/python3.9/site-packages/airflow/example_dags/example_branch_operator.py                                           0           0
/home/guilherme/extracao-dados-twitter/venv/lib/python3.9/site-packages/airflow/example_dags/example_branch_day_of_week_operator.py                               0           0
/home/guilherme/extracao-dados-twitter/venv/lib/python3.9/site-packages/airflow/example_dags/example_branch_python_dop_operator_3.py                              0           0
/home/guilherme/extracao-dados-twitter/venv/lib/python3.9/site-packages/airflow/example_dags/example_xcomargs.py                                                  0           0
/home/guilherme/extracao-dados-twitter/venv/lib/python3.9/site-packages/airflow/example_dags/subdags/subdag.py                                                    0           0  0.21s           2023-08-18T01:56:17
/home/guilherme/extracao-dados-twitter/venv/lib/python3.9/site-packages/airflow/example_dags/plugins/workday.py                                                   0           0  0.11s           2023-08-18T01:56:18
/home/guilherme/extracao-dados-twitter/venv/lib/python3.9/site-packages/airflow/example_dags/example_latest_only_with_trigger.py                                  1           0  0.81s           2023-08-18T01:56:20
/home/guilherme/extracao-dados-twitter/venv/lib/python3.9/site-packages/airflow/example_dags/example_sla_dag.py                                                   1           0  0.51s           2023-08-18T01:56:22
/home/guilherme/extracao-dados-twitter/venv/lib/python3.9/site-packages/airflow/example_dags/example_nested_branch_dag.py                                         1           0  0.30s           2023-08-18T01:56:24
/home/guilherme/extracao-dados-twitter/venv/lib/python3.9/site-packages/airflow/example_dags/example_task_group_decorator.py                                      1           0  0.41s           2023-08-18T01:56:26
/home/guilherme/extracao-dados-twitter/venv/lib/python3.9/site-packages/airflow/example_dags/tutorial_taskflow_api_etl.py                                         1           0  0.51s           2023-08-18T01:56:11
/home/guilherme/extracao-dados-twitter/venv/lib/python3.9/site-packages/airflow/example_dags/example_short_circuit_operator.py                                    1           0  0.41s           2023-08-18T01:56:28
/home/guilherme/extracao-dados-twitter/venv/lib/python3.9/site-packages/airflow/example_dags/tutorial.py                                                          1           0  0.71s           2023-08-18T01:56:12
/home/guilherme/extracao-dados-twitter/venv/lib/python3.9/site-packages/airflow/example_dags/example_skip_dag.py                                                  1           0  0.30s           2023-08-18T01:56:29
/home/guilherme/extracao-dados-twitter/venv/lib/python3.9/site-packages/airflow/example_dags/example_latest_only.py                                               1           0  0.30s           2023-08-18T01:56:31
/home/guilherme/extracao-dados-twitter/venv/lib/python3.9/site-packages/airflow/example_dags/example_xcom.py                                                      1           0  0.30s           2023-08-18T01:56:32
/home/guilherme/extracao-dados-twitter/venv/lib/python3.9/site-packages/airflow/example_dags/example_time_delta_sensor_async.py                                   1           0  0.30s           2023-08-18T01:56:35
/home/guilherme/extracao-dados-twitter/venv/lib/python3.9/site-packages/airflow/example_dags/tutorial_etl_dag.py                                                  1           0  0.81s           2023-08-18T01:56:14
/home/guilherme/extracao-dados-twitter/venv/lib/python3.9/site-packages/airflow/example_dags/example_python_operator.py                                           1           0  0.30s           2023-08-18T01:56:36
/home/guilherme/extracao-dados-twitter/venv/lib/python3.9/site-packages/airflow/example_dags/example_trigger_controller_dag.py                                    1           0  0.31s           2023-08-18T01:56:37
/home/guilherme/extracao-dados-twitter/venv/lib/python3.9/site-packages/airflow/example_dags/example_trigger_target_dag.py                                        1           0  0.30s           2023-08-18T01:56:39
/home/guilherme/extracao-dados-twitter/venv/lib/python3.9/site-packages/airflow/example_dags/tutorial_taskflow_api_etl_virtualenv.py                              1           0  0.81s           2023-08-18T01:56:16
/home/guilherme/extracao-dados-twitter/venv/lib/python3.9/site-packages/airflow/example_dags/example_task_group.py                                                1           0  0.30s           2023-08-18T01:56:40
/home/guilherme/extracao-dados-twitter/venv/lib/python3.9/site-packages/airflow/example_dags/example_passing_params_via_test_command.py                           1           0  0.31s           2023-08-18T01:56:41
/home/guilherme/extracao-dados-twitter/venv/lib/python3.9/site-packages/airflow/example_dags/example_subdag_operator.py                                           3           0  0.30s           2023-08-18T01:56:23
================================================================================
[2023-08-18 01:57:11,760] {manager.py:809} INFO - 
================================================================================
DAG File Processing Stats

File Path                                                                                                                                PID    Runtime      # DAGs    # Errors  Last Runtime    Last Run
---------------------------------------------------------------------------------------------------------------------------------------  -----  ---------  --------  ----------  --------------  -------------------
/home/guilherme/extracao-dados-twitter/venv/lib/python3.9/site-packages/airflow/example_dags/example_local_kubernetes_executor.py                                 0           0  0.10s           2023-08-18T01:57:07
/home/guilherme/extracao-dados-twitter/venv/lib/python3.9/site-packages/airflow/example_dags/example_kubernetes_executor.py                                       0           0  0.10s           2023-08-18T01:56:33
/home/guilherme/extracao-dados-twitter/venv/lib/python3.9/site-packages/airflow/example_dags/subdags/subdag.py                                                    0           0  0.10s           2023-08-18T01:57:00
/home/guilherme/extracao-dados-twitter/venv/lib/python3.9/site-packages/airflow/example_dags/plugins/workday.py                                                   0           0  0.10s           2023-08-18T01:57:01
/home/guilherme/extracao-dados-twitter/venv/lib/python3.9/site-packages/airflow/example_dags/example_latest_only_with_trigger.py                                  1           0  0.20s           2023-08-18T01:57:01
/home/guilherme/extracao-dados-twitter/venv/lib/python3.9/site-packages/airflow/example_dags/example_sla_dag.py                                                   1           0  0.20s           2023-08-18T01:57:03
/home/guilherme/extracao-dados-twitter/venv/lib/python3.9/site-packages/airflow/example_dags/example_nested_branch_dag.py                                         1           0  0.20s           2023-08-18T01:57:05
/home/guilherme/extracao-dados-twitter/venv/lib/python3.9/site-packages/airflow/example_dags/example_complex.py                                                   1           0  0.31s           2023-08-18T01:56:44
/home/guilherme/extracao-dados-twitter/venv/lib/python3.9/site-packages/airflow/example_dags/example_task_group_decorator.py                                      1           0  0.21s           2023-08-18T01:57:06
/home/guilherme/extracao-dados-twitter/venv/lib/python3.9/site-packages/airflow/example_dags/tutorial_taskflow_api_etl.py                                         1           0  0.20s           2023-08-18T01:56:56
/home/guilherme/extracao-dados-twitter/venv/lib/python3.9/site-packages/airflow/example_dags/example_branch_operator_decorator.py                                 1           0  0.31s           2023-08-18T01:56:45
/home/guilherme/extracao-dados-twitter/venv/lib/python3.9/site-packages/airflow/example_dags/example_short_circuit_operator.py                                    1           0  0.30s           2023-08-18T01:57:09
/home/guilherme/extracao-dados-twitter/venv/lib/python3.9/site-packages/airflow/example_dags/tutorial.py                                                          1           0  0.10s           2023-08-18T01:56:56
/home/guilherme/extracao-dados-twitter/venv/lib/python3.9/site-packages/airflow/example_dags/example_branch_labels.py                                             1           0  0.30s           2023-08-18T01:56:46
/home/guilherme/extracao-dados-twitter/venv/lib/python3.9/site-packages/airflow/example_dags/example_skip_dag.py                                                  1           0  0.20s           2023-08-18T01:57:09
/home/guilherme/extracao-dados-twitter/venv/lib/python3.9/site-packages/airflow/example_dags/example_latest_only.py                                               1           0  0.21s           2023-08-18T01:57:10
/home/guilherme/extracao-dados-twitter/venv/lib/python3.9/site-packages/airflow/example_dags/example_xcom.py                                                      1           0  0.20s           2023-08-18T01:57:11
/home/guilherme/extracao-dados-twitter/venv/lib/python3.9/site-packages/airflow/example_dags/example_dag_decorator.py                                             1           0  0.30s           2023-08-18T01:56:49
/home/guilherme/extracao-dados-twitter/venv/lib/python3.9/site-packages/airflow/example_dags/example_bash_operator.py                                             1           0  0.61s           2023-08-18T01:56:51
/home/guilherme/extracao-dados-twitter/venv/lib/python3.9/site-packages/airflow/example_dags/example_branch_datetime_operator.py                                  1           0  0.30s           2023-08-18T01:56:51
/home/guilherme/extracao-dados-twitter/venv/lib/python3.9/site-packages/airflow/example_dags/example_time_delta_sensor_async.py                                   1           0  0.30s           2023-08-18T01:56:35
/home/guilherme/extracao-dados-twitter/venv/lib/python3.9/site-packages/airflow/example_dags/tutorial_etl_dag.py                                                  1           0  0.10s           2023-08-18T01:56:57
/home/guilherme/extracao-dados-twitter/venv/lib/python3.9/site-packages/airflow/example_dags/example_python_operator.py                                           1           0  0.30s           2023-08-18T01:56:36
/home/guilherme/extracao-dados-twitter/venv/lib/python3.9/site-packages/airflow/example_dags/example_trigger_controller_dag.py                                    1           0  0.31s           2023-08-18T01:56:37
/home/guilherme/extracao-dados-twitter/venv/lib/python3.9/site-packages/airflow/example_dags/example_trigger_target_dag.py                                        1           0  0.30s           2023-08-18T01:56:39
/home/guilherme/extracao-dados-twitter/venv/lib/python3.9/site-packages/airflow/example_dags/tutorial_taskflow_api_etl_virtualenv.py                              1           0  0.20s           2023-08-18T01:56:58
/home/guilherme/extracao-dados-twitter/venv/lib/python3.9/site-packages/airflow/example_dags/example_task_group.py                                                1           0  0.30s           2023-08-18T01:56:40
/home/guilherme/extracao-dados-twitter/venv/lib/python3.9/site-packages/airflow/example_dags/example_branch_operator.py                                           1           0  0.30s           2023-08-18T01:56:53
/home/guilherme/extracao-dados-twitter/venv/lib/python3.9/site-packages/airflow/example_dags/example_passing_params_via_test_command.py                           1           0  0.31s           2023-08-18T01:56:41
/home/guilherme/extracao-dados-twitter/venv/lib/python3.9/site-packages/airflow/example_dags/example_branch_day_of_week_operator.py                               1           0  0.31s           2023-08-18T01:56:53
/home/guilherme/extracao-dados-twitter/venv/lib/python3.9/site-packages/airflow/example_dags/example_branch_python_dop_operator_3.py                              1           0  0.30s           2023-08-18T01:56:55
/home/guilherme/extracao-dados-twitter/venv/lib/python3.9/site-packages/airflow/example_dags/example_external_task_marker_dag.py                                  2           0  0.40s           2023-08-18T01:56:48
/home/guilherme/extracao-dados-twitter/venv/lib/python3.9/site-packages/airflow/example_dags/example_xcomargs.py                                                  2           0  0.41s           2023-08-18T01:56:42
/home/guilherme/extracao-dados-twitter/venv/lib/python3.9/site-packages/airflow/example_dags/example_subdag_operator.py                                           3           0  0.20s           2023-08-18T01:57:04
================================================================================
[2023-08-18 01:57:42,177] {manager.py:809} INFO - 
================================================================================
DAG File Processing Stats

File Path                                                                                                                                PID    Runtime      # DAGs    # Errors  Last Runtime    Last Run
---------------------------------------------------------------------------------------------------------------------------------------  -----  ---------  --------  ----------  --------------  -------------------
/home/guilherme/extracao-dados-twitter/venv/lib/python3.9/site-packages/airflow/example_dags/example_local_kubernetes_executor.py                                 0           0  0.10s           2023-08-18T01:57:07
/home/guilherme/extracao-dados-twitter/venv/lib/python3.9/site-packages/airflow/example_dags/example_kubernetes_executor.py                                       0           0  0.10s           2023-08-18T01:57:12
/home/guilherme/extracao-dados-twitter/venv/lib/python3.9/site-packages/airflow/example_dags/subdags/subdag.py                                                    0           0  0.10s           2023-08-18T01:57:34
/home/guilherme/extracao-dados-twitter/venv/lib/python3.9/site-packages/airflow/example_dags/plugins/workday.py                                                   0           0  0.10s           2023-08-18T01:57:36
/home/guilherme/extracao-dados-twitter/venv/lib/python3.9/site-packages/airflow/example_dags/example_latest_only_with_trigger.py                                  1           0  0.10s           2023-08-18T01:57:38
/home/guilherme/extracao-dados-twitter/venv/lib/python3.9/site-packages/airflow/example_dags/example_sla_dag.py                                                   1           0  0.11s           2023-08-18T01:57:39
/home/guilherme/extracao-dados-twitter/venv/lib/python3.9/site-packages/airflow/example_dags/example_nested_branch_dag.py                                         1           0  0.10s           2023-08-18T01:57:40
/home/guilherme/extracao-dados-twitter/venv/lib/python3.9/site-packages/airflow/example_dags/example_complex.py                                                   1           0  0.20s           2023-08-18T01:57:21
/home/guilherme/extracao-dados-twitter/venv/lib/python3.9/site-packages/airflow/example_dags/example_task_group_decorator.py                                      1           0  0.20s           2023-08-18T01:57:42
/home/guilherme/extracao-dados-twitter/venv/lib/python3.9/site-packages/airflow/example_dags/tutorial_taskflow_api_etl.py                                         1           0  0.20s           2023-08-18T01:57:30
/home/guilherme/extracao-dados-twitter/venv/lib/python3.9/site-packages/airflow/example_dags/example_branch_operator_decorator.py                                 1           0  0.20s           2023-08-18T01:57:22
/home/guilherme/extracao-dados-twitter/venv/lib/python3.9/site-packages/airflow/example_dags/example_short_circuit_operator.py                                    1           0  0.30s           2023-08-18T01:57:09
/home/guilherme/extracao-dados-twitter/venv/lib/python3.9/site-packages/airflow/example_dags/tutorial.py                                                          1           0  0.20s           2023-08-18T01:57:31
/home/guilherme/extracao-dados-twitter/venv/lib/python3.9/site-packages/airflow/example_dags/example_branch_labels.py                                             1           0  0.10s           2023-08-18T01:57:23
/home/guilherme/extracao-dados-twitter/venv/lib/python3.9/site-packages/airflow/example_dags/example_skip_dag.py                                                  1           0  0.20s           2023-08-18T01:57:09
/home/guilherme/extracao-dados-twitter/venv/lib/python3.9/site-packages/airflow/example_dags/example_latest_only.py                                               1           0  0.21s           2023-08-18T01:57:10
/home/guilherme/extracao-dados-twitter/venv/lib/python3.9/site-packages/airflow/example_dags/example_xcom.py                                                      1           0  0.20s           2023-08-18T01:57:11
/home/guilherme/extracao-dados-twitter/venv/lib/python3.9/site-packages/airflow/example_dags/example_dag_decorator.py                                             1           0  0.20s           2023-08-18T01:57:25
/home/guilherme/extracao-dados-twitter/venv/lib/python3.9/site-packages/airflow/example_dags/example_bash_operator.py                                             1           0  0.10s           2023-08-18T01:57:26
/home/guilherme/extracao-dados-twitter/venv/lib/python3.9/site-packages/airflow/example_dags/example_branch_datetime_operator.py                                  1           0  0.20s           2023-08-18T01:57:27
/home/guilherme/extracao-dados-twitter/venv/lib/python3.9/site-packages/airflow/example_dags/example_time_delta_sensor_async.py                                   1           0  0.31s           2023-08-18T01:57:13
/home/guilherme/extracao-dados-twitter/venv/lib/python3.9/site-packages/airflow/example_dags/tutorial_etl_dag.py                                                  1           0  0.10s           2023-08-18T01:57:32
/home/guilherme/extracao-dados-twitter/venv/lib/python3.9/site-packages/airflow/example_dags/example_python_operator.py                                           1           0  0.20s           2023-08-18T01:57:14
/home/guilherme/extracao-dados-twitter/venv/lib/python3.9/site-packages/airflow/example_dags/example_trigger_controller_dag.py                                    1           0  0.10s           2023-08-18T01:57:15
/home/guilherme/extracao-dados-twitter/venv/lib/python3.9/site-packages/airflow/example_dags/example_trigger_target_dag.py                                        1           0  0.20s           2023-08-18T01:57:17
/home/guilherme/extracao-dados-twitter/venv/lib/python3.9/site-packages/airflow/example_dags/tutorial_taskflow_api_etl_virtualenv.py                              1           0  0.20s           2023-08-18T01:57:33
/home/guilherme/extracao-dados-twitter/venv/lib/python3.9/site-packages/airflow/example_dags/example_task_group.py                                                1           0  0.10s           2023-08-18T01:57:18
/home/guilherme/extracao-dados-twitter/venv/lib/python3.9/site-packages/airflow/example_dags/example_branch_operator.py                                           1           0  0.20s           2023-08-18T01:57:28
/home/guilherme/extracao-dados-twitter/venv/lib/python3.9/site-packages/airflow/example_dags/example_passing_params_via_test_command.py                           1           0  0.20s           2023-08-18T01:57:19
/home/guilherme/extracao-dados-twitter/venv/lib/python3.9/site-packages/airflow/example_dags/example_branch_day_of_week_operator.py                               1           0  0.10s           2023-08-18T01:57:29
/home/guilherme/extracao-dados-twitter/venv/lib/python3.9/site-packages/airflow/example_dags/example_branch_python_dop_operator_3.py                              1           0  0.20s           2023-08-18T01:57:35
/home/guilherme/extracao-dados-twitter/venv/lib/python3.9/site-packages/airflow/example_dags/example_external_task_marker_dag.py                                  2           0  0.10s           2023-08-18T01:57:24
/home/guilherme/extracao-dados-twitter/venv/lib/python3.9/site-packages/airflow/example_dags/example_xcomargs.py                                                  2           0  0.20s           2023-08-18T01:57:19
/home/guilherme/extracao-dados-twitter/venv/lib/python3.9/site-packages/airflow/example_dags/example_subdag_operator.py                                           3           0  0.20s           2023-08-18T01:57:40
================================================================================
[2023-08-18 01:58:12,358] {manager.py:809} INFO - 
================================================================================
DAG File Processing Stats

File Path                                                                                                                                PID    Runtime      # DAGs    # Errors  Last Runtime    Last Run
---------------------------------------------------------------------------------------------------------------------------------------  -----  ---------  --------  ----------  --------------  -------------------
/home/guilherme/extracao-dados-twitter/venv/lib/python3.9/site-packages/airflow/example_dags/example_local_kubernetes_executor.py                                 0           0  0.10s           2023-08-18T01:57:42
/home/guilherme/extracao-dados-twitter/venv/lib/python3.9/site-packages/airflow/example_dags/example_kubernetes_executor.py                                       0           0  0.10s           2023-08-18T01:57:48
/home/guilherme/extracao-dados-twitter/venv/lib/python3.9/site-packages/airflow/example_dags/subdags/subdag.py                                                    0           0  0.10s           2023-08-18T01:58:10
/home/guilherme/extracao-dados-twitter/venv/lib/python3.9/site-packages/airflow/example_dags/plugins/workday.py                                                   0           0  0.10s           2023-08-18T01:58:11
/home/guilherme/extracao-dados-twitter/venv/lib/python3.9/site-packages/airflow/example_dags/example_latest_only_with_trigger.py                                  1           0  0.10s           2023-08-18T01:57:38
/home/guilherme/extracao-dados-twitter/venv/lib/python3.9/site-packages/airflow/example_dags/example_sla_dag.py                                                   1           0  0.11s           2023-08-18T01:57:39
/home/guilherme/extracao-dados-twitter/venv/lib/python3.9/site-packages/airflow/example_dags/example_nested_branch_dag.py                                         1           0  0.10s           2023-08-18T01:57:40
/home/guilherme/extracao-dados-twitter/venv/lib/python3.9/site-packages/airflow/example_dags/example_complex.py                                                   1           0  0.11s           2023-08-18T01:57:56
/home/guilherme/extracao-dados-twitter/venv/lib/python3.9/site-packages/airflow/example_dags/example_task_group_decorator.py                                      1           0  0.20s           2023-08-18T01:57:42
/home/guilherme/extracao-dados-twitter/venv/lib/python3.9/site-packages/airflow/example_dags/tutorial_taskflow_api_etl.py                                         1           0  0.20s           2023-08-18T01:58:00
/home/guilherme/extracao-dados-twitter/venv/lib/python3.9/site-packages/airflow/example_dags/example_branch_operator_decorator.py                                 1           0  0.11s           2023-08-18T01:57:57
/home/guilherme/extracao-dados-twitter/venv/lib/python3.9/site-packages/airflow/example_dags/example_short_circuit_operator.py                                    1           0  0.20s           2023-08-18T01:57:43
/home/guilherme/extracao-dados-twitter/venv/lib/python3.9/site-packages/airflow/example_dags/tutorial.py                                                          1           0  0.10s           2023-08-18T01:58:07
/home/guilherme/extracao-dados-twitter/venv/lib/python3.9/site-packages/airflow/example_dags/example_branch_labels.py                                             1           0  0.20s           2023-08-18T01:57:58
/home/guilherme/extracao-dados-twitter/venv/lib/python3.9/site-packages/airflow/example_dags/example_skip_dag.py                                                  1           0  0.20s           2023-08-18T01:57:45
/home/guilherme/extracao-dados-twitter/venv/lib/python3.9/site-packages/airflow/example_dags/example_latest_only.py                                               1           0  0.21s           2023-08-18T01:57:46
/home/guilherme/extracao-dados-twitter/venv/lib/python3.9/site-packages/airflow/example_dags/example_xcom.py                                                      1           0  0.31s           2023-08-18T01:57:47
/home/guilherme/extracao-dados-twitter/venv/lib/python3.9/site-packages/airflow/example_dags/example_dag_decorator.py                                             1           0  0.20s           2023-08-18T01:58:01
/home/guilherme/extracao-dados-twitter/venv/lib/python3.9/site-packages/airflow/example_dags/example_bash_operator.py                                             1           0  0.20s           2023-08-18T01:58:03
/home/guilherme/extracao-dados-twitter/venv/lib/python3.9/site-packages/airflow/example_dags/example_branch_datetime_operator.py                                  1           0  0.20s           2023-08-18T01:58:04
/home/guilherme/extracao-dados-twitter/venv/lib/python3.9/site-packages/airflow/example_dags/example_time_delta_sensor_async.py                                   1           0  0.20s           2023-08-18T01:57:49
/home/guilherme/extracao-dados-twitter/venv/lib/python3.9/site-packages/airflow/example_dags/tutorial_etl_dag.py                                                  1           0  0.20s           2023-08-18T01:58:08
/home/guilherme/extracao-dados-twitter/venv/lib/python3.9/site-packages/airflow/example_dags/example_python_operator.py                                           1           0  0.21s           2023-08-18T01:57:51
/home/guilherme/extracao-dados-twitter/venv/lib/python3.9/site-packages/airflow/example_dags/example_trigger_controller_dag.py                                    1           0  0.10s           2023-08-18T01:57:51
/home/guilherme/extracao-dados-twitter/venv/lib/python3.9/site-packages/airflow/example_dags/example_trigger_target_dag.py                                        1           0  0.10s           2023-08-18T01:57:52
/home/guilherme/extracao-dados-twitter/venv/lib/python3.9/site-packages/airflow/example_dags/tutorial_taskflow_api_etl_virtualenv.py                              1           0  0.20s           2023-08-18T01:58:09
/home/guilherme/extracao-dados-twitter/venv/lib/python3.9/site-packages/airflow/example_dags/example_task_group.py                                                1           0  0.21s           2023-08-18T01:57:52
/home/guilherme/extracao-dados-twitter/venv/lib/python3.9/site-packages/airflow/example_dags/example_branch_operator.py                                           1           0  0.10s           2023-08-18T01:58:05
/home/guilherme/extracao-dados-twitter/venv/lib/python3.9/site-packages/airflow/example_dags/example_passing_params_via_test_command.py                           1           0  0.21s           2023-08-18T01:57:54
/home/guilherme/extracao-dados-twitter/venv/lib/python3.9/site-packages/airflow/example_dags/example_branch_day_of_week_operator.py                               1           0  0.11s           2023-08-18T01:58:06
/home/guilherme/extracao-dados-twitter/venv/lib/python3.9/site-packages/airflow/example_dags/example_branch_python_dop_operator_3.py                              1           0  0.20s           2023-08-18T01:58:12
/home/guilherme/extracao-dados-twitter/venv/lib/python3.9/site-packages/airflow/example_dags/example_external_task_marker_dag.py                                  2           0  0.10s           2023-08-18T01:57:59
/home/guilherme/extracao-dados-twitter/venv/lib/python3.9/site-packages/airflow/example_dags/example_xcomargs.py                                                  2           0  0.21s           2023-08-18T01:57:55
/home/guilherme/extracao-dados-twitter/venv/lib/python3.9/site-packages/airflow/example_dags/example_subdag_operator.py                                           3           0  0.20s           2023-08-18T01:57:40
================================================================================
[2023-08-18 01:58:42,860] {manager.py:809} INFO - 
================================================================================
DAG File Processing Stats

File Path                                                                                                                                PID    Runtime      # DAGs    # Errors  Last Runtime    Last Run
---------------------------------------------------------------------------------------------------------------------------------------  -----  ---------  --------  ----------  --------------  -------------------
/home/guilherme/extracao-dados-twitter/venv/lib/python3.9/site-packages/airflow/example_dags/example_local_kubernetes_executor.py                                 0           0  0.10s           2023-08-18T01:58:18
/home/guilherme/extracao-dados-twitter/venv/lib/python3.9/site-packages/airflow/example_dags/example_kubernetes_executor.py                                       0           0  0.10s           2023-08-18T01:58:23
/home/guilherme/extracao-dados-twitter/venv/lib/python3.9/site-packages/airflow/example_dags/subdags/subdag.py                                                    0           0  0.10s           2023-08-18T01:58:10
/home/guilherme/extracao-dados-twitter/venv/lib/python3.9/site-packages/airflow/example_dags/plugins/workday.py                                                   0           0  0.10s           2023-08-18T01:58:11
/home/guilherme/extracao-dados-twitter/venv/lib/python3.9/site-packages/airflow/example_dags/example_latest_only_with_trigger.py                                  1           0  0.10s           2023-08-18T01:58:13
/home/guilherme/extracao-dados-twitter/venv/lib/python3.9/site-packages/airflow/example_dags/example_sla_dag.py                                                   1           0  0.20s           2023-08-18T01:58:14
/home/guilherme/extracao-dados-twitter/venv/lib/python3.9/site-packages/airflow/example_dags/example_nested_branch_dag.py                                         1           0  0.10s           2023-08-18T01:58:16
/home/guilherme/extracao-dados-twitter/venv/lib/python3.9/site-packages/airflow/example_dags/example_complex.py                                                   1           0  0.20s           2023-08-18T01:58:31
/home/guilherme/extracao-dados-twitter/venv/lib/python3.9/site-packages/airflow/example_dags/example_task_group_decorator.py                                      1           0  0.20s           2023-08-18T01:58:17
/home/guilherme/extracao-dados-twitter/venv/lib/python3.9/site-packages/airflow/example_dags/tutorial_taskflow_api_etl.py                                         1           0  0.20s           2023-08-18T01:58:34
/home/guilherme/extracao-dados-twitter/venv/lib/python3.9/site-packages/airflow/example_dags/example_branch_operator_decorator.py                                 1           0  0.20s           2023-08-18T01:58:32
/home/guilherme/extracao-dados-twitter/venv/lib/python3.9/site-packages/airflow/example_dags/example_short_circuit_operator.py                                    1           0  0.11s           2023-08-18T01:58:19
/home/guilherme/extracao-dados-twitter/venv/lib/python3.9/site-packages/airflow/example_dags/tutorial.py                                                          1           0  0.11s           2023-08-18T01:58:39
/home/guilherme/extracao-dados-twitter/venv/lib/python3.9/site-packages/airflow/example_dags/example_branch_labels.py                                             1           0  0.10s           2023-08-18T01:58:33
/home/guilherme/extracao-dados-twitter/venv/lib/python3.9/site-packages/airflow/example_dags/example_skip_dag.py                                                  1           0  0.20s           2023-08-18T01:58:21
/home/guilherme/extracao-dados-twitter/venv/lib/python3.9/site-packages/airflow/example_dags/example_latest_only.py                                               1           0  0.10s           2023-08-18T01:58:22
/home/guilherme/extracao-dados-twitter/venv/lib/python3.9/site-packages/airflow/example_dags/example_xcom.py                                                      1           0  0.20s           2023-08-18T01:58:22
/home/guilherme/extracao-dados-twitter/venv/lib/python3.9/site-packages/airflow/example_dags/example_dag_decorator.py                                             1           0  0.20s           2023-08-18T01:58:36
/home/guilherme/extracao-dados-twitter/venv/lib/python3.9/site-packages/airflow/example_dags/example_bash_operator.py                                             1           0  0.20s           2023-08-18T01:58:37
/home/guilherme/extracao-dados-twitter/venv/lib/python3.9/site-packages/airflow/example_dags/example_branch_datetime_operator.py                                  1           0  0.20s           2023-08-18T01:58:38
/home/guilherme/extracao-dados-twitter/venv/lib/python3.9/site-packages/airflow/example_dags/example_time_delta_sensor_async.py                                   1           0  0.20s           2023-08-18T01:58:24
/home/guilherme/extracao-dados-twitter/venv/lib/python3.9/site-packages/airflow/example_dags/tutorial_etl_dag.py                                                  1           0  0.20s           2023-08-18T01:58:40
/home/guilherme/extracao-dados-twitter/venv/lib/python3.9/site-packages/airflow/example_dags/example_python_operator.py                                           1           0  0.20s           2023-08-18T01:58:25
/home/guilherme/extracao-dados-twitter/venv/lib/python3.9/site-packages/airflow/example_dags/example_trigger_controller_dag.py                                    1           0  0.10s           2023-08-18T01:58:27
/home/guilherme/extracao-dados-twitter/venv/lib/python3.9/site-packages/airflow/example_dags/example_trigger_target_dag.py                                        1           0  0.21s           2023-08-18T01:58:27
/home/guilherme/extracao-dados-twitter/venv/lib/python3.9/site-packages/airflow/example_dags/tutorial_taskflow_api_etl_virtualenv.py                              1           0  0.20s           2023-08-18T01:58:09
/home/guilherme/extracao-dados-twitter/venv/lib/python3.9/site-packages/airflow/example_dags/example_task_group.py                                                1           0  0.10s           2023-08-18T01:58:28
/home/guilherme/extracao-dados-twitter/venv/lib/python3.9/site-packages/airflow/example_dags/example_branch_operator.py                                           1           0  0.11s           2023-08-18T01:58:41
/home/guilherme/extracao-dados-twitter/venv/lib/python3.9/site-packages/airflow/example_dags/example_passing_params_via_test_command.py                           1           0  0.20s           2023-08-18T01:58:29
/home/guilherme/extracao-dados-twitter/venv/lib/python3.9/site-packages/airflow/example_dags/example_branch_day_of_week_operator.py                               1           0  0.20s           2023-08-18T01:58:42
/home/guilherme/extracao-dados-twitter/venv/lib/python3.9/site-packages/airflow/example_dags/example_branch_python_dop_operator_3.py                              1           0  0.20s           2023-08-18T01:58:12
/home/guilherme/extracao-dados-twitter/venv/lib/python3.9/site-packages/airflow/example_dags/example_external_task_marker_dag.py                                  2           0  0.20s           2023-08-18T01:58:33
/home/guilherme/extracao-dados-twitter/venv/lib/python3.9/site-packages/airflow/example_dags/example_xcomargs.py                                                  2           0  0.20s           2023-08-18T01:58:30
/home/guilherme/extracao-dados-twitter/venv/lib/python3.9/site-packages/airflow/example_dags/example_subdag_operator.py                                           3           0  0.20s           2023-08-18T01:58:15
================================================================================
[2023-08-18 01:59:09,267] {manager.py:462} INFO - Exiting gracefully upon receiving signal 15
