[2023-08-18 01:56:20,074] {processor.py:153} INFO - Started process (PID=3508) to work on /home/guilherme/extracao-dados-twitter/venv/lib/python3.9/site-packages/airflow/example_dags/example_latest_only_with_trigger.py
[2023-08-18 01:56:20,075] {processor.py:641} INFO - Processing file /home/guilherme/extracao-dados-twitter/venv/lib/python3.9/site-packages/airflow/example_dags/example_latest_only_with_trigger.py for tasks to queue
[2023-08-18 01:56:20,076] {logging_mixin.py:115} INFO - [2023-08-18 01:56:20,076] {dagbag.py:507} INFO - Filling up the DagBag from /home/guilherme/extracao-dados-twitter/venv/lib/python3.9/site-packages/airflow/example_dags/example_latest_only_with_trigger.py
[2023-08-18 01:56:20,122] {processor.py:651} INFO - DAG(s) dict_keys(['latest_only_with_trigger']) retrieved from /home/guilherme/extracao-dados-twitter/venv/lib/python3.9/site-packages/airflow/example_dags/example_latest_only_with_trigger.py
[2023-08-18 01:56:20,499] {logging_mixin.py:115} INFO - [2023-08-18 01:56:20,499] {manager.py:508} INFO - Created Permission View: can edit on DAG:latest_only_with_trigger
[2023-08-18 01:56:20,548] {logging_mixin.py:115} INFO - [2023-08-18 01:56:20,548] {manager.py:508} INFO - Created Permission View: can delete on DAG:latest_only_with_trigger
[2023-08-18 01:56:20,567] {logging_mixin.py:115} INFO - [2023-08-18 01:56:20,566] {manager.py:508} INFO - Created Permission View: can read on DAG:latest_only_with_trigger
[2023-08-18 01:56:20,567] {logging_mixin.py:115} INFO - [2023-08-18 01:56:20,567] {dag.py:2379} INFO - Sync 1 DAGs
[2023-08-18 01:56:20,576] {logging_mixin.py:115} INFO - [2023-08-18 01:56:20,576] {dag.py:2398} INFO - Creating ORM DAG for latest_only_with_trigger
[2023-08-18 01:56:20,649] {logging_mixin.py:115} INFO - [2023-08-18 01:56:20,649] {dag.py:2927} INFO - Setting next_dagrun for latest_only_with_trigger to 2023-08-17T21:56:20.649001+00:00, run_after=2023-08-18T01:56:20.649001+00:00
[2023-08-18 01:56:20,760] {processor.py:161} INFO - Processing /home/guilherme/extracao-dados-twitter/venv/lib/python3.9/site-packages/airflow/example_dags/example_latest_only_with_trigger.py took 0.707 seconds
[2023-08-18 01:57:01,760] {processor.py:153} INFO - Started process (PID=3648) to work on /home/guilherme/extracao-dados-twitter/venv/lib/python3.9/site-packages/airflow/example_dags/example_latest_only_with_trigger.py
[2023-08-18 01:57:01,761] {processor.py:641} INFO - Processing file /home/guilherme/extracao-dados-twitter/venv/lib/python3.9/site-packages/airflow/example_dags/example_latest_only_with_trigger.py for tasks to queue
[2023-08-18 01:57:01,762] {logging_mixin.py:115} INFO - [2023-08-18 01:57:01,762] {dagbag.py:507} INFO - Filling up the DagBag from /home/guilherme/extracao-dados-twitter/venv/lib/python3.9/site-packages/airflow/example_dags/example_latest_only_with_trigger.py
[2023-08-18 01:57:01,769] {processor.py:651} INFO - DAG(s) dict_keys(['latest_only_with_trigger']) retrieved from /home/guilherme/extracao-dados-twitter/venv/lib/python3.9/site-packages/airflow/example_dags/example_latest_only_with_trigger.py
[2023-08-18 01:57:01,790] {logging_mixin.py:115} INFO - [2023-08-18 01:57:01,790] {dag.py:2379} INFO - Sync 1 DAGs
[2023-08-18 01:57:01,812] {logging_mixin.py:115} INFO - [2023-08-18 01:57:01,812] {dag.py:2927} INFO - Setting next_dagrun for latest_only_with_trigger to 2023-08-17T21:57:01.812433+00:00, run_after=2023-08-18T01:57:01.812433+00:00
[2023-08-18 01:57:01,857] {processor.py:161} INFO - Processing /home/guilherme/extracao-dados-twitter/venv/lib/python3.9/site-packages/airflow/example_dags/example_latest_only_with_trigger.py took 0.100 seconds
[2023-08-18 01:57:37,954] {processor.py:153} INFO - Started process (PID=3892) to work on /home/guilherme/extracao-dados-twitter/venv/lib/python3.9/site-packages/airflow/example_dags/example_latest_only_with_trigger.py
[2023-08-18 01:57:37,955] {processor.py:641} INFO - Processing file /home/guilherme/extracao-dados-twitter/venv/lib/python3.9/site-packages/airflow/example_dags/example_latest_only_with_trigger.py for tasks to queue
[2023-08-18 01:57:37,955] {logging_mixin.py:115} INFO - [2023-08-18 01:57:37,955] {dagbag.py:507} INFO - Filling up the DagBag from /home/guilherme/extracao-dados-twitter/venv/lib/python3.9/site-packages/airflow/example_dags/example_latest_only_with_trigger.py
[2023-08-18 01:57:37,962] {processor.py:651} INFO - DAG(s) dict_keys(['latest_only_with_trigger']) retrieved from /home/guilherme/extracao-dados-twitter/venv/lib/python3.9/site-packages/airflow/example_dags/example_latest_only_with_trigger.py
[2023-08-18 01:57:37,982] {logging_mixin.py:115} INFO - [2023-08-18 01:57:37,982] {dag.py:2379} INFO - Sync 1 DAGs
[2023-08-18 01:57:38,006] {logging_mixin.py:115} INFO - [2023-08-18 01:57:38,006] {dag.py:2927} INFO - Setting next_dagrun for latest_only_with_trigger to 2023-08-17T21:57:38.005729+00:00, run_after=2023-08-18T01:57:38.005729+00:00
[2023-08-18 01:57:38,034] {processor.py:161} INFO - Processing /home/guilherme/extracao-dados-twitter/venv/lib/python3.9/site-packages/airflow/example_dags/example_latest_only_with_trigger.py took 0.084 seconds
[2023-08-18 01:58:13,193] {processor.py:153} INFO - Started process (PID=4082) to work on /home/guilherme/extracao-dados-twitter/venv/lib/python3.9/site-packages/airflow/example_dags/example_latest_only_with_trigger.py
[2023-08-18 01:58:13,194] {processor.py:641} INFO - Processing file /home/guilherme/extracao-dados-twitter/venv/lib/python3.9/site-packages/airflow/example_dags/example_latest_only_with_trigger.py for tasks to queue
[2023-08-18 01:58:13,195] {logging_mixin.py:115} INFO - [2023-08-18 01:58:13,195] {dagbag.py:507} INFO - Filling up the DagBag from /home/guilherme/extracao-dados-twitter/venv/lib/python3.9/site-packages/airflow/example_dags/example_latest_only_with_trigger.py
[2023-08-18 01:58:13,202] {processor.py:651} INFO - DAG(s) dict_keys(['latest_only_with_trigger']) retrieved from /home/guilherme/extracao-dados-twitter/venv/lib/python3.9/site-packages/airflow/example_dags/example_latest_only_with_trigger.py
[2023-08-18 01:58:13,222] {logging_mixin.py:115} INFO - [2023-08-18 01:58:13,222] {dag.py:2379} INFO - Sync 1 DAGs
[2023-08-18 01:58:13,245] {logging_mixin.py:115} INFO - [2023-08-18 01:58:13,244] {dag.py:2927} INFO - Setting next_dagrun for latest_only_with_trigger to 2023-08-17T21:58:13.244581+00:00, run_after=2023-08-18T01:58:13.244581+00:00
[2023-08-18 01:58:13,269] {processor.py:161} INFO - Processing /home/guilherme/extracao-dados-twitter/venv/lib/python3.9/site-packages/airflow/example_dags/example_latest_only_with_trigger.py took 0.080 seconds
[2023-08-18 01:58:47,052] {processor.py:153} INFO - Started process (PID=4115) to work on /home/guilherme/extracao-dados-twitter/venv/lib/python3.9/site-packages/airflow/example_dags/example_latest_only_with_trigger.py
[2023-08-18 01:58:47,053] {processor.py:641} INFO - Processing file /home/guilherme/extracao-dados-twitter/venv/lib/python3.9/site-packages/airflow/example_dags/example_latest_only_with_trigger.py for tasks to queue
[2023-08-18 01:58:47,054] {logging_mixin.py:115} INFO - [2023-08-18 01:58:47,054] {dagbag.py:507} INFO - Filling up the DagBag from /home/guilherme/extracao-dados-twitter/venv/lib/python3.9/site-packages/airflow/example_dags/example_latest_only_with_trigger.py
[2023-08-18 01:58:47,061] {processor.py:651} INFO - DAG(s) dict_keys(['latest_only_with_trigger']) retrieved from /home/guilherme/extracao-dados-twitter/venv/lib/python3.9/site-packages/airflow/example_dags/example_latest_only_with_trigger.py
[2023-08-18 01:58:47,082] {logging_mixin.py:115} INFO - [2023-08-18 01:58:47,082] {dag.py:2379} INFO - Sync 1 DAGs
[2023-08-18 01:58:47,104] {logging_mixin.py:115} INFO - [2023-08-18 01:58:47,104] {dag.py:2927} INFO - Setting next_dagrun for latest_only_with_trigger to 2023-08-17T21:58:47.104468+00:00, run_after=2023-08-18T01:58:47.104468+00:00
[2023-08-18 01:58:47,145] {processor.py:161} INFO - Processing /home/guilherme/extracao-dados-twitter/venv/lib/python3.9/site-packages/airflow/example_dags/example_latest_only_with_trigger.py took 0.098 seconds
[2023-08-18 02:01:45,496] {processor.py:153} INFO - Started process (PID=4749) to work on /home/guilherme/extracao-dados-twitter/venv/lib/python3.9/site-packages/airflow/example_dags/example_latest_only_with_trigger.py
[2023-08-18 02:01:45,502] {processor.py:641} INFO - Processing file /home/guilherme/extracao-dados-twitter/venv/lib/python3.9/site-packages/airflow/example_dags/example_latest_only_with_trigger.py for tasks to queue
[2023-08-18 02:01:45,503] {logging_mixin.py:115} INFO - [2023-08-18 02:01:45,503] {dagbag.py:507} INFO - Filling up the DagBag from /home/guilherme/extracao-dados-twitter/venv/lib/python3.9/site-packages/airflow/example_dags/example_latest_only_with_trigger.py
[2023-08-18 02:01:45,529] {processor.py:651} INFO - DAG(s) dict_keys(['latest_only_with_trigger']) retrieved from /home/guilherme/extracao-dados-twitter/venv/lib/python3.9/site-packages/airflow/example_dags/example_latest_only_with_trigger.py
[2023-08-18 02:01:45,616] {logging_mixin.py:115} INFO - [2023-08-18 02:01:45,616] {dag.py:2379} INFO - Sync 1 DAGs
[2023-08-18 02:01:45,680] {logging_mixin.py:115} INFO - [2023-08-18 02:01:45,680] {dag.py:2927} INFO - Setting next_dagrun for latest_only_with_trigger to 2023-08-17T22:01:45.680091+00:00, run_after=2023-08-18T02:01:45.680091+00:00
[2023-08-18 02:01:45,755] {processor.py:161} INFO - Processing /home/guilherme/extracao-dados-twitter/venv/lib/python3.9/site-packages/airflow/example_dags/example_latest_only_with_trigger.py took 0.279 seconds
[2023-08-18 02:02:20,665] {processor.py:153} INFO - Started process (PID=4987) to work on /home/guilherme/extracao-dados-twitter/venv/lib/python3.9/site-packages/airflow/example_dags/example_latest_only_with_trigger.py
[2023-08-18 02:02:20,666] {processor.py:641} INFO - Processing file /home/guilherme/extracao-dados-twitter/venv/lib/python3.9/site-packages/airflow/example_dags/example_latest_only_with_trigger.py for tasks to queue
[2023-08-18 02:02:20,667] {logging_mixin.py:115} INFO - [2023-08-18 02:02:20,667] {dagbag.py:507} INFO - Filling up the DagBag from /home/guilherme/extracao-dados-twitter/venv/lib/python3.9/site-packages/airflow/example_dags/example_latest_only_with_trigger.py
[2023-08-18 02:02:20,674] {processor.py:651} INFO - DAG(s) dict_keys(['latest_only_with_trigger']) retrieved from /home/guilherme/extracao-dados-twitter/venv/lib/python3.9/site-packages/airflow/example_dags/example_latest_only_with_trigger.py
[2023-08-18 02:02:20,694] {logging_mixin.py:115} INFO - [2023-08-18 02:02:20,694] {dag.py:2379} INFO - Sync 1 DAGs
[2023-08-18 02:02:20,726] {logging_mixin.py:115} INFO - [2023-08-18 02:02:20,725] {dag.py:2927} INFO - Setting next_dagrun for latest_only_with_trigger to 2023-08-17T22:02:20.725334+00:00, run_after=2023-08-18T02:02:20.725334+00:00
[2023-08-18 02:02:20,759] {processor.py:161} INFO - Processing /home/guilherme/extracao-dados-twitter/venv/lib/python3.9/site-packages/airflow/example_dags/example_latest_only_with_trigger.py took 0.097 seconds
[2023-08-18 02:02:55,830] {processor.py:153} INFO - Started process (PID=5028) to work on /home/guilherme/extracao-dados-twitter/venv/lib/python3.9/site-packages/airflow/example_dags/example_latest_only_with_trigger.py
[2023-08-18 02:02:55,831] {processor.py:641} INFO - Processing file /home/guilherme/extracao-dados-twitter/venv/lib/python3.9/site-packages/airflow/example_dags/example_latest_only_with_trigger.py for tasks to queue
[2023-08-18 02:02:55,832] {logging_mixin.py:115} INFO - [2023-08-18 02:02:55,832] {dagbag.py:507} INFO - Filling up the DagBag from /home/guilherme/extracao-dados-twitter/venv/lib/python3.9/site-packages/airflow/example_dags/example_latest_only_with_trigger.py
[2023-08-18 02:02:55,839] {processor.py:651} INFO - DAG(s) dict_keys(['latest_only_with_trigger']) retrieved from /home/guilherme/extracao-dados-twitter/venv/lib/python3.9/site-packages/airflow/example_dags/example_latest_only_with_trigger.py
[2023-08-18 02:02:55,860] {logging_mixin.py:115} INFO - [2023-08-18 02:02:55,860] {dag.py:2379} INFO - Sync 1 DAGs
[2023-08-18 02:02:55,882] {logging_mixin.py:115} INFO - [2023-08-18 02:02:55,882] {dag.py:2927} INFO - Setting next_dagrun for latest_only_with_trigger to 2023-08-17T22:02:55.881673+00:00, run_after=2023-08-18T02:02:55.881673+00:00
[2023-08-18 02:02:55,906] {processor.py:161} INFO - Processing /home/guilherme/extracao-dados-twitter/venv/lib/python3.9/site-packages/airflow/example_dags/example_latest_only_with_trigger.py took 0.079 seconds
[2023-08-18 02:03:30,142] {processor.py:153} INFO - Started process (PID=5063) to work on /home/guilherme/extracao-dados-twitter/venv/lib/python3.9/site-packages/airflow/example_dags/example_latest_only_with_trigger.py
[2023-08-18 02:03:30,143] {processor.py:641} INFO - Processing file /home/guilherme/extracao-dados-twitter/venv/lib/python3.9/site-packages/airflow/example_dags/example_latest_only_with_trigger.py for tasks to queue
[2023-08-18 02:03:30,144] {logging_mixin.py:115} INFO - [2023-08-18 02:03:30,144] {dagbag.py:507} INFO - Filling up the DagBag from /home/guilherme/extracao-dados-twitter/venv/lib/python3.9/site-packages/airflow/example_dags/example_latest_only_with_trigger.py
[2023-08-18 02:03:30,150] {processor.py:651} INFO - DAG(s) dict_keys(['latest_only_with_trigger']) retrieved from /home/guilherme/extracao-dados-twitter/venv/lib/python3.9/site-packages/airflow/example_dags/example_latest_only_with_trigger.py
[2023-08-18 02:03:30,170] {logging_mixin.py:115} INFO - [2023-08-18 02:03:30,170] {dag.py:2379} INFO - Sync 1 DAGs
[2023-08-18 02:03:30,190] {logging_mixin.py:115} INFO - [2023-08-18 02:03:30,190] {dag.py:2927} INFO - Setting next_dagrun for latest_only_with_trigger to 2023-08-17T22:03:30.190365+00:00, run_after=2023-08-18T02:03:30.190365+00:00
[2023-08-18 02:03:30,217] {processor.py:161} INFO - Processing /home/guilherme/extracao-dados-twitter/venv/lib/python3.9/site-packages/airflow/example_dags/example_latest_only_with_trigger.py took 0.078 seconds
[2023-08-18 02:04:04,386] {processor.py:153} INFO - Started process (PID=5097) to work on /home/guilherme/extracao-dados-twitter/venv/lib/python3.9/site-packages/airflow/example_dags/example_latest_only_with_trigger.py
[2023-08-18 02:04:04,387] {processor.py:641} INFO - Processing file /home/guilherme/extracao-dados-twitter/venv/lib/python3.9/site-packages/airflow/example_dags/example_latest_only_with_trigger.py for tasks to queue
[2023-08-18 02:04:04,388] {logging_mixin.py:115} INFO - [2023-08-18 02:04:04,388] {dagbag.py:507} INFO - Filling up the DagBag from /home/guilherme/extracao-dados-twitter/venv/lib/python3.9/site-packages/airflow/example_dags/example_latest_only_with_trigger.py
[2023-08-18 02:04:04,396] {processor.py:651} INFO - DAG(s) dict_keys(['latest_only_with_trigger']) retrieved from /home/guilherme/extracao-dados-twitter/venv/lib/python3.9/site-packages/airflow/example_dags/example_latest_only_with_trigger.py
[2023-08-18 02:04:04,416] {logging_mixin.py:115} INFO - [2023-08-18 02:04:04,416] {dag.py:2379} INFO - Sync 1 DAGs
[2023-08-18 02:04:04,438] {logging_mixin.py:115} INFO - [2023-08-18 02:04:04,437] {dag.py:2927} INFO - Setting next_dagrun for latest_only_with_trigger to 2023-08-17T22:04:04.437536+00:00, run_after=2023-08-18T02:04:04.437536+00:00
[2023-08-18 02:04:04,464] {processor.py:161} INFO - Processing /home/guilherme/extracao-dados-twitter/venv/lib/python3.9/site-packages/airflow/example_dags/example_latest_only_with_trigger.py took 0.083 seconds
[2023-08-18 02:04:38,999] {processor.py:153} INFO - Started process (PID=5337) to work on /home/guilherme/extracao-dados-twitter/venv/lib/python3.9/site-packages/airflow/example_dags/example_latest_only_with_trigger.py
[2023-08-18 02:04:39,000] {processor.py:641} INFO - Processing file /home/guilherme/extracao-dados-twitter/venv/lib/python3.9/site-packages/airflow/example_dags/example_latest_only_with_trigger.py for tasks to queue
[2023-08-18 02:04:39,001] {logging_mixin.py:115} INFO - [2023-08-18 02:04:39,000] {dagbag.py:507} INFO - Filling up the DagBag from /home/guilherme/extracao-dados-twitter/venv/lib/python3.9/site-packages/airflow/example_dags/example_latest_only_with_trigger.py
[2023-08-18 02:04:39,007] {processor.py:651} INFO - DAG(s) dict_keys(['latest_only_with_trigger']) retrieved from /home/guilherme/extracao-dados-twitter/venv/lib/python3.9/site-packages/airflow/example_dags/example_latest_only_with_trigger.py
[2023-08-18 02:04:39,027] {logging_mixin.py:115} INFO - [2023-08-18 02:04:39,027] {dag.py:2379} INFO - Sync 1 DAGs
[2023-08-18 02:04:39,046] {logging_mixin.py:115} INFO - [2023-08-18 02:04:39,045] {dag.py:2927} INFO - Setting next_dagrun for latest_only_with_trigger to 2023-08-17T22:04:39.045589+00:00, run_after=2023-08-18T02:04:39.045589+00:00
[2023-08-18 02:04:39,069] {processor.py:161} INFO - Processing /home/guilherme/extracao-dados-twitter/venv/lib/python3.9/site-packages/airflow/example_dags/example_latest_only_with_trigger.py took 0.073 seconds
[2023-08-18 02:05:12,042] {processor.py:153} INFO - Started process (PID=5473) to work on /home/guilherme/extracao-dados-twitter/venv/lib/python3.9/site-packages/airflow/example_dags/example_latest_only_with_trigger.py
[2023-08-18 02:05:12,043] {processor.py:641} INFO - Processing file /home/guilherme/extracao-dados-twitter/venv/lib/python3.9/site-packages/airflow/example_dags/example_latest_only_with_trigger.py for tasks to queue
[2023-08-18 02:05:12,044] {logging_mixin.py:115} INFO - [2023-08-18 02:05:12,043] {dagbag.py:507} INFO - Filling up the DagBag from /home/guilherme/extracao-dados-twitter/venv/lib/python3.9/site-packages/airflow/example_dags/example_latest_only_with_trigger.py
[2023-08-18 02:05:12,053] {processor.py:651} INFO - DAG(s) dict_keys(['latest_only_with_trigger']) retrieved from /home/guilherme/extracao-dados-twitter/venv/lib/python3.9/site-packages/airflow/example_dags/example_latest_only_with_trigger.py
[2023-08-18 02:05:12,076] {logging_mixin.py:115} INFO - [2023-08-18 02:05:12,076] {dag.py:2379} INFO - Sync 1 DAGs
[2023-08-18 02:05:12,096] {logging_mixin.py:115} INFO - [2023-08-18 02:05:12,096] {dag.py:2927} INFO - Setting next_dagrun for latest_only_with_trigger to 2023-08-17T22:05:12.096185+00:00, run_after=2023-08-18T02:05:12.096185+00:00
[2023-08-18 02:05:12,125] {processor.py:161} INFO - Processing /home/guilherme/extracao-dados-twitter/venv/lib/python3.9/site-packages/airflow/example_dags/example_latest_only_with_trigger.py took 0.087 seconds
[2023-08-18 02:05:47,134] {processor.py:153} INFO - Started process (PID=5508) to work on /home/guilherme/extracao-dados-twitter/venv/lib/python3.9/site-packages/airflow/example_dags/example_latest_only_with_trigger.py
[2023-08-18 02:05:47,135] {processor.py:641} INFO - Processing file /home/guilherme/extracao-dados-twitter/venv/lib/python3.9/site-packages/airflow/example_dags/example_latest_only_with_trigger.py for tasks to queue
[2023-08-18 02:05:47,135] {logging_mixin.py:115} INFO - [2023-08-18 02:05:47,135] {dagbag.py:507} INFO - Filling up the DagBag from /home/guilherme/extracao-dados-twitter/venv/lib/python3.9/site-packages/airflow/example_dags/example_latest_only_with_trigger.py
[2023-08-18 02:05:47,142] {processor.py:651} INFO - DAG(s) dict_keys(['latest_only_with_trigger']) retrieved from /home/guilherme/extracao-dados-twitter/venv/lib/python3.9/site-packages/airflow/example_dags/example_latest_only_with_trigger.py
[2023-08-18 02:05:47,162] {logging_mixin.py:115} INFO - [2023-08-18 02:05:47,162] {dag.py:2379} INFO - Sync 1 DAGs
[2023-08-18 02:05:47,181] {logging_mixin.py:115} INFO - [2023-08-18 02:05:47,181] {dag.py:2927} INFO - Setting next_dagrun for latest_only_with_trigger to 2023-08-17T22:05:47.181539+00:00, run_after=2023-08-18T02:05:47.181539+00:00
[2023-08-18 02:05:47,207] {processor.py:161} INFO - Processing /home/guilherme/extracao-dados-twitter/venv/lib/python3.9/site-packages/airflow/example_dags/example_latest_only_with_trigger.py took 0.077 seconds
[2023-08-18 17:08:34,745] {processor.py:153} INFO - Started process (PID=5009) to work on /home/guilherme/airflow/venv/lib/python3.9/site-packages/airflow/example_dags/example_latest_only_with_trigger.py
[2023-08-18 17:08:34,755] {processor.py:641} INFO - Processing file /home/guilherme/airflow/venv/lib/python3.9/site-packages/airflow/example_dags/example_latest_only_with_trigger.py for tasks to queue
[2023-08-18 17:08:34,755] {logging_mixin.py:115} INFO - [2023-08-18 17:08:34,755] {dagbag.py:507} INFO - Filling up the DagBag from /home/guilherme/airflow/venv/lib/python3.9/site-packages/airflow/example_dags/example_latest_only_with_trigger.py
[2023-08-18 17:08:34,769] {processor.py:651} INFO - DAG(s) dict_keys(['latest_only_with_trigger']) retrieved from /home/guilherme/airflow/venv/lib/python3.9/site-packages/airflow/example_dags/example_latest_only_with_trigger.py
[2023-08-18 17:08:34,815] {logging_mixin.py:115} INFO - [2023-08-18 17:08:34,814] {dag.py:2379} INFO - Sync 1 DAGs
[2023-08-18 17:08:34,828] {logging_mixin.py:115} INFO - [2023-08-18 17:08:34,827] {dag.py:2927} INFO - Setting next_dagrun for latest_only_with_trigger to 2023-08-18T13:08:34.827653+00:00, run_after=2023-08-18T17:08:34.827653+00:00
[2023-08-18 17:08:35,172] {processor.py:161} INFO - Processing /home/guilherme/airflow/venv/lib/python3.9/site-packages/airflow/example_dags/example_latest_only_with_trigger.py took 0.431 seconds
[2023-08-18 17:09:14,927] {processor.py:153} INFO - Started process (PID=5067) to work on /home/guilherme/airflow/venv/lib/python3.9/site-packages/airflow/example_dags/example_latest_only_with_trigger.py
[2023-08-18 17:09:14,928] {processor.py:641} INFO - Processing file /home/guilherme/airflow/venv/lib/python3.9/site-packages/airflow/example_dags/example_latest_only_with_trigger.py for tasks to queue
[2023-08-18 17:09:14,929] {logging_mixin.py:115} INFO - [2023-08-18 17:09:14,929] {dagbag.py:507} INFO - Filling up the DagBag from /home/guilherme/airflow/venv/lib/python3.9/site-packages/airflow/example_dags/example_latest_only_with_trigger.py
[2023-08-18 17:09:14,935] {processor.py:651} INFO - DAG(s) dict_keys(['latest_only_with_trigger']) retrieved from /home/guilherme/airflow/venv/lib/python3.9/site-packages/airflow/example_dags/example_latest_only_with_trigger.py
[2023-08-18 17:09:14,952] {logging_mixin.py:115} INFO - [2023-08-18 17:09:14,952] {dag.py:2379} INFO - Sync 1 DAGs
[2023-08-18 17:09:14,971] {logging_mixin.py:115} INFO - [2023-08-18 17:09:14,971] {dag.py:2927} INFO - Setting next_dagrun for latest_only_with_trigger to 2023-08-18T13:09:14.971015+00:00, run_after=2023-08-18T17:09:14.971015+00:00
[2023-08-18 17:09:15,064] {processor.py:161} INFO - Processing /home/guilherme/airflow/venv/lib/python3.9/site-packages/airflow/example_dags/example_latest_only_with_trigger.py took 0.141 seconds
[2023-08-18 17:09:47,978] {processor.py:153} INFO - Started process (PID=5101) to work on /home/guilherme/airflow/venv/lib/python3.9/site-packages/airflow/example_dags/example_latest_only_with_trigger.py
[2023-08-18 17:09:47,978] {processor.py:641} INFO - Processing file /home/guilherme/airflow/venv/lib/python3.9/site-packages/airflow/example_dags/example_latest_only_with_trigger.py for tasks to queue
[2023-08-18 17:09:47,979] {logging_mixin.py:115} INFO - [2023-08-18 17:09:47,979] {dagbag.py:507} INFO - Filling up the DagBag from /home/guilherme/airflow/venv/lib/python3.9/site-packages/airflow/example_dags/example_latest_only_with_trigger.py
[2023-08-18 17:09:47,985] {processor.py:651} INFO - DAG(s) dict_keys(['latest_only_with_trigger']) retrieved from /home/guilherme/airflow/venv/lib/python3.9/site-packages/airflow/example_dags/example_latest_only_with_trigger.py
[2023-08-18 17:09:48,001] {logging_mixin.py:115} INFO - [2023-08-18 17:09:48,001] {dag.py:2379} INFO - Sync 1 DAGs
[2023-08-18 17:09:48,020] {logging_mixin.py:115} INFO - [2023-08-18 17:09:48,019] {dag.py:2927} INFO - Setting next_dagrun for latest_only_with_trigger to 2023-08-18T13:09:48.019695+00:00, run_after=2023-08-18T17:09:48.019695+00:00
[2023-08-18 17:09:48,044] {processor.py:161} INFO - Processing /home/guilherme/airflow/venv/lib/python3.9/site-packages/airflow/example_dags/example_latest_only_with_trigger.py took 0.070 seconds
[2023-08-18 17:10:25,840] {processor.py:153} INFO - Started process (PID=5135) to work on /home/guilherme/airflow/venv/lib/python3.9/site-packages/airflow/example_dags/example_latest_only_with_trigger.py
[2023-08-18 17:10:25,841] {processor.py:641} INFO - Processing file /home/guilherme/airflow/venv/lib/python3.9/site-packages/airflow/example_dags/example_latest_only_with_trigger.py for tasks to queue
[2023-08-18 17:10:25,842] {logging_mixin.py:115} INFO - [2023-08-18 17:10:25,842] {dagbag.py:507} INFO - Filling up the DagBag from /home/guilherme/airflow/venv/lib/python3.9/site-packages/airflow/example_dags/example_latest_only_with_trigger.py
[2023-08-18 17:10:25,848] {processor.py:651} INFO - DAG(s) dict_keys(['latest_only_with_trigger']) retrieved from /home/guilherme/airflow/venv/lib/python3.9/site-packages/airflow/example_dags/example_latest_only_with_trigger.py
[2023-08-18 17:10:25,865] {logging_mixin.py:115} INFO - [2023-08-18 17:10:25,865] {dag.py:2379} INFO - Sync 1 DAGs
[2023-08-18 17:10:25,885] {logging_mixin.py:115} INFO - [2023-08-18 17:10:25,885] {dag.py:2927} INFO - Setting next_dagrun for latest_only_with_trigger to 2023-08-18T13:10:25.885075+00:00, run_after=2023-08-18T17:10:25.885075+00:00
[2023-08-18 17:10:26,024] {processor.py:161} INFO - Processing /home/guilherme/airflow/venv/lib/python3.9/site-packages/airflow/example_dags/example_latest_only_with_trigger.py took 0.187 seconds
[2023-08-18 17:11:07,427] {processor.py:153} INFO - Started process (PID=5175) to work on /home/guilherme/airflow/venv/lib/python3.9/site-packages/airflow/example_dags/example_latest_only_with_trigger.py
[2023-08-18 17:11:07,428] {processor.py:641} INFO - Processing file /home/guilherme/airflow/venv/lib/python3.9/site-packages/airflow/example_dags/example_latest_only_with_trigger.py for tasks to queue
[2023-08-18 17:11:07,429] {logging_mixin.py:115} INFO - [2023-08-18 17:11:07,429] {dagbag.py:507} INFO - Filling up the DagBag from /home/guilherme/airflow/venv/lib/python3.9/site-packages/airflow/example_dags/example_latest_only_with_trigger.py
[2023-08-18 17:11:07,435] {processor.py:651} INFO - DAG(s) dict_keys(['latest_only_with_trigger']) retrieved from /home/guilherme/airflow/venv/lib/python3.9/site-packages/airflow/example_dags/example_latest_only_with_trigger.py
[2023-08-18 17:11:07,452] {logging_mixin.py:115} INFO - [2023-08-18 17:11:07,452] {dag.py:2379} INFO - Sync 1 DAGs
[2023-08-18 17:11:07,472] {logging_mixin.py:115} INFO - [2023-08-18 17:11:07,472] {dag.py:2927} INFO - Setting next_dagrun for latest_only_with_trigger to 2023-08-18T13:11:07.472371+00:00, run_after=2023-08-18T17:11:07.472371+00:00
[2023-08-18 17:11:07,559] {processor.py:161} INFO - Processing /home/guilherme/airflow/venv/lib/python3.9/site-packages/airflow/example_dags/example_latest_only_with_trigger.py took 0.135 seconds
[2023-08-18 17:11:42,094] {processor.py:153} INFO - Started process (PID=5443) to work on /home/guilherme/airflow/venv/lib/python3.9/site-packages/airflow/example_dags/example_latest_only_with_trigger.py
[2023-08-18 17:11:42,095] {processor.py:641} INFO - Processing file /home/guilherme/airflow/venv/lib/python3.9/site-packages/airflow/example_dags/example_latest_only_with_trigger.py for tasks to queue
[2023-08-18 17:11:42,096] {logging_mixin.py:115} INFO - [2023-08-18 17:11:42,095] {dagbag.py:507} INFO - Filling up the DagBag from /home/guilherme/airflow/venv/lib/python3.9/site-packages/airflow/example_dags/example_latest_only_with_trigger.py
[2023-08-18 17:11:42,102] {processor.py:651} INFO - DAG(s) dict_keys(['latest_only_with_trigger']) retrieved from /home/guilherme/airflow/venv/lib/python3.9/site-packages/airflow/example_dags/example_latest_only_with_trigger.py
[2023-08-18 17:11:42,119] {logging_mixin.py:115} INFO - [2023-08-18 17:11:42,119] {dag.py:2379} INFO - Sync 1 DAGs
[2023-08-18 17:11:42,139] {logging_mixin.py:115} INFO - [2023-08-18 17:11:42,139] {dag.py:2927} INFO - Setting next_dagrun for latest_only_with_trigger to 2023-08-18T13:11:42.138914+00:00, run_after=2023-08-18T17:11:42.138914+00:00
[2023-08-18 17:11:42,170] {processor.py:161} INFO - Processing /home/guilherme/airflow/venv/lib/python3.9/site-packages/airflow/example_dags/example_latest_only_with_trigger.py took 0.079 seconds
[2023-08-18 17:12:14,700] {processor.py:153} INFO - Started process (PID=5607) to work on /home/guilherme/airflow/venv/lib/python3.9/site-packages/airflow/example_dags/example_latest_only_with_trigger.py
[2023-08-18 17:12:14,700] {processor.py:641} INFO - Processing file /home/guilherme/airflow/venv/lib/python3.9/site-packages/airflow/example_dags/example_latest_only_with_trigger.py for tasks to queue
[2023-08-18 17:12:14,701] {logging_mixin.py:115} INFO - [2023-08-18 17:12:14,701] {dagbag.py:507} INFO - Filling up the DagBag from /home/guilherme/airflow/venv/lib/python3.9/site-packages/airflow/example_dags/example_latest_only_with_trigger.py
[2023-08-18 17:12:14,707] {processor.py:651} INFO - DAG(s) dict_keys(['latest_only_with_trigger']) retrieved from /home/guilherme/airflow/venv/lib/python3.9/site-packages/airflow/example_dags/example_latest_only_with_trigger.py
[2023-08-18 17:12:14,724] {logging_mixin.py:115} INFO - [2023-08-18 17:12:14,724] {dag.py:2379} INFO - Sync 1 DAGs
[2023-08-18 17:12:14,743] {logging_mixin.py:115} INFO - [2023-08-18 17:12:14,743] {dag.py:2927} INFO - Setting next_dagrun for latest_only_with_trigger to 2023-08-18T13:12:14.743276+00:00, run_after=2023-08-18T17:12:14.743276+00:00
[2023-08-18 17:12:14,769] {processor.py:161} INFO - Processing /home/guilherme/airflow/venv/lib/python3.9/site-packages/airflow/example_dags/example_latest_only_with_trigger.py took 0.073 seconds
[2023-08-18 17:12:48,324] {processor.py:153} INFO - Started process (PID=5642) to work on /home/guilherme/airflow/venv/lib/python3.9/site-packages/airflow/example_dags/example_latest_only_with_trigger.py
[2023-08-18 17:12:48,325] {processor.py:641} INFO - Processing file /home/guilherme/airflow/venv/lib/python3.9/site-packages/airflow/example_dags/example_latest_only_with_trigger.py for tasks to queue
[2023-08-18 17:12:48,325] {logging_mixin.py:115} INFO - [2023-08-18 17:12:48,325] {dagbag.py:507} INFO - Filling up the DagBag from /home/guilherme/airflow/venv/lib/python3.9/site-packages/airflow/example_dags/example_latest_only_with_trigger.py
[2023-08-18 17:12:48,332] {processor.py:651} INFO - DAG(s) dict_keys(['latest_only_with_trigger']) retrieved from /home/guilherme/airflow/venv/lib/python3.9/site-packages/airflow/example_dags/example_latest_only_with_trigger.py
[2023-08-18 17:12:48,353] {logging_mixin.py:115} INFO - [2023-08-18 17:12:48,353] {dag.py:2379} INFO - Sync 1 DAGs
[2023-08-18 17:12:48,379] {logging_mixin.py:115} INFO - [2023-08-18 17:12:48,378] {dag.py:2927} INFO - Setting next_dagrun for latest_only_with_trigger to 2023-08-18T13:12:48.378496+00:00, run_after=2023-08-18T17:12:48.378496+00:00
[2023-08-18 17:12:48,432] {processor.py:161} INFO - Processing /home/guilherme/airflow/venv/lib/python3.9/site-packages/airflow/example_dags/example_latest_only_with_trigger.py took 0.111 seconds
