[2023-08-18 01:56:32,230] {processor.py:153} INFO - Started process (PID=3568) to work on /home/guilherme/extracao-dados-twitter/venv/lib/python3.9/site-packages/airflow/example_dags/example_xcom.py
[2023-08-18 01:56:32,231] {processor.py:641} INFO - Processing file /home/guilherme/extracao-dados-twitter/venv/lib/python3.9/site-packages/airflow/example_dags/example_xcom.py for tasks to queue
[2023-08-18 01:56:32,231] {logging_mixin.py:115} INFO - [2023-08-18 01:56:32,231] {dagbag.py:507} INFO - Filling up the DagBag from /home/guilherme/extracao-dados-twitter/venv/lib/python3.9/site-packages/airflow/example_dags/example_xcom.py
[2023-08-18 01:56:32,254] {processor.py:651} INFO - DAG(s) dict_keys(['example_xcom']) retrieved from /home/guilherme/extracao-dados-twitter/venv/lib/python3.9/site-packages/airflow/example_dags/example_xcom.py
[2023-08-18 01:56:32,391] {logging_mixin.py:115} INFO - [2023-08-18 01:56:32,391] {manager.py:508} INFO - Created Permission View: can edit on DAG:example_xcom
[2023-08-18 01:56:32,413] {logging_mixin.py:115} INFO - [2023-08-18 01:56:32,413] {manager.py:508} INFO - Created Permission View: can delete on DAG:example_xcom
[2023-08-18 01:56:32,444] {logging_mixin.py:115} INFO - [2023-08-18 01:56:32,444] {manager.py:508} INFO - Created Permission View: can read on DAG:example_xcom
[2023-08-18 01:56:32,444] {logging_mixin.py:115} INFO - [2023-08-18 01:56:32,444] {dag.py:2379} INFO - Sync 1 DAGs
[2023-08-18 01:56:32,454] {logging_mixin.py:115} INFO - [2023-08-18 01:56:32,454] {dag.py:2398} INFO - Creating ORM DAG for example_xcom
[2023-08-18 01:56:32,465] {logging_mixin.py:115} INFO - [2023-08-18 01:56:32,464] {dag.py:2927} INFO - Setting next_dagrun for example_xcom to 2021-01-01T00:00:00+00:00, run_after=2021-01-01T00:00:00+00:00
[2023-08-18 01:56:32,506] {processor.py:161} INFO - Processing /home/guilherme/extracao-dados-twitter/venv/lib/python3.9/site-packages/airflow/example_dags/example_xcom.py took 0.280 seconds
[2023-08-18 01:57:11,564] {processor.py:153} INFO - Started process (PID=3761) to work on /home/guilherme/extracao-dados-twitter/venv/lib/python3.9/site-packages/airflow/example_dags/example_xcom.py
[2023-08-18 01:57:11,564] {processor.py:641} INFO - Processing file /home/guilherme/extracao-dados-twitter/venv/lib/python3.9/site-packages/airflow/example_dags/example_xcom.py for tasks to queue
[2023-08-18 01:57:11,565] {logging_mixin.py:115} INFO - [2023-08-18 01:57:11,565] {dagbag.py:507} INFO - Filling up the DagBag from /home/guilherme/extracao-dados-twitter/venv/lib/python3.9/site-packages/airflow/example_dags/example_xcom.py
[2023-08-18 01:57:11,587] {processor.py:651} INFO - DAG(s) dict_keys(['example_xcom']) retrieved from /home/guilherme/extracao-dados-twitter/venv/lib/python3.9/site-packages/airflow/example_dags/example_xcom.py
[2023-08-18 01:57:11,658] {logging_mixin.py:115} INFO - [2023-08-18 01:57:11,657] {dag.py:2379} INFO - Sync 1 DAGs
[2023-08-18 01:57:11,677] {logging_mixin.py:115} INFO - [2023-08-18 01:57:11,677] {dag.py:2927} INFO - Setting next_dagrun for example_xcom to 2021-01-01T00:00:00+00:00, run_after=2021-01-01T00:00:00+00:00
[2023-08-18 01:57:11,708] {processor.py:161} INFO - Processing /home/guilherme/extracao-dados-twitter/venv/lib/python3.9/site-packages/airflow/example_dags/example_xcom.py took 0.149 seconds
[2023-08-18 01:57:47,288] {processor.py:153} INFO - Started process (PID=3901) to work on /home/guilherme/extracao-dados-twitter/venv/lib/python3.9/site-packages/airflow/example_dags/example_xcom.py
[2023-08-18 01:57:47,289] {processor.py:641} INFO - Processing file /home/guilherme/extracao-dados-twitter/venv/lib/python3.9/site-packages/airflow/example_dags/example_xcom.py for tasks to queue
[2023-08-18 01:57:47,289] {logging_mixin.py:115} INFO - [2023-08-18 01:57:47,289] {dagbag.py:507} INFO - Filling up the DagBag from /home/guilherme/extracao-dados-twitter/venv/lib/python3.9/site-packages/airflow/example_dags/example_xcom.py
[2023-08-18 01:57:47,312] {processor.py:651} INFO - DAG(s) dict_keys(['example_xcom']) retrieved from /home/guilherme/extracao-dados-twitter/venv/lib/python3.9/site-packages/airflow/example_dags/example_xcom.py
[2023-08-18 01:57:47,373] {logging_mixin.py:115} INFO - [2023-08-18 01:57:47,373] {dag.py:2379} INFO - Sync 1 DAGs
[2023-08-18 01:57:47,392] {logging_mixin.py:115} INFO - [2023-08-18 01:57:47,392] {dag.py:2927} INFO - Setting next_dagrun for example_xcom to 2021-01-01T00:00:00+00:00, run_after=2021-01-01T00:00:00+00:00
[2023-08-18 01:57:47,499] {processor.py:161} INFO - Processing /home/guilherme/extracao-dados-twitter/venv/lib/python3.9/site-packages/airflow/example_dags/example_xcom.py took 0.215 seconds
[2023-08-18 01:58:22,680] {processor.py:153} INFO - Started process (PID=4091) to work on /home/guilherme/extracao-dados-twitter/venv/lib/python3.9/site-packages/airflow/example_dags/example_xcom.py
[2023-08-18 01:58:22,681] {processor.py:641} INFO - Processing file /home/guilherme/extracao-dados-twitter/venv/lib/python3.9/site-packages/airflow/example_dags/example_xcom.py for tasks to queue
[2023-08-18 01:58:22,682] {logging_mixin.py:115} INFO - [2023-08-18 01:58:22,682] {dagbag.py:507} INFO - Filling up the DagBag from /home/guilherme/extracao-dados-twitter/venv/lib/python3.9/site-packages/airflow/example_dags/example_xcom.py
[2023-08-18 01:58:22,706] {processor.py:651} INFO - DAG(s) dict_keys(['example_xcom']) retrieved from /home/guilherme/extracao-dados-twitter/venv/lib/python3.9/site-packages/airflow/example_dags/example_xcom.py
[2023-08-18 01:58:22,781] {logging_mixin.py:115} INFO - [2023-08-18 01:58:22,781] {dag.py:2379} INFO - Sync 1 DAGs
[2023-08-18 01:58:22,801] {logging_mixin.py:115} INFO - [2023-08-18 01:58:22,801] {dag.py:2927} INFO - Setting next_dagrun for example_xcom to 2021-01-01T00:00:00+00:00, run_after=2021-01-01T00:00:00+00:00
[2023-08-18 01:58:22,828] {processor.py:161} INFO - Processing /home/guilherme/extracao-dados-twitter/venv/lib/python3.9/site-packages/airflow/example_dags/example_xcom.py took 0.151 seconds
[2023-08-18 01:58:57,591] {processor.py:153} INFO - Started process (PID=4125) to work on /home/guilherme/extracao-dados-twitter/venv/lib/python3.9/site-packages/airflow/example_dags/example_xcom.py
[2023-08-18 01:58:57,592] {processor.py:641} INFO - Processing file /home/guilherme/extracao-dados-twitter/venv/lib/python3.9/site-packages/airflow/example_dags/example_xcom.py for tasks to queue
[2023-08-18 01:58:57,593] {logging_mixin.py:115} INFO - [2023-08-18 01:58:57,593] {dagbag.py:507} INFO - Filling up the DagBag from /home/guilherme/extracao-dados-twitter/venv/lib/python3.9/site-packages/airflow/example_dags/example_xcom.py
[2023-08-18 01:58:57,614] {processor.py:651} INFO - DAG(s) dict_keys(['example_xcom']) retrieved from /home/guilherme/extracao-dados-twitter/venv/lib/python3.9/site-packages/airflow/example_dags/example_xcom.py
[2023-08-18 01:58:57,634] {logging_mixin.py:115} INFO - [2023-08-18 01:58:57,634] {dag.py:2379} INFO - Sync 1 DAGs
[2023-08-18 01:58:57,655] {logging_mixin.py:115} INFO - [2023-08-18 01:58:57,655] {dag.py:2927} INFO - Setting next_dagrun for example_xcom to 2021-01-01T00:00:00+00:00, run_after=2021-01-01T00:00:00+00:00
[2023-08-18 01:58:57,678] {processor.py:161} INFO - Processing /home/guilherme/extracao-dados-twitter/venv/lib/python3.9/site-packages/airflow/example_dags/example_xcom.py took 0.091 seconds
