[2023-08-18 01:56:34,719] {processor.py:153} INFO - Started process (PID=3570) to work on /home/guilherme/extracao-dados-twitter/venv/lib/python3.9/site-packages/airflow/example_dags/example_time_delta_sensor_async.py
[2023-08-18 01:56:34,720] {processor.py:641} INFO - Processing file /home/guilherme/extracao-dados-twitter/venv/lib/python3.9/site-packages/airflow/example_dags/example_time_delta_sensor_async.py for tasks to queue
[2023-08-18 01:56:34,720] {logging_mixin.py:115} INFO - [2023-08-18 01:56:34,720] {dagbag.py:507} INFO - Filling up the DagBag from /home/guilherme/extracao-dados-twitter/venv/lib/python3.9/site-packages/airflow/example_dags/example_time_delta_sensor_async.py
[2023-08-18 01:56:34,727] {processor.py:651} INFO - DAG(s) dict_keys(['example_time_delta_sensor_async']) retrieved from /home/guilherme/extracao-dados-twitter/venv/lib/python3.9/site-packages/airflow/example_dags/example_time_delta_sensor_async.py
[2023-08-18 01:56:34,858] {logging_mixin.py:115} INFO - [2023-08-18 01:56:34,858] {manager.py:508} INFO - Created Permission View: can edit on DAG:example_time_delta_sensor_async
[2023-08-18 01:56:34,880] {logging_mixin.py:115} INFO - [2023-08-18 01:56:34,880] {manager.py:508} INFO - Created Permission View: can delete on DAG:example_time_delta_sensor_async
[2023-08-18 01:56:34,903] {logging_mixin.py:115} INFO - [2023-08-18 01:56:34,903] {manager.py:508} INFO - Created Permission View: can read on DAG:example_time_delta_sensor_async
[2023-08-18 01:56:34,903] {logging_mixin.py:115} INFO - [2023-08-18 01:56:34,903] {dag.py:2379} INFO - Sync 1 DAGs
[2023-08-18 01:56:34,914] {logging_mixin.py:115} INFO - [2023-08-18 01:56:34,913] {dag.py:2398} INFO - Creating ORM DAG for example_time_delta_sensor_async
[2023-08-18 01:56:34,924] {logging_mixin.py:115} INFO - [2023-08-18 01:56:34,924] {dag.py:2927} INFO - Setting next_dagrun for example_time_delta_sensor_async to None, run_after=None
[2023-08-18 01:56:34,962] {processor.py:161} INFO - Processing /home/guilherme/extracao-dados-twitter/venv/lib/python3.9/site-packages/airflow/example_dags/example_time_delta_sensor_async.py took 0.247 seconds
[2023-08-18 01:57:13,223] {processor.py:153} INFO - Started process (PID=3763) to work on /home/guilherme/extracao-dados-twitter/venv/lib/python3.9/site-packages/airflow/example_dags/example_time_delta_sensor_async.py
[2023-08-18 01:57:13,224] {processor.py:641} INFO - Processing file /home/guilherme/extracao-dados-twitter/venv/lib/python3.9/site-packages/airflow/example_dags/example_time_delta_sensor_async.py for tasks to queue
[2023-08-18 01:57:13,225] {logging_mixin.py:115} INFO - [2023-08-18 01:57:13,224] {dagbag.py:507} INFO - Filling up the DagBag from /home/guilherme/extracao-dados-twitter/venv/lib/python3.9/site-packages/airflow/example_dags/example_time_delta_sensor_async.py
[2023-08-18 01:57:13,233] {processor.py:651} INFO - DAG(s) dict_keys(['example_time_delta_sensor_async']) retrieved from /home/guilherme/extracao-dados-twitter/venv/lib/python3.9/site-packages/airflow/example_dags/example_time_delta_sensor_async.py
[2023-08-18 01:57:13,291] {logging_mixin.py:115} INFO - [2023-08-18 01:57:13,290] {dag.py:2379} INFO - Sync 1 DAGs
[2023-08-18 01:57:13,382] {logging_mixin.py:115} INFO - [2023-08-18 01:57:13,382] {dag.py:2927} INFO - Setting next_dagrun for example_time_delta_sensor_async to None, run_after=None
[2023-08-18 01:57:13,457] {processor.py:161} INFO - Processing /home/guilherme/extracao-dados-twitter/venv/lib/python3.9/site-packages/airflow/example_dags/example_time_delta_sensor_async.py took 0.241 seconds
[2023-08-18 01:57:49,757] {processor.py:153} INFO - Started process (PID=3904) to work on /home/guilherme/extracao-dados-twitter/venv/lib/python3.9/site-packages/airflow/example_dags/example_time_delta_sensor_async.py
[2023-08-18 01:57:49,758] {processor.py:641} INFO - Processing file /home/guilherme/extracao-dados-twitter/venv/lib/python3.9/site-packages/airflow/example_dags/example_time_delta_sensor_async.py for tasks to queue
[2023-08-18 01:57:49,759] {logging_mixin.py:115} INFO - [2023-08-18 01:57:49,759] {dagbag.py:507} INFO - Filling up the DagBag from /home/guilherme/extracao-dados-twitter/venv/lib/python3.9/site-packages/airflow/example_dags/example_time_delta_sensor_async.py
[2023-08-18 01:57:49,765] {processor.py:651} INFO - DAG(s) dict_keys(['example_time_delta_sensor_async']) retrieved from /home/guilherme/extracao-dados-twitter/venv/lib/python3.9/site-packages/airflow/example_dags/example_time_delta_sensor_async.py
[2023-08-18 01:57:49,794] {logging_mixin.py:115} INFO - [2023-08-18 01:57:49,794] {dag.py:2379} INFO - Sync 1 DAGs
[2023-08-18 01:57:49,817] {logging_mixin.py:115} INFO - [2023-08-18 01:57:49,817] {dag.py:2927} INFO - Setting next_dagrun for example_time_delta_sensor_async to None, run_after=None
[2023-08-18 01:57:49,931] {processor.py:161} INFO - Processing /home/guilherme/extracao-dados-twitter/venv/lib/python3.9/site-packages/airflow/example_dags/example_time_delta_sensor_async.py took 0.178 seconds
[2023-08-18 01:58:24,467] {processor.py:153} INFO - Started process (PID=4093) to work on /home/guilherme/extracao-dados-twitter/venv/lib/python3.9/site-packages/airflow/example_dags/example_time_delta_sensor_async.py
[2023-08-18 01:58:24,467] {processor.py:641} INFO - Processing file /home/guilherme/extracao-dados-twitter/venv/lib/python3.9/site-packages/airflow/example_dags/example_time_delta_sensor_async.py for tasks to queue
[2023-08-18 01:58:24,468] {logging_mixin.py:115} INFO - [2023-08-18 01:58:24,468] {dagbag.py:507} INFO - Filling up the DagBag from /home/guilherme/extracao-dados-twitter/venv/lib/python3.9/site-packages/airflow/example_dags/example_time_delta_sensor_async.py
[2023-08-18 01:58:24,478] {processor.py:651} INFO - DAG(s) dict_keys(['example_time_delta_sensor_async']) retrieved from /home/guilherme/extracao-dados-twitter/venv/lib/python3.9/site-packages/airflow/example_dags/example_time_delta_sensor_async.py
[2023-08-18 01:58:24,510] {logging_mixin.py:115} INFO - [2023-08-18 01:58:24,510] {dag.py:2379} INFO - Sync 1 DAGs
[2023-08-18 01:58:24,532] {logging_mixin.py:115} INFO - [2023-08-18 01:58:24,532] {dag.py:2927} INFO - Setting next_dagrun for example_time_delta_sensor_async to None, run_after=None
[2023-08-18 01:58:24,563] {processor.py:161} INFO - Processing /home/guilherme/extracao-dados-twitter/venv/lib/python3.9/site-packages/airflow/example_dags/example_time_delta_sensor_async.py took 0.100 seconds
[2023-08-18 01:58:59,040] {processor.py:153} INFO - Started process (PID=4127) to work on /home/guilherme/extracao-dados-twitter/venv/lib/python3.9/site-packages/airflow/example_dags/example_time_delta_sensor_async.py
[2023-08-18 01:58:59,041] {processor.py:641} INFO - Processing file /home/guilherme/extracao-dados-twitter/venv/lib/python3.9/site-packages/airflow/example_dags/example_time_delta_sensor_async.py for tasks to queue
[2023-08-18 01:58:59,042] {logging_mixin.py:115} INFO - [2023-08-18 01:58:59,041] {dagbag.py:507} INFO - Filling up the DagBag from /home/guilherme/extracao-dados-twitter/venv/lib/python3.9/site-packages/airflow/example_dags/example_time_delta_sensor_async.py
[2023-08-18 01:58:59,048] {processor.py:651} INFO - DAG(s) dict_keys(['example_time_delta_sensor_async']) retrieved from /home/guilherme/extracao-dados-twitter/venv/lib/python3.9/site-packages/airflow/example_dags/example_time_delta_sensor_async.py
[2023-08-18 01:58:59,076] {logging_mixin.py:115} INFO - [2023-08-18 01:58:59,076] {dag.py:2379} INFO - Sync 1 DAGs
[2023-08-18 01:58:59,100] {logging_mixin.py:115} INFO - [2023-08-18 01:58:59,100] {dag.py:2927} INFO - Setting next_dagrun for example_time_delta_sensor_async to None, run_after=None
[2023-08-18 01:58:59,125] {processor.py:161} INFO - Processing /home/guilherme/extracao-dados-twitter/venv/lib/python3.9/site-packages/airflow/example_dags/example_time_delta_sensor_async.py took 0.088 seconds
