[2023-08-18 01:56:29,665] {processor.py:153} INFO - Started process (PID=3566) to work on /home/guilherme/extracao-dados-twitter/venv/lib/python3.9/site-packages/airflow/example_dags/example_skip_dag.py
[2023-08-18 01:56:29,665] {processor.py:641} INFO - Processing file /home/guilherme/extracao-dados-twitter/venv/lib/python3.9/site-packages/airflow/example_dags/example_skip_dag.py for tasks to queue
[2023-08-18 01:56:29,666] {logging_mixin.py:115} INFO - [2023-08-18 01:56:29,665] {dagbag.py:507} INFO - Filling up the DagBag from /home/guilherme/extracao-dados-twitter/venv/lib/python3.9/site-packages/airflow/example_dags/example_skip_dag.py
[2023-08-18 01:56:29,672] {processor.py:651} INFO - DAG(s) dict_keys(['example_skip_dag']) retrieved from /home/guilherme/extracao-dados-twitter/venv/lib/python3.9/site-packages/airflow/example_dags/example_skip_dag.py
[2023-08-18 01:56:29,796] {logging_mixin.py:115} INFO - [2023-08-18 01:56:29,796] {manager.py:508} INFO - Created Permission View: can edit on DAG:example_skip_dag
[2023-08-18 01:56:29,816] {logging_mixin.py:115} INFO - [2023-08-18 01:56:29,816] {manager.py:508} INFO - Created Permission View: can delete on DAG:example_skip_dag
[2023-08-18 01:56:29,846] {logging_mixin.py:115} INFO - [2023-08-18 01:56:29,846] {manager.py:508} INFO - Created Permission View: can read on DAG:example_skip_dag
[2023-08-18 01:56:29,847] {logging_mixin.py:115} INFO - [2023-08-18 01:56:29,847] {dag.py:2379} INFO - Sync 1 DAGs
[2023-08-18 01:56:29,862] {logging_mixin.py:115} INFO - [2023-08-18 01:56:29,862] {dag.py:2398} INFO - Creating ORM DAG for example_skip_dag
[2023-08-18 01:56:29,874] {logging_mixin.py:115} INFO - [2023-08-18 01:56:29,874] {dag.py:2927} INFO - Setting next_dagrun for example_skip_dag to 2023-08-17T01:56:29.873807+00:00, run_after=2023-08-18T01:56:29.873807+00:00
[2023-08-18 01:56:29,913] {processor.py:161} INFO - Processing /home/guilherme/extracao-dados-twitter/venv/lib/python3.9/site-packages/airflow/example_dags/example_skip_dag.py took 0.253 seconds
[2023-08-18 01:57:09,234] {processor.py:153} INFO - Started process (PID=3708) to work on /home/guilherme/extracao-dados-twitter/venv/lib/python3.9/site-packages/airflow/example_dags/example_skip_dag.py
[2023-08-18 01:57:09,235] {processor.py:641} INFO - Processing file /home/guilherme/extracao-dados-twitter/venv/lib/python3.9/site-packages/airflow/example_dags/example_skip_dag.py for tasks to queue
[2023-08-18 01:57:09,235] {logging_mixin.py:115} INFO - [2023-08-18 01:57:09,235] {dagbag.py:507} INFO - Filling up the DagBag from /home/guilherme/extracao-dados-twitter/venv/lib/python3.9/site-packages/airflow/example_dags/example_skip_dag.py
[2023-08-18 01:57:09,242] {processor.py:651} INFO - DAG(s) dict_keys(['example_skip_dag']) retrieved from /home/guilherme/extracao-dados-twitter/venv/lib/python3.9/site-packages/airflow/example_dags/example_skip_dag.py
[2023-08-18 01:57:09,263] {logging_mixin.py:115} INFO - [2023-08-18 01:57:09,263] {dag.py:2379} INFO - Sync 1 DAGs
[2023-08-18 01:57:09,287] {logging_mixin.py:115} INFO - [2023-08-18 01:57:09,287] {dag.py:2927} INFO - Setting next_dagrun for example_skip_dag to 2023-08-17T01:57:09.287032+00:00, run_after=2023-08-18T01:57:09.287032+00:00
[2023-08-18 01:57:09,339] {processor.py:161} INFO - Processing /home/guilherme/extracao-dados-twitter/venv/lib/python3.9/site-packages/airflow/example_dags/example_skip_dag.py took 0.108 seconds
[2023-08-18 01:57:44,953] {processor.py:153} INFO - Started process (PID=3899) to work on /home/guilherme/extracao-dados-twitter/venv/lib/python3.9/site-packages/airflow/example_dags/example_skip_dag.py
[2023-08-18 01:57:44,953] {processor.py:641} INFO - Processing file /home/guilherme/extracao-dados-twitter/venv/lib/python3.9/site-packages/airflow/example_dags/example_skip_dag.py for tasks to queue
[2023-08-18 01:57:44,954] {logging_mixin.py:115} INFO - [2023-08-18 01:57:44,954] {dagbag.py:507} INFO - Filling up the DagBag from /home/guilherme/extracao-dados-twitter/venv/lib/python3.9/site-packages/airflow/example_dags/example_skip_dag.py
[2023-08-18 01:57:44,960] {processor.py:651} INFO - DAG(s) dict_keys(['example_skip_dag']) retrieved from /home/guilherme/extracao-dados-twitter/venv/lib/python3.9/site-packages/airflow/example_dags/example_skip_dag.py
[2023-08-18 01:57:44,993] {logging_mixin.py:115} INFO - [2023-08-18 01:57:44,993] {dag.py:2379} INFO - Sync 1 DAGs
[2023-08-18 01:57:45,019] {logging_mixin.py:115} INFO - [2023-08-18 01:57:45,019] {dag.py:2927} INFO - Setting next_dagrun for example_skip_dag to 2023-08-17T01:57:45.018896+00:00, run_after=2023-08-18T01:57:45.018896+00:00
[2023-08-18 01:57:45,089] {processor.py:161} INFO - Processing /home/guilherme/extracao-dados-twitter/venv/lib/python3.9/site-packages/airflow/example_dags/example_skip_dag.py took 0.141 seconds
[2023-08-18 01:58:20,952] {processor.py:153} INFO - Started process (PID=4089) to work on /home/guilherme/extracao-dados-twitter/venv/lib/python3.9/site-packages/airflow/example_dags/example_skip_dag.py
[2023-08-18 01:58:20,953] {processor.py:641} INFO - Processing file /home/guilherme/extracao-dados-twitter/venv/lib/python3.9/site-packages/airflow/example_dags/example_skip_dag.py for tasks to queue
[2023-08-18 01:58:20,953] {logging_mixin.py:115} INFO - [2023-08-18 01:58:20,953] {dagbag.py:507} INFO - Filling up the DagBag from /home/guilherme/extracao-dados-twitter/venv/lib/python3.9/site-packages/airflow/example_dags/example_skip_dag.py
[2023-08-18 01:58:20,960] {processor.py:651} INFO - DAG(s) dict_keys(['example_skip_dag']) retrieved from /home/guilherme/extracao-dados-twitter/venv/lib/python3.9/site-packages/airflow/example_dags/example_skip_dag.py
[2023-08-18 01:58:20,982] {logging_mixin.py:115} INFO - [2023-08-18 01:58:20,982] {dag.py:2379} INFO - Sync 1 DAGs
[2023-08-18 01:58:21,007] {logging_mixin.py:115} INFO - [2023-08-18 01:58:21,007] {dag.py:2927} INFO - Setting next_dagrun for example_skip_dag to 2023-08-17T01:58:21.006738+00:00, run_after=2023-08-18T01:58:21.006738+00:00
[2023-08-18 01:58:21,048] {processor.py:161} INFO - Processing /home/guilherme/extracao-dados-twitter/venv/lib/python3.9/site-packages/airflow/example_dags/example_skip_dag.py took 0.100 seconds
[2023-08-18 01:58:55,220] {processor.py:153} INFO - Started process (PID=4123) to work on /home/guilherme/extracao-dados-twitter/venv/lib/python3.9/site-packages/airflow/example_dags/example_skip_dag.py
[2023-08-18 01:58:55,221] {processor.py:641} INFO - Processing file /home/guilherme/extracao-dados-twitter/venv/lib/python3.9/site-packages/airflow/example_dags/example_skip_dag.py for tasks to queue
[2023-08-18 01:58:55,221] {logging_mixin.py:115} INFO - [2023-08-18 01:58:55,221] {dagbag.py:507} INFO - Filling up the DagBag from /home/guilherme/extracao-dados-twitter/venv/lib/python3.9/site-packages/airflow/example_dags/example_skip_dag.py
[2023-08-18 01:58:55,228] {processor.py:651} INFO - DAG(s) dict_keys(['example_skip_dag']) retrieved from /home/guilherme/extracao-dados-twitter/venv/lib/python3.9/site-packages/airflow/example_dags/example_skip_dag.py
[2023-08-18 01:58:55,249] {logging_mixin.py:115} INFO - [2023-08-18 01:58:55,249] {dag.py:2379} INFO - Sync 1 DAGs
[2023-08-18 01:58:55,271] {logging_mixin.py:115} INFO - [2023-08-18 01:58:55,271] {dag.py:2927} INFO - Setting next_dagrun for example_skip_dag to 2023-08-17T01:58:55.271328+00:00, run_after=2023-08-18T01:58:55.271328+00:00
[2023-08-18 01:58:55,310] {processor.py:161} INFO - Processing /home/guilherme/extracao-dados-twitter/venv/lib/python3.9/site-packages/airflow/example_dags/example_skip_dag.py took 0.094 seconds
[2023-08-18 02:01:53,663] {processor.py:153} INFO - Started process (PID=4858) to work on /home/guilherme/extracao-dados-twitter/venv/lib/python3.9/site-packages/airflow/example_dags/example_skip_dag.py
[2023-08-18 02:01:53,664] {processor.py:641} INFO - Processing file /home/guilherme/extracao-dados-twitter/venv/lib/python3.9/site-packages/airflow/example_dags/example_skip_dag.py for tasks to queue
[2023-08-18 02:01:53,665] {logging_mixin.py:115} INFO - [2023-08-18 02:01:53,665] {dagbag.py:507} INFO - Filling up the DagBag from /home/guilherme/extracao-dados-twitter/venv/lib/python3.9/site-packages/airflow/example_dags/example_skip_dag.py
[2023-08-18 02:01:53,671] {processor.py:651} INFO - DAG(s) dict_keys(['example_skip_dag']) retrieved from /home/guilherme/extracao-dados-twitter/venv/lib/python3.9/site-packages/airflow/example_dags/example_skip_dag.py
[2023-08-18 02:01:53,691] {logging_mixin.py:115} INFO - [2023-08-18 02:01:53,691] {dag.py:2379} INFO - Sync 1 DAGs
[2023-08-18 02:01:53,711] {logging_mixin.py:115} INFO - [2023-08-18 02:01:53,711] {dag.py:2927} INFO - Setting next_dagrun for example_skip_dag to 2023-08-17T02:01:53.710920+00:00, run_after=2023-08-18T02:01:53.710920+00:00
[2023-08-18 02:01:53,788] {processor.py:161} INFO - Processing /home/guilherme/extracao-dados-twitter/venv/lib/python3.9/site-packages/airflow/example_dags/example_skip_dag.py took 0.129 seconds
[2023-08-18 02:02:27,880] {processor.py:153} INFO - Started process (PID=4995) to work on /home/guilherme/extracao-dados-twitter/venv/lib/python3.9/site-packages/airflow/example_dags/example_skip_dag.py
[2023-08-18 02:02:27,881] {processor.py:641} INFO - Processing file /home/guilherme/extracao-dados-twitter/venv/lib/python3.9/site-packages/airflow/example_dags/example_skip_dag.py for tasks to queue
[2023-08-18 02:02:27,882] {logging_mixin.py:115} INFO - [2023-08-18 02:02:27,882] {dagbag.py:507} INFO - Filling up the DagBag from /home/guilherme/extracao-dados-twitter/venv/lib/python3.9/site-packages/airflow/example_dags/example_skip_dag.py
[2023-08-18 02:02:27,889] {processor.py:651} INFO - DAG(s) dict_keys(['example_skip_dag']) retrieved from /home/guilherme/extracao-dados-twitter/venv/lib/python3.9/site-packages/airflow/example_dags/example_skip_dag.py
[2023-08-18 02:02:27,913] {logging_mixin.py:115} INFO - [2023-08-18 02:02:27,913] {dag.py:2379} INFO - Sync 1 DAGs
[2023-08-18 02:02:27,932] {logging_mixin.py:115} INFO - [2023-08-18 02:02:27,931] {dag.py:2927} INFO - Setting next_dagrun for example_skip_dag to 2023-08-17T02:02:27.931614+00:00, run_after=2023-08-18T02:02:27.931614+00:00
[2023-08-18 02:02:27,962] {processor.py:161} INFO - Processing /home/guilherme/extracao-dados-twitter/venv/lib/python3.9/site-packages/airflow/example_dags/example_skip_dag.py took 0.087 seconds
[2023-08-18 02:03:03,358] {processor.py:153} INFO - Started process (PID=5036) to work on /home/guilherme/extracao-dados-twitter/venv/lib/python3.9/site-packages/airflow/example_dags/example_skip_dag.py
[2023-08-18 02:03:03,358] {processor.py:641} INFO - Processing file /home/guilherme/extracao-dados-twitter/venv/lib/python3.9/site-packages/airflow/example_dags/example_skip_dag.py for tasks to queue
[2023-08-18 02:03:03,359] {logging_mixin.py:115} INFO - [2023-08-18 02:03:03,359] {dagbag.py:507} INFO - Filling up the DagBag from /home/guilherme/extracao-dados-twitter/venv/lib/python3.9/site-packages/airflow/example_dags/example_skip_dag.py
[2023-08-18 02:03:03,365] {processor.py:651} INFO - DAG(s) dict_keys(['example_skip_dag']) retrieved from /home/guilherme/extracao-dados-twitter/venv/lib/python3.9/site-packages/airflow/example_dags/example_skip_dag.py
[2023-08-18 02:03:03,385] {logging_mixin.py:115} INFO - [2023-08-18 02:03:03,385] {dag.py:2379} INFO - Sync 1 DAGs
[2023-08-18 02:03:03,406] {logging_mixin.py:115} INFO - [2023-08-18 02:03:03,406] {dag.py:2927} INFO - Setting next_dagrun for example_skip_dag to 2023-08-17T02:03:03.405964+00:00, run_after=2023-08-18T02:03:03.405964+00:00
[2023-08-18 02:03:03,445] {processor.py:161} INFO - Processing /home/guilherme/extracao-dados-twitter/venv/lib/python3.9/site-packages/airflow/example_dags/example_skip_dag.py took 0.092 seconds
[2023-08-18 02:03:37,412] {processor.py:153} INFO - Started process (PID=5070) to work on /home/guilherme/extracao-dados-twitter/venv/lib/python3.9/site-packages/airflow/example_dags/example_skip_dag.py
[2023-08-18 02:03:37,413] {processor.py:641} INFO - Processing file /home/guilherme/extracao-dados-twitter/venv/lib/python3.9/site-packages/airflow/example_dags/example_skip_dag.py for tasks to queue
[2023-08-18 02:03:37,413] {logging_mixin.py:115} INFO - [2023-08-18 02:03:37,413] {dagbag.py:507} INFO - Filling up the DagBag from /home/guilherme/extracao-dados-twitter/venv/lib/python3.9/site-packages/airflow/example_dags/example_skip_dag.py
[2023-08-18 02:03:37,419] {processor.py:651} INFO - DAG(s) dict_keys(['example_skip_dag']) retrieved from /home/guilherme/extracao-dados-twitter/venv/lib/python3.9/site-packages/airflow/example_dags/example_skip_dag.py
[2023-08-18 02:03:37,437] {logging_mixin.py:115} INFO - [2023-08-18 02:03:37,437] {dag.py:2379} INFO - Sync 1 DAGs
[2023-08-18 02:03:37,465] {logging_mixin.py:115} INFO - [2023-08-18 02:03:37,465] {dag.py:2927} INFO - Setting next_dagrun for example_skip_dag to 2023-08-17T02:03:37.465424+00:00, run_after=2023-08-18T02:03:37.465424+00:00
[2023-08-18 02:03:37,504] {processor.py:161} INFO - Processing /home/guilherme/extracao-dados-twitter/venv/lib/python3.9/site-packages/airflow/example_dags/example_skip_dag.py took 0.096 seconds
[2023-08-18 02:04:12,228] {processor.py:153} INFO - Started process (PID=5104) to work on /home/guilherme/extracao-dados-twitter/venv/lib/python3.9/site-packages/airflow/example_dags/example_skip_dag.py
[2023-08-18 02:04:12,234] {processor.py:641} INFO - Processing file /home/guilherme/extracao-dados-twitter/venv/lib/python3.9/site-packages/airflow/example_dags/example_skip_dag.py for tasks to queue
[2023-08-18 02:04:12,234] {logging_mixin.py:115} INFO - [2023-08-18 02:04:12,234] {dagbag.py:507} INFO - Filling up the DagBag from /home/guilherme/extracao-dados-twitter/venv/lib/python3.9/site-packages/airflow/example_dags/example_skip_dag.py
[2023-08-18 02:04:12,241] {processor.py:651} INFO - DAG(s) dict_keys(['example_skip_dag']) retrieved from /home/guilherme/extracao-dados-twitter/venv/lib/python3.9/site-packages/airflow/example_dags/example_skip_dag.py
[2023-08-18 02:04:12,261] {logging_mixin.py:115} INFO - [2023-08-18 02:04:12,261] {dag.py:2379} INFO - Sync 1 DAGs
[2023-08-18 02:04:12,281] {logging_mixin.py:115} INFO - [2023-08-18 02:04:12,281] {dag.py:2927} INFO - Setting next_dagrun for example_skip_dag to 2023-08-17T02:04:12.281501+00:00, run_after=2023-08-18T02:04:12.281501+00:00
[2023-08-18 02:04:12,324] {processor.py:161} INFO - Processing /home/guilherme/extracao-dados-twitter/venv/lib/python3.9/site-packages/airflow/example_dags/example_skip_dag.py took 0.106 seconds
[2023-08-18 02:04:45,802] {processor.py:153} INFO - Started process (PID=5344) to work on /home/guilherme/extracao-dados-twitter/venv/lib/python3.9/site-packages/airflow/example_dags/example_skip_dag.py
[2023-08-18 02:04:45,803] {processor.py:641} INFO - Processing file /home/guilherme/extracao-dados-twitter/venv/lib/python3.9/site-packages/airflow/example_dags/example_skip_dag.py for tasks to queue
[2023-08-18 02:04:45,803] {logging_mixin.py:115} INFO - [2023-08-18 02:04:45,803] {dagbag.py:507} INFO - Filling up the DagBag from /home/guilherme/extracao-dados-twitter/venv/lib/python3.9/site-packages/airflow/example_dags/example_skip_dag.py
[2023-08-18 02:04:45,809] {processor.py:651} INFO - DAG(s) dict_keys(['example_skip_dag']) retrieved from /home/guilherme/extracao-dados-twitter/venv/lib/python3.9/site-packages/airflow/example_dags/example_skip_dag.py
[2023-08-18 02:04:45,831] {logging_mixin.py:115} INFO - [2023-08-18 02:04:45,830] {dag.py:2379} INFO - Sync 1 DAGs
[2023-08-18 02:04:45,851] {logging_mixin.py:115} INFO - [2023-08-18 02:04:45,851] {dag.py:2927} INFO - Setting next_dagrun for example_skip_dag to 2023-08-17T02:04:45.851428+00:00, run_after=2023-08-18T02:04:45.851428+00:00
[2023-08-18 02:04:45,878] {processor.py:161} INFO - Processing /home/guilherme/extracao-dados-twitter/venv/lib/python3.9/site-packages/airflow/example_dags/example_skip_dag.py took 0.080 seconds
[2023-08-18 02:05:19,874] {processor.py:153} INFO - Started process (PID=5482) to work on /home/guilherme/extracao-dados-twitter/venv/lib/python3.9/site-packages/airflow/example_dags/example_skip_dag.py
[2023-08-18 02:05:19,874] {processor.py:641} INFO - Processing file /home/guilherme/extracao-dados-twitter/venv/lib/python3.9/site-packages/airflow/example_dags/example_skip_dag.py for tasks to queue
[2023-08-18 02:05:19,875] {logging_mixin.py:115} INFO - [2023-08-18 02:05:19,875] {dagbag.py:507} INFO - Filling up the DagBag from /home/guilherme/extracao-dados-twitter/venv/lib/python3.9/site-packages/airflow/example_dags/example_skip_dag.py
[2023-08-18 02:05:19,881] {processor.py:651} INFO - DAG(s) dict_keys(['example_skip_dag']) retrieved from /home/guilherme/extracao-dados-twitter/venv/lib/python3.9/site-packages/airflow/example_dags/example_skip_dag.py
[2023-08-18 02:05:19,900] {logging_mixin.py:115} INFO - [2023-08-18 02:05:19,900] {dag.py:2379} INFO - Sync 1 DAGs
[2023-08-18 02:05:19,919] {logging_mixin.py:115} INFO - [2023-08-18 02:05:19,919] {dag.py:2927} INFO - Setting next_dagrun for example_skip_dag to 2023-08-17T02:05:19.919308+00:00, run_after=2023-08-18T02:05:19.919308+00:00
[2023-08-18 02:05:19,947] {processor.py:161} INFO - Processing /home/guilherme/extracao-dados-twitter/venv/lib/python3.9/site-packages/airflow/example_dags/example_skip_dag.py took 0.077 seconds
[2023-08-18 02:05:54,792] {processor.py:153} INFO - Started process (PID=5568) to work on /home/guilherme/extracao-dados-twitter/venv/lib/python3.9/site-packages/airflow/example_dags/example_skip_dag.py
[2023-08-18 02:05:54,793] {processor.py:641} INFO - Processing file /home/guilherme/extracao-dados-twitter/venv/lib/python3.9/site-packages/airflow/example_dags/example_skip_dag.py for tasks to queue
[2023-08-18 02:05:54,794] {logging_mixin.py:115} INFO - [2023-08-18 02:05:54,794] {dagbag.py:507} INFO - Filling up the DagBag from /home/guilherme/extracao-dados-twitter/venv/lib/python3.9/site-packages/airflow/example_dags/example_skip_dag.py
[2023-08-18 02:05:54,801] {processor.py:651} INFO - DAG(s) dict_keys(['example_skip_dag']) retrieved from /home/guilherme/extracao-dados-twitter/venv/lib/python3.9/site-packages/airflow/example_dags/example_skip_dag.py
[2023-08-18 02:05:54,825] {logging_mixin.py:115} INFO - [2023-08-18 02:05:54,825] {dag.py:2379} INFO - Sync 1 DAGs
[2023-08-18 02:05:54,853] {logging_mixin.py:115} INFO - [2023-08-18 02:05:54,853] {dag.py:2927} INFO - Setting next_dagrun for example_skip_dag to 2023-08-17T02:05:54.853212+00:00, run_after=2023-08-18T02:05:54.853212+00:00
[2023-08-18 02:05:54,890] {processor.py:161} INFO - Processing /home/guilherme/extracao-dados-twitter/venv/lib/python3.9/site-packages/airflow/example_dags/example_skip_dag.py took 0.102 seconds
[2023-08-18 17:08:20,033] {processor.py:153} INFO - Started process (PID=4877) to work on /home/guilherme/airflow/venv/lib/python3.9/site-packages/airflow/example_dags/example_skip_dag.py
[2023-08-18 17:08:20,038] {processor.py:641} INFO - Processing file /home/guilherme/airflow/venv/lib/python3.9/site-packages/airflow/example_dags/example_skip_dag.py for tasks to queue
[2023-08-18 17:08:20,039] {logging_mixin.py:115} INFO - [2023-08-18 17:08:20,038] {dagbag.py:507} INFO - Filling up the DagBag from /home/guilherme/airflow/venv/lib/python3.9/site-packages/airflow/example_dags/example_skip_dag.py
[2023-08-18 17:08:20,044] {processor.py:651} INFO - DAG(s) dict_keys(['example_skip_dag']) retrieved from /home/guilherme/airflow/venv/lib/python3.9/site-packages/airflow/example_dags/example_skip_dag.py
[2023-08-18 17:08:20,086] {logging_mixin.py:115} INFO - [2023-08-18 17:08:20,086] {dag.py:2379} INFO - Sync 1 DAGs
[2023-08-18 17:08:20,099] {logging_mixin.py:115} INFO - [2023-08-18 17:08:20,099] {dag.py:2927} INFO - Setting next_dagrun for example_skip_dag to 2023-08-17T17:08:20.098866+00:00, run_after=2023-08-18T17:08:20.098866+00:00
[2023-08-18 17:08:20,499] {processor.py:161} INFO - Processing /home/guilherme/airflow/venv/lib/python3.9/site-packages/airflow/example_dags/example_skip_dag.py took 0.470 seconds
[2023-08-18 17:09:03,672] {processor.py:153} INFO - Started process (PID=5055) to work on /home/guilherme/airflow/venv/lib/python3.9/site-packages/airflow/example_dags/example_skip_dag.py
[2023-08-18 17:09:03,673] {processor.py:641} INFO - Processing file /home/guilherme/airflow/venv/lib/python3.9/site-packages/airflow/example_dags/example_skip_dag.py for tasks to queue
[2023-08-18 17:09:03,673] {logging_mixin.py:115} INFO - [2023-08-18 17:09:03,673] {dagbag.py:507} INFO - Filling up the DagBag from /home/guilherme/airflow/venv/lib/python3.9/site-packages/airflow/example_dags/example_skip_dag.py
[2023-08-18 17:09:03,678] {processor.py:651} INFO - DAG(s) dict_keys(['example_skip_dag']) retrieved from /home/guilherme/airflow/venv/lib/python3.9/site-packages/airflow/example_dags/example_skip_dag.py
[2023-08-18 17:09:03,695] {logging_mixin.py:115} INFO - [2023-08-18 17:09:03,695] {dag.py:2379} INFO - Sync 1 DAGs
[2023-08-18 17:09:03,713] {logging_mixin.py:115} INFO - [2023-08-18 17:09:03,713] {dag.py:2927} INFO - Setting next_dagrun for example_skip_dag to 2023-08-17T17:09:03.712913+00:00, run_after=2023-08-18T17:09:03.712913+00:00
[2023-08-18 17:09:03,770] {processor.py:161} INFO - Processing /home/guilherme/airflow/venv/lib/python3.9/site-packages/airflow/example_dags/example_skip_dag.py took 0.102 seconds
[2023-08-18 17:09:37,676] {processor.py:153} INFO - Started process (PID=5090) to work on /home/guilherme/airflow/venv/lib/python3.9/site-packages/airflow/example_dags/example_skip_dag.py
[2023-08-18 17:09:37,677] {processor.py:641} INFO - Processing file /home/guilherme/airflow/venv/lib/python3.9/site-packages/airflow/example_dags/example_skip_dag.py for tasks to queue
[2023-08-18 17:09:37,677] {logging_mixin.py:115} INFO - [2023-08-18 17:09:37,677] {dagbag.py:507} INFO - Filling up the DagBag from /home/guilherme/airflow/venv/lib/python3.9/site-packages/airflow/example_dags/example_skip_dag.py
[2023-08-18 17:09:37,683] {processor.py:651} INFO - DAG(s) dict_keys(['example_skip_dag']) retrieved from /home/guilherme/airflow/venv/lib/python3.9/site-packages/airflow/example_dags/example_skip_dag.py
[2023-08-18 17:09:37,702] {logging_mixin.py:115} INFO - [2023-08-18 17:09:37,701] {dag.py:2379} INFO - Sync 1 DAGs
[2023-08-18 17:09:37,723] {logging_mixin.py:115} INFO - [2023-08-18 17:09:37,723] {dag.py:2927} INFO - Setting next_dagrun for example_skip_dag to 2023-08-17T17:09:37.723345+00:00, run_after=2023-08-18T17:09:37.723345+00:00
[2023-08-18 17:09:37,756] {processor.py:161} INFO - Processing /home/guilherme/airflow/venv/lib/python3.9/site-packages/airflow/example_dags/example_skip_dag.py took 0.083 seconds
[2023-08-18 17:10:12,162] {processor.py:153} INFO - Started process (PID=5124) to work on /home/guilherme/airflow/venv/lib/python3.9/site-packages/airflow/example_dags/example_skip_dag.py
[2023-08-18 17:10:12,162] {processor.py:641} INFO - Processing file /home/guilherme/airflow/venv/lib/python3.9/site-packages/airflow/example_dags/example_skip_dag.py for tasks to queue
[2023-08-18 17:10:12,163] {logging_mixin.py:115} INFO - [2023-08-18 17:10:12,163] {dagbag.py:507} INFO - Filling up the DagBag from /home/guilherme/airflow/venv/lib/python3.9/site-packages/airflow/example_dags/example_skip_dag.py
[2023-08-18 17:10:12,168] {processor.py:651} INFO - DAG(s) dict_keys(['example_skip_dag']) retrieved from /home/guilherme/airflow/venv/lib/python3.9/site-packages/airflow/example_dags/example_skip_dag.py
[2023-08-18 17:10:12,185] {logging_mixin.py:115} INFO - [2023-08-18 17:10:12,185] {dag.py:2379} INFO - Sync 1 DAGs
[2023-08-18 17:10:12,205] {logging_mixin.py:115} INFO - [2023-08-18 17:10:12,205] {dag.py:2927} INFO - Setting next_dagrun for example_skip_dag to 2023-08-17T17:10:12.205199+00:00, run_after=2023-08-18T17:10:12.205199+00:00
[2023-08-18 17:10:12,225] {processor.py:161} INFO - Processing /home/guilherme/airflow/venv/lib/python3.9/site-packages/airflow/example_dags/example_skip_dag.py took 0.066 seconds
[2023-08-18 17:10:54,067] {processor.py:153} INFO - Started process (PID=5161) to work on /home/guilherme/airflow/venv/lib/python3.9/site-packages/airflow/example_dags/example_skip_dag.py
[2023-08-18 17:10:54,068] {processor.py:641} INFO - Processing file /home/guilherme/airflow/venv/lib/python3.9/site-packages/airflow/example_dags/example_skip_dag.py for tasks to queue
[2023-08-18 17:10:54,069] {logging_mixin.py:115} INFO - [2023-08-18 17:10:54,069] {dagbag.py:507} INFO - Filling up the DagBag from /home/guilherme/airflow/venv/lib/python3.9/site-packages/airflow/example_dags/example_skip_dag.py
[2023-08-18 17:10:54,075] {processor.py:651} INFO - DAG(s) dict_keys(['example_skip_dag']) retrieved from /home/guilherme/airflow/venv/lib/python3.9/site-packages/airflow/example_dags/example_skip_dag.py
[2023-08-18 17:10:54,093] {logging_mixin.py:115} INFO - [2023-08-18 17:10:54,093] {dag.py:2379} INFO - Sync 1 DAGs
[2023-08-18 17:10:54,114] {logging_mixin.py:115} INFO - [2023-08-18 17:10:54,114] {dag.py:2927} INFO - Setting next_dagrun for example_skip_dag to 2023-08-17T17:10:54.114379+00:00, run_after=2023-08-18T17:10:54.114379+00:00
[2023-08-18 17:10:54,216] {processor.py:161} INFO - Processing /home/guilherme/airflow/venv/lib/python3.9/site-packages/airflow/example_dags/example_skip_dag.py took 0.158 seconds
[2023-08-18 17:11:28,374] {processor.py:153} INFO - Started process (PID=5196) to work on /home/guilherme/airflow/venv/lib/python3.9/site-packages/airflow/example_dags/example_skip_dag.py
[2023-08-18 17:11:28,374] {processor.py:641} INFO - Processing file /home/guilherme/airflow/venv/lib/python3.9/site-packages/airflow/example_dags/example_skip_dag.py for tasks to queue
[2023-08-18 17:11:28,375] {logging_mixin.py:115} INFO - [2023-08-18 17:11:28,375] {dagbag.py:507} INFO - Filling up the DagBag from /home/guilherme/airflow/venv/lib/python3.9/site-packages/airflow/example_dags/example_skip_dag.py
[2023-08-18 17:11:28,381] {processor.py:651} INFO - DAG(s) dict_keys(['example_skip_dag']) retrieved from /home/guilherme/airflow/venv/lib/python3.9/site-packages/airflow/example_dags/example_skip_dag.py
[2023-08-18 17:11:28,405] {logging_mixin.py:115} INFO - [2023-08-18 17:11:28,405] {dag.py:2379} INFO - Sync 1 DAGs
[2023-08-18 17:11:28,426] {logging_mixin.py:115} INFO - [2023-08-18 17:11:28,426] {dag.py:2927} INFO - Setting next_dagrun for example_skip_dag to 2023-08-17T17:11:28.426485+00:00, run_after=2023-08-18T17:11:28.426485+00:00
[2023-08-18 17:11:28,454] {processor.py:161} INFO - Processing /home/guilherme/airflow/venv/lib/python3.9/site-packages/airflow/example_dags/example_skip_dag.py took 0.085 seconds
[2023-08-18 17:12:00,398] {processor.py:153} INFO - Started process (PID=5591) to work on /home/guilherme/airflow/venv/lib/python3.9/site-packages/airflow/example_dags/example_skip_dag.py
[2023-08-18 17:12:00,399] {processor.py:641} INFO - Processing file /home/guilherme/airflow/venv/lib/python3.9/site-packages/airflow/example_dags/example_skip_dag.py for tasks to queue
[2023-08-18 17:12:00,399] {logging_mixin.py:115} INFO - [2023-08-18 17:12:00,399] {dagbag.py:507} INFO - Filling up the DagBag from /home/guilherme/airflow/venv/lib/python3.9/site-packages/airflow/example_dags/example_skip_dag.py
[2023-08-18 17:12:00,405] {processor.py:651} INFO - DAG(s) dict_keys(['example_skip_dag']) retrieved from /home/guilherme/airflow/venv/lib/python3.9/site-packages/airflow/example_dags/example_skip_dag.py
[2023-08-18 17:12:00,422] {logging_mixin.py:115} INFO - [2023-08-18 17:12:00,422] {dag.py:2379} INFO - Sync 1 DAGs
[2023-08-18 17:12:00,442] {logging_mixin.py:115} INFO - [2023-08-18 17:12:00,442] {dag.py:2927} INFO - Setting next_dagrun for example_skip_dag to 2023-08-17T17:12:00.441906+00:00, run_after=2023-08-18T17:12:00.441906+00:00
[2023-08-18 17:12:00,463] {processor.py:161} INFO - Processing /home/guilherme/airflow/venv/lib/python3.9/site-packages/airflow/example_dags/example_skip_dag.py took 0.069 seconds
[2023-08-18 17:12:33,684] {processor.py:153} INFO - Started process (PID=5626) to work on /home/guilherme/airflow/venv/lib/python3.9/site-packages/airflow/example_dags/example_skip_dag.py
[2023-08-18 17:12:33,684] {processor.py:641} INFO - Processing file /home/guilherme/airflow/venv/lib/python3.9/site-packages/airflow/example_dags/example_skip_dag.py for tasks to queue
[2023-08-18 17:12:33,685] {logging_mixin.py:115} INFO - [2023-08-18 17:12:33,685] {dagbag.py:507} INFO - Filling up the DagBag from /home/guilherme/airflow/venv/lib/python3.9/site-packages/airflow/example_dags/example_skip_dag.py
[2023-08-18 17:12:33,690] {processor.py:651} INFO - DAG(s) dict_keys(['example_skip_dag']) retrieved from /home/guilherme/airflow/venv/lib/python3.9/site-packages/airflow/example_dags/example_skip_dag.py
[2023-08-18 17:12:33,708] {logging_mixin.py:115} INFO - [2023-08-18 17:12:33,708] {dag.py:2379} INFO - Sync 1 DAGs
[2023-08-18 17:12:33,728] {logging_mixin.py:115} INFO - [2023-08-18 17:12:33,728] {dag.py:2927} INFO - Setting next_dagrun for example_skip_dag to 2023-08-17T17:12:33.728050+00:00, run_after=2023-08-18T17:12:33.728050+00:00
[2023-08-18 17:12:33,758] {processor.py:161} INFO - Processing /home/guilherme/airflow/venv/lib/python3.9/site-packages/airflow/example_dags/example_skip_dag.py took 0.078 seconds
[2023-08-18 17:13:06,089] {processor.py:153} INFO - Started process (PID=5713) to work on /home/guilherme/airflow/venv/lib/python3.9/site-packages/airflow/example_dags/example_skip_dag.py
[2023-08-18 17:13:06,090] {processor.py:641} INFO - Processing file /home/guilherme/airflow/venv/lib/python3.9/site-packages/airflow/example_dags/example_skip_dag.py for tasks to queue
[2023-08-18 17:13:06,090] {logging_mixin.py:115} INFO - [2023-08-18 17:13:06,090] {dagbag.py:507} INFO - Filling up the DagBag from /home/guilherme/airflow/venv/lib/python3.9/site-packages/airflow/example_dags/example_skip_dag.py
[2023-08-18 17:13:06,096] {processor.py:651} INFO - DAG(s) dict_keys(['example_skip_dag']) retrieved from /home/guilherme/airflow/venv/lib/python3.9/site-packages/airflow/example_dags/example_skip_dag.py
[2023-08-18 17:13:06,113] {logging_mixin.py:115} INFO - [2023-08-18 17:13:06,113] {dag.py:2379} INFO - Sync 1 DAGs
[2023-08-18 17:13:06,134] {logging_mixin.py:115} INFO - [2023-08-18 17:13:06,134] {dag.py:2927} INFO - Setting next_dagrun for example_skip_dag to 2023-08-17T17:13:06.133850+00:00, run_after=2023-08-18T17:13:06.133850+00:00
[2023-08-18 17:13:06,157] {processor.py:161} INFO - Processing /home/guilherme/airflow/venv/lib/python3.9/site-packages/airflow/example_dags/example_skip_dag.py took 0.071 seconds
