[2023-08-18 01:56:43,885] {processor.py:153} INFO - Started process (PID=3580) to work on /home/guilherme/extracao-dados-twitter/venv/lib/python3.9/site-packages/airflow/example_dags/example_complex.py
[2023-08-18 01:56:43,886] {processor.py:641} INFO - Processing file /home/guilherme/extracao-dados-twitter/venv/lib/python3.9/site-packages/airflow/example_dags/example_complex.py for tasks to queue
[2023-08-18 01:56:43,886] {logging_mixin.py:115} INFO - [2023-08-18 01:56:43,886] {dagbag.py:507} INFO - Filling up the DagBag from /home/guilherme/extracao-dados-twitter/venv/lib/python3.9/site-packages/airflow/example_dags/example_complex.py
[2023-08-18 01:56:43,900] {processor.py:651} INFO - DAG(s) dict_keys(['example_complex']) retrieved from /home/guilherme/extracao-dados-twitter/venv/lib/python3.9/site-packages/airflow/example_dags/example_complex.py
[2023-08-18 01:56:44,022] {logging_mixin.py:115} INFO - [2023-08-18 01:56:44,022] {manager.py:508} INFO - Created Permission View: can edit on DAG:example_complex
[2023-08-18 01:56:44,056] {logging_mixin.py:115} INFO - [2023-08-18 01:56:44,056] {manager.py:508} INFO - Created Permission View: can delete on DAG:example_complex
[2023-08-18 01:56:44,077] {logging_mixin.py:115} INFO - [2023-08-18 01:56:44,077] {manager.py:508} INFO - Created Permission View: can read on DAG:example_complex
[2023-08-18 01:56:44,077] {logging_mixin.py:115} INFO - [2023-08-18 01:56:44,077] {dag.py:2379} INFO - Sync 1 DAGs
[2023-08-18 01:56:44,087] {logging_mixin.py:115} INFO - [2023-08-18 01:56:44,087] {dag.py:2398} INFO - Creating ORM DAG for example_complex
[2023-08-18 01:56:44,099] {logging_mixin.py:115} INFO - [2023-08-18 01:56:44,099] {dag.py:2927} INFO - Setting next_dagrun for example_complex to None, run_after=None
[2023-08-18 01:56:44,128] {processor.py:161} INFO - Processing /home/guilherme/extracao-dados-twitter/venv/lib/python3.9/site-packages/airflow/example_dags/example_complex.py took 0.247 seconds
[2023-08-18 01:57:21,033] {processor.py:153} INFO - Started process (PID=3821) to work on /home/guilherme/extracao-dados-twitter/venv/lib/python3.9/site-packages/airflow/example_dags/example_complex.py
[2023-08-18 01:57:21,033] {processor.py:641} INFO - Processing file /home/guilherme/extracao-dados-twitter/venv/lib/python3.9/site-packages/airflow/example_dags/example_complex.py for tasks to queue
[2023-08-18 01:57:21,034] {logging_mixin.py:115} INFO - [2023-08-18 01:57:21,034] {dagbag.py:507} INFO - Filling up the DagBag from /home/guilherme/extracao-dados-twitter/venv/lib/python3.9/site-packages/airflow/example_dags/example_complex.py
[2023-08-18 01:57:21,047] {processor.py:651} INFO - DAG(s) dict_keys(['example_complex']) retrieved from /home/guilherme/extracao-dados-twitter/venv/lib/python3.9/site-packages/airflow/example_dags/example_complex.py
[2023-08-18 01:57:21,071] {logging_mixin.py:115} INFO - [2023-08-18 01:57:21,070] {dag.py:2379} INFO - Sync 1 DAGs
[2023-08-18 01:57:21,101] {logging_mixin.py:115} INFO - [2023-08-18 01:57:21,101] {dag.py:2927} INFO - Setting next_dagrun for example_complex to None, run_after=None
[2023-08-18 01:57:21,129] {processor.py:161} INFO - Processing /home/guilherme/extracao-dados-twitter/venv/lib/python3.9/site-packages/airflow/example_dags/example_complex.py took 0.100 seconds
[2023-08-18 01:57:56,434] {processor.py:153} INFO - Started process (PID=3962) to work on /home/guilherme/extracao-dados-twitter/venv/lib/python3.9/site-packages/airflow/example_dags/example_complex.py
[2023-08-18 01:57:56,435] {processor.py:641} INFO - Processing file /home/guilherme/extracao-dados-twitter/venv/lib/python3.9/site-packages/airflow/example_dags/example_complex.py for tasks to queue
[2023-08-18 01:57:56,435] {logging_mixin.py:115} INFO - [2023-08-18 01:57:56,435] {dagbag.py:507} INFO - Filling up the DagBag from /home/guilherme/extracao-dados-twitter/venv/lib/python3.9/site-packages/airflow/example_dags/example_complex.py
[2023-08-18 01:57:56,449] {processor.py:651} INFO - DAG(s) dict_keys(['example_complex']) retrieved from /home/guilherme/extracao-dados-twitter/venv/lib/python3.9/site-packages/airflow/example_dags/example_complex.py
[2023-08-18 01:57:56,474] {logging_mixin.py:115} INFO - [2023-08-18 01:57:56,474] {dag.py:2379} INFO - Sync 1 DAGs
[2023-08-18 01:57:56,497] {logging_mixin.py:115} INFO - [2023-08-18 01:57:56,497] {dag.py:2927} INFO - Setting next_dagrun for example_complex to None, run_after=None
[2023-08-18 01:57:56,527] {processor.py:161} INFO - Processing /home/guilherme/extracao-dados-twitter/venv/lib/python3.9/site-packages/airflow/example_dags/example_complex.py took 0.096 seconds
[2023-08-18 01:58:31,563] {processor.py:153} INFO - Started process (PID=4100) to work on /home/guilherme/extracao-dados-twitter/venv/lib/python3.9/site-packages/airflow/example_dags/example_complex.py
[2023-08-18 01:58:31,564] {processor.py:641} INFO - Processing file /home/guilherme/extracao-dados-twitter/venv/lib/python3.9/site-packages/airflow/example_dags/example_complex.py for tasks to queue
[2023-08-18 01:58:31,565] {logging_mixin.py:115} INFO - [2023-08-18 01:58:31,565] {dagbag.py:507} INFO - Filling up the DagBag from /home/guilherme/extracao-dados-twitter/venv/lib/python3.9/site-packages/airflow/example_dags/example_complex.py
[2023-08-18 01:58:31,581] {processor.py:651} INFO - DAG(s) dict_keys(['example_complex']) retrieved from /home/guilherme/extracao-dados-twitter/venv/lib/python3.9/site-packages/airflow/example_dags/example_complex.py
[2023-08-18 01:58:31,605] {logging_mixin.py:115} INFO - [2023-08-18 01:58:31,605] {dag.py:2379} INFO - Sync 1 DAGs
[2023-08-18 01:58:31,626] {logging_mixin.py:115} INFO - [2023-08-18 01:58:31,626] {dag.py:2927} INFO - Setting next_dagrun for example_complex to None, run_after=None
[2023-08-18 01:58:31,660] {processor.py:161} INFO - Processing /home/guilherme/extracao-dados-twitter/venv/lib/python3.9/site-packages/airflow/example_dags/example_complex.py took 0.103 seconds
[2023-08-18 01:59:05,528] {processor.py:153} INFO - Started process (PID=4135) to work on /home/guilherme/extracao-dados-twitter/venv/lib/python3.9/site-packages/airflow/example_dags/example_complex.py
[2023-08-18 01:59:05,529] {processor.py:641} INFO - Processing file /home/guilherme/extracao-dados-twitter/venv/lib/python3.9/site-packages/airflow/example_dags/example_complex.py for tasks to queue
[2023-08-18 01:59:05,529] {logging_mixin.py:115} INFO - [2023-08-18 01:59:05,529] {dagbag.py:507} INFO - Filling up the DagBag from /home/guilherme/extracao-dados-twitter/venv/lib/python3.9/site-packages/airflow/example_dags/example_complex.py
[2023-08-18 01:59:05,542] {processor.py:651} INFO - DAG(s) dict_keys(['example_complex']) retrieved from /home/guilherme/extracao-dados-twitter/venv/lib/python3.9/site-packages/airflow/example_dags/example_complex.py
[2023-08-18 01:59:05,566] {logging_mixin.py:115} INFO - [2023-08-18 01:59:05,566] {dag.py:2379} INFO - Sync 1 DAGs
[2023-08-18 01:59:05,587] {logging_mixin.py:115} INFO - [2023-08-18 01:59:05,587] {dag.py:2927} INFO - Setting next_dagrun for example_complex to None, run_after=None
[2023-08-18 01:59:05,610] {processor.py:161} INFO - Processing /home/guilherme/extracao-dados-twitter/venv/lib/python3.9/site-packages/airflow/example_dags/example_complex.py took 0.087 seconds
