[2023-08-18 01:56:36,055] {processor.py:153} INFO - Started process (PID=3571) to work on /home/guilherme/extracao-dados-twitter/venv/lib/python3.9/site-packages/airflow/example_dags/example_python_operator.py
[2023-08-18 01:56:36,055] {processor.py:641} INFO - Processing file /home/guilherme/extracao-dados-twitter/venv/lib/python3.9/site-packages/airflow/example_dags/example_python_operator.py for tasks to queue
[2023-08-18 01:56:36,056] {logging_mixin.py:115} INFO - [2023-08-18 01:56:36,056] {dagbag.py:507} INFO - Filling up the DagBag from /home/guilherme/extracao-dados-twitter/venv/lib/python3.9/site-packages/airflow/example_dags/example_python_operator.py
[2023-08-18 01:56:36,078] {processor.py:651} INFO - DAG(s) dict_keys(['example_python_operator']) retrieved from /home/guilherme/extracao-dados-twitter/venv/lib/python3.9/site-packages/airflow/example_dags/example_python_operator.py
[2023-08-18 01:56:36,207] {logging_mixin.py:115} INFO - [2023-08-18 01:56:36,207] {manager.py:508} INFO - Created Permission View: can edit on DAG:example_python_operator
[2023-08-18 01:56:36,230] {logging_mixin.py:115} INFO - [2023-08-18 01:56:36,230] {manager.py:508} INFO - Created Permission View: can delete on DAG:example_python_operator
[2023-08-18 01:56:36,251] {logging_mixin.py:115} INFO - [2023-08-18 01:56:36,251] {manager.py:508} INFO - Created Permission View: can read on DAG:example_python_operator
[2023-08-18 01:56:36,251] {logging_mixin.py:115} INFO - [2023-08-18 01:56:36,251] {dag.py:2379} INFO - Sync 1 DAGs
[2023-08-18 01:56:36,260] {logging_mixin.py:115} INFO - [2023-08-18 01:56:36,260] {dag.py:2398} INFO - Creating ORM DAG for example_python_operator
[2023-08-18 01:56:36,272] {logging_mixin.py:115} INFO - [2023-08-18 01:56:36,272] {dag.py:2927} INFO - Setting next_dagrun for example_python_operator to None, run_after=None
[2023-08-18 01:56:36,305] {processor.py:161} INFO - Processing /home/guilherme/extracao-dados-twitter/venv/lib/python3.9/site-packages/airflow/example_dags/example_python_operator.py took 0.256 seconds
[2023-08-18 01:57:14,509] {processor.py:153} INFO - Started process (PID=3764) to work on /home/guilherme/extracao-dados-twitter/venv/lib/python3.9/site-packages/airflow/example_dags/example_python_operator.py
[2023-08-18 01:57:14,510] {processor.py:641} INFO - Processing file /home/guilherme/extracao-dados-twitter/venv/lib/python3.9/site-packages/airflow/example_dags/example_python_operator.py for tasks to queue
[2023-08-18 01:57:14,511] {logging_mixin.py:115} INFO - [2023-08-18 01:57:14,511] {dagbag.py:507} INFO - Filling up the DagBag from /home/guilherme/extracao-dados-twitter/venv/lib/python3.9/site-packages/airflow/example_dags/example_python_operator.py
[2023-08-18 01:57:14,532] {processor.py:651} INFO - DAG(s) dict_keys(['example_python_operator']) retrieved from /home/guilherme/extracao-dados-twitter/venv/lib/python3.9/site-packages/airflow/example_dags/example_python_operator.py
[2023-08-18 01:57:14,552] {logging_mixin.py:115} INFO - [2023-08-18 01:57:14,552] {dag.py:2379} INFO - Sync 1 DAGs
[2023-08-18 01:57:14,575] {logging_mixin.py:115} INFO - [2023-08-18 01:57:14,575] {dag.py:2927} INFO - Setting next_dagrun for example_python_operator to None, run_after=None
[2023-08-18 01:57:14,622] {processor.py:161} INFO - Processing /home/guilherme/extracao-dados-twitter/venv/lib/python3.9/site-packages/airflow/example_dags/example_python_operator.py took 0.117 seconds
[2023-08-18 01:57:51,014] {processor.py:153} INFO - Started process (PID=3905) to work on /home/guilherme/extracao-dados-twitter/venv/lib/python3.9/site-packages/airflow/example_dags/example_python_operator.py
[2023-08-18 01:57:51,022] {processor.py:641} INFO - Processing file /home/guilherme/extracao-dados-twitter/venv/lib/python3.9/site-packages/airflow/example_dags/example_python_operator.py for tasks to queue
[2023-08-18 01:57:51,023] {logging_mixin.py:115} INFO - [2023-08-18 01:57:51,023] {dagbag.py:507} INFO - Filling up the DagBag from /home/guilherme/extracao-dados-twitter/venv/lib/python3.9/site-packages/airflow/example_dags/example_python_operator.py
[2023-08-18 01:57:51,075] {processor.py:651} INFO - DAG(s) dict_keys(['example_python_operator']) retrieved from /home/guilherme/extracao-dados-twitter/venv/lib/python3.9/site-packages/airflow/example_dags/example_python_operator.py
[2023-08-18 01:57:51,122] {logging_mixin.py:115} INFO - [2023-08-18 01:57:51,122] {dag.py:2379} INFO - Sync 1 DAGs
[2023-08-18 01:57:51,143] {logging_mixin.py:115} INFO - [2023-08-18 01:57:51,143] {dag.py:2927} INFO - Setting next_dagrun for example_python_operator to None, run_after=None
[2023-08-18 01:57:51,167] {processor.py:161} INFO - Processing /home/guilherme/extracao-dados-twitter/venv/lib/python3.9/site-packages/airflow/example_dags/example_python_operator.py took 0.166 seconds
[2023-08-18 01:58:25,702] {processor.py:153} INFO - Started process (PID=4094) to work on /home/guilherme/extracao-dados-twitter/venv/lib/python3.9/site-packages/airflow/example_dags/example_python_operator.py
[2023-08-18 01:58:25,703] {processor.py:641} INFO - Processing file /home/guilherme/extracao-dados-twitter/venv/lib/python3.9/site-packages/airflow/example_dags/example_python_operator.py for tasks to queue
[2023-08-18 01:58:25,704] {logging_mixin.py:115} INFO - [2023-08-18 01:58:25,704] {dagbag.py:507} INFO - Filling up the DagBag from /home/guilherme/extracao-dados-twitter/venv/lib/python3.9/site-packages/airflow/example_dags/example_python_operator.py
[2023-08-18 01:58:25,726] {processor.py:651} INFO - DAG(s) dict_keys(['example_python_operator']) retrieved from /home/guilherme/extracao-dados-twitter/venv/lib/python3.9/site-packages/airflow/example_dags/example_python_operator.py
[2023-08-18 01:58:25,745] {logging_mixin.py:115} INFO - [2023-08-18 01:58:25,745] {dag.py:2379} INFO - Sync 1 DAGs
[2023-08-18 01:58:25,767] {logging_mixin.py:115} INFO - [2023-08-18 01:58:25,767] {dag.py:2927} INFO - Setting next_dagrun for example_python_operator to None, run_after=None
[2023-08-18 01:58:25,800] {processor.py:161} INFO - Processing /home/guilherme/extracao-dados-twitter/venv/lib/python3.9/site-packages/airflow/example_dags/example_python_operator.py took 0.102 seconds
[2023-08-18 01:58:59,218] {processor.py:153} INFO - Started process (PID=4128) to work on /home/guilherme/extracao-dados-twitter/venv/lib/python3.9/site-packages/airflow/example_dags/example_python_operator.py
[2023-08-18 01:58:59,219] {processor.py:641} INFO - Processing file /home/guilherme/extracao-dados-twitter/venv/lib/python3.9/site-packages/airflow/example_dags/example_python_operator.py for tasks to queue
[2023-08-18 01:58:59,219] {logging_mixin.py:115} INFO - [2023-08-18 01:58:59,219] {dagbag.py:507} INFO - Filling up the DagBag from /home/guilherme/extracao-dados-twitter/venv/lib/python3.9/site-packages/airflow/example_dags/example_python_operator.py
[2023-08-18 01:58:59,240] {processor.py:651} INFO - DAG(s) dict_keys(['example_python_operator']) retrieved from /home/guilherme/extracao-dados-twitter/venv/lib/python3.9/site-packages/airflow/example_dags/example_python_operator.py
[2023-08-18 01:58:59,259] {logging_mixin.py:115} INFO - [2023-08-18 01:58:59,259] {dag.py:2379} INFO - Sync 1 DAGs
[2023-08-18 01:58:59,280] {logging_mixin.py:115} INFO - [2023-08-18 01:58:59,280] {dag.py:2927} INFO - Setting next_dagrun for example_python_operator to None, run_after=None
[2023-08-18 01:58:59,306] {processor.py:161} INFO - Processing /home/guilherme/extracao-dados-twitter/venv/lib/python3.9/site-packages/airflow/example_dags/example_python_operator.py took 0.092 seconds
[2023-08-18 02:01:58,819] {processor.py:153} INFO - Started process (PID=4914) to work on /home/guilherme/extracao-dados-twitter/venv/lib/python3.9/site-packages/airflow/example_dags/example_python_operator.py
[2023-08-18 02:01:58,820] {processor.py:641} INFO - Processing file /home/guilherme/extracao-dados-twitter/venv/lib/python3.9/site-packages/airflow/example_dags/example_python_operator.py for tasks to queue
[2023-08-18 02:01:58,821] {logging_mixin.py:115} INFO - [2023-08-18 02:01:58,821] {dagbag.py:507} INFO - Filling up the DagBag from /home/guilherme/extracao-dados-twitter/venv/lib/python3.9/site-packages/airflow/example_dags/example_python_operator.py
[2023-08-18 02:01:58,842] {processor.py:651} INFO - DAG(s) dict_keys(['example_python_operator']) retrieved from /home/guilherme/extracao-dados-twitter/venv/lib/python3.9/site-packages/airflow/example_dags/example_python_operator.py
[2023-08-18 02:01:58,860] {logging_mixin.py:115} INFO - [2023-08-18 02:01:58,860] {dag.py:2379} INFO - Sync 1 DAGs
[2023-08-18 02:01:58,879] {logging_mixin.py:115} INFO - [2023-08-18 02:01:58,879] {dag.py:2927} INFO - Setting next_dagrun for example_python_operator to None, run_after=None
[2023-08-18 02:01:58,903] {processor.py:161} INFO - Processing /home/guilherme/extracao-dados-twitter/venv/lib/python3.9/site-packages/airflow/example_dags/example_python_operator.py took 0.087 seconds
[2023-08-18 02:02:33,456] {processor.py:153} INFO - Started process (PID=5006) to work on /home/guilherme/extracao-dados-twitter/venv/lib/python3.9/site-packages/airflow/example_dags/example_python_operator.py
[2023-08-18 02:02:33,456] {processor.py:641} INFO - Processing file /home/guilherme/extracao-dados-twitter/venv/lib/python3.9/site-packages/airflow/example_dags/example_python_operator.py for tasks to queue
[2023-08-18 02:02:33,457] {logging_mixin.py:115} INFO - [2023-08-18 02:02:33,457] {dagbag.py:507} INFO - Filling up the DagBag from /home/guilherme/extracao-dados-twitter/venv/lib/python3.9/site-packages/airflow/example_dags/example_python_operator.py
[2023-08-18 02:02:33,478] {processor.py:651} INFO - DAG(s) dict_keys(['example_python_operator']) retrieved from /home/guilherme/extracao-dados-twitter/venv/lib/python3.9/site-packages/airflow/example_dags/example_python_operator.py
[2023-08-18 02:02:33,498] {logging_mixin.py:115} INFO - [2023-08-18 02:02:33,498] {dag.py:2379} INFO - Sync 1 DAGs
[2023-08-18 02:02:33,519] {logging_mixin.py:115} INFO - [2023-08-18 02:02:33,519] {dag.py:2927} INFO - Setting next_dagrun for example_python_operator to None, run_after=None
[2023-08-18 02:02:33,546] {processor.py:161} INFO - Processing /home/guilherme/extracao-dados-twitter/venv/lib/python3.9/site-packages/airflow/example_dags/example_python_operator.py took 0.095 seconds
[2023-08-18 02:03:07,613] {processor.py:153} INFO - Started process (PID=5041) to work on /home/guilherme/extracao-dados-twitter/venv/lib/python3.9/site-packages/airflow/example_dags/example_python_operator.py
[2023-08-18 02:03:07,614] {processor.py:641} INFO - Processing file /home/guilherme/extracao-dados-twitter/venv/lib/python3.9/site-packages/airflow/example_dags/example_python_operator.py for tasks to queue
[2023-08-18 02:03:07,615] {logging_mixin.py:115} INFO - [2023-08-18 02:03:07,615] {dagbag.py:507} INFO - Filling up the DagBag from /home/guilherme/extracao-dados-twitter/venv/lib/python3.9/site-packages/airflow/example_dags/example_python_operator.py
[2023-08-18 02:03:07,637] {processor.py:651} INFO - DAG(s) dict_keys(['example_python_operator']) retrieved from /home/guilherme/extracao-dados-twitter/venv/lib/python3.9/site-packages/airflow/example_dags/example_python_operator.py
[2023-08-18 02:03:07,659] {logging_mixin.py:115} INFO - [2023-08-18 02:03:07,659] {dag.py:2379} INFO - Sync 1 DAGs
[2023-08-18 02:03:07,679] {logging_mixin.py:115} INFO - [2023-08-18 02:03:07,679] {dag.py:2927} INFO - Setting next_dagrun for example_python_operator to None, run_after=None
[2023-08-18 02:03:07,707] {processor.py:161} INFO - Processing /home/guilherme/extracao-dados-twitter/venv/lib/python3.9/site-packages/airflow/example_dags/example_python_operator.py took 0.100 seconds
[2023-08-18 02:03:42,571] {processor.py:153} INFO - Started process (PID=5075) to work on /home/guilherme/extracao-dados-twitter/venv/lib/python3.9/site-packages/airflow/example_dags/example_python_operator.py
[2023-08-18 02:03:42,572] {processor.py:641} INFO - Processing file /home/guilherme/extracao-dados-twitter/venv/lib/python3.9/site-packages/airflow/example_dags/example_python_operator.py for tasks to queue
[2023-08-18 02:03:42,572] {logging_mixin.py:115} INFO - [2023-08-18 02:03:42,572] {dagbag.py:507} INFO - Filling up the DagBag from /home/guilherme/extracao-dados-twitter/venv/lib/python3.9/site-packages/airflow/example_dags/example_python_operator.py
[2023-08-18 02:03:42,593] {processor.py:651} INFO - DAG(s) dict_keys(['example_python_operator']) retrieved from /home/guilherme/extracao-dados-twitter/venv/lib/python3.9/site-packages/airflow/example_dags/example_python_operator.py
[2023-08-18 02:03:42,612] {logging_mixin.py:115} INFO - [2023-08-18 02:03:42,612] {dag.py:2379} INFO - Sync 1 DAGs
[2023-08-18 02:03:42,631] {logging_mixin.py:115} INFO - [2023-08-18 02:03:42,631] {dag.py:2927} INFO - Setting next_dagrun for example_python_operator to None, run_after=None
[2023-08-18 02:03:42,654] {processor.py:161} INFO - Processing /home/guilherme/extracao-dados-twitter/venv/lib/python3.9/site-packages/airflow/example_dags/example_python_operator.py took 0.087 seconds
[2023-08-18 02:04:17,473] {processor.py:153} INFO - Started process (PID=5160) to work on /home/guilherme/extracao-dados-twitter/venv/lib/python3.9/site-packages/airflow/example_dags/example_python_operator.py
[2023-08-18 02:04:17,474] {processor.py:641} INFO - Processing file /home/guilherme/extracao-dados-twitter/venv/lib/python3.9/site-packages/airflow/example_dags/example_python_operator.py for tasks to queue
[2023-08-18 02:04:17,474] {logging_mixin.py:115} INFO - [2023-08-18 02:04:17,474] {dagbag.py:507} INFO - Filling up the DagBag from /home/guilherme/extracao-dados-twitter/venv/lib/python3.9/site-packages/airflow/example_dags/example_python_operator.py
[2023-08-18 02:04:17,496] {processor.py:651} INFO - DAG(s) dict_keys(['example_python_operator']) retrieved from /home/guilherme/extracao-dados-twitter/venv/lib/python3.9/site-packages/airflow/example_dags/example_python_operator.py
[2023-08-18 02:04:17,515] {logging_mixin.py:115} INFO - [2023-08-18 02:04:17,515] {dag.py:2379} INFO - Sync 1 DAGs
[2023-08-18 02:04:17,534] {logging_mixin.py:115} INFO - [2023-08-18 02:04:17,534] {dag.py:2927} INFO - Setting next_dagrun for example_python_operator to None, run_after=None
[2023-08-18 02:04:17,561] {processor.py:161} INFO - Processing /home/guilherme/extracao-dados-twitter/venv/lib/python3.9/site-packages/airflow/example_dags/example_python_operator.py took 0.092 seconds
[2023-08-18 02:04:50,514] {processor.py:153} INFO - Started process (PID=5400) to work on /home/guilherme/extracao-dados-twitter/venv/lib/python3.9/site-packages/airflow/example_dags/example_python_operator.py
[2023-08-18 02:04:50,515] {processor.py:641} INFO - Processing file /home/guilherme/extracao-dados-twitter/venv/lib/python3.9/site-packages/airflow/example_dags/example_python_operator.py for tasks to queue
[2023-08-18 02:04:50,516] {logging_mixin.py:115} INFO - [2023-08-18 02:04:50,515] {dagbag.py:507} INFO - Filling up the DagBag from /home/guilherme/extracao-dados-twitter/venv/lib/python3.9/site-packages/airflow/example_dags/example_python_operator.py
[2023-08-18 02:04:50,536] {processor.py:651} INFO - DAG(s) dict_keys(['example_python_operator']) retrieved from /home/guilherme/extracao-dados-twitter/venv/lib/python3.9/site-packages/airflow/example_dags/example_python_operator.py
[2023-08-18 02:04:50,555] {logging_mixin.py:115} INFO - [2023-08-18 02:04:50,555] {dag.py:2379} INFO - Sync 1 DAGs
[2023-08-18 02:04:50,580] {logging_mixin.py:115} INFO - [2023-08-18 02:04:50,580] {dag.py:2927} INFO - Setting next_dagrun for example_python_operator to None, run_after=None
[2023-08-18 02:04:50,608] {processor.py:161} INFO - Processing /home/guilherme/extracao-dados-twitter/venv/lib/python3.9/site-packages/airflow/example_dags/example_python_operator.py took 0.098 seconds
[2023-08-18 02:05:25,026] {processor.py:153} INFO - Started process (PID=5487) to work on /home/guilherme/extracao-dados-twitter/venv/lib/python3.9/site-packages/airflow/example_dags/example_python_operator.py
[2023-08-18 02:05:25,026] {processor.py:641} INFO - Processing file /home/guilherme/extracao-dados-twitter/venv/lib/python3.9/site-packages/airflow/example_dags/example_python_operator.py for tasks to queue
[2023-08-18 02:05:25,027] {logging_mixin.py:115} INFO - [2023-08-18 02:05:25,027] {dagbag.py:507} INFO - Filling up the DagBag from /home/guilherme/extracao-dados-twitter/venv/lib/python3.9/site-packages/airflow/example_dags/example_python_operator.py
[2023-08-18 02:05:25,047] {processor.py:651} INFO - DAG(s) dict_keys(['example_python_operator']) retrieved from /home/guilherme/extracao-dados-twitter/venv/lib/python3.9/site-packages/airflow/example_dags/example_python_operator.py
[2023-08-18 02:05:25,067] {logging_mixin.py:115} INFO - [2023-08-18 02:05:25,067] {dag.py:2379} INFO - Sync 1 DAGs
[2023-08-18 02:05:25,087] {logging_mixin.py:115} INFO - [2023-08-18 02:05:25,087] {dag.py:2927} INFO - Setting next_dagrun for example_python_operator to None, run_after=None
[2023-08-18 02:05:25,109] {processor.py:161} INFO - Processing /home/guilherme/extracao-dados-twitter/venv/lib/python3.9/site-packages/airflow/example_dags/example_python_operator.py took 0.087 seconds
[2023-08-18 17:08:49,567] {processor.py:153} INFO - Started process (PID=5044) to work on /home/guilherme/airflow/venv/lib/python3.9/site-packages/airflow/example_dags/example_python_operator.py
[2023-08-18 17:08:49,568] {processor.py:641} INFO - Processing file /home/guilherme/airflow/venv/lib/python3.9/site-packages/airflow/example_dags/example_python_operator.py for tasks to queue
[2023-08-18 17:08:49,568] {logging_mixin.py:115} INFO - [2023-08-18 17:08:49,568] {dagbag.py:507} INFO - Filling up the DagBag from /home/guilherme/airflow/venv/lib/python3.9/site-packages/airflow/example_dags/example_python_operator.py
[2023-08-18 17:08:49,585] {processor.py:651} INFO - DAG(s) dict_keys(['example_python_operator']) retrieved from /home/guilherme/airflow/venv/lib/python3.9/site-packages/airflow/example_dags/example_python_operator.py
[2023-08-18 17:08:49,625] {logging_mixin.py:115} INFO - [2023-08-18 17:08:49,625] {dag.py:2379} INFO - Sync 1 DAGs
[2023-08-18 17:08:49,638] {logging_mixin.py:115} INFO - [2023-08-18 17:08:49,638] {dag.py:2927} INFO - Setting next_dagrun for example_python_operator to None, run_after=None
[2023-08-18 17:08:49,700] {processor.py:161} INFO - Processing /home/guilherme/airflow/venv/lib/python3.9/site-packages/airflow/example_dags/example_python_operator.py took 0.137 seconds
[2023-08-18 17:09:27,792] {processor.py:153} INFO - Started process (PID=5080) to work on /home/guilherme/airflow/venv/lib/python3.9/site-packages/airflow/example_dags/example_python_operator.py
[2023-08-18 17:09:27,793] {processor.py:641} INFO - Processing file /home/guilherme/airflow/venv/lib/python3.9/site-packages/airflow/example_dags/example_python_operator.py for tasks to queue
[2023-08-18 17:09:27,794] {logging_mixin.py:115} INFO - [2023-08-18 17:09:27,793] {dagbag.py:507} INFO - Filling up the DagBag from /home/guilherme/airflow/venv/lib/python3.9/site-packages/airflow/example_dags/example_python_operator.py
[2023-08-18 17:09:27,811] {processor.py:651} INFO - DAG(s) dict_keys(['example_python_operator']) retrieved from /home/guilherme/airflow/venv/lib/python3.9/site-packages/airflow/example_dags/example_python_operator.py
[2023-08-18 17:09:27,830] {logging_mixin.py:115} INFO - [2023-08-18 17:09:27,830] {dag.py:2379} INFO - Sync 1 DAGs
[2023-08-18 17:09:27,845] {logging_mixin.py:115} INFO - [2023-08-18 17:09:27,845] {dag.py:2927} INFO - Setting next_dagrun for example_python_operator to None, run_after=None
[2023-08-18 17:09:27,868] {processor.py:161} INFO - Processing /home/guilherme/airflow/venv/lib/python3.9/site-packages/airflow/example_dags/example_python_operator.py took 0.080 seconds
[2023-08-18 17:10:02,773] {processor.py:153} INFO - Started process (PID=5115) to work on /home/guilherme/airflow/venv/lib/python3.9/site-packages/airflow/example_dags/example_python_operator.py
[2023-08-18 17:10:02,773] {processor.py:641} INFO - Processing file /home/guilherme/airflow/venv/lib/python3.9/site-packages/airflow/example_dags/example_python_operator.py for tasks to queue
[2023-08-18 17:10:02,774] {logging_mixin.py:115} INFO - [2023-08-18 17:10:02,774] {dagbag.py:507} INFO - Filling up the DagBag from /home/guilherme/airflow/venv/lib/python3.9/site-packages/airflow/example_dags/example_python_operator.py
[2023-08-18 17:10:02,791] {processor.py:651} INFO - DAG(s) dict_keys(['example_python_operator']) retrieved from /home/guilherme/airflow/venv/lib/python3.9/site-packages/airflow/example_dags/example_python_operator.py
[2023-08-18 17:10:02,809] {logging_mixin.py:115} INFO - [2023-08-18 17:10:02,808] {dag.py:2379} INFO - Sync 1 DAGs
[2023-08-18 17:10:02,823] {logging_mixin.py:115} INFO - [2023-08-18 17:10:02,823] {dag.py:2927} INFO - Setting next_dagrun for example_python_operator to None, run_after=None
[2023-08-18 17:10:02,846] {processor.py:161} INFO - Processing /home/guilherme/airflow/venv/lib/python3.9/site-packages/airflow/example_dags/example_python_operator.py took 0.077 seconds
[2023-08-18 17:10:43,532] {processor.py:153} INFO - Started process (PID=5154) to work on /home/guilherme/airflow/venv/lib/python3.9/site-packages/airflow/example_dags/example_python_operator.py
[2023-08-18 17:10:43,532] {processor.py:641} INFO - Processing file /home/guilherme/airflow/venv/lib/python3.9/site-packages/airflow/example_dags/example_python_operator.py for tasks to queue
[2023-08-18 17:10:43,533] {logging_mixin.py:115} INFO - [2023-08-18 17:10:43,533] {dagbag.py:507} INFO - Filling up the DagBag from /home/guilherme/airflow/venv/lib/python3.9/site-packages/airflow/example_dags/example_python_operator.py
[2023-08-18 17:10:43,552] {processor.py:651} INFO - DAG(s) dict_keys(['example_python_operator']) retrieved from /home/guilherme/airflow/venv/lib/python3.9/site-packages/airflow/example_dags/example_python_operator.py
[2023-08-18 17:10:43,571] {logging_mixin.py:115} INFO - [2023-08-18 17:10:43,571] {dag.py:2379} INFO - Sync 1 DAGs
[2023-08-18 17:10:43,587] {logging_mixin.py:115} INFO - [2023-08-18 17:10:43,587] {dag.py:2927} INFO - Setting next_dagrun for example_python_operator to None, run_after=None
[2023-08-18 17:10:44,431] {processor.py:161} INFO - Processing /home/guilherme/airflow/venv/lib/python3.9/site-packages/airflow/example_dags/example_python_operator.py took 0.904 seconds
[2023-08-18 17:11:25,029] {processor.py:153} INFO - Started process (PID=5192) to work on /home/guilherme/airflow/venv/lib/python3.9/site-packages/airflow/example_dags/example_python_operator.py
[2023-08-18 17:11:25,029] {processor.py:641} INFO - Processing file /home/guilherme/airflow/venv/lib/python3.9/site-packages/airflow/example_dags/example_python_operator.py for tasks to queue
[2023-08-18 17:11:25,030] {logging_mixin.py:115} INFO - [2023-08-18 17:11:25,030] {dagbag.py:507} INFO - Filling up the DagBag from /home/guilherme/airflow/venv/lib/python3.9/site-packages/airflow/example_dags/example_python_operator.py
[2023-08-18 17:11:25,047] {processor.py:651} INFO - DAG(s) dict_keys(['example_python_operator']) retrieved from /home/guilherme/airflow/venv/lib/python3.9/site-packages/airflow/example_dags/example_python_operator.py
[2023-08-18 17:11:25,066] {logging_mixin.py:115} INFO - [2023-08-18 17:11:25,066] {dag.py:2379} INFO - Sync 1 DAGs
[2023-08-18 17:11:25,082] {logging_mixin.py:115} INFO - [2023-08-18 17:11:25,082] {dag.py:2927} INFO - Setting next_dagrun for example_python_operator to None, run_after=None
[2023-08-18 17:11:25,104] {processor.py:161} INFO - Processing /home/guilherme/airflow/venv/lib/python3.9/site-packages/airflow/example_dags/example_python_operator.py took 0.079 seconds
[2023-08-18 17:11:58,114] {processor.py:153} INFO - Started process (PID=5589) to work on /home/guilherme/airflow/venv/lib/python3.9/site-packages/airflow/example_dags/example_python_operator.py
[2023-08-18 17:11:58,115] {processor.py:641} INFO - Processing file /home/guilherme/airflow/venv/lib/python3.9/site-packages/airflow/example_dags/example_python_operator.py for tasks to queue
[2023-08-18 17:11:58,115] {logging_mixin.py:115} INFO - [2023-08-18 17:11:58,115] {dagbag.py:507} INFO - Filling up the DagBag from /home/guilherme/airflow/venv/lib/python3.9/site-packages/airflow/example_dags/example_python_operator.py
[2023-08-18 17:11:58,132] {processor.py:651} INFO - DAG(s) dict_keys(['example_python_operator']) retrieved from /home/guilherme/airflow/venv/lib/python3.9/site-packages/airflow/example_dags/example_python_operator.py
[2023-08-18 17:11:58,152] {logging_mixin.py:115} INFO - [2023-08-18 17:11:58,151] {dag.py:2379} INFO - Sync 1 DAGs
[2023-08-18 17:11:58,168] {logging_mixin.py:115} INFO - [2023-08-18 17:11:58,168] {dag.py:2927} INFO - Setting next_dagrun for example_python_operator to None, run_after=None
[2023-08-18 17:11:58,191] {processor.py:161} INFO - Processing /home/guilherme/airflow/venv/lib/python3.9/site-packages/airflow/example_dags/example_python_operator.py took 0.080 seconds
[2023-08-18 17:12:31,421] {processor.py:153} INFO - Started process (PID=5624) to work on /home/guilherme/airflow/venv/lib/python3.9/site-packages/airflow/example_dags/example_python_operator.py
[2023-08-18 17:12:31,422] {processor.py:641} INFO - Processing file /home/guilherme/airflow/venv/lib/python3.9/site-packages/airflow/example_dags/example_python_operator.py for tasks to queue
[2023-08-18 17:12:31,422] {logging_mixin.py:115} INFO - [2023-08-18 17:12:31,422] {dagbag.py:507} INFO - Filling up the DagBag from /home/guilherme/airflow/venv/lib/python3.9/site-packages/airflow/example_dags/example_python_operator.py
[2023-08-18 17:12:31,445] {processor.py:651} INFO - DAG(s) dict_keys(['example_python_operator']) retrieved from /home/guilherme/airflow/venv/lib/python3.9/site-packages/airflow/example_dags/example_python_operator.py
[2023-08-18 17:12:31,465] {logging_mixin.py:115} INFO - [2023-08-18 17:12:31,465] {dag.py:2379} INFO - Sync 1 DAGs
[2023-08-18 17:12:31,482] {logging_mixin.py:115} INFO - [2023-08-18 17:12:31,482] {dag.py:2927} INFO - Setting next_dagrun for example_python_operator to None, run_after=None
[2023-08-18 17:12:31,505] {processor.py:161} INFO - Processing /home/guilherme/airflow/venv/lib/python3.9/site-packages/airflow/example_dags/example_python_operator.py took 0.087 seconds
[2023-08-18 17:13:03,823] {processor.py:153} INFO - Started process (PID=5711) to work on /home/guilherme/airflow/venv/lib/python3.9/site-packages/airflow/example_dags/example_python_operator.py
[2023-08-18 17:13:03,824] {processor.py:641} INFO - Processing file /home/guilherme/airflow/venv/lib/python3.9/site-packages/airflow/example_dags/example_python_operator.py for tasks to queue
[2023-08-18 17:13:03,825] {logging_mixin.py:115} INFO - [2023-08-18 17:13:03,825] {dagbag.py:507} INFO - Filling up the DagBag from /home/guilherme/airflow/venv/lib/python3.9/site-packages/airflow/example_dags/example_python_operator.py
[2023-08-18 17:13:03,843] {processor.py:651} INFO - DAG(s) dict_keys(['example_python_operator']) retrieved from /home/guilherme/airflow/venv/lib/python3.9/site-packages/airflow/example_dags/example_python_operator.py
[2023-08-18 17:13:03,862] {logging_mixin.py:115} INFO - [2023-08-18 17:13:03,862] {dag.py:2379} INFO - Sync 1 DAGs
[2023-08-18 17:13:03,879] {logging_mixin.py:115} INFO - [2023-08-18 17:13:03,879] {dag.py:2927} INFO - Setting next_dagrun for example_python_operator to None, run_after=None
[2023-08-18 17:13:03,908] {processor.py:161} INFO - Processing /home/guilherme/airflow/venv/lib/python3.9/site-packages/airflow/example_dags/example_python_operator.py took 0.088 seconds
