[2023-08-18 01:56:54,721] {processor.py:153} INFO - Started process (PID=3589) to work on /home/guilherme/extracao-dados-twitter/venv/lib/python3.9/site-packages/airflow/example_dags/example_branch_python_dop_operator_3.py
[2023-08-18 01:56:54,722] {processor.py:641} INFO - Processing file /home/guilherme/extracao-dados-twitter/venv/lib/python3.9/site-packages/airflow/example_dags/example_branch_python_dop_operator_3.py for tasks to queue
[2023-08-18 01:56:54,723] {logging_mixin.py:115} INFO - [2023-08-18 01:56:54,723] {dagbag.py:507} INFO - Filling up the DagBag from /home/guilherme/extracao-dados-twitter/venv/lib/python3.9/site-packages/airflow/example_dags/example_branch_python_dop_operator_3.py
[2023-08-18 01:56:54,735] {processor.py:651} INFO - DAG(s) dict_keys(['example_branch_dop_operator_v3']) retrieved from /home/guilherme/extracao-dados-twitter/venv/lib/python3.9/site-packages/airflow/example_dags/example_branch_python_dop_operator_3.py
[2023-08-18 01:56:54,850] {logging_mixin.py:115} INFO - [2023-08-18 01:56:54,849] {manager.py:508} INFO - Created Permission View: can edit on DAG:example_branch_dop_operator_v3
[2023-08-18 01:56:54,871] {logging_mixin.py:115} INFO - [2023-08-18 01:56:54,871] {manager.py:508} INFO - Created Permission View: can delete on DAG:example_branch_dop_operator_v3
[2023-08-18 01:56:54,899] {logging_mixin.py:115} INFO - [2023-08-18 01:56:54,899] {manager.py:508} INFO - Created Permission View: can read on DAG:example_branch_dop_operator_v3
[2023-08-18 01:56:54,900] {logging_mixin.py:115} INFO - [2023-08-18 01:56:54,900] {dag.py:2379} INFO - Sync 1 DAGs
[2023-08-18 01:56:54,909] {logging_mixin.py:115} INFO - [2023-08-18 01:56:54,909] {dag.py:2398} INFO - Creating ORM DAG for example_branch_dop_operator_v3
[2023-08-18 01:56:54,925] {logging_mixin.py:115} INFO - [2023-08-18 01:56:54,925] {dag.py:2927} INFO - Setting next_dagrun for example_branch_dop_operator_v3 to 2023-08-18T01:55:00+00:00, run_after=2023-08-18T01:56:00+00:00
[2023-08-18 01:56:54,959] {processor.py:161} INFO - Processing /home/guilherme/extracao-dados-twitter/venv/lib/python3.9/site-packages/airflow/example_dags/example_branch_python_dop_operator_3.py took 0.242 seconds
[2023-08-18 01:57:35,557] {processor.py:153} INFO - Started process (PID=3890) to work on /home/guilherme/extracao-dados-twitter/venv/lib/python3.9/site-packages/airflow/example_dags/example_branch_python_dop_operator_3.py
[2023-08-18 01:57:35,558] {processor.py:641} INFO - Processing file /home/guilherme/extracao-dados-twitter/venv/lib/python3.9/site-packages/airflow/example_dags/example_branch_python_dop_operator_3.py for tasks to queue
[2023-08-18 01:57:35,558] {logging_mixin.py:115} INFO - [2023-08-18 01:57:35,558] {dagbag.py:507} INFO - Filling up the DagBag from /home/guilherme/extracao-dados-twitter/venv/lib/python3.9/site-packages/airflow/example_dags/example_branch_python_dop_operator_3.py
[2023-08-18 01:57:35,571] {processor.py:651} INFO - DAG(s) dict_keys(['example_branch_dop_operator_v3']) retrieved from /home/guilherme/extracao-dados-twitter/venv/lib/python3.9/site-packages/airflow/example_dags/example_branch_python_dop_operator_3.py
[2023-08-18 01:57:35,590] {logging_mixin.py:115} INFO - [2023-08-18 01:57:35,590] {dag.py:2379} INFO - Sync 1 DAGs
[2023-08-18 01:57:35,618] {logging_mixin.py:115} INFO - [2023-08-18 01:57:35,618] {dag.py:2927} INFO - Setting next_dagrun for example_branch_dop_operator_v3 to 2023-08-18T01:56:00+00:00, run_after=2023-08-18T01:57:00+00:00
[2023-08-18 01:57:35,653] {processor.py:161} INFO - Processing /home/guilherme/extracao-dados-twitter/venv/lib/python3.9/site-packages/airflow/example_dags/example_branch_python_dop_operator_3.py took 0.100 seconds
[2023-08-18 01:58:12,160] {processor.py:153} INFO - Started process (PID=4081) to work on /home/guilherme/extracao-dados-twitter/venv/lib/python3.9/site-packages/airflow/example_dags/example_branch_python_dop_operator_3.py
[2023-08-18 01:58:12,160] {processor.py:641} INFO - Processing file /home/guilherme/extracao-dados-twitter/venv/lib/python3.9/site-packages/airflow/example_dags/example_branch_python_dop_operator_3.py for tasks to queue
[2023-08-18 01:58:12,161] {logging_mixin.py:115} INFO - [2023-08-18 01:58:12,161] {dagbag.py:507} INFO - Filling up the DagBag from /home/guilherme/extracao-dados-twitter/venv/lib/python3.9/site-packages/airflow/example_dags/example_branch_python_dop_operator_3.py
[2023-08-18 01:58:12,174] {processor.py:651} INFO - DAG(s) dict_keys(['example_branch_dop_operator_v3']) retrieved from /home/guilherme/extracao-dados-twitter/venv/lib/python3.9/site-packages/airflow/example_dags/example_branch_python_dop_operator_3.py
[2023-08-18 01:58:12,197] {logging_mixin.py:115} INFO - [2023-08-18 01:58:12,197] {dag.py:2379} INFO - Sync 1 DAGs
[2023-08-18 01:58:12,224] {logging_mixin.py:115} INFO - [2023-08-18 01:58:12,224] {dag.py:2927} INFO - Setting next_dagrun for example_branch_dop_operator_v3 to 2023-08-18T01:57:00+00:00, run_after=2023-08-18T01:58:00+00:00
[2023-08-18 01:58:12,264] {processor.py:161} INFO - Processing /home/guilherme/extracao-dados-twitter/venv/lib/python3.9/site-packages/airflow/example_dags/example_branch_python_dop_operator_3.py took 0.108 seconds
[2023-08-18 01:58:48,286] {processor.py:153} INFO - Started process (PID=4116) to work on /home/guilherme/extracao-dados-twitter/venv/lib/python3.9/site-packages/airflow/example_dags/example_branch_python_dop_operator_3.py
[2023-08-18 01:58:48,287] {processor.py:641} INFO - Processing file /home/guilherme/extracao-dados-twitter/venv/lib/python3.9/site-packages/airflow/example_dags/example_branch_python_dop_operator_3.py for tasks to queue
[2023-08-18 01:58:48,288] {logging_mixin.py:115} INFO - [2023-08-18 01:58:48,288] {dagbag.py:507} INFO - Filling up the DagBag from /home/guilherme/extracao-dados-twitter/venv/lib/python3.9/site-packages/airflow/example_dags/example_branch_python_dop_operator_3.py
[2023-08-18 01:58:48,300] {processor.py:651} INFO - DAG(s) dict_keys(['example_branch_dop_operator_v3']) retrieved from /home/guilherme/extracao-dados-twitter/venv/lib/python3.9/site-packages/airflow/example_dags/example_branch_python_dop_operator_3.py
[2023-08-18 01:58:48,320] {logging_mixin.py:115} INFO - [2023-08-18 01:58:48,320] {dag.py:2379} INFO - Sync 1 DAGs
[2023-08-18 01:58:48,353] {logging_mixin.py:115} INFO - [2023-08-18 01:58:48,353] {dag.py:2927} INFO - Setting next_dagrun for example_branch_dop_operator_v3 to 2023-08-18T01:57:00+00:00, run_after=2023-08-18T01:58:00+00:00
[2023-08-18 01:58:48,402] {processor.py:161} INFO - Processing /home/guilherme/extracao-dados-twitter/venv/lib/python3.9/site-packages/airflow/example_dags/example_branch_python_dop_operator_3.py took 0.119 seconds
