[2023-08-18 01:56:28,231] {processor.py:153} INFO - Started process (PID=3565) to work on /home/guilherme/extracao-dados-twitter/venv/lib/python3.9/site-packages/airflow/example_dags/example_short_circuit_operator.py
[2023-08-18 01:56:28,232] {processor.py:641} INFO - Processing file /home/guilherme/extracao-dados-twitter/venv/lib/python3.9/site-packages/airflow/example_dags/example_short_circuit_operator.py for tasks to queue
[2023-08-18 01:56:28,232] {logging_mixin.py:115} INFO - [2023-08-18 01:56:28,232] {dagbag.py:507} INFO - Filling up the DagBag from /home/guilherme/extracao-dados-twitter/venv/lib/python3.9/site-packages/airflow/example_dags/example_short_circuit_operator.py
[2023-08-18 01:56:28,244] {processor.py:651} INFO - DAG(s) dict_keys(['example_short_circuit_operator']) retrieved from /home/guilherme/extracao-dados-twitter/venv/lib/python3.9/site-packages/airflow/example_dags/example_short_circuit_operator.py
[2023-08-18 01:56:28,391] {logging_mixin.py:115} INFO - [2023-08-18 01:56:28,390] {manager.py:508} INFO - Created Permission View: can edit on DAG:example_short_circuit_operator
[2023-08-18 01:56:28,419] {logging_mixin.py:115} INFO - [2023-08-18 01:56:28,418] {manager.py:508} INFO - Created Permission View: can delete on DAG:example_short_circuit_operator
[2023-08-18 01:56:28,457] {logging_mixin.py:115} INFO - [2023-08-18 01:56:28,457] {manager.py:508} INFO - Created Permission View: can read on DAG:example_short_circuit_operator
[2023-08-18 01:56:28,458] {logging_mixin.py:115} INFO - [2023-08-18 01:56:28,457] {dag.py:2379} INFO - Sync 1 DAGs
[2023-08-18 01:56:28,467] {logging_mixin.py:115} INFO - [2023-08-18 01:56:28,467] {dag.py:2398} INFO - Creating ORM DAG for example_short_circuit_operator
[2023-08-18 01:56:28,479] {logging_mixin.py:115} INFO - [2023-08-18 01:56:28,479] {dag.py:2927} INFO - Setting next_dagrun for example_short_circuit_operator to 2023-08-17T01:56:28.478724+00:00, run_after=2023-08-18T01:56:28.478724+00:00
[2023-08-18 01:56:28,536] {processor.py:161} INFO - Processing /home/guilherme/extracao-dados-twitter/venv/lib/python3.9/site-packages/airflow/example_dags/example_short_circuit_operator.py took 0.309 seconds
[2023-08-18 01:57:08,840] {processor.py:153} INFO - Started process (PID=3707) to work on /home/guilherme/extracao-dados-twitter/venv/lib/python3.9/site-packages/airflow/example_dags/example_short_circuit_operator.py
[2023-08-18 01:57:08,841] {processor.py:641} INFO - Processing file /home/guilherme/extracao-dados-twitter/venv/lib/python3.9/site-packages/airflow/example_dags/example_short_circuit_operator.py for tasks to queue
[2023-08-18 01:57:08,841] {logging_mixin.py:115} INFO - [2023-08-18 01:57:08,841] {dagbag.py:507} INFO - Filling up the DagBag from /home/guilherme/extracao-dados-twitter/venv/lib/python3.9/site-packages/airflow/example_dags/example_short_circuit_operator.py
[2023-08-18 01:57:08,892] {processor.py:651} INFO - DAG(s) dict_keys(['example_short_circuit_operator']) retrieved from /home/guilherme/extracao-dados-twitter/venv/lib/python3.9/site-packages/airflow/example_dags/example_short_circuit_operator.py
[2023-08-18 01:57:08,983] {logging_mixin.py:115} INFO - [2023-08-18 01:57:08,983] {dag.py:2379} INFO - Sync 1 DAGs
[2023-08-18 01:57:09,006] {logging_mixin.py:115} INFO - [2023-08-18 01:57:09,006] {dag.py:2927} INFO - Setting next_dagrun for example_short_circuit_operator to 2023-08-17T01:57:09.006332+00:00, run_after=2023-08-18T01:57:09.006332+00:00
[2023-08-18 01:57:09,075] {processor.py:161} INFO - Processing /home/guilherme/extracao-dados-twitter/venv/lib/python3.9/site-packages/airflow/example_dags/example_short_circuit_operator.py took 0.239 seconds
[2023-08-18 01:57:43,718] {processor.py:153} INFO - Started process (PID=3898) to work on /home/guilherme/extracao-dados-twitter/venv/lib/python3.9/site-packages/airflow/example_dags/example_short_circuit_operator.py
[2023-08-18 01:57:43,718] {processor.py:641} INFO - Processing file /home/guilherme/extracao-dados-twitter/venv/lib/python3.9/site-packages/airflow/example_dags/example_short_circuit_operator.py for tasks to queue
[2023-08-18 01:57:43,719] {logging_mixin.py:115} INFO - [2023-08-18 01:57:43,719] {dagbag.py:507} INFO - Filling up the DagBag from /home/guilherme/extracao-dados-twitter/venv/lib/python3.9/site-packages/airflow/example_dags/example_short_circuit_operator.py
[2023-08-18 01:57:43,730] {processor.py:651} INFO - DAG(s) dict_keys(['example_short_circuit_operator']) retrieved from /home/guilherme/extracao-dados-twitter/venv/lib/python3.9/site-packages/airflow/example_dags/example_short_circuit_operator.py
[2023-08-18 01:57:43,752] {logging_mixin.py:115} INFO - [2023-08-18 01:57:43,752] {dag.py:2379} INFO - Sync 1 DAGs
[2023-08-18 01:57:43,776] {logging_mixin.py:115} INFO - [2023-08-18 01:57:43,776] {dag.py:2927} INFO - Setting next_dagrun for example_short_circuit_operator to 2023-08-17T01:57:43.776075+00:00, run_after=2023-08-18T01:57:43.776075+00:00
[2023-08-18 01:57:43,899] {processor.py:161} INFO - Processing /home/guilherme/extracao-dados-twitter/venv/lib/python3.9/site-packages/airflow/example_dags/example_short_circuit_operator.py took 0.186 seconds
[2023-08-18 01:58:19,815] {processor.py:153} INFO - Started process (PID=4088) to work on /home/guilherme/extracao-dados-twitter/venv/lib/python3.9/site-packages/airflow/example_dags/example_short_circuit_operator.py
[2023-08-18 01:58:19,816] {processor.py:641} INFO - Processing file /home/guilherme/extracao-dados-twitter/venv/lib/python3.9/site-packages/airflow/example_dags/example_short_circuit_operator.py for tasks to queue
[2023-08-18 01:58:19,816] {logging_mixin.py:115} INFO - [2023-08-18 01:58:19,816] {dagbag.py:507} INFO - Filling up the DagBag from /home/guilherme/extracao-dados-twitter/venv/lib/python3.9/site-packages/airflow/example_dags/example_short_circuit_operator.py
[2023-08-18 01:58:19,827] {processor.py:651} INFO - DAG(s) dict_keys(['example_short_circuit_operator']) retrieved from /home/guilherme/extracao-dados-twitter/venv/lib/python3.9/site-packages/airflow/example_dags/example_short_circuit_operator.py
[2023-08-18 01:58:19,848] {logging_mixin.py:115} INFO - [2023-08-18 01:58:19,848] {dag.py:2379} INFO - Sync 1 DAGs
[2023-08-18 01:58:19,871] {logging_mixin.py:115} INFO - [2023-08-18 01:58:19,871] {dag.py:2927} INFO - Setting next_dagrun for example_short_circuit_operator to 2023-08-17T01:58:19.870690+00:00, run_after=2023-08-18T01:58:19.870690+00:00
[2023-08-18 01:58:19,905] {processor.py:161} INFO - Processing /home/guilherme/extracao-dados-twitter/venv/lib/python3.9/site-packages/airflow/example_dags/example_short_circuit_operator.py took 0.094 seconds
[2023-08-18 01:58:54,056] {processor.py:153} INFO - Started process (PID=4122) to work on /home/guilherme/extracao-dados-twitter/venv/lib/python3.9/site-packages/airflow/example_dags/example_short_circuit_operator.py
[2023-08-18 01:58:54,057] {processor.py:641} INFO - Processing file /home/guilherme/extracao-dados-twitter/venv/lib/python3.9/site-packages/airflow/example_dags/example_short_circuit_operator.py for tasks to queue
[2023-08-18 01:58:54,058] {logging_mixin.py:115} INFO - [2023-08-18 01:58:54,058] {dagbag.py:507} INFO - Filling up the DagBag from /home/guilherme/extracao-dados-twitter/venv/lib/python3.9/site-packages/airflow/example_dags/example_short_circuit_operator.py
[2023-08-18 01:58:54,069] {processor.py:651} INFO - DAG(s) dict_keys(['example_short_circuit_operator']) retrieved from /home/guilherme/extracao-dados-twitter/venv/lib/python3.9/site-packages/airflow/example_dags/example_short_circuit_operator.py
[2023-08-18 01:58:54,090] {logging_mixin.py:115} INFO - [2023-08-18 01:58:54,090] {dag.py:2379} INFO - Sync 1 DAGs
[2023-08-18 01:58:54,112] {logging_mixin.py:115} INFO - [2023-08-18 01:58:54,112] {dag.py:2927} INFO - Setting next_dagrun for example_short_circuit_operator to 2023-08-17T01:58:54.112336+00:00, run_after=2023-08-18T01:58:54.112336+00:00
[2023-08-18 01:58:54,147] {processor.py:161} INFO - Processing /home/guilherme/extracao-dados-twitter/venv/lib/python3.9/site-packages/airflow/example_dags/example_short_circuit_operator.py took 0.095 seconds
