[2023-08-18 01:56:47,884] {processor.py:153} INFO - Started process (PID=3583) to work on /home/guilherme/extracao-dados-twitter/venv/lib/python3.9/site-packages/airflow/example_dags/example_external_task_marker_dag.py
[2023-08-18 01:56:47,884] {processor.py:641} INFO - Processing file /home/guilherme/extracao-dados-twitter/venv/lib/python3.9/site-packages/airflow/example_dags/example_external_task_marker_dag.py for tasks to queue
[2023-08-18 01:56:47,885] {logging_mixin.py:115} INFO - [2023-08-18 01:56:47,885] {dagbag.py:507} INFO - Filling up the DagBag from /home/guilherme/extracao-dados-twitter/venv/lib/python3.9/site-packages/airflow/example_dags/example_external_task_marker_dag.py
[2023-08-18 01:56:47,890] {processor.py:651} INFO - DAG(s) dict_keys(['example_external_task_marker_parent', 'example_external_task_marker_child']) retrieved from /home/guilherme/extracao-dados-twitter/venv/lib/python3.9/site-packages/airflow/example_dags/example_external_task_marker_dag.py
[2023-08-18 01:56:48,006] {logging_mixin.py:115} INFO - [2023-08-18 01:56:48,006] {manager.py:508} INFO - Created Permission View: can edit on DAG:example_external_task_marker_parent
[2023-08-18 01:56:48,027] {logging_mixin.py:115} INFO - [2023-08-18 01:56:48,027] {manager.py:508} INFO - Created Permission View: can delete on DAG:example_external_task_marker_parent
[2023-08-18 01:56:48,056] {logging_mixin.py:115} INFO - [2023-08-18 01:56:48,056] {manager.py:508} INFO - Created Permission View: can read on DAG:example_external_task_marker_parent
[2023-08-18 01:56:48,147] {logging_mixin.py:115} INFO - [2023-08-18 01:56:48,147] {manager.py:508} INFO - Created Permission View: can edit on DAG:example_external_task_marker_child
[2023-08-18 01:56:48,185] {logging_mixin.py:115} INFO - [2023-08-18 01:56:48,184] {manager.py:508} INFO - Created Permission View: can delete on DAG:example_external_task_marker_child
[2023-08-18 01:56:48,206] {logging_mixin.py:115} INFO - [2023-08-18 01:56:48,205] {manager.py:508} INFO - Created Permission View: can read on DAG:example_external_task_marker_child
[2023-08-18 01:56:48,206] {logging_mixin.py:115} INFO - [2023-08-18 01:56:48,206] {dag.py:2379} INFO - Sync 2 DAGs
[2023-08-18 01:56:48,215] {logging_mixin.py:115} INFO - [2023-08-18 01:56:48,215] {dag.py:2398} INFO - Creating ORM DAG for example_external_task_marker_child
[2023-08-18 01:56:48,215] {logging_mixin.py:115} INFO - [2023-08-18 01:56:48,215] {dag.py:2398} INFO - Creating ORM DAG for example_external_task_marker_parent
[2023-08-18 01:56:48,232] {logging_mixin.py:115} INFO - [2023-08-18 01:56:48,232] {dag.py:2927} INFO - Setting next_dagrun for example_external_task_marker_child to None, run_after=None
[2023-08-18 01:56:48,233] {logging_mixin.py:115} INFO - [2023-08-18 01:56:48,233] {dag.py:2927} INFO - Setting next_dagrun for example_external_task_marker_parent to None, run_after=None
[2023-08-18 01:56:48,262] {processor.py:161} INFO - Processing /home/guilherme/extracao-dados-twitter/venv/lib/python3.9/site-packages/airflow/example_dags/example_external_task_marker_dag.py took 0.382 seconds
[2023-08-18 01:57:24,576] {processor.py:153} INFO - Started process (PID=3824) to work on /home/guilherme/extracao-dados-twitter/venv/lib/python3.9/site-packages/airflow/example_dags/example_external_task_marker_dag.py
[2023-08-18 01:57:24,577] {processor.py:641} INFO - Processing file /home/guilherme/extracao-dados-twitter/venv/lib/python3.9/site-packages/airflow/example_dags/example_external_task_marker_dag.py for tasks to queue
[2023-08-18 01:57:24,577] {logging_mixin.py:115} INFO - [2023-08-18 01:57:24,577] {dagbag.py:507} INFO - Filling up the DagBag from /home/guilherme/extracao-dados-twitter/venv/lib/python3.9/site-packages/airflow/example_dags/example_external_task_marker_dag.py
[2023-08-18 01:57:24,583] {processor.py:651} INFO - DAG(s) dict_keys(['example_external_task_marker_parent', 'example_external_task_marker_child']) retrieved from /home/guilherme/extracao-dados-twitter/venv/lib/python3.9/site-packages/airflow/example_dags/example_external_task_marker_dag.py
[2023-08-18 01:57:24,613] {logging_mixin.py:115} INFO - [2023-08-18 01:57:24,613] {dag.py:2379} INFO - Sync 2 DAGs
[2023-08-18 01:57:24,633] {logging_mixin.py:115} INFO - [2023-08-18 01:57:24,633] {dag.py:2927} INFO - Setting next_dagrun for example_external_task_marker_child to None, run_after=None
[2023-08-18 01:57:24,634] {logging_mixin.py:115} INFO - [2023-08-18 01:57:24,634] {dag.py:2927} INFO - Setting next_dagrun for example_external_task_marker_parent to None, run_after=None
[2023-08-18 01:57:24,660] {processor.py:161} INFO - Processing /home/guilherme/extracao-dados-twitter/venv/lib/python3.9/site-packages/airflow/example_dags/example_external_task_marker_dag.py took 0.088 seconds
[2023-08-18 01:57:59,600] {processor.py:153} INFO - Started process (PID=4016) to work on /home/guilherme/extracao-dados-twitter/venv/lib/python3.9/site-packages/airflow/example_dags/example_external_task_marker_dag.py
[2023-08-18 01:57:59,601] {processor.py:641} INFO - Processing file /home/guilherme/extracao-dados-twitter/venv/lib/python3.9/site-packages/airflow/example_dags/example_external_task_marker_dag.py for tasks to queue
[2023-08-18 01:57:59,602] {logging_mixin.py:115} INFO - [2023-08-18 01:57:59,601] {dagbag.py:507} INFO - Filling up the DagBag from /home/guilherme/extracao-dados-twitter/venv/lib/python3.9/site-packages/airflow/example_dags/example_external_task_marker_dag.py
[2023-08-18 01:57:59,607] {processor.py:651} INFO - DAG(s) dict_keys(['example_external_task_marker_parent', 'example_external_task_marker_child']) retrieved from /home/guilherme/extracao-dados-twitter/venv/lib/python3.9/site-packages/airflow/example_dags/example_external_task_marker_dag.py
[2023-08-18 01:57:59,637] {logging_mixin.py:115} INFO - [2023-08-18 01:57:59,637] {dag.py:2379} INFO - Sync 2 DAGs
[2023-08-18 01:57:59,658] {logging_mixin.py:115} INFO - [2023-08-18 01:57:59,658] {dag.py:2927} INFO - Setting next_dagrun for example_external_task_marker_child to None, run_after=None
[2023-08-18 01:57:59,659] {logging_mixin.py:115} INFO - [2023-08-18 01:57:59,659] {dag.py:2927} INFO - Setting next_dagrun for example_external_task_marker_parent to None, run_after=None
[2023-08-18 01:57:59,684] {processor.py:161} INFO - Processing /home/guilherme/extracao-dados-twitter/venv/lib/python3.9/site-packages/airflow/example_dags/example_external_task_marker_dag.py took 0.088 seconds
[2023-08-18 01:58:33,466] {processor.py:153} INFO - Started process (PID=4103) to work on /home/guilherme/extracao-dados-twitter/venv/lib/python3.9/site-packages/airflow/example_dags/example_external_task_marker_dag.py
[2023-08-18 01:58:33,467] {processor.py:641} INFO - Processing file /home/guilherme/extracao-dados-twitter/venv/lib/python3.9/site-packages/airflow/example_dags/example_external_task_marker_dag.py for tasks to queue
[2023-08-18 01:58:33,467] {logging_mixin.py:115} INFO - [2023-08-18 01:58:33,467] {dagbag.py:507} INFO - Filling up the DagBag from /home/guilherme/extracao-dados-twitter/venv/lib/python3.9/site-packages/airflow/example_dags/example_external_task_marker_dag.py
[2023-08-18 01:58:33,473] {processor.py:651} INFO - DAG(s) dict_keys(['example_external_task_marker_parent', 'example_external_task_marker_child']) retrieved from /home/guilherme/extracao-dados-twitter/venv/lib/python3.9/site-packages/airflow/example_dags/example_external_task_marker_dag.py
[2023-08-18 01:58:33,506] {logging_mixin.py:115} INFO - [2023-08-18 01:58:33,506] {dag.py:2379} INFO - Sync 2 DAGs
[2023-08-18 01:58:33,530] {logging_mixin.py:115} INFO - [2023-08-18 01:58:33,530] {dag.py:2927} INFO - Setting next_dagrun for example_external_task_marker_child to None, run_after=None
[2023-08-18 01:58:33,530] {logging_mixin.py:115} INFO - [2023-08-18 01:58:33,530] {dag.py:2927} INFO - Setting next_dagrun for example_external_task_marker_parent to None, run_after=None
[2023-08-18 01:58:33,561] {processor.py:161} INFO - Processing /home/guilherme/extracao-dados-twitter/venv/lib/python3.9/site-packages/airflow/example_dags/example_external_task_marker_dag.py took 0.099 seconds
