[2023-08-18 01:56:46,563] {processor.py:153} INFO - Started process (PID=3582) to work on /home/guilherme/extracao-dados-twitter/venv/lib/python3.9/site-packages/airflow/example_dags/example_branch_labels.py
[2023-08-18 01:56:46,564] {processor.py:641} INFO - Processing file /home/guilherme/extracao-dados-twitter/venv/lib/python3.9/site-packages/airflow/example_dags/example_branch_labels.py for tasks to queue
[2023-08-18 01:56:46,564] {logging_mixin.py:115} INFO - [2023-08-18 01:56:46,564] {dagbag.py:507} INFO - Filling up the DagBag from /home/guilherme/extracao-dados-twitter/venv/lib/python3.9/site-packages/airflow/example_dags/example_branch_labels.py
[2023-08-18 01:56:46,572] {processor.py:651} INFO - DAG(s) dict_keys(['example_branch_labels']) retrieved from /home/guilherme/extracao-dados-twitter/venv/lib/python3.9/site-packages/airflow/example_dags/example_branch_labels.py
[2023-08-18 01:56:46,683] {logging_mixin.py:115} INFO - [2023-08-18 01:56:46,683] {manager.py:508} INFO - Created Permission View: can edit on DAG:example_branch_labels
[2023-08-18 01:56:46,707] {logging_mixin.py:115} INFO - [2023-08-18 01:56:46,707] {manager.py:508} INFO - Created Permission View: can delete on DAG:example_branch_labels
[2023-08-18 01:56:46,726] {logging_mixin.py:115} INFO - [2023-08-18 01:56:46,726] {manager.py:508} INFO - Created Permission View: can read on DAG:example_branch_labels
[2023-08-18 01:56:46,726] {logging_mixin.py:115} INFO - [2023-08-18 01:56:46,726] {dag.py:2379} INFO - Sync 1 DAGs
[2023-08-18 01:56:46,737] {logging_mixin.py:115} INFO - [2023-08-18 01:56:46,736] {dag.py:2398} INFO - Creating ORM DAG for example_branch_labels
[2023-08-18 01:56:46,751] {logging_mixin.py:115} INFO - [2023-08-18 01:56:46,751] {dag.py:2927} INFO - Setting next_dagrun for example_branch_labels to 2023-08-17T00:00:00+00:00, run_after=2023-08-18T00:00:00+00:00
[2023-08-18 01:56:46,777] {processor.py:161} INFO - Processing /home/guilherme/extracao-dados-twitter/venv/lib/python3.9/site-packages/airflow/example_dags/example_branch_labels.py took 0.218 seconds
[2023-08-18 01:57:23,442] {processor.py:153} INFO - Started process (PID=3823) to work on /home/guilherme/extracao-dados-twitter/venv/lib/python3.9/site-packages/airflow/example_dags/example_branch_labels.py
[2023-08-18 01:57:23,442] {processor.py:641} INFO - Processing file /home/guilherme/extracao-dados-twitter/venv/lib/python3.9/site-packages/airflow/example_dags/example_branch_labels.py for tasks to queue
[2023-08-18 01:57:23,443] {logging_mixin.py:115} INFO - [2023-08-18 01:57:23,443] {dagbag.py:507} INFO - Filling up the DagBag from /home/guilherme/extracao-dados-twitter/venv/lib/python3.9/site-packages/airflow/example_dags/example_branch_labels.py
[2023-08-18 01:57:23,450] {processor.py:651} INFO - DAG(s) dict_keys(['example_branch_labels']) retrieved from /home/guilherme/extracao-dados-twitter/venv/lib/python3.9/site-packages/airflow/example_dags/example_branch_labels.py
[2023-08-18 01:57:23,471] {logging_mixin.py:115} INFO - [2023-08-18 01:57:23,470] {dag.py:2379} INFO - Sync 1 DAGs
[2023-08-18 01:57:23,496] {logging_mixin.py:115} INFO - [2023-08-18 01:57:23,496] {dag.py:2927} INFO - Setting next_dagrun for example_branch_labels to 2023-08-17T00:00:00+00:00, run_after=2023-08-18T00:00:00+00:00
[2023-08-18 01:57:23,522] {processor.py:161} INFO - Processing /home/guilherme/extracao-dados-twitter/venv/lib/python3.9/site-packages/airflow/example_dags/example_branch_labels.py took 0.085 seconds
[2023-08-18 01:57:58,366] {processor.py:153} INFO - Started process (PID=4015) to work on /home/guilherme/extracao-dados-twitter/venv/lib/python3.9/site-packages/airflow/example_dags/example_branch_labels.py
[2023-08-18 01:57:58,367] {processor.py:641} INFO - Processing file /home/guilherme/extracao-dados-twitter/venv/lib/python3.9/site-packages/airflow/example_dags/example_branch_labels.py for tasks to queue
[2023-08-18 01:57:58,367] {logging_mixin.py:115} INFO - [2023-08-18 01:57:58,367] {dagbag.py:507} INFO - Filling up the DagBag from /home/guilherme/extracao-dados-twitter/venv/lib/python3.9/site-packages/airflow/example_dags/example_branch_labels.py
[2023-08-18 01:57:58,375] {processor.py:651} INFO - DAG(s) dict_keys(['example_branch_labels']) retrieved from /home/guilherme/extracao-dados-twitter/venv/lib/python3.9/site-packages/airflow/example_dags/example_branch_labels.py
[2023-08-18 01:57:58,399] {logging_mixin.py:115} INFO - [2023-08-18 01:57:58,399] {dag.py:2379} INFO - Sync 1 DAGs
[2023-08-18 01:57:58,422] {logging_mixin.py:115} INFO - [2023-08-18 01:57:58,422] {dag.py:2927} INFO - Setting next_dagrun for example_branch_labels to 2023-08-17T00:00:00+00:00, run_after=2023-08-18T00:00:00+00:00
[2023-08-18 01:57:58,459] {processor.py:161} INFO - Processing /home/guilherme/extracao-dados-twitter/venv/lib/python3.9/site-packages/airflow/example_dags/example_branch_labels.py took 0.097 seconds
[2023-08-18 01:58:33,091] {processor.py:153} INFO - Started process (PID=4102) to work on /home/guilherme/extracao-dados-twitter/venv/lib/python3.9/site-packages/airflow/example_dags/example_branch_labels.py
[2023-08-18 01:58:33,092] {processor.py:641} INFO - Processing file /home/guilherme/extracao-dados-twitter/venv/lib/python3.9/site-packages/airflow/example_dags/example_branch_labels.py for tasks to queue
[2023-08-18 01:58:33,092] {logging_mixin.py:115} INFO - [2023-08-18 01:58:33,092] {dagbag.py:507} INFO - Filling up the DagBag from /home/guilherme/extracao-dados-twitter/venv/lib/python3.9/site-packages/airflow/example_dags/example_branch_labels.py
[2023-08-18 01:58:33,100] {processor.py:651} INFO - DAG(s) dict_keys(['example_branch_labels']) retrieved from /home/guilherme/extracao-dados-twitter/venv/lib/python3.9/site-packages/airflow/example_dags/example_branch_labels.py
[2023-08-18 01:58:33,120] {logging_mixin.py:115} INFO - [2023-08-18 01:58:33,119] {dag.py:2379} INFO - Sync 1 DAGs
[2023-08-18 01:58:33,144] {logging_mixin.py:115} INFO - [2023-08-18 01:58:33,143] {dag.py:2927} INFO - Setting next_dagrun for example_branch_labels to 2023-08-17T00:00:00+00:00, run_after=2023-08-18T00:00:00+00:00
[2023-08-18 01:58:33,168] {processor.py:161} INFO - Processing /home/guilherme/extracao-dados-twitter/venv/lib/python3.9/site-packages/airflow/example_dags/example_branch_labels.py took 0.081 seconds
[2023-08-18 01:59:07,894] {processor.py:153} INFO - Started process (PID=4137) to work on /home/guilherme/extracao-dados-twitter/venv/lib/python3.9/site-packages/airflow/example_dags/example_branch_labels.py
[2023-08-18 01:59:07,895] {processor.py:641} INFO - Processing file /home/guilherme/extracao-dados-twitter/venv/lib/python3.9/site-packages/airflow/example_dags/example_branch_labels.py for tasks to queue
[2023-08-18 01:59:07,896] {logging_mixin.py:115} INFO - [2023-08-18 01:59:07,896] {dagbag.py:507} INFO - Filling up the DagBag from /home/guilherme/extracao-dados-twitter/venv/lib/python3.9/site-packages/airflow/example_dags/example_branch_labels.py
[2023-08-18 01:59:07,904] {processor.py:651} INFO - DAG(s) dict_keys(['example_branch_labels']) retrieved from /home/guilherme/extracao-dados-twitter/venv/lib/python3.9/site-packages/airflow/example_dags/example_branch_labels.py
[2023-08-18 01:59:07,926] {logging_mixin.py:115} INFO - [2023-08-18 01:59:07,926] {dag.py:2379} INFO - Sync 1 DAGs
[2023-08-18 01:59:07,965] {logging_mixin.py:115} INFO - [2023-08-18 01:59:07,964] {dag.py:2927} INFO - Setting next_dagrun for example_branch_labels to 2023-08-17T00:00:00+00:00, run_after=2023-08-18T00:00:00+00:00
[2023-08-18 01:59:08,004] {processor.py:161} INFO - Processing /home/guilherme/extracao-dados-twitter/venv/lib/python3.9/site-packages/airflow/example_dags/example_branch_labels.py took 0.114 seconds
[2023-08-18 02:02:06,981] {processor.py:153} INFO - Started process (PID=4973) to work on /home/guilherme/extracao-dados-twitter/venv/lib/python3.9/site-packages/airflow/example_dags/example_branch_labels.py
[2023-08-18 02:02:06,981] {processor.py:641} INFO - Processing file /home/guilherme/extracao-dados-twitter/venv/lib/python3.9/site-packages/airflow/example_dags/example_branch_labels.py for tasks to queue
[2023-08-18 02:02:06,982] {logging_mixin.py:115} INFO - [2023-08-18 02:02:06,982] {dagbag.py:507} INFO - Filling up the DagBag from /home/guilherme/extracao-dados-twitter/venv/lib/python3.9/site-packages/airflow/example_dags/example_branch_labels.py
[2023-08-18 02:02:06,989] {processor.py:651} INFO - DAG(s) dict_keys(['example_branch_labels']) retrieved from /home/guilherme/extracao-dados-twitter/venv/lib/python3.9/site-packages/airflow/example_dags/example_branch_labels.py
[2023-08-18 02:02:07,008] {logging_mixin.py:115} INFO - [2023-08-18 02:02:07,008] {dag.py:2379} INFO - Sync 1 DAGs
[2023-08-18 02:02:07,028] {logging_mixin.py:115} INFO - [2023-08-18 02:02:07,028] {dag.py:2927} INFO - Setting next_dagrun for example_branch_labels to 2023-08-17T00:00:00+00:00, run_after=2023-08-18T00:00:00+00:00
[2023-08-18 02:02:07,063] {processor.py:161} INFO - Processing /home/guilherme/extracao-dados-twitter/venv/lib/python3.9/site-packages/airflow/example_dags/example_branch_labels.py took 0.086 seconds
[2023-08-18 02:02:41,406] {processor.py:153} INFO - Started process (PID=5014) to work on /home/guilherme/extracao-dados-twitter/venv/lib/python3.9/site-packages/airflow/example_dags/example_branch_labels.py
[2023-08-18 02:02:41,406] {processor.py:641} INFO - Processing file /home/guilherme/extracao-dados-twitter/venv/lib/python3.9/site-packages/airflow/example_dags/example_branch_labels.py for tasks to queue
[2023-08-18 02:02:41,407] {logging_mixin.py:115} INFO - [2023-08-18 02:02:41,407] {dagbag.py:507} INFO - Filling up the DagBag from /home/guilherme/extracao-dados-twitter/venv/lib/python3.9/site-packages/airflow/example_dags/example_branch_labels.py
[2023-08-18 02:02:41,414] {processor.py:651} INFO - DAG(s) dict_keys(['example_branch_labels']) retrieved from /home/guilherme/extracao-dados-twitter/venv/lib/python3.9/site-packages/airflow/example_dags/example_branch_labels.py
[2023-08-18 02:02:41,434] {logging_mixin.py:115} INFO - [2023-08-18 02:02:41,434] {dag.py:2379} INFO - Sync 1 DAGs
[2023-08-18 02:02:41,455] {logging_mixin.py:115} INFO - [2023-08-18 02:02:41,455] {dag.py:2927} INFO - Setting next_dagrun for example_branch_labels to 2023-08-17T00:00:00+00:00, run_after=2023-08-18T00:00:00+00:00
[2023-08-18 02:02:41,480] {processor.py:161} INFO - Processing /home/guilherme/extracao-dados-twitter/venv/lib/python3.9/site-packages/airflow/example_dags/example_branch_labels.py took 0.078 seconds
[2023-08-18 02:03:15,412] {processor.py:153} INFO - Started process (PID=5049) to work on /home/guilherme/extracao-dados-twitter/venv/lib/python3.9/site-packages/airflow/example_dags/example_branch_labels.py
[2023-08-18 02:03:15,413] {processor.py:641} INFO - Processing file /home/guilherme/extracao-dados-twitter/venv/lib/python3.9/site-packages/airflow/example_dags/example_branch_labels.py for tasks to queue
[2023-08-18 02:03:15,414] {logging_mixin.py:115} INFO - [2023-08-18 02:03:15,413] {dagbag.py:507} INFO - Filling up the DagBag from /home/guilherme/extracao-dados-twitter/venv/lib/python3.9/site-packages/airflow/example_dags/example_branch_labels.py
[2023-08-18 02:03:15,421] {processor.py:651} INFO - DAG(s) dict_keys(['example_branch_labels']) retrieved from /home/guilherme/extracao-dados-twitter/venv/lib/python3.9/site-packages/airflow/example_dags/example_branch_labels.py
[2023-08-18 02:03:15,440] {logging_mixin.py:115} INFO - [2023-08-18 02:03:15,440] {dag.py:2379} INFO - Sync 1 DAGs
[2023-08-18 02:03:15,461] {logging_mixin.py:115} INFO - [2023-08-18 02:03:15,461] {dag.py:2927} INFO - Setting next_dagrun for example_branch_labels to 2023-08-17T00:00:00+00:00, run_after=2023-08-18T00:00:00+00:00
[2023-08-18 02:03:15,496] {processor.py:161} INFO - Processing /home/guilherme/extracao-dados-twitter/venv/lib/python3.9/site-packages/airflow/example_dags/example_branch_labels.py took 0.088 seconds
[2023-08-18 02:03:50,615] {processor.py:153} INFO - Started process (PID=5083) to work on /home/guilherme/extracao-dados-twitter/venv/lib/python3.9/site-packages/airflow/example_dags/example_branch_labels.py
[2023-08-18 02:03:50,616] {processor.py:641} INFO - Processing file /home/guilherme/extracao-dados-twitter/venv/lib/python3.9/site-packages/airflow/example_dags/example_branch_labels.py for tasks to queue
[2023-08-18 02:03:50,617] {logging_mixin.py:115} INFO - [2023-08-18 02:03:50,616] {dagbag.py:507} INFO - Filling up the DagBag from /home/guilherme/extracao-dados-twitter/venv/lib/python3.9/site-packages/airflow/example_dags/example_branch_labels.py
[2023-08-18 02:03:50,624] {processor.py:651} INFO - DAG(s) dict_keys(['example_branch_labels']) retrieved from /home/guilherme/extracao-dados-twitter/venv/lib/python3.9/site-packages/airflow/example_dags/example_branch_labels.py
[2023-08-18 02:03:50,644] {logging_mixin.py:115} INFO - [2023-08-18 02:03:50,644] {dag.py:2379} INFO - Sync 1 DAGs
[2023-08-18 02:03:50,667] {logging_mixin.py:115} INFO - [2023-08-18 02:03:50,667] {dag.py:2927} INFO - Setting next_dagrun for example_branch_labels to 2023-08-17T00:00:00+00:00, run_after=2023-08-18T00:00:00+00:00
[2023-08-18 02:03:50,707] {processor.py:161} INFO - Processing /home/guilherme/extracao-dados-twitter/venv/lib/python3.9/site-packages/airflow/example_dags/example_branch_labels.py took 0.095 seconds
[2023-08-18 02:04:26,232] {processor.py:153} INFO - Started process (PID=5220) to work on /home/guilherme/extracao-dados-twitter/venv/lib/python3.9/site-packages/airflow/example_dags/example_branch_labels.py
[2023-08-18 02:04:26,233] {processor.py:641} INFO - Processing file /home/guilherme/extracao-dados-twitter/venv/lib/python3.9/site-packages/airflow/example_dags/example_branch_labels.py for tasks to queue
[2023-08-18 02:04:26,233] {logging_mixin.py:115} INFO - [2023-08-18 02:04:26,233] {dagbag.py:507} INFO - Filling up the DagBag from /home/guilherme/extracao-dados-twitter/venv/lib/python3.9/site-packages/airflow/example_dags/example_branch_labels.py
[2023-08-18 02:04:26,241] {processor.py:651} INFO - DAG(s) dict_keys(['example_branch_labels']) retrieved from /home/guilherme/extracao-dados-twitter/venv/lib/python3.9/site-packages/airflow/example_dags/example_branch_labels.py
[2023-08-18 02:04:26,261] {logging_mixin.py:115} INFO - [2023-08-18 02:04:26,260] {dag.py:2379} INFO - Sync 1 DAGs
[2023-08-18 02:04:26,281] {logging_mixin.py:115} INFO - [2023-08-18 02:04:26,281] {dag.py:2927} INFO - Setting next_dagrun for example_branch_labels to 2023-08-17T00:00:00+00:00, run_after=2023-08-18T00:00:00+00:00
[2023-08-18 02:04:26,313] {processor.py:161} INFO - Processing /home/guilherme/extracao-dados-twitter/venv/lib/python3.9/site-packages/airflow/example_dags/example_branch_labels.py took 0.084 seconds
[2023-08-18 02:05:00,747] {processor.py:153} INFO - Started process (PID=5461) to work on /home/guilherme/extracao-dados-twitter/venv/lib/python3.9/site-packages/airflow/example_dags/example_branch_labels.py
[2023-08-18 02:05:00,748] {processor.py:641} INFO - Processing file /home/guilherme/extracao-dados-twitter/venv/lib/python3.9/site-packages/airflow/example_dags/example_branch_labels.py for tasks to queue
[2023-08-18 02:05:00,748] {logging_mixin.py:115} INFO - [2023-08-18 02:05:00,748] {dagbag.py:507} INFO - Filling up the DagBag from /home/guilherme/extracao-dados-twitter/venv/lib/python3.9/site-packages/airflow/example_dags/example_branch_labels.py
[2023-08-18 02:05:00,755] {processor.py:651} INFO - DAG(s) dict_keys(['example_branch_labels']) retrieved from /home/guilherme/extracao-dados-twitter/venv/lib/python3.9/site-packages/airflow/example_dags/example_branch_labels.py
[2023-08-18 02:05:00,778] {logging_mixin.py:115} INFO - [2023-08-18 02:05:00,778] {dag.py:2379} INFO - Sync 1 DAGs
[2023-08-18 02:05:00,800] {logging_mixin.py:115} INFO - [2023-08-18 02:05:00,800] {dag.py:2927} INFO - Setting next_dagrun for example_branch_labels to 2023-08-17T00:00:00+00:00, run_after=2023-08-18T00:00:00+00:00
[2023-08-18 02:05:00,839] {processor.py:161} INFO - Processing /home/guilherme/extracao-dados-twitter/venv/lib/python3.9/site-packages/airflow/example_dags/example_branch_labels.py took 0.096 seconds
[2023-08-18 02:05:35,431] {processor.py:153} INFO - Started process (PID=5497) to work on /home/guilherme/extracao-dados-twitter/venv/lib/python3.9/site-packages/airflow/example_dags/example_branch_labels.py
[2023-08-18 02:05:35,431] {processor.py:641} INFO - Processing file /home/guilherme/extracao-dados-twitter/venv/lib/python3.9/site-packages/airflow/example_dags/example_branch_labels.py for tasks to queue
[2023-08-18 02:05:35,432] {logging_mixin.py:115} INFO - [2023-08-18 02:05:35,432] {dagbag.py:507} INFO - Filling up the DagBag from /home/guilherme/extracao-dados-twitter/venv/lib/python3.9/site-packages/airflow/example_dags/example_branch_labels.py
[2023-08-18 02:05:35,439] {processor.py:651} INFO - DAG(s) dict_keys(['example_branch_labels']) retrieved from /home/guilherme/extracao-dados-twitter/venv/lib/python3.9/site-packages/airflow/example_dags/example_branch_labels.py
[2023-08-18 02:05:35,463] {logging_mixin.py:115} INFO - [2023-08-18 02:05:35,463] {dag.py:2379} INFO - Sync 1 DAGs
[2023-08-18 02:05:35,485] {logging_mixin.py:115} INFO - [2023-08-18 02:05:35,485] {dag.py:2927} INFO - Setting next_dagrun for example_branch_labels to 2023-08-17T00:00:00+00:00, run_after=2023-08-18T00:00:00+00:00
[2023-08-18 02:05:35,537] {processor.py:161} INFO - Processing /home/guilherme/extracao-dados-twitter/venv/lib/python3.9/site-packages/airflow/example_dags/example_branch_labels.py took 0.111 seconds
[2023-08-18 17:08:40,655] {processor.py:153} INFO - Started process (PID=5037) to work on /home/guilherme/airflow/venv/lib/python3.9/site-packages/airflow/example_dags/example_branch_labels.py
[2023-08-18 17:08:40,659] {processor.py:641} INFO - Processing file /home/guilherme/airflow/venv/lib/python3.9/site-packages/airflow/example_dags/example_branch_labels.py for tasks to queue
[2023-08-18 17:08:40,660] {logging_mixin.py:115} INFO - [2023-08-18 17:08:40,660] {dagbag.py:507} INFO - Filling up the DagBag from /home/guilherme/airflow/venv/lib/python3.9/site-packages/airflow/example_dags/example_branch_labels.py
[2023-08-18 17:08:40,666] {processor.py:651} INFO - DAG(s) dict_keys(['example_branch_labels']) retrieved from /home/guilherme/airflow/venv/lib/python3.9/site-packages/airflow/example_dags/example_branch_labels.py
[2023-08-18 17:08:40,708] {logging_mixin.py:115} INFO - [2023-08-18 17:08:40,708] {dag.py:2379} INFO - Sync 1 DAGs
[2023-08-18 17:08:40,722] {logging_mixin.py:115} INFO - [2023-08-18 17:08:40,722] {dag.py:2927} INFO - Setting next_dagrun for example_branch_labels to 2023-08-17T00:00:00+00:00, run_after=2023-08-18T00:00:00+00:00
[2023-08-18 17:08:41,018] {processor.py:161} INFO - Processing /home/guilherme/airflow/venv/lib/python3.9/site-packages/airflow/example_dags/example_branch_labels.py took 0.366 seconds
[2023-08-18 17:09:20,672] {processor.py:153} INFO - Started process (PID=5072) to work on /home/guilherme/airflow/venv/lib/python3.9/site-packages/airflow/example_dags/example_branch_labels.py
[2023-08-18 17:09:20,673] {processor.py:641} INFO - Processing file /home/guilherme/airflow/venv/lib/python3.9/site-packages/airflow/example_dags/example_branch_labels.py for tasks to queue
[2023-08-18 17:09:20,674] {logging_mixin.py:115} INFO - [2023-08-18 17:09:20,673] {dagbag.py:507} INFO - Filling up the DagBag from /home/guilherme/airflow/venv/lib/python3.9/site-packages/airflow/example_dags/example_branch_labels.py
[2023-08-18 17:09:20,680] {processor.py:651} INFO - DAG(s) dict_keys(['example_branch_labels']) retrieved from /home/guilherme/airflow/venv/lib/python3.9/site-packages/airflow/example_dags/example_branch_labels.py
[2023-08-18 17:09:20,699] {logging_mixin.py:115} INFO - [2023-08-18 17:09:20,699] {dag.py:2379} INFO - Sync 1 DAGs
[2023-08-18 17:09:20,719] {logging_mixin.py:115} INFO - [2023-08-18 17:09:20,719] {dag.py:2927} INFO - Setting next_dagrun for example_branch_labels to 2023-08-17T00:00:00+00:00, run_after=2023-08-18T00:00:00+00:00
[2023-08-18 17:09:20,742] {processor.py:161} INFO - Processing /home/guilherme/airflow/venv/lib/python3.9/site-packages/airflow/example_dags/example_branch_labels.py took 0.074 seconds
[2023-08-18 17:09:53,182] {processor.py:153} INFO - Started process (PID=5106) to work on /home/guilherme/airflow/venv/lib/python3.9/site-packages/airflow/example_dags/example_branch_labels.py
[2023-08-18 17:09:53,183] {processor.py:641} INFO - Processing file /home/guilherme/airflow/venv/lib/python3.9/site-packages/airflow/example_dags/example_branch_labels.py for tasks to queue
[2023-08-18 17:09:53,183] {logging_mixin.py:115} INFO - [2023-08-18 17:09:53,183] {dagbag.py:507} INFO - Filling up the DagBag from /home/guilherme/airflow/venv/lib/python3.9/site-packages/airflow/example_dags/example_branch_labels.py
[2023-08-18 17:09:53,189] {processor.py:651} INFO - DAG(s) dict_keys(['example_branch_labels']) retrieved from /home/guilherme/airflow/venv/lib/python3.9/site-packages/airflow/example_dags/example_branch_labels.py
[2023-08-18 17:09:53,205] {logging_mixin.py:115} INFO - [2023-08-18 17:09:53,205] {dag.py:2379} INFO - Sync 1 DAGs
[2023-08-18 17:09:53,225] {logging_mixin.py:115} INFO - [2023-08-18 17:09:53,225] {dag.py:2927} INFO - Setting next_dagrun for example_branch_labels to 2023-08-17T00:00:00+00:00, run_after=2023-08-18T00:00:00+00:00
[2023-08-18 17:09:53,408] {processor.py:161} INFO - Processing /home/guilherme/airflow/venv/lib/python3.9/site-packages/airflow/example_dags/example_branch_labels.py took 0.229 seconds
[2023-08-18 17:10:32,570] {processor.py:153} INFO - Started process (PID=5145) to work on /home/guilherme/airflow/venv/lib/python3.9/site-packages/airflow/example_dags/example_branch_labels.py
[2023-08-18 17:10:32,572] {processor.py:641} INFO - Processing file /home/guilherme/airflow/venv/lib/python3.9/site-packages/airflow/example_dags/example_branch_labels.py for tasks to queue
[2023-08-18 17:10:32,573] {logging_mixin.py:115} INFO - [2023-08-18 17:10:32,573] {dagbag.py:507} INFO - Filling up the DagBag from /home/guilherme/airflow/venv/lib/python3.9/site-packages/airflow/example_dags/example_branch_labels.py
[2023-08-18 17:10:32,579] {processor.py:651} INFO - DAG(s) dict_keys(['example_branch_labels']) retrieved from /home/guilherme/airflow/venv/lib/python3.9/site-packages/airflow/example_dags/example_branch_labels.py
[2023-08-18 17:10:32,595] {logging_mixin.py:115} INFO - [2023-08-18 17:10:32,595] {dag.py:2379} INFO - Sync 1 DAGs
[2023-08-18 17:10:32,615] {logging_mixin.py:115} INFO - [2023-08-18 17:10:32,614] {dag.py:2927} INFO - Setting next_dagrun for example_branch_labels to 2023-08-17T00:00:00+00:00, run_after=2023-08-18T00:00:00+00:00
[2023-08-18 17:10:32,690] {processor.py:161} INFO - Processing /home/guilherme/airflow/venv/lib/python3.9/site-packages/airflow/example_dags/example_branch_labels.py took 0.124 seconds
[2023-08-18 17:11:14,894] {processor.py:153} INFO - Started process (PID=5182) to work on /home/guilherme/airflow/venv/lib/python3.9/site-packages/airflow/example_dags/example_branch_labels.py
[2023-08-18 17:11:14,895] {processor.py:641} INFO - Processing file /home/guilherme/airflow/venv/lib/python3.9/site-packages/airflow/example_dags/example_branch_labels.py for tasks to queue
[2023-08-18 17:11:14,896] {logging_mixin.py:115} INFO - [2023-08-18 17:11:14,896] {dagbag.py:507} INFO - Filling up the DagBag from /home/guilherme/airflow/venv/lib/python3.9/site-packages/airflow/example_dags/example_branch_labels.py
[2023-08-18 17:11:14,902] {processor.py:651} INFO - DAG(s) dict_keys(['example_branch_labels']) retrieved from /home/guilherme/airflow/venv/lib/python3.9/site-packages/airflow/example_dags/example_branch_labels.py
[2023-08-18 17:11:14,918] {logging_mixin.py:115} INFO - [2023-08-18 17:11:14,918] {dag.py:2379} INFO - Sync 1 DAGs
[2023-08-18 17:11:14,938] {logging_mixin.py:115} INFO - [2023-08-18 17:11:14,938] {dag.py:2927} INFO - Setting next_dagrun for example_branch_labels to 2023-08-17T00:00:00+00:00, run_after=2023-08-18T00:00:00+00:00
[2023-08-18 17:11:14,976] {processor.py:161} INFO - Processing /home/guilherme/airflow/venv/lib/python3.9/site-packages/airflow/example_dags/example_branch_labels.py took 0.084 seconds
[2023-08-18 17:11:48,689] {processor.py:153} INFO - Started process (PID=5476) to work on /home/guilherme/airflow/venv/lib/python3.9/site-packages/airflow/example_dags/example_branch_labels.py
[2023-08-18 17:11:48,689] {processor.py:641} INFO - Processing file /home/guilherme/airflow/venv/lib/python3.9/site-packages/airflow/example_dags/example_branch_labels.py for tasks to queue
[2023-08-18 17:11:48,690] {logging_mixin.py:115} INFO - [2023-08-18 17:11:48,690] {dagbag.py:507} INFO - Filling up the DagBag from /home/guilherme/airflow/venv/lib/python3.9/site-packages/airflow/example_dags/example_branch_labels.py
[2023-08-18 17:11:48,696] {processor.py:651} INFO - DAG(s) dict_keys(['example_branch_labels']) retrieved from /home/guilherme/airflow/venv/lib/python3.9/site-packages/airflow/example_dags/example_branch_labels.py
[2023-08-18 17:11:48,719] {logging_mixin.py:115} INFO - [2023-08-18 17:11:48,719] {dag.py:2379} INFO - Sync 1 DAGs
[2023-08-18 17:11:48,739] {logging_mixin.py:115} INFO - [2023-08-18 17:11:48,739] {dag.py:2927} INFO - Setting next_dagrun for example_branch_labels to 2023-08-17T00:00:00+00:00, run_after=2023-08-18T00:00:00+00:00
[2023-08-18 17:11:48,770] {processor.py:161} INFO - Processing /home/guilherme/airflow/venv/lib/python3.9/site-packages/airflow/example_dags/example_branch_labels.py took 0.085 seconds
[2023-08-18 17:12:22,137] {processor.py:153} INFO - Started process (PID=5614) to work on /home/guilherme/airflow/venv/lib/python3.9/site-packages/airflow/example_dags/example_branch_labels.py
[2023-08-18 17:12:22,138] {processor.py:641} INFO - Processing file /home/guilherme/airflow/venv/lib/python3.9/site-packages/airflow/example_dags/example_branch_labels.py for tasks to queue
[2023-08-18 17:12:22,138] {logging_mixin.py:115} INFO - [2023-08-18 17:12:22,138] {dagbag.py:507} INFO - Filling up the DagBag from /home/guilherme/airflow/venv/lib/python3.9/site-packages/airflow/example_dags/example_branch_labels.py
[2023-08-18 17:12:22,146] {processor.py:651} INFO - DAG(s) dict_keys(['example_branch_labels']) retrieved from /home/guilherme/airflow/venv/lib/python3.9/site-packages/airflow/example_dags/example_branch_labels.py
[2023-08-18 17:12:22,164] {logging_mixin.py:115} INFO - [2023-08-18 17:12:22,164] {dag.py:2379} INFO - Sync 1 DAGs
[2023-08-18 17:12:22,185] {logging_mixin.py:115} INFO - [2023-08-18 17:12:22,185] {dag.py:2927} INFO - Setting next_dagrun for example_branch_labels to 2023-08-17T00:00:00+00:00, run_after=2023-08-18T00:00:00+00:00
[2023-08-18 17:12:22,211] {processor.py:161} INFO - Processing /home/guilherme/airflow/venv/lib/python3.9/site-packages/airflow/example_dags/example_branch_labels.py took 0.078 seconds
[2023-08-18 17:12:54,650] {processor.py:153} INFO - Started process (PID=5701) to work on /home/guilherme/airflow/venv/lib/python3.9/site-packages/airflow/example_dags/example_branch_labels.py
[2023-08-18 17:12:54,651] {processor.py:641} INFO - Processing file /home/guilherme/airflow/venv/lib/python3.9/site-packages/airflow/example_dags/example_branch_labels.py for tasks to queue
[2023-08-18 17:12:54,651] {logging_mixin.py:115} INFO - [2023-08-18 17:12:54,651] {dagbag.py:507} INFO - Filling up the DagBag from /home/guilherme/airflow/venv/lib/python3.9/site-packages/airflow/example_dags/example_branch_labels.py
[2023-08-18 17:12:54,658] {processor.py:651} INFO - DAG(s) dict_keys(['example_branch_labels']) retrieved from /home/guilherme/airflow/venv/lib/python3.9/site-packages/airflow/example_dags/example_branch_labels.py
[2023-08-18 17:12:54,675] {logging_mixin.py:115} INFO - [2023-08-18 17:12:54,675] {dag.py:2379} INFO - Sync 1 DAGs
[2023-08-18 17:12:54,696] {logging_mixin.py:115} INFO - [2023-08-18 17:12:54,696] {dag.py:2927} INFO - Setting next_dagrun for example_branch_labels to 2023-08-17T00:00:00+00:00, run_after=2023-08-18T00:00:00+00:00
[2023-08-18 17:12:54,720] {processor.py:161} INFO - Processing /home/guilherme/airflow/venv/lib/python3.9/site-packages/airflow/example_dags/example_branch_labels.py took 0.073 seconds
