[2023-08-18 01:56:53,364] {processor.py:153} INFO - Started process (PID=3588) to work on /home/guilherme/extracao-dados-twitter/venv/lib/python3.9/site-packages/airflow/example_dags/example_branch_day_of_week_operator.py
[2023-08-18 01:56:53,364] {processor.py:641} INFO - Processing file /home/guilherme/extracao-dados-twitter/venv/lib/python3.9/site-packages/airflow/example_dags/example_branch_day_of_week_operator.py for tasks to queue
[2023-08-18 01:56:53,365] {logging_mixin.py:115} INFO - [2023-08-18 01:56:53,365] {dagbag.py:507} INFO - Filling up the DagBag from /home/guilherme/extracao-dados-twitter/venv/lib/python3.9/site-packages/airflow/example_dags/example_branch_day_of_week_operator.py
[2023-08-18 01:56:53,375] {processor.py:651} INFO - DAG(s) dict_keys(['example_weekday_branch_operator']) retrieved from /home/guilherme/extracao-dados-twitter/venv/lib/python3.9/site-packages/airflow/example_dags/example_branch_day_of_week_operator.py
[2023-08-18 01:56:53,482] {logging_mixin.py:115} INFO - [2023-08-18 01:56:53,482] {manager.py:508} INFO - Created Permission View: can edit on DAG:example_weekday_branch_operator
[2023-08-18 01:56:53,507] {logging_mixin.py:115} INFO - [2023-08-18 01:56:53,507] {manager.py:508} INFO - Created Permission View: can delete on DAG:example_weekday_branch_operator
[2023-08-18 01:56:53,531] {logging_mixin.py:115} INFO - [2023-08-18 01:56:53,531] {manager.py:508} INFO - Created Permission View: can read on DAG:example_weekday_branch_operator
[2023-08-18 01:56:53,531] {logging_mixin.py:115} INFO - [2023-08-18 01:56:53,531] {dag.py:2379} INFO - Sync 1 DAGs
[2023-08-18 01:56:53,543] {logging_mixin.py:115} INFO - [2023-08-18 01:56:53,542] {dag.py:2398} INFO - Creating ORM DAG for example_weekday_branch_operator
[2023-08-18 01:56:53,556] {logging_mixin.py:115} INFO - [2023-08-18 01:56:53,555] {dag.py:2927} INFO - Setting next_dagrun for example_weekday_branch_operator to 2023-08-17T00:00:00+00:00, run_after=2023-08-18T00:00:00+00:00
[2023-08-18 01:56:53,598] {processor.py:161} INFO - Processing /home/guilherme/extracao-dados-twitter/venv/lib/python3.9/site-packages/airflow/example_dags/example_branch_day_of_week_operator.py took 0.239 seconds
[2023-08-18 01:57:29,337] {processor.py:153} INFO - Started process (PID=3829) to work on /home/guilherme/extracao-dados-twitter/venv/lib/python3.9/site-packages/airflow/example_dags/example_branch_day_of_week_operator.py
[2023-08-18 01:57:29,338] {processor.py:641} INFO - Processing file /home/guilherme/extracao-dados-twitter/venv/lib/python3.9/site-packages/airflow/example_dags/example_branch_day_of_week_operator.py for tasks to queue
[2023-08-18 01:57:29,338] {logging_mixin.py:115} INFO - [2023-08-18 01:57:29,338] {dagbag.py:507} INFO - Filling up the DagBag from /home/guilherme/extracao-dados-twitter/venv/lib/python3.9/site-packages/airflow/example_dags/example_branch_day_of_week_operator.py
[2023-08-18 01:57:29,349] {processor.py:651} INFO - DAG(s) dict_keys(['example_weekday_branch_operator']) retrieved from /home/guilherme/extracao-dados-twitter/venv/lib/python3.9/site-packages/airflow/example_dags/example_branch_day_of_week_operator.py
[2023-08-18 01:57:29,369] {logging_mixin.py:115} INFO - [2023-08-18 01:57:29,369] {dag.py:2379} INFO - Sync 1 DAGs
[2023-08-18 01:57:29,392] {logging_mixin.py:115} INFO - [2023-08-18 01:57:29,392] {dag.py:2927} INFO - Setting next_dagrun for example_weekday_branch_operator to 2023-08-17T00:00:00+00:00, run_after=2023-08-18T00:00:00+00:00
[2023-08-18 01:57:29,417] {processor.py:161} INFO - Processing /home/guilherme/extracao-dados-twitter/venv/lib/python3.9/site-packages/airflow/example_dags/example_branch_day_of_week_operator.py took 0.084 seconds
[2023-08-18 01:58:06,560] {processor.py:153} INFO - Started process (PID=4075) to work on /home/guilherme/extracao-dados-twitter/venv/lib/python3.9/site-packages/airflow/example_dags/example_branch_day_of_week_operator.py
[2023-08-18 01:58:06,561] {processor.py:641} INFO - Processing file /home/guilherme/extracao-dados-twitter/venv/lib/python3.9/site-packages/airflow/example_dags/example_branch_day_of_week_operator.py for tasks to queue
[2023-08-18 01:58:06,561] {logging_mixin.py:115} INFO - [2023-08-18 01:58:06,561] {dagbag.py:507} INFO - Filling up the DagBag from /home/guilherme/extracao-dados-twitter/venv/lib/python3.9/site-packages/airflow/example_dags/example_branch_day_of_week_operator.py
[2023-08-18 01:58:06,571] {processor.py:651} INFO - DAG(s) dict_keys(['example_weekday_branch_operator']) retrieved from /home/guilherme/extracao-dados-twitter/venv/lib/python3.9/site-packages/airflow/example_dags/example_branch_day_of_week_operator.py
[2023-08-18 01:58:06,591] {logging_mixin.py:115} INFO - [2023-08-18 01:58:06,591] {dag.py:2379} INFO - Sync 1 DAGs
[2023-08-18 01:58:06,615] {logging_mixin.py:115} INFO - [2023-08-18 01:58:06,615] {dag.py:2927} INFO - Setting next_dagrun for example_weekday_branch_operator to 2023-08-17T00:00:00+00:00, run_after=2023-08-18T00:00:00+00:00
[2023-08-18 01:58:06,651] {processor.py:161} INFO - Processing /home/guilherme/extracao-dados-twitter/venv/lib/python3.9/site-packages/airflow/example_dags/example_branch_day_of_week_operator.py took 0.095 seconds
[2023-08-18 01:58:42,661] {processor.py:153} INFO - Started process (PID=4111) to work on /home/guilherme/extracao-dados-twitter/venv/lib/python3.9/site-packages/airflow/example_dags/example_branch_day_of_week_operator.py
[2023-08-18 01:58:42,662] {processor.py:641} INFO - Processing file /home/guilherme/extracao-dados-twitter/venv/lib/python3.9/site-packages/airflow/example_dags/example_branch_day_of_week_operator.py for tasks to queue
[2023-08-18 01:58:42,662] {logging_mixin.py:115} INFO - [2023-08-18 01:58:42,662] {dagbag.py:507} INFO - Filling up the DagBag from /home/guilherme/extracao-dados-twitter/venv/lib/python3.9/site-packages/airflow/example_dags/example_branch_day_of_week_operator.py
[2023-08-18 01:58:42,672] {processor.py:651} INFO - DAG(s) dict_keys(['example_weekday_branch_operator']) retrieved from /home/guilherme/extracao-dados-twitter/venv/lib/python3.9/site-packages/airflow/example_dags/example_branch_day_of_week_operator.py
[2023-08-18 01:58:42,695] {logging_mixin.py:115} INFO - [2023-08-18 01:58:42,694] {dag.py:2379} INFO - Sync 1 DAGs
[2023-08-18 01:58:42,722] {logging_mixin.py:115} INFO - [2023-08-18 01:58:42,722] {dag.py:2927} INFO - Setting next_dagrun for example_weekday_branch_operator to 2023-08-17T00:00:00+00:00, run_after=2023-08-18T00:00:00+00:00
[2023-08-18 01:58:42,761] {processor.py:161} INFO - Processing /home/guilherme/extracao-dados-twitter/venv/lib/python3.9/site-packages/airflow/example_dags/example_branch_day_of_week_operator.py took 0.103 seconds
