[2023-08-18 01:56:45,220] {processor.py:153} INFO - Started process (PID=3581) to work on /home/guilherme/extracao-dados-twitter/venv/lib/python3.9/site-packages/airflow/example_dags/example_branch_operator_decorator.py
[2023-08-18 01:56:45,221] {processor.py:641} INFO - Processing file /home/guilherme/extracao-dados-twitter/venv/lib/python3.9/site-packages/airflow/example_dags/example_branch_operator_decorator.py for tasks to queue
[2023-08-18 01:56:45,221] {logging_mixin.py:115} INFO - [2023-08-18 01:56:45,221] {dagbag.py:507} INFO - Filling up the DagBag from /home/guilherme/extracao-dados-twitter/venv/lib/python3.9/site-packages/airflow/example_dags/example_branch_operator_decorator.py
[2023-08-18 01:56:45,248] {processor.py:651} INFO - DAG(s) dict_keys(['example_branch_python_operator_decorator']) retrieved from /home/guilherme/extracao-dados-twitter/venv/lib/python3.9/site-packages/airflow/example_dags/example_branch_operator_decorator.py
[2023-08-18 01:56:45,375] {logging_mixin.py:115} INFO - [2023-08-18 01:56:45,375] {manager.py:508} INFO - Created Permission View: can edit on DAG:example_branch_python_operator_decorator
[2023-08-18 01:56:45,406] {logging_mixin.py:115} INFO - [2023-08-18 01:56:45,406] {manager.py:508} INFO - Created Permission View: can delete on DAG:example_branch_python_operator_decorator
[2023-08-18 01:56:45,425] {logging_mixin.py:115} INFO - [2023-08-18 01:56:45,425] {manager.py:508} INFO - Created Permission View: can read on DAG:example_branch_python_operator_decorator
[2023-08-18 01:56:45,425] {logging_mixin.py:115} INFO - [2023-08-18 01:56:45,425] {dag.py:2379} INFO - Sync 1 DAGs
[2023-08-18 01:56:45,434] {logging_mixin.py:115} INFO - [2023-08-18 01:56:45,434] {dag.py:2398} INFO - Creating ORM DAG for example_branch_python_operator_decorator
[2023-08-18 01:56:45,448] {logging_mixin.py:115} INFO - [2023-08-18 01:56:45,448] {dag.py:2927} INFO - Setting next_dagrun for example_branch_python_operator_decorator to 2023-08-17T00:00:00+00:00, run_after=2023-08-18T00:00:00+00:00
[2023-08-18 01:56:45,513] {processor.py:161} INFO - Processing /home/guilherme/extracao-dados-twitter/venv/lib/python3.9/site-packages/airflow/example_dags/example_branch_operator_decorator.py took 0.296 seconds
[2023-08-18 01:57:22,205] {processor.py:153} INFO - Started process (PID=3822) to work on /home/guilherme/extracao-dados-twitter/venv/lib/python3.9/site-packages/airflow/example_dags/example_branch_operator_decorator.py
[2023-08-18 01:57:22,206] {processor.py:641} INFO - Processing file /home/guilherme/extracao-dados-twitter/venv/lib/python3.9/site-packages/airflow/example_dags/example_branch_operator_decorator.py for tasks to queue
[2023-08-18 01:57:22,206] {logging_mixin.py:115} INFO - [2023-08-18 01:57:22,206] {dagbag.py:507} INFO - Filling up the DagBag from /home/guilherme/extracao-dados-twitter/venv/lib/python3.9/site-packages/airflow/example_dags/example_branch_operator_decorator.py
[2023-08-18 01:57:22,229] {processor.py:651} INFO - DAG(s) dict_keys(['example_branch_python_operator_decorator']) retrieved from /home/guilherme/extracao-dados-twitter/venv/lib/python3.9/site-packages/airflow/example_dags/example_branch_operator_decorator.py
[2023-08-18 01:57:22,249] {logging_mixin.py:115} INFO - [2023-08-18 01:57:22,249] {dag.py:2379} INFO - Sync 1 DAGs
[2023-08-18 01:57:22,272] {logging_mixin.py:115} INFO - [2023-08-18 01:57:22,272] {dag.py:2927} INFO - Setting next_dagrun for example_branch_python_operator_decorator to 2023-08-17T00:00:00+00:00, run_after=2023-08-18T00:00:00+00:00
[2023-08-18 01:57:22,309] {processor.py:161} INFO - Processing /home/guilherme/extracao-dados-twitter/venv/lib/python3.9/site-packages/airflow/example_dags/example_branch_operator_decorator.py took 0.108 seconds
[2023-08-18 01:57:57,226] {processor.py:153} INFO - Started process (PID=3985) to work on /home/guilherme/extracao-dados-twitter/venv/lib/python3.9/site-packages/airflow/example_dags/example_branch_operator_decorator.py
[2023-08-18 01:57:57,227] {processor.py:641} INFO - Processing file /home/guilherme/extracao-dados-twitter/venv/lib/python3.9/site-packages/airflow/example_dags/example_branch_operator_decorator.py for tasks to queue
[2023-08-18 01:57:57,227] {logging_mixin.py:115} INFO - [2023-08-18 01:57:57,227] {dagbag.py:507} INFO - Filling up the DagBag from /home/guilherme/extracao-dados-twitter/venv/lib/python3.9/site-packages/airflow/example_dags/example_branch_operator_decorator.py
[2023-08-18 01:57:57,251] {processor.py:651} INFO - DAG(s) dict_keys(['example_branch_python_operator_decorator']) retrieved from /home/guilherme/extracao-dados-twitter/venv/lib/python3.9/site-packages/airflow/example_dags/example_branch_operator_decorator.py
[2023-08-18 01:57:57,270] {logging_mixin.py:115} INFO - [2023-08-18 01:57:57,270] {dag.py:2379} INFO - Sync 1 DAGs
[2023-08-18 01:57:57,294] {logging_mixin.py:115} INFO - [2023-08-18 01:57:57,294] {dag.py:2927} INFO - Setting next_dagrun for example_branch_python_operator_decorator to 2023-08-17T00:00:00+00:00, run_after=2023-08-18T00:00:00+00:00
[2023-08-18 01:57:57,318] {processor.py:161} INFO - Processing /home/guilherme/extracao-dados-twitter/venv/lib/python3.9/site-packages/airflow/example_dags/example_branch_operator_decorator.py took 0.096 seconds
[2023-08-18 01:58:32,793] {processor.py:153} INFO - Started process (PID=4101) to work on /home/guilherme/extracao-dados-twitter/venv/lib/python3.9/site-packages/airflow/example_dags/example_branch_operator_decorator.py
[2023-08-18 01:58:32,794] {processor.py:641} INFO - Processing file /home/guilherme/extracao-dados-twitter/venv/lib/python3.9/site-packages/airflow/example_dags/example_branch_operator_decorator.py for tasks to queue
[2023-08-18 01:58:32,795] {logging_mixin.py:115} INFO - [2023-08-18 01:58:32,794] {dagbag.py:507} INFO - Filling up the DagBag from /home/guilherme/extracao-dados-twitter/venv/lib/python3.9/site-packages/airflow/example_dags/example_branch_operator_decorator.py
[2023-08-18 01:58:32,816] {processor.py:651} INFO - DAG(s) dict_keys(['example_branch_python_operator_decorator']) retrieved from /home/guilherme/extracao-dados-twitter/venv/lib/python3.9/site-packages/airflow/example_dags/example_branch_operator_decorator.py
[2023-08-18 01:58:32,836] {logging_mixin.py:115} INFO - [2023-08-18 01:58:32,836] {dag.py:2379} INFO - Sync 1 DAGs
[2023-08-18 01:58:32,859] {logging_mixin.py:115} INFO - [2023-08-18 01:58:32,859] {dag.py:2927} INFO - Setting next_dagrun for example_branch_python_operator_decorator to 2023-08-17T00:00:00+00:00, run_after=2023-08-18T00:00:00+00:00
[2023-08-18 01:58:32,898] {processor.py:161} INFO - Processing /home/guilherme/extracao-dados-twitter/venv/lib/python3.9/site-packages/airflow/example_dags/example_branch_operator_decorator.py took 0.108 seconds
[2023-08-18 01:59:06,661] {processor.py:153} INFO - Started process (PID=4136) to work on /home/guilherme/extracao-dados-twitter/venv/lib/python3.9/site-packages/airflow/example_dags/example_branch_operator_decorator.py
[2023-08-18 01:59:06,662] {processor.py:641} INFO - Processing file /home/guilherme/extracao-dados-twitter/venv/lib/python3.9/site-packages/airflow/example_dags/example_branch_operator_decorator.py for tasks to queue
[2023-08-18 01:59:06,663] {logging_mixin.py:115} INFO - [2023-08-18 01:59:06,663] {dagbag.py:507} INFO - Filling up the DagBag from /home/guilherme/extracao-dados-twitter/venv/lib/python3.9/site-packages/airflow/example_dags/example_branch_operator_decorator.py
[2023-08-18 01:59:06,690] {processor.py:651} INFO - DAG(s) dict_keys(['example_branch_python_operator_decorator']) retrieved from /home/guilherme/extracao-dados-twitter/venv/lib/python3.9/site-packages/airflow/example_dags/example_branch_operator_decorator.py
[2023-08-18 01:59:06,710] {logging_mixin.py:115} INFO - [2023-08-18 01:59:06,710] {dag.py:2379} INFO - Sync 1 DAGs
[2023-08-18 01:59:06,733] {logging_mixin.py:115} INFO - [2023-08-18 01:59:06,733] {dag.py:2927} INFO - Setting next_dagrun for example_branch_python_operator_decorator to 2023-08-17T00:00:00+00:00, run_after=2023-08-18T00:00:00+00:00
[2023-08-18 01:59:06,763] {processor.py:161} INFO - Processing /home/guilherme/extracao-dados-twitter/venv/lib/python3.9/site-packages/airflow/example_dags/example_branch_operator_decorator.py took 0.106 seconds
