[2023-08-18 01:56:23,132] {processor.py:153} INFO - Started process (PID=3532) to work on /home/guilherme/extracao-dados-twitter/venv/lib/python3.9/site-packages/airflow/example_dags/example_subdag_operator.py
[2023-08-18 01:56:23,133] {processor.py:641} INFO - Processing file /home/guilherme/extracao-dados-twitter/venv/lib/python3.9/site-packages/airflow/example_dags/example_subdag_operator.py for tasks to queue
[2023-08-18 01:56:23,133] {logging_mixin.py:115} INFO - [2023-08-18 01:56:23,133] {dagbag.py:507} INFO - Filling up the DagBag from /home/guilherme/extracao-dados-twitter/venv/lib/python3.9/site-packages/airflow/example_dags/example_subdag_operator.py
[2023-08-18 01:56:23,157] {processor.py:651} INFO - DAG(s) dict_keys(['example_subdag_operator.section-1', 'example_subdag_operator.section-2', 'example_subdag_operator']) retrieved from /home/guilherme/extracao-dados-twitter/venv/lib/python3.9/site-packages/airflow/example_dags/example_subdag_operator.py
[2023-08-18 01:56:23,273] {logging_mixin.py:115} INFO - [2023-08-18 01:56:23,272] {manager.py:508} INFO - Created Permission View: can edit on DAG:example_subdag_operator
[2023-08-18 01:56:23,306] {logging_mixin.py:115} INFO - [2023-08-18 01:56:23,306] {manager.py:508} INFO - Created Permission View: can delete on DAG:example_subdag_operator
[2023-08-18 01:56:23,325] {logging_mixin.py:115} INFO - [2023-08-18 01:56:23,325] {manager.py:508} INFO - Created Permission View: can read on DAG:example_subdag_operator
[2023-08-18 01:56:23,325] {logging_mixin.py:115} INFO - [2023-08-18 01:56:23,325] {dag.py:2379} INFO - Sync 3 DAGs
[2023-08-18 01:56:23,334] {logging_mixin.py:115} INFO - [2023-08-18 01:56:23,334] {dag.py:2398} INFO - Creating ORM DAG for example_subdag_operator.section-1
[2023-08-18 01:56:23,334] {logging_mixin.py:115} INFO - [2023-08-18 01:56:23,334] {dag.py:2398} INFO - Creating ORM DAG for example_subdag_operator.section-2
[2023-08-18 01:56:23,335] {logging_mixin.py:115} INFO - [2023-08-18 01:56:23,335] {dag.py:2398} INFO - Creating ORM DAG for example_subdag_operator
[2023-08-18 01:56:23,347] {logging_mixin.py:115} INFO - [2023-08-18 01:56:23,347] {dag.py:2927} INFO - Setting next_dagrun for example_subdag_operator to 2022-01-01T00:00:00+00:00, run_after=2022-01-01T00:00:00+00:00
[2023-08-18 01:56:23,347] {logging_mixin.py:115} INFO - [2023-08-18 01:56:23,347] {dag.py:2927} INFO - Setting next_dagrun for example_subdag_operator.section-1 to None, run_after=None
[2023-08-18 01:56:23,347] {logging_mixin.py:115} INFO - [2023-08-18 01:56:23,347] {dag.py:2927} INFO - Setting next_dagrun for example_subdag_operator.section-2 to None, run_after=None
[2023-08-18 01:56:23,355] {logging_mixin.py:115} INFO - [2023-08-18 01:56:23,355] {dag.py:2379} INFO - Sync 2 DAGs
[2023-08-18 01:56:23,359] {logging_mixin.py:115} INFO - [2023-08-18 01:56:23,359] {dag.py:2927} INFO - Setting next_dagrun for example_subdag_operator.section-1 to None, run_after=None
[2023-08-18 01:56:23,359] {logging_mixin.py:115} INFO - [2023-08-18 01:56:23,359] {dag.py:2927} INFO - Setting next_dagrun for example_subdag_operator.section-2 to None, run_after=None
[2023-08-18 01:56:23,386] {processor.py:161} INFO - Processing /home/guilherme/extracao-dados-twitter/venv/lib/python3.9/site-packages/airflow/example_dags/example_subdag_operator.py took 0.259 seconds
[2023-08-18 01:57:03,965] {processor.py:153} INFO - Started process (PID=3650) to work on /home/guilherme/extracao-dados-twitter/venv/lib/python3.9/site-packages/airflow/example_dags/example_subdag_operator.py
[2023-08-18 01:57:03,965] {processor.py:641} INFO - Processing file /home/guilherme/extracao-dados-twitter/venv/lib/python3.9/site-packages/airflow/example_dags/example_subdag_operator.py for tasks to queue
[2023-08-18 01:57:03,966] {logging_mixin.py:115} INFO - [2023-08-18 01:57:03,966] {dagbag.py:507} INFO - Filling up the DagBag from /home/guilherme/extracao-dados-twitter/venv/lib/python3.9/site-packages/airflow/example_dags/example_subdag_operator.py
[2023-08-18 01:57:03,993] {processor.py:651} INFO - DAG(s) dict_keys(['example_subdag_operator.section-1', 'example_subdag_operator.section-2', 'example_subdag_operator']) retrieved from /home/guilherme/extracao-dados-twitter/venv/lib/python3.9/site-packages/airflow/example_dags/example_subdag_operator.py
[2023-08-18 01:57:04,014] {logging_mixin.py:115} INFO - [2023-08-18 01:57:04,013] {dag.py:2379} INFO - Sync 3 DAGs
[2023-08-18 01:57:04,073] {logging_mixin.py:115} INFO - [2023-08-18 01:57:04,073] {dag.py:2927} INFO - Setting next_dagrun for example_subdag_operator to 2022-01-01T00:00:00+00:00, run_after=2022-01-01T00:00:00+00:00
[2023-08-18 01:57:04,074] {logging_mixin.py:115} INFO - [2023-08-18 01:57:04,074] {dag.py:2927} INFO - Setting next_dagrun for example_subdag_operator.section-1 to None, run_after=None
[2023-08-18 01:57:04,074] {logging_mixin.py:115} INFO - [2023-08-18 01:57:04,074] {dag.py:2927} INFO - Setting next_dagrun for example_subdag_operator.section-2 to None, run_after=None
[2023-08-18 01:57:04,080] {logging_mixin.py:115} INFO - [2023-08-18 01:57:04,080] {dag.py:2379} INFO - Sync 2 DAGs
[2023-08-18 01:57:04,085] {logging_mixin.py:115} INFO - [2023-08-18 01:57:04,085] {dag.py:2927} INFO - Setting next_dagrun for example_subdag_operator.section-1 to None, run_after=None
[2023-08-18 01:57:04,085] {logging_mixin.py:115} INFO - [2023-08-18 01:57:04,085] {dag.py:2927} INFO - Setting next_dagrun for example_subdag_operator.section-2 to None, run_after=None
[2023-08-18 01:57:04,114] {processor.py:161} INFO - Processing /home/guilherme/extracao-dados-twitter/venv/lib/python3.9/site-packages/airflow/example_dags/example_subdag_operator.py took 0.155 seconds
[2023-08-18 01:57:40,226] {processor.py:153} INFO - Started process (PID=3894) to work on /home/guilherme/extracao-dados-twitter/venv/lib/python3.9/site-packages/airflow/example_dags/example_subdag_operator.py
[2023-08-18 01:57:40,227] {processor.py:641} INFO - Processing file /home/guilherme/extracao-dados-twitter/venv/lib/python3.9/site-packages/airflow/example_dags/example_subdag_operator.py for tasks to queue
[2023-08-18 01:57:40,228] {logging_mixin.py:115} INFO - [2023-08-18 01:57:40,228] {dagbag.py:507} INFO - Filling up the DagBag from /home/guilherme/extracao-dados-twitter/venv/lib/python3.9/site-packages/airflow/example_dags/example_subdag_operator.py
[2023-08-18 01:57:40,261] {processor.py:651} INFO - DAG(s) dict_keys(['example_subdag_operator.section-1', 'example_subdag_operator.section-2', 'example_subdag_operator']) retrieved from /home/guilherme/extracao-dados-twitter/venv/lib/python3.9/site-packages/airflow/example_dags/example_subdag_operator.py
[2023-08-18 01:57:40,289] {logging_mixin.py:115} INFO - [2023-08-18 01:57:40,289] {dag.py:2379} INFO - Sync 3 DAGs
[2023-08-18 01:57:40,311] {logging_mixin.py:115} INFO - [2023-08-18 01:57:40,311] {dag.py:2927} INFO - Setting next_dagrun for example_subdag_operator to 2022-01-01T00:00:00+00:00, run_after=2022-01-01T00:00:00+00:00
[2023-08-18 01:57:40,311] {logging_mixin.py:115} INFO - [2023-08-18 01:57:40,311] {dag.py:2927} INFO - Setting next_dagrun for example_subdag_operator.section-1 to None, run_after=None
[2023-08-18 01:57:40,312] {logging_mixin.py:115} INFO - [2023-08-18 01:57:40,312] {dag.py:2927} INFO - Setting next_dagrun for example_subdag_operator.section-2 to None, run_after=None
[2023-08-18 01:57:40,318] {logging_mixin.py:115} INFO - [2023-08-18 01:57:40,318] {dag.py:2379} INFO - Sync 2 DAGs
[2023-08-18 01:57:40,322] {logging_mixin.py:115} INFO - [2023-08-18 01:57:40,322] {dag.py:2927} INFO - Setting next_dagrun for example_subdag_operator.section-1 to None, run_after=None
[2023-08-18 01:57:40,322] {logging_mixin.py:115} INFO - [2023-08-18 01:57:40,322] {dag.py:2927} INFO - Setting next_dagrun for example_subdag_operator.section-2 to None, run_after=None
[2023-08-18 01:57:40,354] {processor.py:161} INFO - Processing /home/guilherme/extracao-dados-twitter/venv/lib/python3.9/site-packages/airflow/example_dags/example_subdag_operator.py took 0.132 seconds
[2023-08-18 01:58:15,566] {processor.py:153} INFO - Started process (PID=4084) to work on /home/guilherme/extracao-dados-twitter/venv/lib/python3.9/site-packages/airflow/example_dags/example_subdag_operator.py
[2023-08-18 01:58:15,567] {processor.py:641} INFO - Processing file /home/guilherme/extracao-dados-twitter/venv/lib/python3.9/site-packages/airflow/example_dags/example_subdag_operator.py for tasks to queue
[2023-08-18 01:58:15,568] {logging_mixin.py:115} INFO - [2023-08-18 01:58:15,567] {dagbag.py:507} INFO - Filling up the DagBag from /home/guilherme/extracao-dados-twitter/venv/lib/python3.9/site-packages/airflow/example_dags/example_subdag_operator.py
[2023-08-18 01:58:15,593] {processor.py:651} INFO - DAG(s) dict_keys(['example_subdag_operator.section-1', 'example_subdag_operator.section-2', 'example_subdag_operator']) retrieved from /home/guilherme/extracao-dados-twitter/venv/lib/python3.9/site-packages/airflow/example_dags/example_subdag_operator.py
[2023-08-18 01:58:15,613] {logging_mixin.py:115} INFO - [2023-08-18 01:58:15,613] {dag.py:2379} INFO - Sync 3 DAGs
[2023-08-18 01:58:15,634] {logging_mixin.py:115} INFO - [2023-08-18 01:58:15,633] {dag.py:2927} INFO - Setting next_dagrun for example_subdag_operator to 2022-01-01T00:00:00+00:00, run_after=2022-01-01T00:00:00+00:00
[2023-08-18 01:58:15,634] {logging_mixin.py:115} INFO - [2023-08-18 01:58:15,634] {dag.py:2927} INFO - Setting next_dagrun for example_subdag_operator.section-1 to None, run_after=None
[2023-08-18 01:58:15,634] {logging_mixin.py:115} INFO - [2023-08-18 01:58:15,634] {dag.py:2927} INFO - Setting next_dagrun for example_subdag_operator.section-2 to None, run_after=None
[2023-08-18 01:58:15,641] {logging_mixin.py:115} INFO - [2023-08-18 01:58:15,641] {dag.py:2379} INFO - Sync 2 DAGs
[2023-08-18 01:58:15,645] {logging_mixin.py:115} INFO - [2023-08-18 01:58:15,645] {dag.py:2927} INFO - Setting next_dagrun for example_subdag_operator.section-1 to None, run_after=None
[2023-08-18 01:58:15,645] {logging_mixin.py:115} INFO - [2023-08-18 01:58:15,645] {dag.py:2927} INFO - Setting next_dagrun for example_subdag_operator.section-2 to None, run_after=None
[2023-08-18 01:58:15,665] {processor.py:161} INFO - Processing /home/guilherme/extracao-dados-twitter/venv/lib/python3.9/site-packages/airflow/example_dags/example_subdag_operator.py took 0.103 seconds
[2023-08-18 01:58:50,058] {processor.py:153} INFO - Started process (PID=4118) to work on /home/guilherme/extracao-dados-twitter/venv/lib/python3.9/site-packages/airflow/example_dags/example_subdag_operator.py
[2023-08-18 01:58:50,058] {processor.py:641} INFO - Processing file /home/guilherme/extracao-dados-twitter/venv/lib/python3.9/site-packages/airflow/example_dags/example_subdag_operator.py for tasks to queue
[2023-08-18 01:58:50,059] {logging_mixin.py:115} INFO - [2023-08-18 01:58:50,059] {dagbag.py:507} INFO - Filling up the DagBag from /home/guilherme/extracao-dados-twitter/venv/lib/python3.9/site-packages/airflow/example_dags/example_subdag_operator.py
[2023-08-18 01:58:50,084] {processor.py:651} INFO - DAG(s) dict_keys(['example_subdag_operator.section-1', 'example_subdag_operator.section-2', 'example_subdag_operator']) retrieved from /home/guilherme/extracao-dados-twitter/venv/lib/python3.9/site-packages/airflow/example_dags/example_subdag_operator.py
[2023-08-18 01:58:50,105] {logging_mixin.py:115} INFO - [2023-08-18 01:58:50,105] {dag.py:2379} INFO - Sync 3 DAGs
[2023-08-18 01:58:50,128] {logging_mixin.py:115} INFO - [2023-08-18 01:58:50,128] {dag.py:2927} INFO - Setting next_dagrun for example_subdag_operator to 2022-01-01T00:00:00+00:00, run_after=2022-01-01T00:00:00+00:00
[2023-08-18 01:58:50,128] {logging_mixin.py:115} INFO - [2023-08-18 01:58:50,128] {dag.py:2927} INFO - Setting next_dagrun for example_subdag_operator.section-1 to None, run_after=None
[2023-08-18 01:58:50,129] {logging_mixin.py:115} INFO - [2023-08-18 01:58:50,129] {dag.py:2927} INFO - Setting next_dagrun for example_subdag_operator.section-2 to None, run_after=None
[2023-08-18 01:58:50,135] {logging_mixin.py:115} INFO - [2023-08-18 01:58:50,135] {dag.py:2379} INFO - Sync 2 DAGs
[2023-08-18 01:58:50,139] {logging_mixin.py:115} INFO - [2023-08-18 01:58:50,139] {dag.py:2927} INFO - Setting next_dagrun for example_subdag_operator.section-1 to None, run_after=None
[2023-08-18 01:58:50,139] {logging_mixin.py:115} INFO - [2023-08-18 01:58:50,139] {dag.py:2927} INFO - Setting next_dagrun for example_subdag_operator.section-2 to None, run_after=None
[2023-08-18 01:58:50,165] {processor.py:161} INFO - Processing /home/guilherme/extracao-dados-twitter/venv/lib/python3.9/site-packages/airflow/example_dags/example_subdag_operator.py took 0.111 seconds
[2023-08-18 02:01:48,398] {processor.py:153} INFO - Started process (PID=4802) to work on /home/guilherme/extracao-dados-twitter/venv/lib/python3.9/site-packages/airflow/example_dags/example_subdag_operator.py
[2023-08-18 02:01:48,399] {processor.py:641} INFO - Processing file /home/guilherme/extracao-dados-twitter/venv/lib/python3.9/site-packages/airflow/example_dags/example_subdag_operator.py for tasks to queue
[2023-08-18 02:01:48,399] {logging_mixin.py:115} INFO - [2023-08-18 02:01:48,399] {dagbag.py:507} INFO - Filling up the DagBag from /home/guilherme/extracao-dados-twitter/venv/lib/python3.9/site-packages/airflow/example_dags/example_subdag_operator.py
[2023-08-18 02:01:48,424] {processor.py:651} INFO - DAG(s) dict_keys(['example_subdag_operator.section-1', 'example_subdag_operator.section-2', 'example_subdag_operator']) retrieved from /home/guilherme/extracao-dados-twitter/venv/lib/python3.9/site-packages/airflow/example_dags/example_subdag_operator.py
[2023-08-18 02:01:48,444] {logging_mixin.py:115} INFO - [2023-08-18 02:01:48,444] {dag.py:2379} INFO - Sync 3 DAGs
[2023-08-18 02:01:48,463] {logging_mixin.py:115} INFO - [2023-08-18 02:01:48,463] {dag.py:2927} INFO - Setting next_dagrun for example_subdag_operator to 2022-01-01T00:00:00+00:00, run_after=2022-01-01T00:00:00+00:00
[2023-08-18 02:01:48,463] {logging_mixin.py:115} INFO - [2023-08-18 02:01:48,463] {dag.py:2927} INFO - Setting next_dagrun for example_subdag_operator.section-1 to None, run_after=None
[2023-08-18 02:01:48,463] {logging_mixin.py:115} INFO - [2023-08-18 02:01:48,463] {dag.py:2927} INFO - Setting next_dagrun for example_subdag_operator.section-2 to None, run_after=None
[2023-08-18 02:01:48,470] {logging_mixin.py:115} INFO - [2023-08-18 02:01:48,470] {dag.py:2379} INFO - Sync 2 DAGs
[2023-08-18 02:01:48,474] {logging_mixin.py:115} INFO - [2023-08-18 02:01:48,474] {dag.py:2927} INFO - Setting next_dagrun for example_subdag_operator.section-1 to None, run_after=None
[2023-08-18 02:01:48,475] {logging_mixin.py:115} INFO - [2023-08-18 02:01:48,475] {dag.py:2927} INFO - Setting next_dagrun for example_subdag_operator.section-2 to None, run_after=None
[2023-08-18 02:01:48,499] {processor.py:161} INFO - Processing /home/guilherme/extracao-dados-twitter/venv/lib/python3.9/site-packages/airflow/example_dags/example_subdag_operator.py took 0.105 seconds
[2023-08-18 02:02:23,134] {processor.py:153} INFO - Started process (PID=4989) to work on /home/guilherme/extracao-dados-twitter/venv/lib/python3.9/site-packages/airflow/example_dags/example_subdag_operator.py
[2023-08-18 02:02:23,135] {processor.py:641} INFO - Processing file /home/guilherme/extracao-dados-twitter/venv/lib/python3.9/site-packages/airflow/example_dags/example_subdag_operator.py for tasks to queue
[2023-08-18 02:02:23,135] {logging_mixin.py:115} INFO - [2023-08-18 02:02:23,135] {dagbag.py:507} INFO - Filling up the DagBag from /home/guilherme/extracao-dados-twitter/venv/lib/python3.9/site-packages/airflow/example_dags/example_subdag_operator.py
[2023-08-18 02:02:23,161] {processor.py:651} INFO - DAG(s) dict_keys(['example_subdag_operator.section-1', 'example_subdag_operator.section-2', 'example_subdag_operator']) retrieved from /home/guilherme/extracao-dados-twitter/venv/lib/python3.9/site-packages/airflow/example_dags/example_subdag_operator.py
[2023-08-18 02:02:23,181] {logging_mixin.py:115} INFO - [2023-08-18 02:02:23,181] {dag.py:2379} INFO - Sync 3 DAGs
[2023-08-18 02:02:23,200] {logging_mixin.py:115} INFO - [2023-08-18 02:02:23,200] {dag.py:2927} INFO - Setting next_dagrun for example_subdag_operator to 2022-01-01T00:00:00+00:00, run_after=2022-01-01T00:00:00+00:00
[2023-08-18 02:02:23,201] {logging_mixin.py:115} INFO - [2023-08-18 02:02:23,201] {dag.py:2927} INFO - Setting next_dagrun for example_subdag_operator.section-1 to None, run_after=None
[2023-08-18 02:02:23,201] {logging_mixin.py:115} INFO - [2023-08-18 02:02:23,201] {dag.py:2927} INFO - Setting next_dagrun for example_subdag_operator.section-2 to None, run_after=None
[2023-08-18 02:02:23,207] {logging_mixin.py:115} INFO - [2023-08-18 02:02:23,207] {dag.py:2379} INFO - Sync 2 DAGs
[2023-08-18 02:02:23,211] {logging_mixin.py:115} INFO - [2023-08-18 02:02:23,210] {dag.py:2927} INFO - Setting next_dagrun for example_subdag_operator.section-1 to None, run_after=None
[2023-08-18 02:02:23,211] {logging_mixin.py:115} INFO - [2023-08-18 02:02:23,211] {dag.py:2927} INFO - Setting next_dagrun for example_subdag_operator.section-2 to None, run_after=None
[2023-08-18 02:02:23,268] {processor.py:161} INFO - Processing /home/guilherme/extracao-dados-twitter/venv/lib/python3.9/site-packages/airflow/example_dags/example_subdag_operator.py took 0.138 seconds
[2023-08-18 02:02:58,198] {processor.py:153} INFO - Started process (PID=5030) to work on /home/guilherme/extracao-dados-twitter/venv/lib/python3.9/site-packages/airflow/example_dags/example_subdag_operator.py
[2023-08-18 02:02:58,199] {processor.py:641} INFO - Processing file /home/guilherme/extracao-dados-twitter/venv/lib/python3.9/site-packages/airflow/example_dags/example_subdag_operator.py for tasks to queue
[2023-08-18 02:02:58,199] {logging_mixin.py:115} INFO - [2023-08-18 02:02:58,199] {dagbag.py:507} INFO - Filling up the DagBag from /home/guilherme/extracao-dados-twitter/venv/lib/python3.9/site-packages/airflow/example_dags/example_subdag_operator.py
[2023-08-18 02:02:58,224] {processor.py:651} INFO - DAG(s) dict_keys(['example_subdag_operator.section-1', 'example_subdag_operator.section-2', 'example_subdag_operator']) retrieved from /home/guilherme/extracao-dados-twitter/venv/lib/python3.9/site-packages/airflow/example_dags/example_subdag_operator.py
[2023-08-18 02:02:58,245] {logging_mixin.py:115} INFO - [2023-08-18 02:02:58,245] {dag.py:2379} INFO - Sync 3 DAGs
[2023-08-18 02:02:58,264] {logging_mixin.py:115} INFO - [2023-08-18 02:02:58,264] {dag.py:2927} INFO - Setting next_dagrun for example_subdag_operator to 2022-01-01T00:00:00+00:00, run_after=2022-01-01T00:00:00+00:00
[2023-08-18 02:02:58,265] {logging_mixin.py:115} INFO - [2023-08-18 02:02:58,264] {dag.py:2927} INFO - Setting next_dagrun for example_subdag_operator.section-1 to None, run_after=None
[2023-08-18 02:02:58,265] {logging_mixin.py:115} INFO - [2023-08-18 02:02:58,265] {dag.py:2927} INFO - Setting next_dagrun for example_subdag_operator.section-2 to None, run_after=None
[2023-08-18 02:02:58,270] {logging_mixin.py:115} INFO - [2023-08-18 02:02:58,270] {dag.py:2379} INFO - Sync 2 DAGs
[2023-08-18 02:02:58,275] {logging_mixin.py:115} INFO - [2023-08-18 02:02:58,275] {dag.py:2927} INFO - Setting next_dagrun for example_subdag_operator.section-1 to None, run_after=None
[2023-08-18 02:02:58,275] {logging_mixin.py:115} INFO - [2023-08-18 02:02:58,275] {dag.py:2927} INFO - Setting next_dagrun for example_subdag_operator.section-2 to None, run_after=None
[2023-08-18 02:02:58,302] {processor.py:161} INFO - Processing /home/guilherme/extracao-dados-twitter/venv/lib/python3.9/site-packages/airflow/example_dags/example_subdag_operator.py took 0.108 seconds
[2023-08-18 02:03:32,243] {processor.py:153} INFO - Started process (PID=5065) to work on /home/guilherme/extracao-dados-twitter/venv/lib/python3.9/site-packages/airflow/example_dags/example_subdag_operator.py
[2023-08-18 02:03:32,244] {processor.py:641} INFO - Processing file /home/guilherme/extracao-dados-twitter/venv/lib/python3.9/site-packages/airflow/example_dags/example_subdag_operator.py for tasks to queue
[2023-08-18 02:03:32,245] {logging_mixin.py:115} INFO - [2023-08-18 02:03:32,244] {dagbag.py:507} INFO - Filling up the DagBag from /home/guilherme/extracao-dados-twitter/venv/lib/python3.9/site-packages/airflow/example_dags/example_subdag_operator.py
[2023-08-18 02:03:32,270] {processor.py:651} INFO - DAG(s) dict_keys(['example_subdag_operator.section-1', 'example_subdag_operator.section-2', 'example_subdag_operator']) retrieved from /home/guilherme/extracao-dados-twitter/venv/lib/python3.9/site-packages/airflow/example_dags/example_subdag_operator.py
[2023-08-18 02:03:32,292] {logging_mixin.py:115} INFO - [2023-08-18 02:03:32,292] {dag.py:2379} INFO - Sync 3 DAGs
[2023-08-18 02:03:32,314] {logging_mixin.py:115} INFO - [2023-08-18 02:03:32,314] {dag.py:2927} INFO - Setting next_dagrun for example_subdag_operator to 2022-01-01T00:00:00+00:00, run_after=2022-01-01T00:00:00+00:00
[2023-08-18 02:03:32,314] {logging_mixin.py:115} INFO - [2023-08-18 02:03:32,314] {dag.py:2927} INFO - Setting next_dagrun for example_subdag_operator.section-1 to None, run_after=None
[2023-08-18 02:03:32,314] {logging_mixin.py:115} INFO - [2023-08-18 02:03:32,314] {dag.py:2927} INFO - Setting next_dagrun for example_subdag_operator.section-2 to None, run_after=None
[2023-08-18 02:03:32,320] {logging_mixin.py:115} INFO - [2023-08-18 02:03:32,320] {dag.py:2379} INFO - Sync 2 DAGs
[2023-08-18 02:03:32,324] {logging_mixin.py:115} INFO - [2023-08-18 02:03:32,324] {dag.py:2927} INFO - Setting next_dagrun for example_subdag_operator.section-1 to None, run_after=None
[2023-08-18 02:03:32,324] {logging_mixin.py:115} INFO - [2023-08-18 02:03:32,324] {dag.py:2927} INFO - Setting next_dagrun for example_subdag_operator.section-2 to None, run_after=None
[2023-08-18 02:03:32,358] {processor.py:161} INFO - Processing /home/guilherme/extracao-dados-twitter/venv/lib/python3.9/site-packages/airflow/example_dags/example_subdag_operator.py took 0.121 seconds
[2023-08-18 02:04:06,755] {processor.py:153} INFO - Started process (PID=5099) to work on /home/guilherme/extracao-dados-twitter/venv/lib/python3.9/site-packages/airflow/example_dags/example_subdag_operator.py
[2023-08-18 02:04:06,756] {processor.py:641} INFO - Processing file /home/guilherme/extracao-dados-twitter/venv/lib/python3.9/site-packages/airflow/example_dags/example_subdag_operator.py for tasks to queue
[2023-08-18 02:04:06,756] {logging_mixin.py:115} INFO - [2023-08-18 02:04:06,756] {dagbag.py:507} INFO - Filling up the DagBag from /home/guilherme/extracao-dados-twitter/venv/lib/python3.9/site-packages/airflow/example_dags/example_subdag_operator.py
[2023-08-18 02:04:06,789] {processor.py:651} INFO - DAG(s) dict_keys(['example_subdag_operator.section-1', 'example_subdag_operator.section-2', 'example_subdag_operator']) retrieved from /home/guilherme/extracao-dados-twitter/venv/lib/python3.9/site-packages/airflow/example_dags/example_subdag_operator.py
[2023-08-18 02:04:06,811] {logging_mixin.py:115} INFO - [2023-08-18 02:04:06,811] {dag.py:2379} INFO - Sync 3 DAGs
[2023-08-18 02:04:06,833] {logging_mixin.py:115} INFO - [2023-08-18 02:04:06,833] {dag.py:2927} INFO - Setting next_dagrun for example_subdag_operator to 2022-01-01T00:00:00+00:00, run_after=2022-01-01T00:00:00+00:00
[2023-08-18 02:04:06,833] {logging_mixin.py:115} INFO - [2023-08-18 02:04:06,833] {dag.py:2927} INFO - Setting next_dagrun for example_subdag_operator.section-1 to None, run_after=None
[2023-08-18 02:04:06,833] {logging_mixin.py:115} INFO - [2023-08-18 02:04:06,833] {dag.py:2927} INFO - Setting next_dagrun for example_subdag_operator.section-2 to None, run_after=None
[2023-08-18 02:04:06,839] {logging_mixin.py:115} INFO - [2023-08-18 02:04:06,839] {dag.py:2379} INFO - Sync 2 DAGs
[2023-08-18 02:04:06,843] {logging_mixin.py:115} INFO - [2023-08-18 02:04:06,843] {dag.py:2927} INFO - Setting next_dagrun for example_subdag_operator.section-1 to None, run_after=None
[2023-08-18 02:04:06,843] {logging_mixin.py:115} INFO - [2023-08-18 02:04:06,843] {dag.py:2927} INFO - Setting next_dagrun for example_subdag_operator.section-2 to None, run_after=None
[2023-08-18 02:04:06,865] {processor.py:161} INFO - Processing /home/guilherme/extracao-dados-twitter/venv/lib/python3.9/site-packages/airflow/example_dags/example_subdag_operator.py took 0.114 seconds
[2023-08-18 02:04:40,280] {processor.py:153} INFO - Started process (PID=5339) to work on /home/guilherme/extracao-dados-twitter/venv/lib/python3.9/site-packages/airflow/example_dags/example_subdag_operator.py
[2023-08-18 02:04:40,281] {processor.py:641} INFO - Processing file /home/guilherme/extracao-dados-twitter/venv/lib/python3.9/site-packages/airflow/example_dags/example_subdag_operator.py for tasks to queue
[2023-08-18 02:04:40,281] {logging_mixin.py:115} INFO - [2023-08-18 02:04:40,281] {dagbag.py:507} INFO - Filling up the DagBag from /home/guilherme/extracao-dados-twitter/venv/lib/python3.9/site-packages/airflow/example_dags/example_subdag_operator.py
[2023-08-18 02:04:40,307] {processor.py:651} INFO - DAG(s) dict_keys(['example_subdag_operator.section-1', 'example_subdag_operator.section-2', 'example_subdag_operator']) retrieved from /home/guilherme/extracao-dados-twitter/venv/lib/python3.9/site-packages/airflow/example_dags/example_subdag_operator.py
[2023-08-18 02:04:40,327] {logging_mixin.py:115} INFO - [2023-08-18 02:04:40,327] {dag.py:2379} INFO - Sync 3 DAGs
[2023-08-18 02:04:40,354] {logging_mixin.py:115} INFO - [2023-08-18 02:04:40,354] {dag.py:2927} INFO - Setting next_dagrun for example_subdag_operator to 2022-01-01T00:00:00+00:00, run_after=2022-01-01T00:00:00+00:00
[2023-08-18 02:04:40,354] {logging_mixin.py:115} INFO - [2023-08-18 02:04:40,354] {dag.py:2927} INFO - Setting next_dagrun for example_subdag_operator.section-1 to None, run_after=None
[2023-08-18 02:04:40,355] {logging_mixin.py:115} INFO - [2023-08-18 02:04:40,355] {dag.py:2927} INFO - Setting next_dagrun for example_subdag_operator.section-2 to None, run_after=None
[2023-08-18 02:04:40,362] {logging_mixin.py:115} INFO - [2023-08-18 02:04:40,362] {dag.py:2379} INFO - Sync 2 DAGs
[2023-08-18 02:04:40,366] {logging_mixin.py:115} INFO - [2023-08-18 02:04:40,366] {dag.py:2927} INFO - Setting next_dagrun for example_subdag_operator.section-1 to None, run_after=None
[2023-08-18 02:04:40,367] {logging_mixin.py:115} INFO - [2023-08-18 02:04:40,366] {dag.py:2927} INFO - Setting next_dagrun for example_subdag_operator.section-2 to None, run_after=None
[2023-08-18 02:04:40,400] {processor.py:161} INFO - Processing /home/guilherme/extracao-dados-twitter/venv/lib/python3.9/site-packages/airflow/example_dags/example_subdag_operator.py took 0.124 seconds
[2023-08-18 02:05:14,621] {processor.py:153} INFO - Started process (PID=5476) to work on /home/guilherme/extracao-dados-twitter/venv/lib/python3.9/site-packages/airflow/example_dags/example_subdag_operator.py
[2023-08-18 02:05:14,621] {processor.py:641} INFO - Processing file /home/guilherme/extracao-dados-twitter/venv/lib/python3.9/site-packages/airflow/example_dags/example_subdag_operator.py for tasks to queue
[2023-08-18 02:05:14,622] {logging_mixin.py:115} INFO - [2023-08-18 02:05:14,622] {dagbag.py:507} INFO - Filling up the DagBag from /home/guilherme/extracao-dados-twitter/venv/lib/python3.9/site-packages/airflow/example_dags/example_subdag_operator.py
[2023-08-18 02:05:14,646] {processor.py:651} INFO - DAG(s) dict_keys(['example_subdag_operator.section-1', 'example_subdag_operator.section-2', 'example_subdag_operator']) retrieved from /home/guilherme/extracao-dados-twitter/venv/lib/python3.9/site-packages/airflow/example_dags/example_subdag_operator.py
[2023-08-18 02:05:14,666] {logging_mixin.py:115} INFO - [2023-08-18 02:05:14,666] {dag.py:2379} INFO - Sync 3 DAGs
[2023-08-18 02:05:14,687] {logging_mixin.py:115} INFO - [2023-08-18 02:05:14,687] {dag.py:2927} INFO - Setting next_dagrun for example_subdag_operator to 2022-01-01T00:00:00+00:00, run_after=2022-01-01T00:00:00+00:00
[2023-08-18 02:05:14,688] {logging_mixin.py:115} INFO - [2023-08-18 02:05:14,688] {dag.py:2927} INFO - Setting next_dagrun for example_subdag_operator.section-1 to None, run_after=None
[2023-08-18 02:05:14,688] {logging_mixin.py:115} INFO - [2023-08-18 02:05:14,688] {dag.py:2927} INFO - Setting next_dagrun for example_subdag_operator.section-2 to None, run_after=None
[2023-08-18 02:05:14,694] {logging_mixin.py:115} INFO - [2023-08-18 02:05:14,694] {dag.py:2379} INFO - Sync 2 DAGs
[2023-08-18 02:05:14,698] {logging_mixin.py:115} INFO - [2023-08-18 02:05:14,698] {dag.py:2927} INFO - Setting next_dagrun for example_subdag_operator.section-1 to None, run_after=None
[2023-08-18 02:05:14,698] {logging_mixin.py:115} INFO - [2023-08-18 02:05:14,698] {dag.py:2927} INFO - Setting next_dagrun for example_subdag_operator.section-2 to None, run_after=None
[2023-08-18 02:05:14,720] {processor.py:161} INFO - Processing /home/guilherme/extracao-dados-twitter/venv/lib/python3.9/site-packages/airflow/example_dags/example_subdag_operator.py took 0.103 seconds
[2023-08-18 02:05:49,498] {processor.py:153} INFO - Started process (PID=5510) to work on /home/guilherme/extracao-dados-twitter/venv/lib/python3.9/site-packages/airflow/example_dags/example_subdag_operator.py
[2023-08-18 02:05:49,498] {processor.py:641} INFO - Processing file /home/guilherme/extracao-dados-twitter/venv/lib/python3.9/site-packages/airflow/example_dags/example_subdag_operator.py for tasks to queue
[2023-08-18 02:05:49,499] {logging_mixin.py:115} INFO - [2023-08-18 02:05:49,499] {dagbag.py:507} INFO - Filling up the DagBag from /home/guilherme/extracao-dados-twitter/venv/lib/python3.9/site-packages/airflow/example_dags/example_subdag_operator.py
[2023-08-18 02:05:49,523] {processor.py:651} INFO - DAG(s) dict_keys(['example_subdag_operator.section-1', 'example_subdag_operator.section-2', 'example_subdag_operator']) retrieved from /home/guilherme/extracao-dados-twitter/venv/lib/python3.9/site-packages/airflow/example_dags/example_subdag_operator.py
[2023-08-18 02:05:49,542] {logging_mixin.py:115} INFO - [2023-08-18 02:05:49,542] {dag.py:2379} INFO - Sync 3 DAGs
[2023-08-18 02:05:49,561] {logging_mixin.py:115} INFO - [2023-08-18 02:05:49,561] {dag.py:2927} INFO - Setting next_dagrun for example_subdag_operator to 2022-01-01T00:00:00+00:00, run_after=2022-01-01T00:00:00+00:00
[2023-08-18 02:05:49,561] {logging_mixin.py:115} INFO - [2023-08-18 02:05:49,561] {dag.py:2927} INFO - Setting next_dagrun for example_subdag_operator.section-1 to None, run_after=None
[2023-08-18 02:05:49,562] {logging_mixin.py:115} INFO - [2023-08-18 02:05:49,562] {dag.py:2927} INFO - Setting next_dagrun for example_subdag_operator.section-2 to None, run_after=None
[2023-08-18 02:05:49,567] {logging_mixin.py:115} INFO - [2023-08-18 02:05:49,567] {dag.py:2379} INFO - Sync 2 DAGs
[2023-08-18 02:05:49,571] {logging_mixin.py:115} INFO - [2023-08-18 02:05:49,571] {dag.py:2927} INFO - Setting next_dagrun for example_subdag_operator.section-1 to None, run_after=None
[2023-08-18 02:05:49,572] {logging_mixin.py:115} INFO - [2023-08-18 02:05:49,572] {dag.py:2927} INFO - Setting next_dagrun for example_subdag_operator.section-2 to None, run_after=None
[2023-08-18 02:05:49,604] {processor.py:161} INFO - Processing /home/guilherme/extracao-dados-twitter/venv/lib/python3.9/site-packages/airflow/example_dags/example_subdag_operator.py took 0.110 seconds
[2023-08-18 17:08:12,181] {processor.py:153} INFO - Started process (PID=4768) to work on /home/guilherme/airflow/venv/lib/python3.9/site-packages/airflow/example_dags/example_subdag_operator.py
[2023-08-18 17:08:12,186] {processor.py:641} INFO - Processing file /home/guilherme/airflow/venv/lib/python3.9/site-packages/airflow/example_dags/example_subdag_operator.py for tasks to queue
[2023-08-18 17:08:12,187] {logging_mixin.py:115} INFO - [2023-08-18 17:08:12,187] {dagbag.py:507} INFO - Filling up the DagBag from /home/guilherme/airflow/venv/lib/python3.9/site-packages/airflow/example_dags/example_subdag_operator.py
[2023-08-18 17:08:12,263] {processor.py:651} INFO - DAG(s) dict_keys(['example_subdag_operator.section-1', 'example_subdag_operator.section-2', 'example_subdag_operator']) retrieved from /home/guilherme/airflow/venv/lib/python3.9/site-packages/airflow/example_dags/example_subdag_operator.py
[2023-08-18 17:08:12,421] {logging_mixin.py:115} INFO - [2023-08-18 17:08:12,421] {dag.py:2379} INFO - Sync 3 DAGs
[2023-08-18 17:08:12,476] {logging_mixin.py:115} INFO - [2023-08-18 17:08:12,475] {dag.py:2927} INFO - Setting next_dagrun for example_subdag_operator to 2022-01-01T00:00:00+00:00, run_after=2022-01-01T00:00:00+00:00
[2023-08-18 17:08:12,500] {logging_mixin.py:115} INFO - [2023-08-18 17:08:12,500] {dag.py:2927} INFO - Setting next_dagrun for example_subdag_operator.section-1 to None, run_after=None
[2023-08-18 17:08:12,501] {logging_mixin.py:115} INFO - [2023-08-18 17:08:12,501] {dag.py:2927} INFO - Setting next_dagrun for example_subdag_operator.section-2 to None, run_after=None
[2023-08-18 17:08:12,526] {logging_mixin.py:115} INFO - [2023-08-18 17:08:12,526] {dag.py:2379} INFO - Sync 2 DAGs
[2023-08-18 17:08:12,530] {logging_mixin.py:115} INFO - [2023-08-18 17:08:12,530] {dag.py:2927} INFO - Setting next_dagrun for example_subdag_operator.section-1 to None, run_after=None
[2023-08-18 17:08:12,530] {logging_mixin.py:115} INFO - [2023-08-18 17:08:12,530] {dag.py:2927} INFO - Setting next_dagrun for example_subdag_operator.section-2 to None, run_after=None
[2023-08-18 17:08:12,575] {processor.py:161} INFO - Processing /home/guilherme/airflow/venv/lib/python3.9/site-packages/airflow/example_dags/example_subdag_operator.py took 0.417 seconds
[2023-08-18 17:08:57,420] {processor.py:153} INFO - Started process (PID=5050) to work on /home/guilherme/airflow/venv/lib/python3.9/site-packages/airflow/example_dags/example_subdag_operator.py
[2023-08-18 17:08:57,421] {processor.py:641} INFO - Processing file /home/guilherme/airflow/venv/lib/python3.9/site-packages/airflow/example_dags/example_subdag_operator.py for tasks to queue
[2023-08-18 17:08:57,421] {logging_mixin.py:115} INFO - [2023-08-18 17:08:57,421] {dagbag.py:507} INFO - Filling up the DagBag from /home/guilherme/airflow/venv/lib/python3.9/site-packages/airflow/example_dags/example_subdag_operator.py
[2023-08-18 17:08:57,442] {processor.py:651} INFO - DAG(s) dict_keys(['example_subdag_operator.section-1', 'example_subdag_operator.section-2', 'example_subdag_operator']) retrieved from /home/guilherme/airflow/venv/lib/python3.9/site-packages/airflow/example_dags/example_subdag_operator.py
[2023-08-18 17:08:57,459] {logging_mixin.py:115} INFO - [2023-08-18 17:08:57,459] {dag.py:2379} INFO - Sync 3 DAGs
[2023-08-18 17:08:57,473] {logging_mixin.py:115} INFO - [2023-08-18 17:08:57,473] {dag.py:2927} INFO - Setting next_dagrun for example_subdag_operator to 2022-01-01T00:00:00+00:00, run_after=2022-01-01T00:00:00+00:00
[2023-08-18 17:08:57,474] {logging_mixin.py:115} INFO - [2023-08-18 17:08:57,474] {dag.py:2927} INFO - Setting next_dagrun for example_subdag_operator.section-1 to None, run_after=None
[2023-08-18 17:08:57,474] {logging_mixin.py:115} INFO - [2023-08-18 17:08:57,474] {dag.py:2927} INFO - Setting next_dagrun for example_subdag_operator.section-2 to None, run_after=None
[2023-08-18 17:08:57,478] {logging_mixin.py:115} INFO - [2023-08-18 17:08:57,478] {dag.py:2379} INFO - Sync 2 DAGs
[2023-08-18 17:08:57,481] {logging_mixin.py:115} INFO - [2023-08-18 17:08:57,480] {dag.py:2927} INFO - Setting next_dagrun for example_subdag_operator.section-1 to None, run_after=None
[2023-08-18 17:08:57,481] {logging_mixin.py:115} INFO - [2023-08-18 17:08:57,481] {dag.py:2927} INFO - Setting next_dagrun for example_subdag_operator.section-2 to None, run_after=None
[2023-08-18 17:08:57,516] {processor.py:161} INFO - Processing /home/guilherme/airflow/venv/lib/python3.9/site-packages/airflow/example_dags/example_subdag_operator.py took 0.099 seconds
[2023-08-18 17:09:31,795] {processor.py:153} INFO - Started process (PID=5085) to work on /home/guilherme/airflow/venv/lib/python3.9/site-packages/airflow/example_dags/example_subdag_operator.py
[2023-08-18 17:09:31,796] {processor.py:641} INFO - Processing file /home/guilherme/airflow/venv/lib/python3.9/site-packages/airflow/example_dags/example_subdag_operator.py for tasks to queue
[2023-08-18 17:09:31,796] {logging_mixin.py:115} INFO - [2023-08-18 17:09:31,796] {dagbag.py:507} INFO - Filling up the DagBag from /home/guilherme/airflow/venv/lib/python3.9/site-packages/airflow/example_dags/example_subdag_operator.py
[2023-08-18 17:09:31,819] {processor.py:651} INFO - DAG(s) dict_keys(['example_subdag_operator.section-1', 'example_subdag_operator.section-2', 'example_subdag_operator']) retrieved from /home/guilherme/airflow/venv/lib/python3.9/site-packages/airflow/example_dags/example_subdag_operator.py
[2023-08-18 17:09:31,838] {logging_mixin.py:115} INFO - [2023-08-18 17:09:31,838] {dag.py:2379} INFO - Sync 3 DAGs
[2023-08-18 17:09:31,854] {logging_mixin.py:115} INFO - [2023-08-18 17:09:31,854] {dag.py:2927} INFO - Setting next_dagrun for example_subdag_operator to 2022-01-01T00:00:00+00:00, run_after=2022-01-01T00:00:00+00:00
[2023-08-18 17:09:31,854] {logging_mixin.py:115} INFO - [2023-08-18 17:09:31,854] {dag.py:2927} INFO - Setting next_dagrun for example_subdag_operator.section-1 to None, run_after=None
[2023-08-18 17:09:31,854] {logging_mixin.py:115} INFO - [2023-08-18 17:09:31,854] {dag.py:2927} INFO - Setting next_dagrun for example_subdag_operator.section-2 to None, run_after=None
[2023-08-18 17:09:31,858] {logging_mixin.py:115} INFO - [2023-08-18 17:09:31,858] {dag.py:2379} INFO - Sync 2 DAGs
[2023-08-18 17:09:31,862] {logging_mixin.py:115} INFO - [2023-08-18 17:09:31,862] {dag.py:2927} INFO - Setting next_dagrun for example_subdag_operator.section-1 to None, run_after=None
[2023-08-18 17:09:31,862] {logging_mixin.py:115} INFO - [2023-08-18 17:09:31,862] {dag.py:2927} INFO - Setting next_dagrun for example_subdag_operator.section-2 to None, run_after=None
[2023-08-18 17:09:31,880] {processor.py:161} INFO - Processing /home/guilherme/airflow/venv/lib/python3.9/site-packages/airflow/example_dags/example_subdag_operator.py took 0.089 seconds
[2023-08-18 17:10:02,168] {processor.py:153} INFO - Started process (PID=5114) to work on /home/guilherme/airflow/venv/lib/python3.9/site-packages/airflow/example_dags/example_subdag_operator.py
[2023-08-18 17:10:02,169] {processor.py:641} INFO - Processing file /home/guilherme/airflow/venv/lib/python3.9/site-packages/airflow/example_dags/example_subdag_operator.py for tasks to queue
[2023-08-18 17:10:02,169] {logging_mixin.py:115} INFO - [2023-08-18 17:10:02,169] {dagbag.py:507} INFO - Filling up the DagBag from /home/guilherme/airflow/venv/lib/python3.9/site-packages/airflow/example_dags/example_subdag_operator.py
[2023-08-18 17:10:02,189] {processor.py:651} INFO - DAG(s) dict_keys(['example_subdag_operator.section-1', 'example_subdag_operator.section-2', 'example_subdag_operator']) retrieved from /home/guilherme/airflow/venv/lib/python3.9/site-packages/airflow/example_dags/example_subdag_operator.py
[2023-08-18 17:10:02,206] {logging_mixin.py:115} INFO - [2023-08-18 17:10:02,206] {dag.py:2379} INFO - Sync 3 DAGs
[2023-08-18 17:10:02,225] {logging_mixin.py:115} INFO - [2023-08-18 17:10:02,225] {dag.py:2927} INFO - Setting next_dagrun for example_subdag_operator to 2022-01-01T00:00:00+00:00, run_after=2022-01-01T00:00:00+00:00
[2023-08-18 17:10:02,225] {logging_mixin.py:115} INFO - [2023-08-18 17:10:02,225] {dag.py:2927} INFO - Setting next_dagrun for example_subdag_operator.section-1 to None, run_after=None
[2023-08-18 17:10:02,225] {logging_mixin.py:115} INFO - [2023-08-18 17:10:02,225] {dag.py:2927} INFO - Setting next_dagrun for example_subdag_operator.section-2 to None, run_after=None
[2023-08-18 17:10:02,229] {logging_mixin.py:115} INFO - [2023-08-18 17:10:02,229] {dag.py:2379} INFO - Sync 2 DAGs
[2023-08-18 17:10:02,232] {logging_mixin.py:115} INFO - [2023-08-18 17:10:02,232] {dag.py:2927} INFO - Setting next_dagrun for example_subdag_operator.section-1 to None, run_after=None
[2023-08-18 17:10:02,232] {logging_mixin.py:115} INFO - [2023-08-18 17:10:02,232] {dag.py:2927} INFO - Setting next_dagrun for example_subdag_operator.section-2 to None, run_after=None
[2023-08-18 17:10:02,253] {processor.py:161} INFO - Processing /home/guilherme/airflow/venv/lib/python3.9/site-packages/airflow/example_dags/example_subdag_operator.py took 0.089 seconds
[2023-08-18 17:10:36,747] {processor.py:153} INFO - Started process (PID=5149) to work on /home/guilherme/airflow/venv/lib/python3.9/site-packages/airflow/example_dags/example_subdag_operator.py
[2023-08-18 17:10:36,748] {processor.py:641} INFO - Processing file /home/guilherme/airflow/venv/lib/python3.9/site-packages/airflow/example_dags/example_subdag_operator.py for tasks to queue
[2023-08-18 17:10:36,748] {logging_mixin.py:115} INFO - [2023-08-18 17:10:36,748] {dagbag.py:507} INFO - Filling up the DagBag from /home/guilherme/airflow/venv/lib/python3.9/site-packages/airflow/example_dags/example_subdag_operator.py
[2023-08-18 17:10:36,770] {processor.py:651} INFO - DAG(s) dict_keys(['example_subdag_operator.section-1', 'example_subdag_operator.section-2', 'example_subdag_operator']) retrieved from /home/guilherme/airflow/venv/lib/python3.9/site-packages/airflow/example_dags/example_subdag_operator.py
[2023-08-18 17:10:36,788] {logging_mixin.py:115} INFO - [2023-08-18 17:10:36,788] {dag.py:2379} INFO - Sync 3 DAGs
[2023-08-18 17:10:36,804] {logging_mixin.py:115} INFO - [2023-08-18 17:10:36,804] {dag.py:2927} INFO - Setting next_dagrun for example_subdag_operator to 2022-01-01T00:00:00+00:00, run_after=2022-01-01T00:00:00+00:00
[2023-08-18 17:10:36,804] {logging_mixin.py:115} INFO - [2023-08-18 17:10:36,804] {dag.py:2927} INFO - Setting next_dagrun for example_subdag_operator.section-1 to None, run_after=None
[2023-08-18 17:10:36,804] {logging_mixin.py:115} INFO - [2023-08-18 17:10:36,804] {dag.py:2927} INFO - Setting next_dagrun for example_subdag_operator.section-2 to None, run_after=None
[2023-08-18 17:10:36,809] {logging_mixin.py:115} INFO - [2023-08-18 17:10:36,809] {dag.py:2379} INFO - Sync 2 DAGs
[2023-08-18 17:10:36,812] {logging_mixin.py:115} INFO - [2023-08-18 17:10:36,812] {dag.py:2927} INFO - Setting next_dagrun for example_subdag_operator.section-1 to None, run_after=None
[2023-08-18 17:10:36,813] {logging_mixin.py:115} INFO - [2023-08-18 17:10:36,812] {dag.py:2927} INFO - Setting next_dagrun for example_subdag_operator.section-2 to None, run_after=None
[2023-08-18 17:10:37,018] {processor.py:161} INFO - Processing /home/guilherme/airflow/venv/lib/python3.9/site-packages/airflow/example_dags/example_subdag_operator.py took 0.275 seconds
[2023-08-18 17:11:13,842] {processor.py:153} INFO - Started process (PID=5181) to work on /home/guilherme/airflow/venv/lib/python3.9/site-packages/airflow/example_dags/example_subdag_operator.py
[2023-08-18 17:11:13,843] {processor.py:641} INFO - Processing file /home/guilherme/airflow/venv/lib/python3.9/site-packages/airflow/example_dags/example_subdag_operator.py for tasks to queue
[2023-08-18 17:11:13,844] {logging_mixin.py:115} INFO - [2023-08-18 17:11:13,844] {dagbag.py:507} INFO - Filling up the DagBag from /home/guilherme/airflow/venv/lib/python3.9/site-packages/airflow/example_dags/example_subdag_operator.py
[2023-08-18 17:11:13,865] {processor.py:651} INFO - DAG(s) dict_keys(['example_subdag_operator.section-1', 'example_subdag_operator.section-2', 'example_subdag_operator']) retrieved from /home/guilherme/airflow/venv/lib/python3.9/site-packages/airflow/example_dags/example_subdag_operator.py
[2023-08-18 17:11:13,883] {logging_mixin.py:115} INFO - [2023-08-18 17:11:13,883] {dag.py:2379} INFO - Sync 3 DAGs
[2023-08-18 17:11:13,900] {logging_mixin.py:115} INFO - [2023-08-18 17:11:13,900] {dag.py:2927} INFO - Setting next_dagrun for example_subdag_operator to 2022-01-01T00:00:00+00:00, run_after=2022-01-01T00:00:00+00:00
[2023-08-18 17:11:13,900] {logging_mixin.py:115} INFO - [2023-08-18 17:11:13,900] {dag.py:2927} INFO - Setting next_dagrun for example_subdag_operator.section-1 to None, run_after=None
[2023-08-18 17:11:13,901] {logging_mixin.py:115} INFO - [2023-08-18 17:11:13,901] {dag.py:2927} INFO - Setting next_dagrun for example_subdag_operator.section-2 to None, run_after=None
[2023-08-18 17:11:13,905] {logging_mixin.py:115} INFO - [2023-08-18 17:11:13,905] {dag.py:2379} INFO - Sync 2 DAGs
[2023-08-18 17:11:13,909] {logging_mixin.py:115} INFO - [2023-08-18 17:11:13,909] {dag.py:2927} INFO - Setting next_dagrun for example_subdag_operator.section-1 to None, run_after=None
[2023-08-18 17:11:13,909] {logging_mixin.py:115} INFO - [2023-08-18 17:11:13,909] {dag.py:2927} INFO - Setting next_dagrun for example_subdag_operator.section-2 to None, run_after=None
[2023-08-18 17:11:13,927] {processor.py:161} INFO - Processing /home/guilherme/airflow/venv/lib/python3.9/site-packages/airflow/example_dags/example_subdag_operator.py took 0.088 seconds
[2023-08-18 17:11:46,428] {processor.py:153} INFO - Started process (PID=5451) to work on /home/guilherme/airflow/venv/lib/python3.9/site-packages/airflow/example_dags/example_subdag_operator.py
[2023-08-18 17:11:46,428] {processor.py:641} INFO - Processing file /home/guilherme/airflow/venv/lib/python3.9/site-packages/airflow/example_dags/example_subdag_operator.py for tasks to queue
[2023-08-18 17:11:46,429] {logging_mixin.py:115} INFO - [2023-08-18 17:11:46,429] {dagbag.py:507} INFO - Filling up the DagBag from /home/guilherme/airflow/venv/lib/python3.9/site-packages/airflow/example_dags/example_subdag_operator.py
[2023-08-18 17:11:46,449] {processor.py:651} INFO - DAG(s) dict_keys(['example_subdag_operator.section-1', 'example_subdag_operator.section-2', 'example_subdag_operator']) retrieved from /home/guilherme/airflow/venv/lib/python3.9/site-packages/airflow/example_dags/example_subdag_operator.py
[2023-08-18 17:11:46,467] {logging_mixin.py:115} INFO - [2023-08-18 17:11:46,467] {dag.py:2379} INFO - Sync 3 DAGs
[2023-08-18 17:11:46,482] {logging_mixin.py:115} INFO - [2023-08-18 17:11:46,482] {dag.py:2927} INFO - Setting next_dagrun for example_subdag_operator to 2022-01-01T00:00:00+00:00, run_after=2022-01-01T00:00:00+00:00
[2023-08-18 17:11:46,483] {logging_mixin.py:115} INFO - [2023-08-18 17:11:46,483] {dag.py:2927} INFO - Setting next_dagrun for example_subdag_operator.section-1 to None, run_after=None
[2023-08-18 17:11:46,483] {logging_mixin.py:115} INFO - [2023-08-18 17:11:46,483] {dag.py:2927} INFO - Setting next_dagrun for example_subdag_operator.section-2 to None, run_after=None
[2023-08-18 17:11:46,487] {logging_mixin.py:115} INFO - [2023-08-18 17:11:46,487] {dag.py:2379} INFO - Sync 2 DAGs
[2023-08-18 17:11:46,491] {logging_mixin.py:115} INFO - [2023-08-18 17:11:46,491] {dag.py:2927} INFO - Setting next_dagrun for example_subdag_operator.section-1 to None, run_after=None
[2023-08-18 17:11:46,491] {logging_mixin.py:115} INFO - [2023-08-18 17:11:46,491] {dag.py:2927} INFO - Setting next_dagrun for example_subdag_operator.section-2 to None, run_after=None
[2023-08-18 17:11:46,514] {processor.py:161} INFO - Processing /home/guilherme/airflow/venv/lib/python3.9/site-packages/airflow/example_dags/example_subdag_operator.py took 0.090 seconds
[2023-08-18 17:12:17,925] {processor.py:153} INFO - Started process (PID=5610) to work on /home/guilherme/airflow/venv/lib/python3.9/site-packages/airflow/example_dags/example_subdag_operator.py
[2023-08-18 17:12:17,925] {processor.py:641} INFO - Processing file /home/guilherme/airflow/venv/lib/python3.9/site-packages/airflow/example_dags/example_subdag_operator.py for tasks to queue
[2023-08-18 17:12:17,926] {logging_mixin.py:115} INFO - [2023-08-18 17:12:17,926] {dagbag.py:507} INFO - Filling up the DagBag from /home/guilherme/airflow/venv/lib/python3.9/site-packages/airflow/example_dags/example_subdag_operator.py
[2023-08-18 17:12:17,947] {processor.py:651} INFO - DAG(s) dict_keys(['example_subdag_operator.section-1', 'example_subdag_operator.section-2', 'example_subdag_operator']) retrieved from /home/guilherme/airflow/venv/lib/python3.9/site-packages/airflow/example_dags/example_subdag_operator.py
[2023-08-18 17:12:17,965] {logging_mixin.py:115} INFO - [2023-08-18 17:12:17,965] {dag.py:2379} INFO - Sync 3 DAGs
[2023-08-18 17:12:17,982] {logging_mixin.py:115} INFO - [2023-08-18 17:12:17,982] {dag.py:2927} INFO - Setting next_dagrun for example_subdag_operator to 2022-01-01T00:00:00+00:00, run_after=2022-01-01T00:00:00+00:00
[2023-08-18 17:12:17,982] {logging_mixin.py:115} INFO - [2023-08-18 17:12:17,982] {dag.py:2927} INFO - Setting next_dagrun for example_subdag_operator.section-1 to None, run_after=None
[2023-08-18 17:12:17,982] {logging_mixin.py:115} INFO - [2023-08-18 17:12:17,982] {dag.py:2927} INFO - Setting next_dagrun for example_subdag_operator.section-2 to None, run_after=None
[2023-08-18 17:12:17,987] {logging_mixin.py:115} INFO - [2023-08-18 17:12:17,987] {dag.py:2379} INFO - Sync 2 DAGs
[2023-08-18 17:12:17,990] {logging_mixin.py:115} INFO - [2023-08-18 17:12:17,990] {dag.py:2927} INFO - Setting next_dagrun for example_subdag_operator.section-1 to None, run_after=None
[2023-08-18 17:12:17,991] {logging_mixin.py:115} INFO - [2023-08-18 17:12:17,991] {dag.py:2927} INFO - Setting next_dagrun for example_subdag_operator.section-2 to None, run_after=None
[2023-08-18 17:12:18,015] {processor.py:161} INFO - Processing /home/guilherme/airflow/venv/lib/python3.9/site-packages/airflow/example_dags/example_subdag_operator.py took 0.094 seconds
[2023-08-18 17:12:50,797] {processor.py:153} INFO - Started process (PID=5697) to work on /home/guilherme/airflow/venv/lib/python3.9/site-packages/airflow/example_dags/example_subdag_operator.py
[2023-08-18 17:12:50,798] {processor.py:641} INFO - Processing file /home/guilherme/airflow/venv/lib/python3.9/site-packages/airflow/example_dags/example_subdag_operator.py for tasks to queue
[2023-08-18 17:12:50,798] {logging_mixin.py:115} INFO - [2023-08-18 17:12:50,798] {dagbag.py:507} INFO - Filling up the DagBag from /home/guilherme/airflow/venv/lib/python3.9/site-packages/airflow/example_dags/example_subdag_operator.py
[2023-08-18 17:12:50,821] {processor.py:651} INFO - DAG(s) dict_keys(['example_subdag_operator.section-1', 'example_subdag_operator.section-2', 'example_subdag_operator']) retrieved from /home/guilherme/airflow/venv/lib/python3.9/site-packages/airflow/example_dags/example_subdag_operator.py
[2023-08-18 17:12:50,840] {logging_mixin.py:115} INFO - [2023-08-18 17:12:50,840] {dag.py:2379} INFO - Sync 3 DAGs
[2023-08-18 17:12:50,856] {logging_mixin.py:115} INFO - [2023-08-18 17:12:50,856] {dag.py:2927} INFO - Setting next_dagrun for example_subdag_operator to 2022-01-01T00:00:00+00:00, run_after=2022-01-01T00:00:00+00:00
[2023-08-18 17:12:50,857] {logging_mixin.py:115} INFO - [2023-08-18 17:12:50,856] {dag.py:2927} INFO - Setting next_dagrun for example_subdag_operator.section-1 to None, run_after=None
[2023-08-18 17:12:50,857] {logging_mixin.py:115} INFO - [2023-08-18 17:12:50,857] {dag.py:2927} INFO - Setting next_dagrun for example_subdag_operator.section-2 to None, run_after=None
[2023-08-18 17:12:50,861] {logging_mixin.py:115} INFO - [2023-08-18 17:12:50,861] {dag.py:2379} INFO - Sync 2 DAGs
[2023-08-18 17:12:50,865] {logging_mixin.py:115} INFO - [2023-08-18 17:12:50,865] {dag.py:2927} INFO - Setting next_dagrun for example_subdag_operator.section-1 to None, run_after=None
[2023-08-18 17:12:50,865] {logging_mixin.py:115} INFO - [2023-08-18 17:12:50,865] {dag.py:2927} INFO - Setting next_dagrun for example_subdag_operator.section-2 to None, run_after=None
[2023-08-18 17:12:50,885] {processor.py:161} INFO - Processing /home/guilherme/airflow/venv/lib/python3.9/site-packages/airflow/example_dags/example_subdag_operator.py took 0.092 seconds
