[2023-08-18 01:56:38,745] {processor.py:153} INFO - Started process (PID=3574) to work on /home/guilherme/extracao-dados-twitter/venv/lib/python3.9/site-packages/airflow/example_dags/example_trigger_target_dag.py
[2023-08-18 01:56:38,746] {processor.py:641} INFO - Processing file /home/guilherme/extracao-dados-twitter/venv/lib/python3.9/site-packages/airflow/example_dags/example_trigger_target_dag.py for tasks to queue
[2023-08-18 01:56:38,746] {logging_mixin.py:115} INFO - [2023-08-18 01:56:38,746] {dagbag.py:507} INFO - Filling up the DagBag from /home/guilherme/extracao-dados-twitter/venv/lib/python3.9/site-packages/airflow/example_dags/example_trigger_target_dag.py
[2023-08-18 01:56:38,764] {processor.py:651} INFO - DAG(s) dict_keys(['example_trigger_target_dag']) retrieved from /home/guilherme/extracao-dados-twitter/venv/lib/python3.9/site-packages/airflow/example_dags/example_trigger_target_dag.py
[2023-08-18 01:56:38,870] {logging_mixin.py:115} INFO - [2023-08-18 01:56:38,870] {manager.py:508} INFO - Created Permission View: can edit on DAG:example_trigger_target_dag
[2023-08-18 01:56:38,899] {logging_mixin.py:115} INFO - [2023-08-18 01:56:38,899] {manager.py:508} INFO - Created Permission View: can delete on DAG:example_trigger_target_dag
[2023-08-18 01:56:38,917] {logging_mixin.py:115} INFO - [2023-08-18 01:56:38,917] {manager.py:508} INFO - Created Permission View: can read on DAG:example_trigger_target_dag
[2023-08-18 01:56:38,917] {logging_mixin.py:115} INFO - [2023-08-18 01:56:38,917] {dag.py:2379} INFO - Sync 1 DAGs
[2023-08-18 01:56:38,926] {logging_mixin.py:115} INFO - [2023-08-18 01:56:38,926] {dag.py:2398} INFO - Creating ORM DAG for example_trigger_target_dag
[2023-08-18 01:56:38,937] {logging_mixin.py:115} INFO - [2023-08-18 01:56:38,937] {dag.py:2927} INFO - Setting next_dagrun for example_trigger_target_dag to None, run_after=None
[2023-08-18 01:56:38,964] {processor.py:161} INFO - Processing /home/guilherme/extracao-dados-twitter/venv/lib/python3.9/site-packages/airflow/example_dags/example_trigger_target_dag.py took 0.223 seconds
[2023-08-18 01:57:16,905] {processor.py:153} INFO - Started process (PID=3817) to work on /home/guilherme/extracao-dados-twitter/venv/lib/python3.9/site-packages/airflow/example_dags/example_trigger_target_dag.py
[2023-08-18 01:57:16,905] {processor.py:641} INFO - Processing file /home/guilherme/extracao-dados-twitter/venv/lib/python3.9/site-packages/airflow/example_dags/example_trigger_target_dag.py for tasks to queue
[2023-08-18 01:57:16,906] {logging_mixin.py:115} INFO - [2023-08-18 01:57:16,906] {dagbag.py:507} INFO - Filling up the DagBag from /home/guilherme/extracao-dados-twitter/venv/lib/python3.9/site-packages/airflow/example_dags/example_trigger_target_dag.py
[2023-08-18 01:57:16,925] {processor.py:651} INFO - DAG(s) dict_keys(['example_trigger_target_dag']) retrieved from /home/guilherme/extracao-dados-twitter/venv/lib/python3.9/site-packages/airflow/example_dags/example_trigger_target_dag.py
[2023-08-18 01:57:16,945] {logging_mixin.py:115} INFO - [2023-08-18 01:57:16,945] {dag.py:2379} INFO - Sync 1 DAGs
[2023-08-18 01:57:16,967] {logging_mixin.py:115} INFO - [2023-08-18 01:57:16,967] {dag.py:2927} INFO - Setting next_dagrun for example_trigger_target_dag to None, run_after=None
[2023-08-18 01:57:17,007] {processor.py:161} INFO - Processing /home/guilherme/extracao-dados-twitter/venv/lib/python3.9/site-packages/airflow/example_dags/example_trigger_target_dag.py took 0.106 seconds
[2023-08-18 01:57:52,440] {processor.py:153} INFO - Started process (PID=3929) to work on /home/guilherme/extracao-dados-twitter/venv/lib/python3.9/site-packages/airflow/example_dags/example_trigger_target_dag.py
[2023-08-18 01:57:52,441] {processor.py:641} INFO - Processing file /home/guilherme/extracao-dados-twitter/venv/lib/python3.9/site-packages/airflow/example_dags/example_trigger_target_dag.py for tasks to queue
[2023-08-18 01:57:52,441] {logging_mixin.py:115} INFO - [2023-08-18 01:57:52,441] {dagbag.py:507} INFO - Filling up the DagBag from /home/guilherme/extracao-dados-twitter/venv/lib/python3.9/site-packages/airflow/example_dags/example_trigger_target_dag.py
[2023-08-18 01:57:52,460] {processor.py:651} INFO - DAG(s) dict_keys(['example_trigger_target_dag']) retrieved from /home/guilherme/extracao-dados-twitter/venv/lib/python3.9/site-packages/airflow/example_dags/example_trigger_target_dag.py
[2023-08-18 01:57:52,480] {logging_mixin.py:115} INFO - [2023-08-18 01:57:52,480] {dag.py:2379} INFO - Sync 1 DAGs
[2023-08-18 01:57:52,501] {logging_mixin.py:115} INFO - [2023-08-18 01:57:52,501] {dag.py:2927} INFO - Setting next_dagrun for example_trigger_target_dag to None, run_after=None
[2023-08-18 01:57:52,525] {processor.py:161} INFO - Processing /home/guilherme/extracao-dados-twitter/venv/lib/python3.9/site-packages/airflow/example_dags/example_trigger_target_dag.py took 0.089 seconds
[2023-08-18 01:58:27,426] {processor.py:153} INFO - Started process (PID=4096) to work on /home/guilherme/extracao-dados-twitter/venv/lib/python3.9/site-packages/airflow/example_dags/example_trigger_target_dag.py
[2023-08-18 01:58:27,426] {processor.py:641} INFO - Processing file /home/guilherme/extracao-dados-twitter/venv/lib/python3.9/site-packages/airflow/example_dags/example_trigger_target_dag.py for tasks to queue
[2023-08-18 01:58:27,427] {logging_mixin.py:115} INFO - [2023-08-18 01:58:27,427] {dagbag.py:507} INFO - Filling up the DagBag from /home/guilherme/extracao-dados-twitter/venv/lib/python3.9/site-packages/airflow/example_dags/example_trigger_target_dag.py
[2023-08-18 01:58:27,446] {processor.py:651} INFO - DAG(s) dict_keys(['example_trigger_target_dag']) retrieved from /home/guilherme/extracao-dados-twitter/venv/lib/python3.9/site-packages/airflow/example_dags/example_trigger_target_dag.py
[2023-08-18 01:58:27,465] {logging_mixin.py:115} INFO - [2023-08-18 01:58:27,465] {dag.py:2379} INFO - Sync 1 DAGs
[2023-08-18 01:58:27,486] {logging_mixin.py:115} INFO - [2023-08-18 01:58:27,486] {dag.py:2927} INFO - Setting next_dagrun for example_trigger_target_dag to None, run_after=None
[2023-08-18 01:58:27,531] {processor.py:161} INFO - Processing /home/guilherme/extracao-dados-twitter/venv/lib/python3.9/site-packages/airflow/example_dags/example_trigger_target_dag.py took 0.109 seconds
[2023-08-18 01:59:01,504] {processor.py:153} INFO - Started process (PID=4131) to work on /home/guilherme/extracao-dados-twitter/venv/lib/python3.9/site-packages/airflow/example_dags/example_trigger_target_dag.py
[2023-08-18 01:59:01,505] {processor.py:641} INFO - Processing file /home/guilherme/extracao-dados-twitter/venv/lib/python3.9/site-packages/airflow/example_dags/example_trigger_target_dag.py for tasks to queue
[2023-08-18 01:59:01,506] {logging_mixin.py:115} INFO - [2023-08-18 01:59:01,506] {dagbag.py:507} INFO - Filling up the DagBag from /home/guilherme/extracao-dados-twitter/venv/lib/python3.9/site-packages/airflow/example_dags/example_trigger_target_dag.py
[2023-08-18 01:59:01,527] {processor.py:651} INFO - DAG(s) dict_keys(['example_trigger_target_dag']) retrieved from /home/guilherme/extracao-dados-twitter/venv/lib/python3.9/site-packages/airflow/example_dags/example_trigger_target_dag.py
[2023-08-18 01:59:01,546] {logging_mixin.py:115} INFO - [2023-08-18 01:59:01,546] {dag.py:2379} INFO - Sync 1 DAGs
[2023-08-18 01:59:01,567] {logging_mixin.py:115} INFO - [2023-08-18 01:59:01,567] {dag.py:2927} INFO - Setting next_dagrun for example_trigger_target_dag to None, run_after=None
[2023-08-18 01:59:01,602] {processor.py:161} INFO - Processing /home/guilherme/extracao-dados-twitter/venv/lib/python3.9/site-packages/airflow/example_dags/example_trigger_target_dag.py took 0.102 seconds
[2023-08-18 02:02:01,087] {processor.py:153} INFO - Started process (PID=4916) to work on /home/guilherme/extracao-dados-twitter/venv/lib/python3.9/site-packages/airflow/example_dags/example_trigger_target_dag.py
[2023-08-18 02:02:01,088] {processor.py:641} INFO - Processing file /home/guilherme/extracao-dados-twitter/venv/lib/python3.9/site-packages/airflow/example_dags/example_trigger_target_dag.py for tasks to queue
[2023-08-18 02:02:01,088] {logging_mixin.py:115} INFO - [2023-08-18 02:02:01,088] {dagbag.py:507} INFO - Filling up the DagBag from /home/guilherme/extracao-dados-twitter/venv/lib/python3.9/site-packages/airflow/example_dags/example_trigger_target_dag.py
[2023-08-18 02:02:01,109] {processor.py:651} INFO - DAG(s) dict_keys(['example_trigger_target_dag']) retrieved from /home/guilherme/extracao-dados-twitter/venv/lib/python3.9/site-packages/airflow/example_dags/example_trigger_target_dag.py
[2023-08-18 02:02:01,127] {logging_mixin.py:115} INFO - [2023-08-18 02:02:01,127] {dag.py:2379} INFO - Sync 1 DAGs
[2023-08-18 02:02:01,145] {logging_mixin.py:115} INFO - [2023-08-18 02:02:01,145] {dag.py:2927} INFO - Setting next_dagrun for example_trigger_target_dag to None, run_after=None
[2023-08-18 02:02:01,192] {processor.py:161} INFO - Processing /home/guilherme/extracao-dados-twitter/venv/lib/python3.9/site-packages/airflow/example_dags/example_trigger_target_dag.py took 0.110 seconds
[2023-08-18 02:02:35,121] {processor.py:153} INFO - Started process (PID=5008) to work on /home/guilherme/extracao-dados-twitter/venv/lib/python3.9/site-packages/airflow/example_dags/example_trigger_target_dag.py
[2023-08-18 02:02:35,122] {processor.py:641} INFO - Processing file /home/guilherme/extracao-dados-twitter/venv/lib/python3.9/site-packages/airflow/example_dags/example_trigger_target_dag.py for tasks to queue
[2023-08-18 02:02:35,122] {logging_mixin.py:115} INFO - [2023-08-18 02:02:35,122] {dagbag.py:507} INFO - Filling up the DagBag from /home/guilherme/extracao-dados-twitter/venv/lib/python3.9/site-packages/airflow/example_dags/example_trigger_target_dag.py
[2023-08-18 02:02:35,141] {processor.py:651} INFO - DAG(s) dict_keys(['example_trigger_target_dag']) retrieved from /home/guilherme/extracao-dados-twitter/venv/lib/python3.9/site-packages/airflow/example_dags/example_trigger_target_dag.py
[2023-08-18 02:02:35,159] {logging_mixin.py:115} INFO - [2023-08-18 02:02:35,159] {dag.py:2379} INFO - Sync 1 DAGs
[2023-08-18 02:02:35,178] {logging_mixin.py:115} INFO - [2023-08-18 02:02:35,178] {dag.py:2927} INFO - Setting next_dagrun for example_trigger_target_dag to None, run_after=None
[2023-08-18 02:02:35,200] {processor.py:161} INFO - Processing /home/guilherme/extracao-dados-twitter/venv/lib/python3.9/site-packages/airflow/example_dags/example_trigger_target_dag.py took 0.083 seconds
[2023-08-18 02:03:09,874] {processor.py:153} INFO - Started process (PID=5043) to work on /home/guilherme/extracao-dados-twitter/venv/lib/python3.9/site-packages/airflow/example_dags/example_trigger_target_dag.py
[2023-08-18 02:03:09,875] {processor.py:641} INFO - Processing file /home/guilherme/extracao-dados-twitter/venv/lib/python3.9/site-packages/airflow/example_dags/example_trigger_target_dag.py for tasks to queue
[2023-08-18 02:03:09,876] {logging_mixin.py:115} INFO - [2023-08-18 02:03:09,875] {dagbag.py:507} INFO - Filling up the DagBag from /home/guilherme/extracao-dados-twitter/venv/lib/python3.9/site-packages/airflow/example_dags/example_trigger_target_dag.py
[2023-08-18 02:03:09,899] {processor.py:651} INFO - DAG(s) dict_keys(['example_trigger_target_dag']) retrieved from /home/guilherme/extracao-dados-twitter/venv/lib/python3.9/site-packages/airflow/example_dags/example_trigger_target_dag.py
[2023-08-18 02:03:09,918] {logging_mixin.py:115} INFO - [2023-08-18 02:03:09,918] {dag.py:2379} INFO - Sync 1 DAGs
[2023-08-18 02:03:09,938] {logging_mixin.py:115} INFO - [2023-08-18 02:03:09,938] {dag.py:2927} INFO - Setting next_dagrun for example_trigger_target_dag to None, run_after=None
[2023-08-18 02:03:09,962] {processor.py:161} INFO - Processing /home/guilherme/extracao-dados-twitter/venv/lib/python3.9/site-packages/airflow/example_dags/example_trigger_target_dag.py took 0.092 seconds
[2023-08-18 02:03:44,847] {processor.py:153} INFO - Started process (PID=5077) to work on /home/guilherme/extracao-dados-twitter/venv/lib/python3.9/site-packages/airflow/example_dags/example_trigger_target_dag.py
[2023-08-18 02:03:44,848] {processor.py:641} INFO - Processing file /home/guilherme/extracao-dados-twitter/venv/lib/python3.9/site-packages/airflow/example_dags/example_trigger_target_dag.py for tasks to queue
[2023-08-18 02:03:44,849] {logging_mixin.py:115} INFO - [2023-08-18 02:03:44,849] {dagbag.py:507} INFO - Filling up the DagBag from /home/guilherme/extracao-dados-twitter/venv/lib/python3.9/site-packages/airflow/example_dags/example_trigger_target_dag.py
[2023-08-18 02:03:44,868] {processor.py:651} INFO - DAG(s) dict_keys(['example_trigger_target_dag']) retrieved from /home/guilherme/extracao-dados-twitter/venv/lib/python3.9/site-packages/airflow/example_dags/example_trigger_target_dag.py
[2023-08-18 02:03:44,886] {logging_mixin.py:115} INFO - [2023-08-18 02:03:44,886] {dag.py:2379} INFO - Sync 1 DAGs
[2023-08-18 02:03:44,905] {logging_mixin.py:115} INFO - [2023-08-18 02:03:44,904] {dag.py:2927} INFO - Setting next_dagrun for example_trigger_target_dag to None, run_after=None
[2023-08-18 02:03:44,947] {processor.py:161} INFO - Processing /home/guilherme/extracao-dados-twitter/venv/lib/python3.9/site-packages/airflow/example_dags/example_trigger_target_dag.py took 0.103 seconds
[2023-08-18 02:04:19,756] {processor.py:153} INFO - Started process (PID=5213) to work on /home/guilherme/extracao-dados-twitter/venv/lib/python3.9/site-packages/airflow/example_dags/example_trigger_target_dag.py
[2023-08-18 02:04:19,757] {processor.py:641} INFO - Processing file /home/guilherme/extracao-dados-twitter/venv/lib/python3.9/site-packages/airflow/example_dags/example_trigger_target_dag.py for tasks to queue
[2023-08-18 02:04:19,757] {logging_mixin.py:115} INFO - [2023-08-18 02:04:19,757] {dagbag.py:507} INFO - Filling up the DagBag from /home/guilherme/extracao-dados-twitter/venv/lib/python3.9/site-packages/airflow/example_dags/example_trigger_target_dag.py
[2023-08-18 02:04:19,778] {processor.py:651} INFO - DAG(s) dict_keys(['example_trigger_target_dag']) retrieved from /home/guilherme/extracao-dados-twitter/venv/lib/python3.9/site-packages/airflow/example_dags/example_trigger_target_dag.py
[2023-08-18 02:04:19,797] {logging_mixin.py:115} INFO - [2023-08-18 02:04:19,797] {dag.py:2379} INFO - Sync 1 DAGs
[2023-08-18 02:04:19,816] {logging_mixin.py:115} INFO - [2023-08-18 02:04:19,816] {dag.py:2927} INFO - Setting next_dagrun for example_trigger_target_dag to None, run_after=None
[2023-08-18 02:04:19,850] {processor.py:161} INFO - Processing /home/guilherme/extracao-dados-twitter/venv/lib/python3.9/site-packages/airflow/example_dags/example_trigger_target_dag.py took 0.098 seconds
[2023-08-18 02:04:52,880] {processor.py:153} INFO - Started process (PID=5424) to work on /home/guilherme/extracao-dados-twitter/venv/lib/python3.9/site-packages/airflow/example_dags/example_trigger_target_dag.py
[2023-08-18 02:04:52,880] {processor.py:641} INFO - Processing file /home/guilherme/extracao-dados-twitter/venv/lib/python3.9/site-packages/airflow/example_dags/example_trigger_target_dag.py for tasks to queue
[2023-08-18 02:04:52,881] {logging_mixin.py:115} INFO - [2023-08-18 02:04:52,881] {dagbag.py:507} INFO - Filling up the DagBag from /home/guilherme/extracao-dados-twitter/venv/lib/python3.9/site-packages/airflow/example_dags/example_trigger_target_dag.py
[2023-08-18 02:04:52,899] {processor.py:651} INFO - DAG(s) dict_keys(['example_trigger_target_dag']) retrieved from /home/guilherme/extracao-dados-twitter/venv/lib/python3.9/site-packages/airflow/example_dags/example_trigger_target_dag.py
[2023-08-18 02:04:52,919] {logging_mixin.py:115} INFO - [2023-08-18 02:04:52,918] {dag.py:2379} INFO - Sync 1 DAGs
[2023-08-18 02:04:52,937] {logging_mixin.py:115} INFO - [2023-08-18 02:04:52,937] {dag.py:2927} INFO - Setting next_dagrun for example_trigger_target_dag to None, run_after=None
[2023-08-18 02:04:52,961] {processor.py:161} INFO - Processing /home/guilherme/extracao-dados-twitter/venv/lib/python3.9/site-packages/airflow/example_dags/example_trigger_target_dag.py took 0.085 seconds
[2023-08-18 02:05:27,309] {processor.py:153} INFO - Started process (PID=5489) to work on /home/guilherme/extracao-dados-twitter/venv/lib/python3.9/site-packages/airflow/example_dags/example_trigger_target_dag.py
[2023-08-18 02:05:27,310] {processor.py:641} INFO - Processing file /home/guilherme/extracao-dados-twitter/venv/lib/python3.9/site-packages/airflow/example_dags/example_trigger_target_dag.py for tasks to queue
[2023-08-18 02:05:27,310] {logging_mixin.py:115} INFO - [2023-08-18 02:05:27,310] {dagbag.py:507} INFO - Filling up the DagBag from /home/guilherme/extracao-dados-twitter/venv/lib/python3.9/site-packages/airflow/example_dags/example_trigger_target_dag.py
[2023-08-18 02:05:27,332] {processor.py:651} INFO - DAG(s) dict_keys(['example_trigger_target_dag']) retrieved from /home/guilherme/extracao-dados-twitter/venv/lib/python3.9/site-packages/airflow/example_dags/example_trigger_target_dag.py
[2023-08-18 02:05:27,354] {logging_mixin.py:115} INFO - [2023-08-18 02:05:27,353] {dag.py:2379} INFO - Sync 1 DAGs
[2023-08-18 02:05:27,375] {logging_mixin.py:115} INFO - [2023-08-18 02:05:27,375] {dag.py:2927} INFO - Setting next_dagrun for example_trigger_target_dag to None, run_after=None
[2023-08-18 02:05:27,404] {processor.py:161} INFO - Processing /home/guilherme/extracao-dados-twitter/venv/lib/python3.9/site-packages/airflow/example_dags/example_trigger_target_dag.py took 0.099 seconds
[2023-08-18 17:08:25,424] {processor.py:153} INFO - Started process (PID=4956) to work on /home/guilherme/airflow/venv/lib/python3.9/site-packages/airflow/example_dags/example_trigger_target_dag.py
[2023-08-18 17:08:25,425] {processor.py:641} INFO - Processing file /home/guilherme/airflow/venv/lib/python3.9/site-packages/airflow/example_dags/example_trigger_target_dag.py for tasks to queue
[2023-08-18 17:08:25,425] {logging_mixin.py:115} INFO - [2023-08-18 17:08:25,425] {dagbag.py:507} INFO - Filling up the DagBag from /home/guilherme/airflow/venv/lib/python3.9/site-packages/airflow/example_dags/example_trigger_target_dag.py
[2023-08-18 17:08:25,441] {processor.py:651} INFO - DAG(s) dict_keys(['example_trigger_target_dag']) retrieved from /home/guilherme/airflow/venv/lib/python3.9/site-packages/airflow/example_dags/example_trigger_target_dag.py
[2023-08-18 17:08:25,481] {logging_mixin.py:115} INFO - [2023-08-18 17:08:25,481] {dag.py:2379} INFO - Sync 1 DAGs
[2023-08-18 17:08:25,493] {logging_mixin.py:115} INFO - [2023-08-18 17:08:25,493] {dag.py:2927} INFO - Setting next_dagrun for example_trigger_target_dag to None, run_after=None
[2023-08-18 17:08:25,600] {processor.py:161} INFO - Processing /home/guilherme/airflow/venv/lib/python3.9/site-packages/airflow/example_dags/example_trigger_target_dag.py took 0.180 seconds
[2023-08-18 17:09:08,978] {processor.py:153} INFO - Started process (PID=5060) to work on /home/guilherme/airflow/venv/lib/python3.9/site-packages/airflow/example_dags/example_trigger_target_dag.py
[2023-08-18 17:09:08,979] {processor.py:641} INFO - Processing file /home/guilherme/airflow/venv/lib/python3.9/site-packages/airflow/example_dags/example_trigger_target_dag.py for tasks to queue
[2023-08-18 17:09:08,979] {logging_mixin.py:115} INFO - [2023-08-18 17:09:08,979] {dagbag.py:507} INFO - Filling up the DagBag from /home/guilherme/airflow/venv/lib/python3.9/site-packages/airflow/example_dags/example_trigger_target_dag.py
[2023-08-18 17:09:08,995] {processor.py:651} INFO - DAG(s) dict_keys(['example_trigger_target_dag']) retrieved from /home/guilherme/airflow/venv/lib/python3.9/site-packages/airflow/example_dags/example_trigger_target_dag.py
[2023-08-18 17:09:09,012] {logging_mixin.py:115} INFO - [2023-08-18 17:09:09,012] {dag.py:2379} INFO - Sync 1 DAGs
[2023-08-18 17:09:09,028] {logging_mixin.py:115} INFO - [2023-08-18 17:09:09,028] {dag.py:2927} INFO - Setting next_dagrun for example_trigger_target_dag to None, run_after=None
[2023-08-18 17:09:09,063] {processor.py:161} INFO - Processing /home/guilherme/airflow/venv/lib/python3.9/site-packages/airflow/example_dags/example_trigger_target_dag.py took 0.088 seconds
[2023-08-18 17:09:41,927] {processor.py:153} INFO - Started process (PID=5095) to work on /home/guilherme/airflow/venv/lib/python3.9/site-packages/airflow/example_dags/example_trigger_target_dag.py
[2023-08-18 17:09:41,927] {processor.py:641} INFO - Processing file /home/guilherme/airflow/venv/lib/python3.9/site-packages/airflow/example_dags/example_trigger_target_dag.py for tasks to queue
[2023-08-18 17:09:41,928] {logging_mixin.py:115} INFO - [2023-08-18 17:09:41,928] {dagbag.py:507} INFO - Filling up the DagBag from /home/guilherme/airflow/venv/lib/python3.9/site-packages/airflow/example_dags/example_trigger_target_dag.py
[2023-08-18 17:09:41,944] {processor.py:651} INFO - DAG(s) dict_keys(['example_trigger_target_dag']) retrieved from /home/guilherme/airflow/venv/lib/python3.9/site-packages/airflow/example_dags/example_trigger_target_dag.py
[2023-08-18 17:09:41,963] {logging_mixin.py:115} INFO - [2023-08-18 17:09:41,963] {dag.py:2379} INFO - Sync 1 DAGs
[2023-08-18 17:09:41,979] {logging_mixin.py:115} INFO - [2023-08-18 17:09:41,979] {dag.py:2927} INFO - Setting next_dagrun for example_trigger_target_dag to None, run_after=None
[2023-08-18 17:09:42,001] {processor.py:161} INFO - Processing /home/guilherme/airflow/venv/lib/python3.9/site-packages/airflow/example_dags/example_trigger_target_dag.py took 0.078 seconds
[2023-08-18 17:10:17,085] {processor.py:153} INFO - Started process (PID=5129) to work on /home/guilherme/airflow/venv/lib/python3.9/site-packages/airflow/example_dags/example_trigger_target_dag.py
[2023-08-18 17:10:17,086] {processor.py:641} INFO - Processing file /home/guilherme/airflow/venv/lib/python3.9/site-packages/airflow/example_dags/example_trigger_target_dag.py for tasks to queue
[2023-08-18 17:10:17,086] {logging_mixin.py:115} INFO - [2023-08-18 17:10:17,086] {dagbag.py:507} INFO - Filling up the DagBag from /home/guilherme/airflow/venv/lib/python3.9/site-packages/airflow/example_dags/example_trigger_target_dag.py
[2023-08-18 17:10:17,102] {processor.py:651} INFO - DAG(s) dict_keys(['example_trigger_target_dag']) retrieved from /home/guilherme/airflow/venv/lib/python3.9/site-packages/airflow/example_dags/example_trigger_target_dag.py
[2023-08-18 17:10:17,119] {logging_mixin.py:115} INFO - [2023-08-18 17:10:17,119] {dag.py:2379} INFO - Sync 1 DAGs
[2023-08-18 17:10:17,133] {logging_mixin.py:115} INFO - [2023-08-18 17:10:17,133] {dag.py:2927} INFO - Setting next_dagrun for example_trigger_target_dag to None, run_after=None
[2023-08-18 17:10:17,614] {processor.py:161} INFO - Processing /home/guilherme/airflow/venv/lib/python3.9/site-packages/airflow/example_dags/example_trigger_target_dag.py took 0.533 seconds
[2023-08-18 17:10:58,765] {processor.py:153} INFO - Started process (PID=5167) to work on /home/guilherme/airflow/venv/lib/python3.9/site-packages/airflow/example_dags/example_trigger_target_dag.py
[2023-08-18 17:10:58,765] {processor.py:641} INFO - Processing file /home/guilherme/airflow/venv/lib/python3.9/site-packages/airflow/example_dags/example_trigger_target_dag.py for tasks to queue
[2023-08-18 17:10:58,766] {logging_mixin.py:115} INFO - [2023-08-18 17:10:58,766] {dagbag.py:507} INFO - Filling up the DagBag from /home/guilherme/airflow/venv/lib/python3.9/site-packages/airflow/example_dags/example_trigger_target_dag.py
[2023-08-18 17:10:58,783] {processor.py:651} INFO - DAG(s) dict_keys(['example_trigger_target_dag']) retrieved from /home/guilherme/airflow/venv/lib/python3.9/site-packages/airflow/example_dags/example_trigger_target_dag.py
[2023-08-18 17:10:58,803] {logging_mixin.py:115} INFO - [2023-08-18 17:10:58,803] {dag.py:2379} INFO - Sync 1 DAGs
[2023-08-18 17:10:58,820] {logging_mixin.py:115} INFO - [2023-08-18 17:10:58,820] {dag.py:2927} INFO - Setting next_dagrun for example_trigger_target_dag to None, run_after=None
[2023-08-18 17:10:58,875] {processor.py:161} INFO - Processing /home/guilherme/airflow/venv/lib/python3.9/site-packages/airflow/example_dags/example_trigger_target_dag.py took 0.114 seconds
[2023-08-18 17:11:33,544] {processor.py:153} INFO - Started process (PID=5261) to work on /home/guilherme/airflow/venv/lib/python3.9/site-packages/airflow/example_dags/example_trigger_target_dag.py
[2023-08-18 17:11:33,545] {processor.py:641} INFO - Processing file /home/guilherme/airflow/venv/lib/python3.9/site-packages/airflow/example_dags/example_trigger_target_dag.py for tasks to queue
[2023-08-18 17:11:33,546] {logging_mixin.py:115} INFO - [2023-08-18 17:11:33,545] {dagbag.py:507} INFO - Filling up the DagBag from /home/guilherme/airflow/venv/lib/python3.9/site-packages/airflow/example_dags/example_trigger_target_dag.py
[2023-08-18 17:11:33,566] {processor.py:651} INFO - DAG(s) dict_keys(['example_trigger_target_dag']) retrieved from /home/guilherme/airflow/venv/lib/python3.9/site-packages/airflow/example_dags/example_trigger_target_dag.py
[2023-08-18 17:11:33,586] {logging_mixin.py:115} INFO - [2023-08-18 17:11:33,585] {dag.py:2379} INFO - Sync 1 DAGs
[2023-08-18 17:11:33,604] {logging_mixin.py:115} INFO - [2023-08-18 17:11:33,604] {dag.py:2927} INFO - Setting next_dagrun for example_trigger_target_dag to None, run_after=None
[2023-08-18 17:11:33,627] {processor.py:161} INFO - Processing /home/guilherme/airflow/venv/lib/python3.9/site-packages/airflow/example_dags/example_trigger_target_dag.py took 0.088 seconds
[2023-08-18 17:12:07,792] {processor.py:153} INFO - Started process (PID=5598) to work on /home/guilherme/airflow/venv/lib/python3.9/site-packages/airflow/example_dags/example_trigger_target_dag.py
[2023-08-18 17:12:07,792] {processor.py:641} INFO - Processing file /home/guilherme/airflow/venv/lib/python3.9/site-packages/airflow/example_dags/example_trigger_target_dag.py for tasks to queue
[2023-08-18 17:12:07,793] {logging_mixin.py:115} INFO - [2023-08-18 17:12:07,793] {dagbag.py:507} INFO - Filling up the DagBag from /home/guilherme/airflow/venv/lib/python3.9/site-packages/airflow/example_dags/example_trigger_target_dag.py
[2023-08-18 17:12:07,808] {processor.py:651} INFO - DAG(s) dict_keys(['example_trigger_target_dag']) retrieved from /home/guilherme/airflow/venv/lib/python3.9/site-packages/airflow/example_dags/example_trigger_target_dag.py
[2023-08-18 17:12:07,826] {logging_mixin.py:115} INFO - [2023-08-18 17:12:07,826] {dag.py:2379} INFO - Sync 1 DAGs
[2023-08-18 17:12:07,841] {logging_mixin.py:115} INFO - [2023-08-18 17:12:07,841] {dag.py:2927} INFO - Setting next_dagrun for example_trigger_target_dag to None, run_after=None
[2023-08-18 17:12:07,862] {processor.py:161} INFO - Processing /home/guilherme/airflow/venv/lib/python3.9/site-packages/airflow/example_dags/example_trigger_target_dag.py took 0.074 seconds
[2023-08-18 17:12:40,453] {processor.py:153} INFO - Started process (PID=5633) to work on /home/guilherme/airflow/venv/lib/python3.9/site-packages/airflow/example_dags/example_trigger_target_dag.py
[2023-08-18 17:12:40,454] {processor.py:641} INFO - Processing file /home/guilherme/airflow/venv/lib/python3.9/site-packages/airflow/example_dags/example_trigger_target_dag.py for tasks to queue
[2023-08-18 17:12:40,455] {logging_mixin.py:115} INFO - [2023-08-18 17:12:40,455] {dagbag.py:507} INFO - Filling up the DagBag from /home/guilherme/airflow/venv/lib/python3.9/site-packages/airflow/example_dags/example_trigger_target_dag.py
[2023-08-18 17:12:40,471] {processor.py:651} INFO - DAG(s) dict_keys(['example_trigger_target_dag']) retrieved from /home/guilherme/airflow/venv/lib/python3.9/site-packages/airflow/example_dags/example_trigger_target_dag.py
[2023-08-18 17:12:40,490] {logging_mixin.py:115} INFO - [2023-08-18 17:12:40,490] {dag.py:2379} INFO - Sync 1 DAGs
[2023-08-18 17:12:40,507] {logging_mixin.py:115} INFO - [2023-08-18 17:12:40,507] {dag.py:2927} INFO - Setting next_dagrun for example_trigger_target_dag to None, run_after=None
[2023-08-18 17:12:40,528] {processor.py:161} INFO - Processing /home/guilherme/airflow/venv/lib/python3.9/site-packages/airflow/example_dags/example_trigger_target_dag.py took 0.078 seconds
