[2023-08-18 01:56:24,467] {processor.py:153} INFO - Started process (PID=3562) to work on /home/guilherme/extracao-dados-twitter/venv/lib/python3.9/site-packages/airflow/example_dags/example_nested_branch_dag.py
[2023-08-18 01:56:24,467] {processor.py:641} INFO - Processing file /home/guilherme/extracao-dados-twitter/venv/lib/python3.9/site-packages/airflow/example_dags/example_nested_branch_dag.py for tasks to queue
[2023-08-18 01:56:24,468] {logging_mixin.py:115} INFO - [2023-08-18 01:56:24,468] {dagbag.py:507} INFO - Filling up the DagBag from /home/guilherme/extracao-dados-twitter/venv/lib/python3.9/site-packages/airflow/example_dags/example_nested_branch_dag.py
[2023-08-18 01:56:24,480] {processor.py:651} INFO - DAG(s) dict_keys(['example_nested_branch_dag']) retrieved from /home/guilherme/extracao-dados-twitter/venv/lib/python3.9/site-packages/airflow/example_dags/example_nested_branch_dag.py
[2023-08-18 01:56:24,597] {logging_mixin.py:115} INFO - [2023-08-18 01:56:24,597] {manager.py:508} INFO - Created Permission View: can edit on DAG:example_nested_branch_dag
[2023-08-18 01:56:24,618] {logging_mixin.py:115} INFO - [2023-08-18 01:56:24,618] {manager.py:508} INFO - Created Permission View: can delete on DAG:example_nested_branch_dag
[2023-08-18 01:56:24,649] {logging_mixin.py:115} INFO - [2023-08-18 01:56:24,649] {manager.py:508} INFO - Created Permission View: can read on DAG:example_nested_branch_dag
[2023-08-18 01:56:24,649] {logging_mixin.py:115} INFO - [2023-08-18 01:56:24,649] {dag.py:2379} INFO - Sync 1 DAGs
[2023-08-18 01:56:24,658] {logging_mixin.py:115} INFO - [2023-08-18 01:56:24,658] {dag.py:2398} INFO - Creating ORM DAG for example_nested_branch_dag
[2023-08-18 01:56:24,671] {logging_mixin.py:115} INFO - [2023-08-18 01:56:24,671] {dag.py:2927} INFO - Setting next_dagrun for example_nested_branch_dag to 2023-08-17T00:00:00+00:00, run_after=2023-08-18T00:00:00+00:00
[2023-08-18 01:56:24,710] {processor.py:161} INFO - Processing /home/guilherme/extracao-dados-twitter/venv/lib/python3.9/site-packages/airflow/example_dags/example_nested_branch_dag.py took 0.248 seconds
[2023-08-18 01:57:05,235] {processor.py:153} INFO - Started process (PID=3651) to work on /home/guilherme/extracao-dados-twitter/venv/lib/python3.9/site-packages/airflow/example_dags/example_nested_branch_dag.py
[2023-08-18 01:57:05,236] {processor.py:641} INFO - Processing file /home/guilherme/extracao-dados-twitter/venv/lib/python3.9/site-packages/airflow/example_dags/example_nested_branch_dag.py for tasks to queue
[2023-08-18 01:57:05,236] {logging_mixin.py:115} INFO - [2023-08-18 01:57:05,236] {dagbag.py:507} INFO - Filling up the DagBag from /home/guilherme/extracao-dados-twitter/venv/lib/python3.9/site-packages/airflow/example_dags/example_nested_branch_dag.py
[2023-08-18 01:57:05,249] {processor.py:651} INFO - DAG(s) dict_keys(['example_nested_branch_dag']) retrieved from /home/guilherme/extracao-dados-twitter/venv/lib/python3.9/site-packages/airflow/example_dags/example_nested_branch_dag.py
[2023-08-18 01:57:05,279] {logging_mixin.py:115} INFO - [2023-08-18 01:57:05,279] {dag.py:2379} INFO - Sync 1 DAGs
[2023-08-18 01:57:05,319] {logging_mixin.py:115} INFO - [2023-08-18 01:57:05,319] {dag.py:2927} INFO - Setting next_dagrun for example_nested_branch_dag to 2023-08-17T00:00:00+00:00, run_after=2023-08-18T00:00:00+00:00
[2023-08-18 01:57:05,358] {processor.py:161} INFO - Processing /home/guilherme/extracao-dados-twitter/venv/lib/python3.9/site-packages/airflow/example_dags/example_nested_branch_dag.py took 0.127 seconds
[2023-08-18 01:57:40,818] {processor.py:153} INFO - Started process (PID=3895) to work on /home/guilherme/extracao-dados-twitter/venv/lib/python3.9/site-packages/airflow/example_dags/example_nested_branch_dag.py
[2023-08-18 01:57:40,819] {processor.py:641} INFO - Processing file /home/guilherme/extracao-dados-twitter/venv/lib/python3.9/site-packages/airflow/example_dags/example_nested_branch_dag.py for tasks to queue
[2023-08-18 01:57:40,819] {logging_mixin.py:115} INFO - [2023-08-18 01:57:40,819] {dagbag.py:507} INFO - Filling up the DagBag from /home/guilherme/extracao-dados-twitter/venv/lib/python3.9/site-packages/airflow/example_dags/example_nested_branch_dag.py
[2023-08-18 01:57:40,831] {processor.py:651} INFO - DAG(s) dict_keys(['example_nested_branch_dag']) retrieved from /home/guilherme/extracao-dados-twitter/venv/lib/python3.9/site-packages/airflow/example_dags/example_nested_branch_dag.py
[2023-08-18 01:57:40,851] {logging_mixin.py:115} INFO - [2023-08-18 01:57:40,851] {dag.py:2379} INFO - Sync 1 DAGs
[2023-08-18 01:57:40,874] {logging_mixin.py:115} INFO - [2023-08-18 01:57:40,874] {dag.py:2927} INFO - Setting next_dagrun for example_nested_branch_dag to 2023-08-17T00:00:00+00:00, run_after=2023-08-18T00:00:00+00:00
[2023-08-18 01:57:40,907] {processor.py:161} INFO - Processing /home/guilherme/extracao-dados-twitter/venv/lib/python3.9/site-packages/airflow/example_dags/example_nested_branch_dag.py took 0.093 seconds
[2023-08-18 01:58:16,800] {processor.py:153} INFO - Started process (PID=4085) to work on /home/guilherme/extracao-dados-twitter/venv/lib/python3.9/site-packages/airflow/example_dags/example_nested_branch_dag.py
[2023-08-18 01:58:16,801] {processor.py:641} INFO - Processing file /home/guilherme/extracao-dados-twitter/venv/lib/python3.9/site-packages/airflow/example_dags/example_nested_branch_dag.py for tasks to queue
[2023-08-18 01:58:16,801] {logging_mixin.py:115} INFO - [2023-08-18 01:58:16,801] {dagbag.py:507} INFO - Filling up the DagBag from /home/guilherme/extracao-dados-twitter/venv/lib/python3.9/site-packages/airflow/example_dags/example_nested_branch_dag.py
[2023-08-18 01:58:16,813] {processor.py:651} INFO - DAG(s) dict_keys(['example_nested_branch_dag']) retrieved from /home/guilherme/extracao-dados-twitter/venv/lib/python3.9/site-packages/airflow/example_dags/example_nested_branch_dag.py
[2023-08-18 01:58:16,832] {logging_mixin.py:115} INFO - [2023-08-18 01:58:16,832] {dag.py:2379} INFO - Sync 1 DAGs
[2023-08-18 01:58:16,857] {logging_mixin.py:115} INFO - [2023-08-18 01:58:16,857] {dag.py:2927} INFO - Setting next_dagrun for example_nested_branch_dag to 2023-08-17T00:00:00+00:00, run_after=2023-08-18T00:00:00+00:00
[2023-08-18 01:58:16,880] {processor.py:161} INFO - Processing /home/guilherme/extracao-dados-twitter/venv/lib/python3.9/site-packages/airflow/example_dags/example_nested_branch_dag.py took 0.084 seconds
[2023-08-18 01:58:51,292] {processor.py:153} INFO - Started process (PID=4119) to work on /home/guilherme/extracao-dados-twitter/venv/lib/python3.9/site-packages/airflow/example_dags/example_nested_branch_dag.py
[2023-08-18 01:58:51,292] {processor.py:641} INFO - Processing file /home/guilherme/extracao-dados-twitter/venv/lib/python3.9/site-packages/airflow/example_dags/example_nested_branch_dag.py for tasks to queue
[2023-08-18 01:58:51,293] {logging_mixin.py:115} INFO - [2023-08-18 01:58:51,293] {dagbag.py:507} INFO - Filling up the DagBag from /home/guilherme/extracao-dados-twitter/venv/lib/python3.9/site-packages/airflow/example_dags/example_nested_branch_dag.py
[2023-08-18 01:58:51,305] {processor.py:651} INFO - DAG(s) dict_keys(['example_nested_branch_dag']) retrieved from /home/guilherme/extracao-dados-twitter/venv/lib/python3.9/site-packages/airflow/example_dags/example_nested_branch_dag.py
[2023-08-18 01:58:51,325] {logging_mixin.py:115} INFO - [2023-08-18 01:58:51,325] {dag.py:2379} INFO - Sync 1 DAGs
[2023-08-18 01:58:51,348] {logging_mixin.py:115} INFO - [2023-08-18 01:58:51,348] {dag.py:2927} INFO - Setting next_dagrun for example_nested_branch_dag to 2023-08-17T00:00:00+00:00, run_after=2023-08-18T00:00:00+00:00
[2023-08-18 01:58:51,372] {processor.py:161} INFO - Processing /home/guilherme/extracao-dados-twitter/venv/lib/python3.9/site-packages/airflow/example_dags/example_nested_branch_dag.py took 0.085 seconds
[2023-08-18 02:01:49,630] {processor.py:153} INFO - Started process (PID=4803) to work on /home/guilherme/extracao-dados-twitter/venv/lib/python3.9/site-packages/airflow/example_dags/example_nested_branch_dag.py
[2023-08-18 02:01:49,631] {processor.py:641} INFO - Processing file /home/guilherme/extracao-dados-twitter/venv/lib/python3.9/site-packages/airflow/example_dags/example_nested_branch_dag.py for tasks to queue
[2023-08-18 02:01:49,632] {logging_mixin.py:115} INFO - [2023-08-18 02:01:49,631] {dagbag.py:507} INFO - Filling up the DagBag from /home/guilherme/extracao-dados-twitter/venv/lib/python3.9/site-packages/airflow/example_dags/example_nested_branch_dag.py
[2023-08-18 02:01:49,643] {processor.py:651} INFO - DAG(s) dict_keys(['example_nested_branch_dag']) retrieved from /home/guilherme/extracao-dados-twitter/venv/lib/python3.9/site-packages/airflow/example_dags/example_nested_branch_dag.py
[2023-08-18 02:01:49,663] {logging_mixin.py:115} INFO - [2023-08-18 02:01:49,663] {dag.py:2379} INFO - Sync 1 DAGs
[2023-08-18 02:01:49,686] {logging_mixin.py:115} INFO - [2023-08-18 02:01:49,686] {dag.py:2927} INFO - Setting next_dagrun for example_nested_branch_dag to 2023-08-17T00:00:00+00:00, run_after=2023-08-18T00:00:00+00:00
[2023-08-18 02:01:49,713] {processor.py:161} INFO - Processing /home/guilherme/extracao-dados-twitter/venv/lib/python3.9/site-packages/airflow/example_dags/example_nested_branch_dag.py took 0.086 seconds
[2023-08-18 02:02:23,532] {processor.py:153} INFO - Started process (PID=4990) to work on /home/guilherme/extracao-dados-twitter/venv/lib/python3.9/site-packages/airflow/example_dags/example_nested_branch_dag.py
[2023-08-18 02:02:23,533] {processor.py:641} INFO - Processing file /home/guilherme/extracao-dados-twitter/venv/lib/python3.9/site-packages/airflow/example_dags/example_nested_branch_dag.py for tasks to queue
[2023-08-18 02:02:23,534] {logging_mixin.py:115} INFO - [2023-08-18 02:02:23,534] {dagbag.py:507} INFO - Filling up the DagBag from /home/guilherme/extracao-dados-twitter/venv/lib/python3.9/site-packages/airflow/example_dags/example_nested_branch_dag.py
[2023-08-18 02:02:23,545] {processor.py:651} INFO - DAG(s) dict_keys(['example_nested_branch_dag']) retrieved from /home/guilherme/extracao-dados-twitter/venv/lib/python3.9/site-packages/airflow/example_dags/example_nested_branch_dag.py
[2023-08-18 02:02:23,565] {logging_mixin.py:115} INFO - [2023-08-18 02:02:23,565] {dag.py:2379} INFO - Sync 1 DAGs
[2023-08-18 02:02:23,585] {logging_mixin.py:115} INFO - [2023-08-18 02:02:23,585] {dag.py:2927} INFO - Setting next_dagrun for example_nested_branch_dag to 2023-08-17T00:00:00+00:00, run_after=2023-08-18T00:00:00+00:00
[2023-08-18 02:02:23,725] {processor.py:161} INFO - Processing /home/guilherme/extracao-dados-twitter/venv/lib/python3.9/site-packages/airflow/example_dags/example_nested_branch_dag.py took 0.196 seconds
[2023-08-18 02:02:58,495] {processor.py:153} INFO - Started process (PID=5031) to work on /home/guilherme/extracao-dados-twitter/venv/lib/python3.9/site-packages/airflow/example_dags/example_nested_branch_dag.py
[2023-08-18 02:02:58,495] {processor.py:641} INFO - Processing file /home/guilherme/extracao-dados-twitter/venv/lib/python3.9/site-packages/airflow/example_dags/example_nested_branch_dag.py for tasks to queue
[2023-08-18 02:02:58,496] {logging_mixin.py:115} INFO - [2023-08-18 02:02:58,496] {dagbag.py:507} INFO - Filling up the DagBag from /home/guilherme/extracao-dados-twitter/venv/lib/python3.9/site-packages/airflow/example_dags/example_nested_branch_dag.py
[2023-08-18 02:02:58,508] {processor.py:651} INFO - DAG(s) dict_keys(['example_nested_branch_dag']) retrieved from /home/guilherme/extracao-dados-twitter/venv/lib/python3.9/site-packages/airflow/example_dags/example_nested_branch_dag.py
[2023-08-18 02:02:58,530] {logging_mixin.py:115} INFO - [2023-08-18 02:02:58,530] {dag.py:2379} INFO - Sync 1 DAGs
[2023-08-18 02:02:58,551] {logging_mixin.py:115} INFO - [2023-08-18 02:02:58,551] {dag.py:2927} INFO - Setting next_dagrun for example_nested_branch_dag to 2023-08-17T00:00:00+00:00, run_after=2023-08-18T00:00:00+00:00
[2023-08-18 02:02:58,576] {processor.py:161} INFO - Processing /home/guilherme/extracao-dados-twitter/venv/lib/python3.9/site-packages/airflow/example_dags/example_nested_branch_dag.py took 0.085 seconds
[2023-08-18 02:03:33,472] {processor.py:153} INFO - Started process (PID=5066) to work on /home/guilherme/extracao-dados-twitter/venv/lib/python3.9/site-packages/airflow/example_dags/example_nested_branch_dag.py
[2023-08-18 02:03:33,473] {processor.py:641} INFO - Processing file /home/guilherme/extracao-dados-twitter/venv/lib/python3.9/site-packages/airflow/example_dags/example_nested_branch_dag.py for tasks to queue
[2023-08-18 02:03:33,474] {logging_mixin.py:115} INFO - [2023-08-18 02:03:33,474] {dagbag.py:507} INFO - Filling up the DagBag from /home/guilherme/extracao-dados-twitter/venv/lib/python3.9/site-packages/airflow/example_dags/example_nested_branch_dag.py
[2023-08-18 02:03:33,485] {processor.py:651} INFO - DAG(s) dict_keys(['example_nested_branch_dag']) retrieved from /home/guilherme/extracao-dados-twitter/venv/lib/python3.9/site-packages/airflow/example_dags/example_nested_branch_dag.py
[2023-08-18 02:03:33,505] {logging_mixin.py:115} INFO - [2023-08-18 02:03:33,505] {dag.py:2379} INFO - Sync 1 DAGs
[2023-08-18 02:03:33,526] {logging_mixin.py:115} INFO - [2023-08-18 02:03:33,526] {dag.py:2927} INFO - Setting next_dagrun for example_nested_branch_dag to 2023-08-17T00:00:00+00:00, run_after=2023-08-18T00:00:00+00:00
[2023-08-18 02:03:33,556] {processor.py:161} INFO - Processing /home/guilherme/extracao-dados-twitter/venv/lib/python3.9/site-packages/airflow/example_dags/example_nested_branch_dag.py took 0.087 seconds
[2023-08-18 02:04:07,252] {processor.py:153} INFO - Started process (PID=5100) to work on /home/guilherme/extracao-dados-twitter/venv/lib/python3.9/site-packages/airflow/example_dags/example_nested_branch_dag.py
[2023-08-18 02:04:07,253] {processor.py:641} INFO - Processing file /home/guilherme/extracao-dados-twitter/venv/lib/python3.9/site-packages/airflow/example_dags/example_nested_branch_dag.py for tasks to queue
[2023-08-18 02:04:07,253] {logging_mixin.py:115} INFO - [2023-08-18 02:04:07,253] {dagbag.py:507} INFO - Filling up the DagBag from /home/guilherme/extracao-dados-twitter/venv/lib/python3.9/site-packages/airflow/example_dags/example_nested_branch_dag.py
[2023-08-18 02:04:07,266] {processor.py:651} INFO - DAG(s) dict_keys(['example_nested_branch_dag']) retrieved from /home/guilherme/extracao-dados-twitter/venv/lib/python3.9/site-packages/airflow/example_dags/example_nested_branch_dag.py
[2023-08-18 02:04:07,285] {logging_mixin.py:115} INFO - [2023-08-18 02:04:07,285] {dag.py:2379} INFO - Sync 1 DAGs
[2023-08-18 02:04:07,306] {logging_mixin.py:115} INFO - [2023-08-18 02:04:07,306] {dag.py:2927} INFO - Setting next_dagrun for example_nested_branch_dag to 2023-08-17T00:00:00+00:00, run_after=2023-08-18T00:00:00+00:00
[2023-08-18 02:04:07,329] {processor.py:161} INFO - Processing /home/guilherme/extracao-dados-twitter/venv/lib/python3.9/site-packages/airflow/example_dags/example_nested_branch_dag.py took 0.081 seconds
[2023-08-18 02:04:41,514] {processor.py:153} INFO - Started process (PID=5340) to work on /home/guilherme/extracao-dados-twitter/venv/lib/python3.9/site-packages/airflow/example_dags/example_nested_branch_dag.py
[2023-08-18 02:04:41,515] {processor.py:641} INFO - Processing file /home/guilherme/extracao-dados-twitter/venv/lib/python3.9/site-packages/airflow/example_dags/example_nested_branch_dag.py for tasks to queue
[2023-08-18 02:04:41,516] {logging_mixin.py:115} INFO - [2023-08-18 02:04:41,516] {dagbag.py:507} INFO - Filling up the DagBag from /home/guilherme/extracao-dados-twitter/venv/lib/python3.9/site-packages/airflow/example_dags/example_nested_branch_dag.py
[2023-08-18 02:04:41,527] {processor.py:651} INFO - DAG(s) dict_keys(['example_nested_branch_dag']) retrieved from /home/guilherme/extracao-dados-twitter/venv/lib/python3.9/site-packages/airflow/example_dags/example_nested_branch_dag.py
[2023-08-18 02:04:41,546] {logging_mixin.py:115} INFO - [2023-08-18 02:04:41,546] {dag.py:2379} INFO - Sync 1 DAGs
[2023-08-18 02:04:41,567] {logging_mixin.py:115} INFO - [2023-08-18 02:04:41,567] {dag.py:2927} INFO - Setting next_dagrun for example_nested_branch_dag to 2023-08-17T00:00:00+00:00, run_after=2023-08-18T00:00:00+00:00
[2023-08-18 02:04:41,601] {processor.py:161} INFO - Processing /home/guilherme/extracao-dados-twitter/venv/lib/python3.9/site-packages/airflow/example_dags/example_nested_branch_dag.py took 0.091 seconds
[2023-08-18 02:05:15,874] {processor.py:153} INFO - Started process (PID=5477) to work on /home/guilherme/extracao-dados-twitter/venv/lib/python3.9/site-packages/airflow/example_dags/example_nested_branch_dag.py
[2023-08-18 02:05:15,875] {processor.py:641} INFO - Processing file /home/guilherme/extracao-dados-twitter/venv/lib/python3.9/site-packages/airflow/example_dags/example_nested_branch_dag.py for tasks to queue
[2023-08-18 02:05:15,876] {logging_mixin.py:115} INFO - [2023-08-18 02:05:15,876] {dagbag.py:507} INFO - Filling up the DagBag from /home/guilherme/extracao-dados-twitter/venv/lib/python3.9/site-packages/airflow/example_dags/example_nested_branch_dag.py
[2023-08-18 02:05:15,887] {processor.py:651} INFO - DAG(s) dict_keys(['example_nested_branch_dag']) retrieved from /home/guilherme/extracao-dados-twitter/venv/lib/python3.9/site-packages/airflow/example_dags/example_nested_branch_dag.py
[2023-08-18 02:05:15,907] {logging_mixin.py:115} INFO - [2023-08-18 02:05:15,907] {dag.py:2379} INFO - Sync 1 DAGs
[2023-08-18 02:05:15,928] {logging_mixin.py:115} INFO - [2023-08-18 02:05:15,928] {dag.py:2927} INFO - Setting next_dagrun for example_nested_branch_dag to 2023-08-17T00:00:00+00:00, run_after=2023-08-18T00:00:00+00:00
[2023-08-18 02:05:15,952] {processor.py:161} INFO - Processing /home/guilherme/extracao-dados-twitter/venv/lib/python3.9/site-packages/airflow/example_dags/example_nested_branch_dag.py took 0.082 seconds
[2023-08-18 02:05:51,137] {processor.py:153} INFO - Started process (PID=5512) to work on /home/guilherme/extracao-dados-twitter/venv/lib/python3.9/site-packages/airflow/example_dags/example_nested_branch_dag.py
[2023-08-18 02:05:51,138] {processor.py:641} INFO - Processing file /home/guilherme/extracao-dados-twitter/venv/lib/python3.9/site-packages/airflow/example_dags/example_nested_branch_dag.py for tasks to queue
[2023-08-18 02:05:51,139] {logging_mixin.py:115} INFO - [2023-08-18 02:05:51,139] {dagbag.py:507} INFO - Filling up the DagBag from /home/guilherme/extracao-dados-twitter/venv/lib/python3.9/site-packages/airflow/example_dags/example_nested_branch_dag.py
[2023-08-18 02:05:51,153] {processor.py:651} INFO - DAG(s) dict_keys(['example_nested_branch_dag']) retrieved from /home/guilherme/extracao-dados-twitter/venv/lib/python3.9/site-packages/airflow/example_dags/example_nested_branch_dag.py
[2023-08-18 02:05:51,172] {logging_mixin.py:115} INFO - [2023-08-18 02:05:51,172] {dag.py:2379} INFO - Sync 1 DAGs
[2023-08-18 02:05:51,192] {logging_mixin.py:115} INFO - [2023-08-18 02:05:51,192] {dag.py:2927} INFO - Setting next_dagrun for example_nested_branch_dag to 2023-08-17T00:00:00+00:00, run_after=2023-08-18T00:00:00+00:00
[2023-08-18 02:05:51,217] {processor.py:161} INFO - Processing /home/guilherme/extracao-dados-twitter/venv/lib/python3.9/site-packages/airflow/example_dags/example_nested_branch_dag.py took 0.086 seconds
[2023-08-18 17:08:36,277] {processor.py:153} INFO - Started process (PID=5010) to work on /home/guilherme/airflow/venv/lib/python3.9/site-packages/airflow/example_dags/example_nested_branch_dag.py
[2023-08-18 17:08:36,278] {processor.py:641} INFO - Processing file /home/guilherme/airflow/venv/lib/python3.9/site-packages/airflow/example_dags/example_nested_branch_dag.py for tasks to queue
[2023-08-18 17:08:36,279] {logging_mixin.py:115} INFO - [2023-08-18 17:08:36,279] {dagbag.py:507} INFO - Filling up the DagBag from /home/guilherme/airflow/venv/lib/python3.9/site-packages/airflow/example_dags/example_nested_branch_dag.py
[2023-08-18 17:08:36,288] {processor.py:651} INFO - DAG(s) dict_keys(['example_nested_branch_dag']) retrieved from /home/guilherme/airflow/venv/lib/python3.9/site-packages/airflow/example_dags/example_nested_branch_dag.py
[2023-08-18 17:08:36,330] {logging_mixin.py:115} INFO - [2023-08-18 17:08:36,330] {dag.py:2379} INFO - Sync 1 DAGs
[2023-08-18 17:08:36,344] {logging_mixin.py:115} INFO - [2023-08-18 17:08:36,343] {dag.py:2927} INFO - Setting next_dagrun for example_nested_branch_dag to 2023-08-17T00:00:00+00:00, run_after=2023-08-18T00:00:00+00:00
[2023-08-18 17:08:36,582] {processor.py:161} INFO - Processing /home/guilherme/airflow/venv/lib/python3.9/site-packages/airflow/example_dags/example_nested_branch_dag.py took 0.308 seconds
[2023-08-18 17:09:15,766] {processor.py:153} INFO - Started process (PID=5068) to work on /home/guilherme/airflow/venv/lib/python3.9/site-packages/airflow/example_dags/example_nested_branch_dag.py
[2023-08-18 17:09:15,767] {processor.py:641} INFO - Processing file /home/guilherme/airflow/venv/lib/python3.9/site-packages/airflow/example_dags/example_nested_branch_dag.py for tasks to queue
[2023-08-18 17:09:15,768] {logging_mixin.py:115} INFO - [2023-08-18 17:09:15,768] {dagbag.py:507} INFO - Filling up the DagBag from /home/guilherme/airflow/venv/lib/python3.9/site-packages/airflow/example_dags/example_nested_branch_dag.py
[2023-08-18 17:09:15,779] {processor.py:651} INFO - DAG(s) dict_keys(['example_nested_branch_dag']) retrieved from /home/guilherme/airflow/venv/lib/python3.9/site-packages/airflow/example_dags/example_nested_branch_dag.py
[2023-08-18 17:09:15,796] {logging_mixin.py:115} INFO - [2023-08-18 17:09:15,796] {dag.py:2379} INFO - Sync 1 DAGs
[2023-08-18 17:09:15,816] {logging_mixin.py:115} INFO - [2023-08-18 17:09:15,816] {dag.py:2927} INFO - Setting next_dagrun for example_nested_branch_dag to 2023-08-17T00:00:00+00:00, run_after=2023-08-18T00:00:00+00:00
[2023-08-18 17:09:15,906] {processor.py:161} INFO - Processing /home/guilherme/airflow/venv/lib/python3.9/site-packages/airflow/example_dags/example_nested_branch_dag.py took 0.143 seconds
[2023-08-18 17:09:49,110] {processor.py:153} INFO - Started process (PID=5102) to work on /home/guilherme/airflow/venv/lib/python3.9/site-packages/airflow/example_dags/example_nested_branch_dag.py
[2023-08-18 17:09:49,111] {processor.py:641} INFO - Processing file /home/guilherme/airflow/venv/lib/python3.9/site-packages/airflow/example_dags/example_nested_branch_dag.py for tasks to queue
[2023-08-18 17:09:49,111] {logging_mixin.py:115} INFO - [2023-08-18 17:09:49,111] {dagbag.py:507} INFO - Filling up the DagBag from /home/guilherme/airflow/venv/lib/python3.9/site-packages/airflow/example_dags/example_nested_branch_dag.py
[2023-08-18 17:09:49,121] {processor.py:651} INFO - DAG(s) dict_keys(['example_nested_branch_dag']) retrieved from /home/guilherme/airflow/venv/lib/python3.9/site-packages/airflow/example_dags/example_nested_branch_dag.py
[2023-08-18 17:09:49,137] {logging_mixin.py:115} INFO - [2023-08-18 17:09:49,136] {dag.py:2379} INFO - Sync 1 DAGs
[2023-08-18 17:09:49,156] {logging_mixin.py:115} INFO - [2023-08-18 17:09:49,155] {dag.py:2927} INFO - Setting next_dagrun for example_nested_branch_dag to 2023-08-17T00:00:00+00:00, run_after=2023-08-18T00:00:00+00:00
[2023-08-18 17:09:49,185] {processor.py:161} INFO - Processing /home/guilherme/airflow/venv/lib/python3.9/site-packages/airflow/example_dags/example_nested_branch_dag.py took 0.078 seconds
[2023-08-18 17:10:27,071] {processor.py:153} INFO - Started process (PID=5136) to work on /home/guilherme/airflow/venv/lib/python3.9/site-packages/airflow/example_dags/example_nested_branch_dag.py
[2023-08-18 17:10:27,072] {processor.py:641} INFO - Processing file /home/guilherme/airflow/venv/lib/python3.9/site-packages/airflow/example_dags/example_nested_branch_dag.py for tasks to queue
[2023-08-18 17:10:27,073] {logging_mixin.py:115} INFO - [2023-08-18 17:10:27,073] {dagbag.py:507} INFO - Filling up the DagBag from /home/guilherme/airflow/venv/lib/python3.9/site-packages/airflow/example_dags/example_nested_branch_dag.py
[2023-08-18 17:10:27,083] {processor.py:651} INFO - DAG(s) dict_keys(['example_nested_branch_dag']) retrieved from /home/guilherme/airflow/venv/lib/python3.9/site-packages/airflow/example_dags/example_nested_branch_dag.py
[2023-08-18 17:10:27,100] {logging_mixin.py:115} INFO - [2023-08-18 17:10:27,099] {dag.py:2379} INFO - Sync 1 DAGs
[2023-08-18 17:10:27,120] {logging_mixin.py:115} INFO - [2023-08-18 17:10:27,120] {dag.py:2927} INFO - Setting next_dagrun for example_nested_branch_dag to 2023-08-17T00:00:00+00:00, run_after=2023-08-18T00:00:00+00:00
[2023-08-18 17:10:27,237] {processor.py:161} INFO - Processing /home/guilherme/airflow/venv/lib/python3.9/site-packages/airflow/example_dags/example_nested_branch_dag.py took 0.169 seconds
[2023-08-18 17:11:08,686] {processor.py:153} INFO - Started process (PID=5176) to work on /home/guilherme/airflow/venv/lib/python3.9/site-packages/airflow/example_dags/example_nested_branch_dag.py
[2023-08-18 17:11:08,686] {processor.py:641} INFO - Processing file /home/guilherme/airflow/venv/lib/python3.9/site-packages/airflow/example_dags/example_nested_branch_dag.py for tasks to queue
[2023-08-18 17:11:08,687] {logging_mixin.py:115} INFO - [2023-08-18 17:11:08,687] {dagbag.py:507} INFO - Filling up the DagBag from /home/guilherme/airflow/venv/lib/python3.9/site-packages/airflow/example_dags/example_nested_branch_dag.py
[2023-08-18 17:11:08,697] {processor.py:651} INFO - DAG(s) dict_keys(['example_nested_branch_dag']) retrieved from /home/guilherme/airflow/venv/lib/python3.9/site-packages/airflow/example_dags/example_nested_branch_dag.py
[2023-08-18 17:11:08,714] {logging_mixin.py:115} INFO - [2023-08-18 17:11:08,714] {dag.py:2379} INFO - Sync 1 DAGs
[2023-08-18 17:11:08,735] {logging_mixin.py:115} INFO - [2023-08-18 17:11:08,735] {dag.py:2927} INFO - Setting next_dagrun for example_nested_branch_dag to 2023-08-17T00:00:00+00:00, run_after=2023-08-18T00:00:00+00:00
[2023-08-18 17:11:08,758] {processor.py:161} INFO - Processing /home/guilherme/airflow/venv/lib/python3.9/site-packages/airflow/example_dags/example_nested_branch_dag.py took 0.076 seconds
[2023-08-18 17:11:42,983] {processor.py:153} INFO - Started process (PID=5444) to work on /home/guilherme/airflow/venv/lib/python3.9/site-packages/airflow/example_dags/example_nested_branch_dag.py
[2023-08-18 17:11:42,983] {processor.py:641} INFO - Processing file /home/guilherme/airflow/venv/lib/python3.9/site-packages/airflow/example_dags/example_nested_branch_dag.py for tasks to queue
[2023-08-18 17:11:42,984] {logging_mixin.py:115} INFO - [2023-08-18 17:11:42,984] {dagbag.py:507} INFO - Filling up the DagBag from /home/guilherme/airflow/venv/lib/python3.9/site-packages/airflow/example_dags/example_nested_branch_dag.py
[2023-08-18 17:11:42,994] {processor.py:651} INFO - DAG(s) dict_keys(['example_nested_branch_dag']) retrieved from /home/guilherme/airflow/venv/lib/python3.9/site-packages/airflow/example_dags/example_nested_branch_dag.py
[2023-08-18 17:11:43,012] {logging_mixin.py:115} INFO - [2023-08-18 17:11:43,012] {dag.py:2379} INFO - Sync 1 DAGs
[2023-08-18 17:11:43,033] {logging_mixin.py:115} INFO - [2023-08-18 17:11:43,033] {dag.py:2927} INFO - Setting next_dagrun for example_nested_branch_dag to 2023-08-17T00:00:00+00:00, run_after=2023-08-18T00:00:00+00:00
[2023-08-18 17:11:43,058] {processor.py:161} INFO - Processing /home/guilherme/airflow/venv/lib/python3.9/site-packages/airflow/example_dags/example_nested_branch_dag.py took 0.079 seconds
[2023-08-18 17:12:15,659] {processor.py:153} INFO - Started process (PID=5608) to work on /home/guilherme/airflow/venv/lib/python3.9/site-packages/airflow/example_dags/example_nested_branch_dag.py
[2023-08-18 17:12:15,660] {processor.py:641} INFO - Processing file /home/guilherme/airflow/venv/lib/python3.9/site-packages/airflow/example_dags/example_nested_branch_dag.py for tasks to queue
[2023-08-18 17:12:15,660] {logging_mixin.py:115} INFO - [2023-08-18 17:12:15,660] {dagbag.py:507} INFO - Filling up the DagBag from /home/guilherme/airflow/venv/lib/python3.9/site-packages/airflow/example_dags/example_nested_branch_dag.py
[2023-08-18 17:12:15,670] {processor.py:651} INFO - DAG(s) dict_keys(['example_nested_branch_dag']) retrieved from /home/guilherme/airflow/venv/lib/python3.9/site-packages/airflow/example_dags/example_nested_branch_dag.py
[2023-08-18 17:12:15,686] {logging_mixin.py:115} INFO - [2023-08-18 17:12:15,686] {dag.py:2379} INFO - Sync 1 DAGs
[2023-08-18 17:12:15,707] {logging_mixin.py:115} INFO - [2023-08-18 17:12:15,706] {dag.py:2927} INFO - Setting next_dagrun for example_nested_branch_dag to 2023-08-17T00:00:00+00:00, run_after=2023-08-18T00:00:00+00:00
[2023-08-18 17:12:15,729] {processor.py:161} INFO - Processing /home/guilherme/airflow/venv/lib/python3.9/site-packages/airflow/example_dags/example_nested_branch_dag.py took 0.074 seconds
[2023-08-18 17:12:49,565] {processor.py:153} INFO - Started process (PID=5643) to work on /home/guilherme/airflow/venv/lib/python3.9/site-packages/airflow/example_dags/example_nested_branch_dag.py
[2023-08-18 17:12:49,566] {processor.py:641} INFO - Processing file /home/guilherme/airflow/venv/lib/python3.9/site-packages/airflow/example_dags/example_nested_branch_dag.py for tasks to queue
[2023-08-18 17:12:49,566] {logging_mixin.py:115} INFO - [2023-08-18 17:12:49,566] {dagbag.py:507} INFO - Filling up the DagBag from /home/guilherme/airflow/venv/lib/python3.9/site-packages/airflow/example_dags/example_nested_branch_dag.py
[2023-08-18 17:12:49,577] {processor.py:651} INFO - DAG(s) dict_keys(['example_nested_branch_dag']) retrieved from /home/guilherme/airflow/venv/lib/python3.9/site-packages/airflow/example_dags/example_nested_branch_dag.py
[2023-08-18 17:12:49,601] {logging_mixin.py:115} INFO - [2023-08-18 17:12:49,601] {dag.py:2379} INFO - Sync 1 DAGs
[2023-08-18 17:12:49,633] {logging_mixin.py:115} INFO - [2023-08-18 17:12:49,633] {dag.py:2927} INFO - Setting next_dagrun for example_nested_branch_dag to 2023-08-17T00:00:00+00:00, run_after=2023-08-18T00:00:00+00:00
[2023-08-18 17:12:49,659] {processor.py:161} INFO - Processing /home/guilherme/airflow/venv/lib/python3.9/site-packages/airflow/example_dags/example_nested_branch_dag.py took 0.098 seconds
