[2023-08-18 01:56:37,389] {processor.py:153} INFO - Started process (PID=3572) to work on /home/guilherme/extracao-dados-twitter/venv/lib/python3.9/site-packages/airflow/example_dags/example_trigger_controller_dag.py
[2023-08-18 01:56:37,389] {processor.py:641} INFO - Processing file /home/guilherme/extracao-dados-twitter/venv/lib/python3.9/site-packages/airflow/example_dags/example_trigger_controller_dag.py for tasks to queue
[2023-08-18 01:56:37,390] {logging_mixin.py:115} INFO - [2023-08-18 01:56:37,390] {dagbag.py:507} INFO - Filling up the DagBag from /home/guilherme/extracao-dados-twitter/venv/lib/python3.9/site-packages/airflow/example_dags/example_trigger_controller_dag.py
[2023-08-18 01:56:37,394] {processor.py:651} INFO - DAG(s) dict_keys(['example_trigger_controller_dag']) retrieved from /home/guilherme/extracao-dados-twitter/venv/lib/python3.9/site-packages/airflow/example_dags/example_trigger_controller_dag.py
[2023-08-18 01:56:37,517] {logging_mixin.py:115} INFO - [2023-08-18 01:56:37,517] {manager.py:508} INFO - Created Permission View: can edit on DAG:example_trigger_controller_dag
[2023-08-18 01:56:37,551] {logging_mixin.py:115} INFO - [2023-08-18 01:56:37,551] {manager.py:508} INFO - Created Permission View: can delete on DAG:example_trigger_controller_dag
[2023-08-18 01:56:37,570] {logging_mixin.py:115} INFO - [2023-08-18 01:56:37,570] {manager.py:508} INFO - Created Permission View: can read on DAG:example_trigger_controller_dag
[2023-08-18 01:56:37,570] {logging_mixin.py:115} INFO - [2023-08-18 01:56:37,570] {dag.py:2379} INFO - Sync 1 DAGs
[2023-08-18 01:56:37,579] {logging_mixin.py:115} INFO - [2023-08-18 01:56:37,579] {dag.py:2398} INFO - Creating ORM DAG for example_trigger_controller_dag
[2023-08-18 01:56:37,590] {logging_mixin.py:115} INFO - [2023-08-18 01:56:37,590] {dag.py:2927} INFO - Setting next_dagrun for example_trigger_controller_dag to 2021-01-01T00:00:00+00:00, run_after=2021-01-01T00:00:00+00:00
[2023-08-18 01:56:37,621] {processor.py:161} INFO - Processing /home/guilherme/extracao-dados-twitter/venv/lib/python3.9/site-packages/airflow/example_dags/example_trigger_controller_dag.py took 0.236 seconds
[2023-08-18 01:57:15,771] {processor.py:153} INFO - Started process (PID=3787) to work on /home/guilherme/extracao-dados-twitter/venv/lib/python3.9/site-packages/airflow/example_dags/example_trigger_controller_dag.py
[2023-08-18 01:57:15,772] {processor.py:641} INFO - Processing file /home/guilherme/extracao-dados-twitter/venv/lib/python3.9/site-packages/airflow/example_dags/example_trigger_controller_dag.py for tasks to queue
[2023-08-18 01:57:15,772] {logging_mixin.py:115} INFO - [2023-08-18 01:57:15,772] {dagbag.py:507} INFO - Filling up the DagBag from /home/guilherme/extracao-dados-twitter/venv/lib/python3.9/site-packages/airflow/example_dags/example_trigger_controller_dag.py
[2023-08-18 01:57:15,776] {processor.py:651} INFO - DAG(s) dict_keys(['example_trigger_controller_dag']) retrieved from /home/guilherme/extracao-dados-twitter/venv/lib/python3.9/site-packages/airflow/example_dags/example_trigger_controller_dag.py
[2023-08-18 01:57:15,807] {logging_mixin.py:115} INFO - [2023-08-18 01:57:15,806] {dag.py:2379} INFO - Sync 1 DAGs
[2023-08-18 01:57:15,830] {logging_mixin.py:115} INFO - [2023-08-18 01:57:15,830] {dag.py:2927} INFO - Setting next_dagrun for example_trigger_controller_dag to 2021-01-01T00:00:00+00:00, run_after=2021-01-01T00:00:00+00:00
[2023-08-18 01:57:15,858] {processor.py:161} INFO - Processing /home/guilherme/extracao-dados-twitter/venv/lib/python3.9/site-packages/airflow/example_dags/example_trigger_controller_dag.py took 0.091 seconds
[2023-08-18 01:57:51,286] {processor.py:153} INFO - Started process (PID=3906) to work on /home/guilherme/extracao-dados-twitter/venv/lib/python3.9/site-packages/airflow/example_dags/example_trigger_controller_dag.py
[2023-08-18 01:57:51,287] {processor.py:641} INFO - Processing file /home/guilherme/extracao-dados-twitter/venv/lib/python3.9/site-packages/airflow/example_dags/example_trigger_controller_dag.py for tasks to queue
[2023-08-18 01:57:51,287] {logging_mixin.py:115} INFO - [2023-08-18 01:57:51,287] {dagbag.py:507} INFO - Filling up the DagBag from /home/guilherme/extracao-dados-twitter/venv/lib/python3.9/site-packages/airflow/example_dags/example_trigger_controller_dag.py
[2023-08-18 01:57:51,293] {processor.py:651} INFO - DAG(s) dict_keys(['example_trigger_controller_dag']) retrieved from /home/guilherme/extracao-dados-twitter/venv/lib/python3.9/site-packages/airflow/example_dags/example_trigger_controller_dag.py
[2023-08-18 01:57:51,314] {logging_mixin.py:115} INFO - [2023-08-18 01:57:51,314] {dag.py:2379} INFO - Sync 1 DAGs
[2023-08-18 01:57:51,336] {logging_mixin.py:115} INFO - [2023-08-18 01:57:51,336] {dag.py:2927} INFO - Setting next_dagrun for example_trigger_controller_dag to 2021-01-01T00:00:00+00:00, run_after=2021-01-01T00:00:00+00:00
[2023-08-18 01:57:51,360] {processor.py:161} INFO - Processing /home/guilherme/extracao-dados-twitter/venv/lib/python3.9/site-packages/airflow/example_dags/example_trigger_controller_dag.py took 0.078 seconds
[2023-08-18 01:58:26,935] {processor.py:153} INFO - Started process (PID=4095) to work on /home/guilherme/extracao-dados-twitter/venv/lib/python3.9/site-packages/airflow/example_dags/example_trigger_controller_dag.py
[2023-08-18 01:58:26,936] {processor.py:641} INFO - Processing file /home/guilherme/extracao-dados-twitter/venv/lib/python3.9/site-packages/airflow/example_dags/example_trigger_controller_dag.py for tasks to queue
[2023-08-18 01:58:26,936] {logging_mixin.py:115} INFO - [2023-08-18 01:58:26,936] {dagbag.py:507} INFO - Filling up the DagBag from /home/guilherme/extracao-dados-twitter/venv/lib/python3.9/site-packages/airflow/example_dags/example_trigger_controller_dag.py
[2023-08-18 01:58:26,940] {processor.py:651} INFO - DAG(s) dict_keys(['example_trigger_controller_dag']) retrieved from /home/guilherme/extracao-dados-twitter/venv/lib/python3.9/site-packages/airflow/example_dags/example_trigger_controller_dag.py
[2023-08-18 01:58:26,962] {logging_mixin.py:115} INFO - [2023-08-18 01:58:26,961] {dag.py:2379} INFO - Sync 1 DAGs
[2023-08-18 01:58:26,985] {logging_mixin.py:115} INFO - [2023-08-18 01:58:26,985] {dag.py:2927} INFO - Setting next_dagrun for example_trigger_controller_dag to 2021-01-01T00:00:00+00:00, run_after=2021-01-01T00:00:00+00:00
[2023-08-18 01:58:27,010] {processor.py:161} INFO - Processing /home/guilherme/extracao-dados-twitter/venv/lib/python3.9/site-packages/airflow/example_dags/example_trigger_controller_dag.py took 0.079 seconds
[2023-08-18 01:59:00,370] {processor.py:153} INFO - Started process (PID=4130) to work on /home/guilherme/extracao-dados-twitter/venv/lib/python3.9/site-packages/airflow/example_dags/example_trigger_controller_dag.py
[2023-08-18 01:59:00,371] {processor.py:641} INFO - Processing file /home/guilherme/extracao-dados-twitter/venv/lib/python3.9/site-packages/airflow/example_dags/example_trigger_controller_dag.py for tasks to queue
[2023-08-18 01:59:00,372] {logging_mixin.py:115} INFO - [2023-08-18 01:59:00,372] {dagbag.py:507} INFO - Filling up the DagBag from /home/guilherme/extracao-dados-twitter/venv/lib/python3.9/site-packages/airflow/example_dags/example_trigger_controller_dag.py
[2023-08-18 01:59:00,377] {processor.py:651} INFO - DAG(s) dict_keys(['example_trigger_controller_dag']) retrieved from /home/guilherme/extracao-dados-twitter/venv/lib/python3.9/site-packages/airflow/example_dags/example_trigger_controller_dag.py
[2023-08-18 01:59:00,400] {logging_mixin.py:115} INFO - [2023-08-18 01:59:00,400] {dag.py:2379} INFO - Sync 1 DAGs
[2023-08-18 01:59:00,421] {logging_mixin.py:115} INFO - [2023-08-18 01:59:00,421] {dag.py:2927} INFO - Setting next_dagrun for example_trigger_controller_dag to 2021-01-01T00:00:00+00:00, run_after=2021-01-01T00:00:00+00:00
[2023-08-18 01:59:00,458] {processor.py:161} INFO - Processing /home/guilherme/extracao-dados-twitter/venv/lib/python3.9/site-packages/airflow/example_dags/example_trigger_controller_dag.py took 0.092 seconds
