[2023-08-18 01:56:51,424] {processor.py:153} INFO - Started process (PID=3586) to work on /home/guilherme/extracao-dados-twitter/venv/lib/python3.9/site-packages/airflow/example_dags/example_branch_datetime_operator.py
[2023-08-18 01:56:51,425] {processor.py:641} INFO - Processing file /home/guilherme/extracao-dados-twitter/venv/lib/python3.9/site-packages/airflow/example_dags/example_branch_datetime_operator.py for tasks to queue
[2023-08-18 01:56:51,425] {logging_mixin.py:115} INFO - [2023-08-18 01:56:51,425] {dagbag.py:507} INFO - Filling up the DagBag from /home/guilherme/extracao-dados-twitter/venv/lib/python3.9/site-packages/airflow/example_dags/example_branch_datetime_operator.py
[2023-08-18 01:56:51,435] {processor.py:651} INFO - DAG(s) dict_keys(['example_branch_datetime_operator_2']) retrieved from /home/guilherme/extracao-dados-twitter/venv/lib/python3.9/site-packages/airflow/example_dags/example_branch_datetime_operator.py
[2023-08-18 01:56:51,555] {logging_mixin.py:115} INFO - [2023-08-18 01:56:51,554] {manager.py:508} INFO - Created Permission View: can edit on DAG:example_branch_datetime_operator_2
[2023-08-18 01:56:51,579] {logging_mixin.py:115} INFO - [2023-08-18 01:56:51,579] {manager.py:508} INFO - Created Permission View: can delete on DAG:example_branch_datetime_operator_2
[2023-08-18 01:56:51,602] {logging_mixin.py:115} INFO - [2023-08-18 01:56:51,602] {manager.py:508} INFO - Created Permission View: can read on DAG:example_branch_datetime_operator_2
[2023-08-18 01:56:51,602] {logging_mixin.py:115} INFO - [2023-08-18 01:56:51,602] {dag.py:2379} INFO - Sync 1 DAGs
[2023-08-18 01:56:51,613] {logging_mixin.py:115} INFO - [2023-08-18 01:56:51,613] {dag.py:2398} INFO - Creating ORM DAG for example_branch_datetime_operator_2
[2023-08-18 01:56:51,626] {logging_mixin.py:115} INFO - [2023-08-18 01:56:51,626] {dag.py:2927} INFO - Setting next_dagrun for example_branch_datetime_operator_2 to 2023-08-17T00:00:00+00:00, run_after=2023-08-18T00:00:00+00:00
[2023-08-18 01:56:51,658] {processor.py:161} INFO - Processing /home/guilherme/extracao-dados-twitter/venv/lib/python3.9/site-packages/airflow/example_dags/example_branch_datetime_operator.py took 0.238 seconds
[2023-08-18 01:57:26,824] {processor.py:153} INFO - Started process (PID=3827) to work on /home/guilherme/extracao-dados-twitter/venv/lib/python3.9/site-packages/airflow/example_dags/example_branch_datetime_operator.py
[2023-08-18 01:57:26,825] {processor.py:641} INFO - Processing file /home/guilherme/extracao-dados-twitter/venv/lib/python3.9/site-packages/airflow/example_dags/example_branch_datetime_operator.py for tasks to queue
[2023-08-18 01:57:26,826] {logging_mixin.py:115} INFO - [2023-08-18 01:57:26,825] {dagbag.py:507} INFO - Filling up the DagBag from /home/guilherme/extracao-dados-twitter/venv/lib/python3.9/site-packages/airflow/example_dags/example_branch_datetime_operator.py
[2023-08-18 01:57:26,836] {processor.py:651} INFO - DAG(s) dict_keys(['example_branch_datetime_operator_2']) retrieved from /home/guilherme/extracao-dados-twitter/venv/lib/python3.9/site-packages/airflow/example_dags/example_branch_datetime_operator.py
[2023-08-18 01:57:26,865] {logging_mixin.py:115} INFO - [2023-08-18 01:57:26,865] {dag.py:2379} INFO - Sync 1 DAGs
[2023-08-18 01:57:26,892] {logging_mixin.py:115} INFO - [2023-08-18 01:57:26,892] {dag.py:2927} INFO - Setting next_dagrun for example_branch_datetime_operator_2 to 2023-08-17T00:00:00+00:00, run_after=2023-08-18T00:00:00+00:00
[2023-08-18 01:57:26,920] {processor.py:161} INFO - Processing /home/guilherme/extracao-dados-twitter/venv/lib/python3.9/site-packages/airflow/example_dags/example_branch_datetime_operator.py took 0.100 seconds
[2023-08-18 01:58:04,193] {processor.py:153} INFO - Started process (PID=4073) to work on /home/guilherme/extracao-dados-twitter/venv/lib/python3.9/site-packages/airflow/example_dags/example_branch_datetime_operator.py
[2023-08-18 01:58:04,194] {processor.py:641} INFO - Processing file /home/guilherme/extracao-dados-twitter/venv/lib/python3.9/site-packages/airflow/example_dags/example_branch_datetime_operator.py for tasks to queue
[2023-08-18 01:58:04,194] {logging_mixin.py:115} INFO - [2023-08-18 01:58:04,194] {dagbag.py:507} INFO - Filling up the DagBag from /home/guilherme/extracao-dados-twitter/venv/lib/python3.9/site-packages/airflow/example_dags/example_branch_datetime_operator.py
[2023-08-18 01:58:04,204] {processor.py:651} INFO - DAG(s) dict_keys(['example_branch_datetime_operator_2']) retrieved from /home/guilherme/extracao-dados-twitter/venv/lib/python3.9/site-packages/airflow/example_dags/example_branch_datetime_operator.py
[2023-08-18 01:58:04,225] {logging_mixin.py:115} INFO - [2023-08-18 01:58:04,224] {dag.py:2379} INFO - Sync 1 DAGs
[2023-08-18 01:58:04,257] {logging_mixin.py:115} INFO - [2023-08-18 01:58:04,257] {dag.py:2927} INFO - Setting next_dagrun for example_branch_datetime_operator_2 to 2023-08-17T00:00:00+00:00, run_after=2023-08-18T00:00:00+00:00
[2023-08-18 01:58:04,296] {processor.py:161} INFO - Processing /home/guilherme/extracao-dados-twitter/venv/lib/python3.9/site-packages/airflow/example_dags/example_branch_datetime_operator.py took 0.107 seconds
[2023-08-18 01:58:38,247] {processor.py:153} INFO - Started process (PID=4107) to work on /home/guilherme/extracao-dados-twitter/venv/lib/python3.9/site-packages/airflow/example_dags/example_branch_datetime_operator.py
[2023-08-18 01:58:38,248] {processor.py:641} INFO - Processing file /home/guilherme/extracao-dados-twitter/venv/lib/python3.9/site-packages/airflow/example_dags/example_branch_datetime_operator.py for tasks to queue
[2023-08-18 01:58:38,248] {logging_mixin.py:115} INFO - [2023-08-18 01:58:38,248] {dagbag.py:507} INFO - Filling up the DagBag from /home/guilherme/extracao-dados-twitter/venv/lib/python3.9/site-packages/airflow/example_dags/example_branch_datetime_operator.py
[2023-08-18 01:58:38,259] {processor.py:651} INFO - DAG(s) dict_keys(['example_branch_datetime_operator_2']) retrieved from /home/guilherme/extracao-dados-twitter/venv/lib/python3.9/site-packages/airflow/example_dags/example_branch_datetime_operator.py
[2023-08-18 01:58:38,284] {logging_mixin.py:115} INFO - [2023-08-18 01:58:38,284] {dag.py:2379} INFO - Sync 1 DAGs
[2023-08-18 01:58:38,307] {logging_mixin.py:115} INFO - [2023-08-18 01:58:38,307] {dag.py:2927} INFO - Setting next_dagrun for example_branch_datetime_operator_2 to 2023-08-17T00:00:00+00:00, run_after=2023-08-18T00:00:00+00:00
[2023-08-18 01:58:38,344] {processor.py:161} INFO - Processing /home/guilherme/extracao-dados-twitter/venv/lib/python3.9/site-packages/airflow/example_dags/example_branch_datetime_operator.py took 0.100 seconds
[2023-08-18 02:02:10,459] {processor.py:153} INFO - Started process (PID=4977) to work on /home/guilherme/extracao-dados-twitter/venv/lib/python3.9/site-packages/airflow/example_dags/example_branch_datetime_operator.py
[2023-08-18 02:02:10,460] {processor.py:641} INFO - Processing file /home/guilherme/extracao-dados-twitter/venv/lib/python3.9/site-packages/airflow/example_dags/example_branch_datetime_operator.py for tasks to queue
[2023-08-18 02:02:10,460] {logging_mixin.py:115} INFO - [2023-08-18 02:02:10,460] {dagbag.py:507} INFO - Filling up the DagBag from /home/guilherme/extracao-dados-twitter/venv/lib/python3.9/site-packages/airflow/example_dags/example_branch_datetime_operator.py
[2023-08-18 02:02:10,470] {processor.py:651} INFO - DAG(s) dict_keys(['example_branch_datetime_operator_2']) retrieved from /home/guilherme/extracao-dados-twitter/venv/lib/python3.9/site-packages/airflow/example_dags/example_branch_datetime_operator.py
[2023-08-18 02:02:10,489] {logging_mixin.py:115} INFO - [2023-08-18 02:02:10,489] {dag.py:2379} INFO - Sync 1 DAGs
[2023-08-18 02:02:10,525] {logging_mixin.py:115} INFO - [2023-08-18 02:02:10,525] {dag.py:2927} INFO - Setting next_dagrun for example_branch_datetime_operator_2 to 2023-08-17T00:00:00+00:00, run_after=2023-08-18T00:00:00+00:00
[2023-08-18 02:02:10,605] {processor.py:161} INFO - Processing /home/guilherme/extracao-dados-twitter/venv/lib/python3.9/site-packages/airflow/example_dags/example_branch_datetime_operator.py took 0.150 seconds
[2023-08-18 02:02:45,423] {processor.py:153} INFO - Started process (PID=5018) to work on /home/guilherme/extracao-dados-twitter/venv/lib/python3.9/site-packages/airflow/example_dags/example_branch_datetime_operator.py
[2023-08-18 02:02:45,423] {processor.py:641} INFO - Processing file /home/guilherme/extracao-dados-twitter/venv/lib/python3.9/site-packages/airflow/example_dags/example_branch_datetime_operator.py for tasks to queue
[2023-08-18 02:02:45,424] {logging_mixin.py:115} INFO - [2023-08-18 02:02:45,424] {dagbag.py:507} INFO - Filling up the DagBag from /home/guilherme/extracao-dados-twitter/venv/lib/python3.9/site-packages/airflow/example_dags/example_branch_datetime_operator.py
[2023-08-18 02:02:45,434] {processor.py:651} INFO - DAG(s) dict_keys(['example_branch_datetime_operator_2']) retrieved from /home/guilherme/extracao-dados-twitter/venv/lib/python3.9/site-packages/airflow/example_dags/example_branch_datetime_operator.py
[2023-08-18 02:02:45,452] {logging_mixin.py:115} INFO - [2023-08-18 02:02:45,452] {dag.py:2379} INFO - Sync 1 DAGs
[2023-08-18 02:02:45,475] {logging_mixin.py:115} INFO - [2023-08-18 02:02:45,475] {dag.py:2927} INFO - Setting next_dagrun for example_branch_datetime_operator_2 to 2023-08-17T00:00:00+00:00, run_after=2023-08-18T00:00:00+00:00
[2023-08-18 02:02:45,509] {processor.py:161} INFO - Processing /home/guilherme/extracao-dados-twitter/venv/lib/python3.9/site-packages/airflow/example_dags/example_branch_datetime_operator.py took 0.091 seconds
[2023-08-18 02:03:20,574] {processor.py:153} INFO - Started process (PID=5054) to work on /home/guilherme/extracao-dados-twitter/venv/lib/python3.9/site-packages/airflow/example_dags/example_branch_datetime_operator.py
[2023-08-18 02:03:20,575] {processor.py:641} INFO - Processing file /home/guilherme/extracao-dados-twitter/venv/lib/python3.9/site-packages/airflow/example_dags/example_branch_datetime_operator.py for tasks to queue
[2023-08-18 02:03:20,576] {logging_mixin.py:115} INFO - [2023-08-18 02:03:20,576] {dagbag.py:507} INFO - Filling up the DagBag from /home/guilherme/extracao-dados-twitter/venv/lib/python3.9/site-packages/airflow/example_dags/example_branch_datetime_operator.py
[2023-08-18 02:03:20,586] {processor.py:651} INFO - DAG(s) dict_keys(['example_branch_datetime_operator_2']) retrieved from /home/guilherme/extracao-dados-twitter/venv/lib/python3.9/site-packages/airflow/example_dags/example_branch_datetime_operator.py
[2023-08-18 02:03:20,606] {logging_mixin.py:115} INFO - [2023-08-18 02:03:20,605] {dag.py:2379} INFO - Sync 1 DAGs
[2023-08-18 02:03:20,628] {logging_mixin.py:115} INFO - [2023-08-18 02:03:20,628] {dag.py:2927} INFO - Setting next_dagrun for example_branch_datetime_operator_2 to 2023-08-17T00:00:00+00:00, run_after=2023-08-18T00:00:00+00:00
[2023-08-18 02:03:20,661] {processor.py:161} INFO - Processing /home/guilherme/extracao-dados-twitter/venv/lib/python3.9/site-packages/airflow/example_dags/example_branch_datetime_operator.py took 0.091 seconds
[2023-08-18 02:03:55,686] {processor.py:153} INFO - Started process (PID=5088) to work on /home/guilherme/extracao-dados-twitter/venv/lib/python3.9/site-packages/airflow/example_dags/example_branch_datetime_operator.py
[2023-08-18 02:03:55,687] {processor.py:641} INFO - Processing file /home/guilherme/extracao-dados-twitter/venv/lib/python3.9/site-packages/airflow/example_dags/example_branch_datetime_operator.py for tasks to queue
[2023-08-18 02:03:55,688] {logging_mixin.py:115} INFO - [2023-08-18 02:03:55,688] {dagbag.py:507} INFO - Filling up the DagBag from /home/guilherme/extracao-dados-twitter/venv/lib/python3.9/site-packages/airflow/example_dags/example_branch_datetime_operator.py
[2023-08-18 02:03:55,698] {processor.py:651} INFO - DAG(s) dict_keys(['example_branch_datetime_operator_2']) retrieved from /home/guilherme/extracao-dados-twitter/venv/lib/python3.9/site-packages/airflow/example_dags/example_branch_datetime_operator.py
[2023-08-18 02:03:55,717] {logging_mixin.py:115} INFO - [2023-08-18 02:03:55,717] {dag.py:2379} INFO - Sync 1 DAGs
[2023-08-18 02:03:55,739] {logging_mixin.py:115} INFO - [2023-08-18 02:03:55,739] {dag.py:2927} INFO - Setting next_dagrun for example_branch_datetime_operator_2 to 2023-08-17T00:00:00+00:00, run_after=2023-08-18T00:00:00+00:00
[2023-08-18 02:03:55,767] {processor.py:161} INFO - Processing /home/guilherme/extracao-dados-twitter/venv/lib/python3.9/site-packages/airflow/example_dags/example_branch_datetime_operator.py took 0.085 seconds
[2023-08-18 02:04:32,415] {processor.py:153} INFO - Started process (PID=5277) to work on /home/guilherme/extracao-dados-twitter/venv/lib/python3.9/site-packages/airflow/example_dags/example_branch_datetime_operator.py
[2023-08-18 02:04:32,415] {processor.py:641} INFO - Processing file /home/guilherme/extracao-dados-twitter/venv/lib/python3.9/site-packages/airflow/example_dags/example_branch_datetime_operator.py for tasks to queue
[2023-08-18 02:04:32,416] {logging_mixin.py:115} INFO - [2023-08-18 02:04:32,416] {dagbag.py:507} INFO - Filling up the DagBag from /home/guilherme/extracao-dados-twitter/venv/lib/python3.9/site-packages/airflow/example_dags/example_branch_datetime_operator.py
[2023-08-18 02:04:32,430] {processor.py:651} INFO - DAG(s) dict_keys(['example_branch_datetime_operator_2']) retrieved from /home/guilherme/extracao-dados-twitter/venv/lib/python3.9/site-packages/airflow/example_dags/example_branch_datetime_operator.py
[2023-08-18 02:04:32,450] {logging_mixin.py:115} INFO - [2023-08-18 02:04:32,450] {dag.py:2379} INFO - Sync 1 DAGs
[2023-08-18 02:04:32,471] {logging_mixin.py:115} INFO - [2023-08-18 02:04:32,471] {dag.py:2927} INFO - Setting next_dagrun for example_branch_datetime_operator_2 to 2023-08-17T00:00:00+00:00, run_after=2023-08-18T00:00:00+00:00
[2023-08-18 02:04:32,507] {processor.py:161} INFO - Processing /home/guilherme/extracao-dados-twitter/venv/lib/python3.9/site-packages/airflow/example_dags/example_branch_datetime_operator.py took 0.097 seconds
[2023-08-18 02:05:06,509] {processor.py:153} INFO - Started process (PID=5466) to work on /home/guilherme/extracao-dados-twitter/venv/lib/python3.9/site-packages/airflow/example_dags/example_branch_datetime_operator.py
[2023-08-18 02:05:06,509] {processor.py:641} INFO - Processing file /home/guilherme/extracao-dados-twitter/venv/lib/python3.9/site-packages/airflow/example_dags/example_branch_datetime_operator.py for tasks to queue
[2023-08-18 02:05:06,510] {logging_mixin.py:115} INFO - [2023-08-18 02:05:06,510] {dagbag.py:507} INFO - Filling up the DagBag from /home/guilherme/extracao-dados-twitter/venv/lib/python3.9/site-packages/airflow/example_dags/example_branch_datetime_operator.py
[2023-08-18 02:05:06,520] {processor.py:651} INFO - DAG(s) dict_keys(['example_branch_datetime_operator_2']) retrieved from /home/guilherme/extracao-dados-twitter/venv/lib/python3.9/site-packages/airflow/example_dags/example_branch_datetime_operator.py
[2023-08-18 02:05:06,540] {logging_mixin.py:115} INFO - [2023-08-18 02:05:06,540] {dag.py:2379} INFO - Sync 1 DAGs
[2023-08-18 02:05:06,565] {logging_mixin.py:115} INFO - [2023-08-18 02:05:06,565] {dag.py:2927} INFO - Setting next_dagrun for example_branch_datetime_operator_2 to 2023-08-17T00:00:00+00:00, run_after=2023-08-18T00:00:00+00:00
[2023-08-18 02:05:06,594] {processor.py:161} INFO - Processing /home/guilherme/extracao-dados-twitter/venv/lib/python3.9/site-packages/airflow/example_dags/example_branch_datetime_operator.py took 0.089 seconds
[2023-08-18 02:05:41,396] {processor.py:153} INFO - Started process (PID=5503) to work on /home/guilherme/extracao-dados-twitter/venv/lib/python3.9/site-packages/airflow/example_dags/example_branch_datetime_operator.py
[2023-08-18 02:05:41,396] {processor.py:641} INFO - Processing file /home/guilherme/extracao-dados-twitter/venv/lib/python3.9/site-packages/airflow/example_dags/example_branch_datetime_operator.py for tasks to queue
[2023-08-18 02:05:41,397] {logging_mixin.py:115} INFO - [2023-08-18 02:05:41,397] {dagbag.py:507} INFO - Filling up the DagBag from /home/guilherme/extracao-dados-twitter/venv/lib/python3.9/site-packages/airflow/example_dags/example_branch_datetime_operator.py
[2023-08-18 02:05:41,406] {processor.py:651} INFO - DAG(s) dict_keys(['example_branch_datetime_operator_2']) retrieved from /home/guilherme/extracao-dados-twitter/venv/lib/python3.9/site-packages/airflow/example_dags/example_branch_datetime_operator.py
[2023-08-18 02:05:41,425] {logging_mixin.py:115} INFO - [2023-08-18 02:05:41,425] {dag.py:2379} INFO - Sync 1 DAGs
[2023-08-18 02:05:41,448] {logging_mixin.py:115} INFO - [2023-08-18 02:05:41,448] {dag.py:2927} INFO - Setting next_dagrun for example_branch_datetime_operator_2 to 2023-08-17T00:00:00+00:00, run_after=2023-08-18T00:00:00+00:00
[2023-08-18 02:05:41,471] {processor.py:161} INFO - Processing /home/guilherme/extracao-dados-twitter/venv/lib/python3.9/site-packages/airflow/example_dags/example_branch_datetime_operator.py took 0.079 seconds
[2023-08-18 17:08:47,105] {processor.py:153} INFO - Started process (PID=5042) to work on /home/guilherme/airflow/venv/lib/python3.9/site-packages/airflow/example_dags/example_branch_datetime_operator.py
[2023-08-18 17:08:47,111] {processor.py:641} INFO - Processing file /home/guilherme/airflow/venv/lib/python3.9/site-packages/airflow/example_dags/example_branch_datetime_operator.py for tasks to queue
[2023-08-18 17:08:47,112] {logging_mixin.py:115} INFO - [2023-08-18 17:08:47,112] {dagbag.py:507} INFO - Filling up the DagBag from /home/guilherme/airflow/venv/lib/python3.9/site-packages/airflow/example_dags/example_branch_datetime_operator.py
[2023-08-18 17:08:47,120] {processor.py:651} INFO - DAG(s) dict_keys(['example_branch_datetime_operator_2']) retrieved from /home/guilherme/airflow/venv/lib/python3.9/site-packages/airflow/example_dags/example_branch_datetime_operator.py
[2023-08-18 17:08:47,161] {logging_mixin.py:115} INFO - [2023-08-18 17:08:47,161] {dag.py:2379} INFO - Sync 1 DAGs
[2023-08-18 17:08:47,176] {logging_mixin.py:115} INFO - [2023-08-18 17:08:47,175] {dag.py:2927} INFO - Setting next_dagrun for example_branch_datetime_operator_2 to 2023-08-17T00:00:00+00:00, run_after=2023-08-18T00:00:00+00:00
[2023-08-18 17:08:47,299] {processor.py:161} INFO - Processing /home/guilherme/airflow/venv/lib/python3.9/site-packages/airflow/example_dags/example_branch_datetime_operator.py took 0.197 seconds
[2023-08-18 17:09:25,262] {processor.py:153} INFO - Started process (PID=5077) to work on /home/guilherme/airflow/venv/lib/python3.9/site-packages/airflow/example_dags/example_branch_datetime_operator.py
[2023-08-18 17:09:25,263] {processor.py:641} INFO - Processing file /home/guilherme/airflow/venv/lib/python3.9/site-packages/airflow/example_dags/example_branch_datetime_operator.py for tasks to queue
[2023-08-18 17:09:25,264] {logging_mixin.py:115} INFO - [2023-08-18 17:09:25,264] {dagbag.py:507} INFO - Filling up the DagBag from /home/guilherme/airflow/venv/lib/python3.9/site-packages/airflow/example_dags/example_branch_datetime_operator.py
[2023-08-18 17:09:25,276] {processor.py:651} INFO - DAG(s) dict_keys(['example_branch_datetime_operator_2']) retrieved from /home/guilherme/airflow/venv/lib/python3.9/site-packages/airflow/example_dags/example_branch_datetime_operator.py
[2023-08-18 17:09:25,293] {logging_mixin.py:115} INFO - [2023-08-18 17:09:25,293] {dag.py:2379} INFO - Sync 1 DAGs
[2023-08-18 17:09:25,320] {logging_mixin.py:115} INFO - [2023-08-18 17:09:25,320] {dag.py:2927} INFO - Setting next_dagrun for example_branch_datetime_operator_2 to 2023-08-17T00:00:00+00:00, run_after=2023-08-18T00:00:00+00:00
[2023-08-18 17:09:25,341] {processor.py:161} INFO - Processing /home/guilherme/airflow/venv/lib/python3.9/site-packages/airflow/example_dags/example_branch_datetime_operator.py took 0.084 seconds
[2023-08-18 17:09:59,906] {processor.py:153} INFO - Started process (PID=5112) to work on /home/guilherme/airflow/venv/lib/python3.9/site-packages/airflow/example_dags/example_branch_datetime_operator.py
[2023-08-18 17:09:59,907] {processor.py:641} INFO - Processing file /home/guilherme/airflow/venv/lib/python3.9/site-packages/airflow/example_dags/example_branch_datetime_operator.py for tasks to queue
[2023-08-18 17:09:59,907] {logging_mixin.py:115} INFO - [2023-08-18 17:09:59,907] {dagbag.py:507} INFO - Filling up the DagBag from /home/guilherme/airflow/venv/lib/python3.9/site-packages/airflow/example_dags/example_branch_datetime_operator.py
[2023-08-18 17:09:59,916] {processor.py:651} INFO - DAG(s) dict_keys(['example_branch_datetime_operator_2']) retrieved from /home/guilherme/airflow/venv/lib/python3.9/site-packages/airflow/example_dags/example_branch_datetime_operator.py
[2023-08-18 17:09:59,935] {logging_mixin.py:115} INFO - [2023-08-18 17:09:59,935] {dag.py:2379} INFO - Sync 1 DAGs
[2023-08-18 17:09:59,957] {logging_mixin.py:115} INFO - [2023-08-18 17:09:59,957] {dag.py:2927} INFO - Setting next_dagrun for example_branch_datetime_operator_2 to 2023-08-17T00:00:00+00:00, run_after=2023-08-18T00:00:00+00:00
[2023-08-18 17:09:59,987] {processor.py:161} INFO - Processing /home/guilherme/airflow/venv/lib/python3.9/site-packages/airflow/example_dags/example_branch_datetime_operator.py took 0.085 seconds
[2023-08-18 17:10:40,703] {processor.py:153} INFO - Started process (PID=5152) to work on /home/guilherme/airflow/venv/lib/python3.9/site-packages/airflow/example_dags/example_branch_datetime_operator.py
[2023-08-18 17:10:40,703] {processor.py:641} INFO - Processing file /home/guilherme/airflow/venv/lib/python3.9/site-packages/airflow/example_dags/example_branch_datetime_operator.py for tasks to queue
[2023-08-18 17:10:40,704] {logging_mixin.py:115} INFO - [2023-08-18 17:10:40,704] {dagbag.py:507} INFO - Filling up the DagBag from /home/guilherme/airflow/venv/lib/python3.9/site-packages/airflow/example_dags/example_branch_datetime_operator.py
[2023-08-18 17:10:40,712] {processor.py:651} INFO - DAG(s) dict_keys(['example_branch_datetime_operator_2']) retrieved from /home/guilherme/airflow/venv/lib/python3.9/site-packages/airflow/example_dags/example_branch_datetime_operator.py
[2023-08-18 17:10:40,729] {logging_mixin.py:115} INFO - [2023-08-18 17:10:40,729] {dag.py:2379} INFO - Sync 1 DAGs
[2023-08-18 17:10:40,749] {logging_mixin.py:115} INFO - [2023-08-18 17:10:40,749] {dag.py:2927} INFO - Setting next_dagrun for example_branch_datetime_operator_2 to 2023-08-17T00:00:00+00:00, run_after=2023-08-18T00:00:00+00:00
[2023-08-18 17:10:40,857] {processor.py:161} INFO - Processing /home/guilherme/airflow/venv/lib/python3.9/site-packages/airflow/example_dags/example_branch_datetime_operator.py took 0.158 seconds
[2023-08-18 17:11:20,353] {processor.py:153} INFO - Started process (PID=5187) to work on /home/guilherme/airflow/venv/lib/python3.9/site-packages/airflow/example_dags/example_branch_datetime_operator.py
[2023-08-18 17:11:20,354] {processor.py:641} INFO - Processing file /home/guilherme/airflow/venv/lib/python3.9/site-packages/airflow/example_dags/example_branch_datetime_operator.py for tasks to queue
[2023-08-18 17:11:20,354] {logging_mixin.py:115} INFO - [2023-08-18 17:11:20,354] {dagbag.py:507} INFO - Filling up the DagBag from /home/guilherme/airflow/venv/lib/python3.9/site-packages/airflow/example_dags/example_branch_datetime_operator.py
[2023-08-18 17:11:20,362] {processor.py:651} INFO - DAG(s) dict_keys(['example_branch_datetime_operator_2']) retrieved from /home/guilherme/airflow/venv/lib/python3.9/site-packages/airflow/example_dags/example_branch_datetime_operator.py
[2023-08-18 17:11:20,378] {logging_mixin.py:115} INFO - [2023-08-18 17:11:20,378] {dag.py:2379} INFO - Sync 1 DAGs
[2023-08-18 17:11:20,397] {logging_mixin.py:115} INFO - [2023-08-18 17:11:20,397] {dag.py:2927} INFO - Setting next_dagrun for example_branch_datetime_operator_2 to 2023-08-17T00:00:00+00:00, run_after=2023-08-18T00:00:00+00:00
[2023-08-18 17:11:20,418] {processor.py:161} INFO - Processing /home/guilherme/airflow/venv/lib/python3.9/site-packages/airflow/example_dags/example_branch_datetime_operator.py took 0.068 seconds
[2023-08-18 17:11:53,634] {processor.py:153} INFO - Started process (PID=5533) to work on /home/guilherme/airflow/venv/lib/python3.9/site-packages/airflow/example_dags/example_branch_datetime_operator.py
[2023-08-18 17:11:53,634] {processor.py:641} INFO - Processing file /home/guilherme/airflow/venv/lib/python3.9/site-packages/airflow/example_dags/example_branch_datetime_operator.py for tasks to queue
[2023-08-18 17:11:53,635] {logging_mixin.py:115} INFO - [2023-08-18 17:11:53,635] {dagbag.py:507} INFO - Filling up the DagBag from /home/guilherme/airflow/venv/lib/python3.9/site-packages/airflow/example_dags/example_branch_datetime_operator.py
[2023-08-18 17:11:53,643] {processor.py:651} INFO - DAG(s) dict_keys(['example_branch_datetime_operator_2']) retrieved from /home/guilherme/airflow/venv/lib/python3.9/site-packages/airflow/example_dags/example_branch_datetime_operator.py
[2023-08-18 17:11:53,659] {logging_mixin.py:115} INFO - [2023-08-18 17:11:53,659] {dag.py:2379} INFO - Sync 1 DAGs
[2023-08-18 17:11:53,681] {logging_mixin.py:115} INFO - [2023-08-18 17:11:53,680] {dag.py:2927} INFO - Setting next_dagrun for example_branch_datetime_operator_2 to 2023-08-17T00:00:00+00:00, run_after=2023-08-18T00:00:00+00:00
[2023-08-18 17:11:53,706] {processor.py:161} INFO - Processing /home/guilherme/airflow/venv/lib/python3.9/site-packages/airflow/example_dags/example_branch_datetime_operator.py took 0.076 seconds
[2023-08-18 17:12:26,926] {processor.py:153} INFO - Started process (PID=5619) to work on /home/guilherme/airflow/venv/lib/python3.9/site-packages/airflow/example_dags/example_branch_datetime_operator.py
[2023-08-18 17:12:26,927] {processor.py:641} INFO - Processing file /home/guilherme/airflow/venv/lib/python3.9/site-packages/airflow/example_dags/example_branch_datetime_operator.py for tasks to queue
[2023-08-18 17:12:26,927] {logging_mixin.py:115} INFO - [2023-08-18 17:12:26,927] {dagbag.py:507} INFO - Filling up the DagBag from /home/guilherme/airflow/venv/lib/python3.9/site-packages/airflow/example_dags/example_branch_datetime_operator.py
[2023-08-18 17:12:26,935] {processor.py:651} INFO - DAG(s) dict_keys(['example_branch_datetime_operator_2']) retrieved from /home/guilherme/airflow/venv/lib/python3.9/site-packages/airflow/example_dags/example_branch_datetime_operator.py
[2023-08-18 17:12:26,952] {logging_mixin.py:115} INFO - [2023-08-18 17:12:26,951] {dag.py:2379} INFO - Sync 1 DAGs
[2023-08-18 17:12:26,972] {logging_mixin.py:115} INFO - [2023-08-18 17:12:26,972] {dag.py:2927} INFO - Setting next_dagrun for example_branch_datetime_operator_2 to 2023-08-17T00:00:00+00:00, run_after=2023-08-18T00:00:00+00:00
[2023-08-18 17:12:26,992] {processor.py:161} INFO - Processing /home/guilherme/airflow/venv/lib/python3.9/site-packages/airflow/example_dags/example_branch_datetime_operator.py took 0.070 seconds
[2023-08-18 17:12:59,815] {processor.py:153} INFO - Started process (PID=5707) to work on /home/guilherme/airflow/venv/lib/python3.9/site-packages/airflow/example_dags/example_branch_datetime_operator.py
[2023-08-18 17:12:59,816] {processor.py:641} INFO - Processing file /home/guilherme/airflow/venv/lib/python3.9/site-packages/airflow/example_dags/example_branch_datetime_operator.py for tasks to queue
[2023-08-18 17:12:59,816] {logging_mixin.py:115} INFO - [2023-08-18 17:12:59,816] {dagbag.py:507} INFO - Filling up the DagBag from /home/guilherme/airflow/venv/lib/python3.9/site-packages/airflow/example_dags/example_branch_datetime_operator.py
[2023-08-18 17:12:59,825] {processor.py:651} INFO - DAG(s) dict_keys(['example_branch_datetime_operator_2']) retrieved from /home/guilherme/airflow/venv/lib/python3.9/site-packages/airflow/example_dags/example_branch_datetime_operator.py
[2023-08-18 17:12:59,841] {logging_mixin.py:115} INFO - [2023-08-18 17:12:59,841] {dag.py:2379} INFO - Sync 1 DAGs
[2023-08-18 17:12:59,863] {logging_mixin.py:115} INFO - [2023-08-18 17:12:59,862] {dag.py:2927} INFO - Setting next_dagrun for example_branch_datetime_operator_2 to 2023-08-17T00:00:00+00:00, run_after=2023-08-18T00:00:00+00:00
[2023-08-18 17:12:59,887] {processor.py:161} INFO - Processing /home/guilherme/airflow/venv/lib/python3.9/site-packages/airflow/example_dags/example_branch_datetime_operator.py took 0.075 seconds
