[2023-08-18 01:56:40,083] {processor.py:153} INFO - Started process (PID=3575) to work on /home/guilherme/extracao-dados-twitter/venv/lib/python3.9/site-packages/airflow/example_dags/example_task_group.py
[2023-08-18 01:56:40,084] {processor.py:641} INFO - Processing file /home/guilherme/extracao-dados-twitter/venv/lib/python3.9/site-packages/airflow/example_dags/example_task_group.py for tasks to queue
[2023-08-18 01:56:40,084] {logging_mixin.py:115} INFO - [2023-08-18 01:56:40,084] {dagbag.py:507} INFO - Filling up the DagBag from /home/guilherme/extracao-dados-twitter/venv/lib/python3.9/site-packages/airflow/example_dags/example_task_group.py
[2023-08-18 01:56:40,092] {processor.py:651} INFO - DAG(s) dict_keys(['example_task_group']) retrieved from /home/guilherme/extracao-dados-twitter/venv/lib/python3.9/site-packages/airflow/example_dags/example_task_group.py
[2023-08-18 01:56:40,214] {logging_mixin.py:115} INFO - [2023-08-18 01:56:40,213] {manager.py:508} INFO - Created Permission View: can edit on DAG:example_task_group
[2023-08-18 01:56:40,249] {logging_mixin.py:115} INFO - [2023-08-18 01:56:40,249] {manager.py:508} INFO - Created Permission View: can delete on DAG:example_task_group
[2023-08-18 01:56:40,267] {logging_mixin.py:115} INFO - [2023-08-18 01:56:40,267] {manager.py:508} INFO - Created Permission View: can read on DAG:example_task_group
[2023-08-18 01:56:40,267] {logging_mixin.py:115} INFO - [2023-08-18 01:56:40,267] {dag.py:2379} INFO - Sync 1 DAGs
[2023-08-18 01:56:40,277] {logging_mixin.py:115} INFO - [2023-08-18 01:56:40,277] {dag.py:2398} INFO - Creating ORM DAG for example_task_group
[2023-08-18 01:56:40,288] {logging_mixin.py:115} INFO - [2023-08-18 01:56:40,288] {dag.py:2927} INFO - Setting next_dagrun for example_task_group to 2023-08-17T01:56:40.288230+00:00, run_after=2023-08-18T01:56:40.288230+00:00
[2023-08-18 01:56:40,319] {processor.py:161} INFO - Processing /home/guilherme/extracao-dados-twitter/venv/lib/python3.9/site-packages/airflow/example_dags/example_task_group.py took 0.240 seconds
[2023-08-18 01:57:18,138] {processor.py:153} INFO - Started process (PID=3818) to work on /home/guilherme/extracao-dados-twitter/venv/lib/python3.9/site-packages/airflow/example_dags/example_task_group.py
[2023-08-18 01:57:18,139] {processor.py:641} INFO - Processing file /home/guilherme/extracao-dados-twitter/venv/lib/python3.9/site-packages/airflow/example_dags/example_task_group.py for tasks to queue
[2023-08-18 01:57:18,140] {logging_mixin.py:115} INFO - [2023-08-18 01:57:18,139] {dagbag.py:507} INFO - Filling up the DagBag from /home/guilherme/extracao-dados-twitter/venv/lib/python3.9/site-packages/airflow/example_dags/example_task_group.py
[2023-08-18 01:57:18,148] {processor.py:651} INFO - DAG(s) dict_keys(['example_task_group']) retrieved from /home/guilherme/extracao-dados-twitter/venv/lib/python3.9/site-packages/airflow/example_dags/example_task_group.py
[2023-08-18 01:57:18,168] {logging_mixin.py:115} INFO - [2023-08-18 01:57:18,168] {dag.py:2379} INFO - Sync 1 DAGs
[2023-08-18 01:57:18,190] {logging_mixin.py:115} INFO - [2023-08-18 01:57:18,190] {dag.py:2927} INFO - Setting next_dagrun for example_task_group to 2023-08-17T01:57:18.190104+00:00, run_after=2023-08-18T01:57:18.190104+00:00
[2023-08-18 01:57:18,218] {processor.py:161} INFO - Processing /home/guilherme/extracao-dados-twitter/venv/lib/python3.9/site-packages/airflow/example_dags/example_task_group.py took 0.084 seconds
[2023-08-18 01:57:52,721] {processor.py:153} INFO - Started process (PID=3941) to work on /home/guilherme/extracao-dados-twitter/venv/lib/python3.9/site-packages/airflow/example_dags/example_task_group.py
[2023-08-18 01:57:52,722] {processor.py:641} INFO - Processing file /home/guilherme/extracao-dados-twitter/venv/lib/python3.9/site-packages/airflow/example_dags/example_task_group.py for tasks to queue
[2023-08-18 01:57:52,723] {logging_mixin.py:115} INFO - [2023-08-18 01:57:52,723] {dagbag.py:507} INFO - Filling up the DagBag from /home/guilherme/extracao-dados-twitter/venv/lib/python3.9/site-packages/airflow/example_dags/example_task_group.py
[2023-08-18 01:57:52,737] {processor.py:651} INFO - DAG(s) dict_keys(['example_task_group']) retrieved from /home/guilherme/extracao-dados-twitter/venv/lib/python3.9/site-packages/airflow/example_dags/example_task_group.py
[2023-08-18 01:57:52,757] {logging_mixin.py:115} INFO - [2023-08-18 01:57:52,757] {dag.py:2379} INFO - Sync 1 DAGs
[2023-08-18 01:57:52,778] {logging_mixin.py:115} INFO - [2023-08-18 01:57:52,778] {dag.py:2927} INFO - Setting next_dagrun for example_task_group to 2023-08-17T01:57:52.778385+00:00, run_after=2023-08-18T01:57:52.778385+00:00
[2023-08-18 01:57:52,812] {processor.py:161} INFO - Processing /home/guilherme/extracao-dados-twitter/venv/lib/python3.9/site-packages/airflow/example_dags/example_task_group.py took 0.096 seconds
[2023-08-18 01:58:27,937] {processor.py:153} INFO - Started process (PID=4097) to work on /home/guilherme/extracao-dados-twitter/venv/lib/python3.9/site-packages/airflow/example_dags/example_task_group.py
[2023-08-18 01:58:27,938] {processor.py:641} INFO - Processing file /home/guilherme/extracao-dados-twitter/venv/lib/python3.9/site-packages/airflow/example_dags/example_task_group.py for tasks to queue
[2023-08-18 01:58:27,938] {logging_mixin.py:115} INFO - [2023-08-18 01:58:27,938] {dagbag.py:507} INFO - Filling up the DagBag from /home/guilherme/extracao-dados-twitter/venv/lib/python3.9/site-packages/airflow/example_dags/example_task_group.py
[2023-08-18 01:58:27,947] {processor.py:651} INFO - DAG(s) dict_keys(['example_task_group']) retrieved from /home/guilherme/extracao-dados-twitter/venv/lib/python3.9/site-packages/airflow/example_dags/example_task_group.py
[2023-08-18 01:58:27,968] {logging_mixin.py:115} INFO - [2023-08-18 01:58:27,967] {dag.py:2379} INFO - Sync 1 DAGs
[2023-08-18 01:58:27,990] {logging_mixin.py:115} INFO - [2023-08-18 01:58:27,990] {dag.py:2927} INFO - Setting next_dagrun for example_task_group to 2023-08-17T01:58:27.989731+00:00, run_after=2023-08-18T01:58:27.989731+00:00
[2023-08-18 01:58:28,014] {processor.py:161} INFO - Processing /home/guilherme/extracao-dados-twitter/venv/lib/python3.9/site-packages/airflow/example_dags/example_task_group.py took 0.081 seconds
[2023-08-18 01:59:02,737] {processor.py:153} INFO - Started process (PID=4132) to work on /home/guilherme/extracao-dados-twitter/venv/lib/python3.9/site-packages/airflow/example_dags/example_task_group.py
[2023-08-18 01:59:02,738] {processor.py:641} INFO - Processing file /home/guilherme/extracao-dados-twitter/venv/lib/python3.9/site-packages/airflow/example_dags/example_task_group.py for tasks to queue
[2023-08-18 01:59:02,738] {logging_mixin.py:115} INFO - [2023-08-18 01:59:02,738] {dagbag.py:507} INFO - Filling up the DagBag from /home/guilherme/extracao-dados-twitter/venv/lib/python3.9/site-packages/airflow/example_dags/example_task_group.py
[2023-08-18 01:59:02,747] {processor.py:651} INFO - DAG(s) dict_keys(['example_task_group']) retrieved from /home/guilherme/extracao-dados-twitter/venv/lib/python3.9/site-packages/airflow/example_dags/example_task_group.py
[2023-08-18 01:59:02,768] {logging_mixin.py:115} INFO - [2023-08-18 01:59:02,768] {dag.py:2379} INFO - Sync 1 DAGs
[2023-08-18 01:59:02,791] {logging_mixin.py:115} INFO - [2023-08-18 01:59:02,790] {dag.py:2927} INFO - Setting next_dagrun for example_task_group to 2023-08-17T01:59:02.790603+00:00, run_after=2023-08-18T01:59:02.790603+00:00
[2023-08-18 01:59:02,815] {processor.py:161} INFO - Processing /home/guilherme/extracao-dados-twitter/venv/lib/python3.9/site-packages/airflow/example_dags/example_task_group.py took 0.082 seconds
