[2023-08-18 01:56:21,598] {processor.py:153} INFO - Started process (PID=3509) to work on /home/guilherme/extracao-dados-twitter/venv/lib/python3.9/site-packages/airflow/example_dags/example_sla_dag.py
[2023-08-18 01:56:21,599] {processor.py:641} INFO - Processing file /home/guilherme/extracao-dados-twitter/venv/lib/python3.9/site-packages/airflow/example_dags/example_sla_dag.py for tasks to queue
[2023-08-18 01:56:21,599] {logging_mixin.py:115} INFO - [2023-08-18 01:56:21,599] {dagbag.py:507} INFO - Filling up the DagBag from /home/guilherme/extracao-dados-twitter/venv/lib/python3.9/site-packages/airflow/example_dags/example_sla_dag.py
[2023-08-18 01:56:21,694] {processor.py:651} INFO - DAG(s) dict_keys(['example_sla_dag']) retrieved from /home/guilherme/extracao-dados-twitter/venv/lib/python3.9/site-packages/airflow/example_dags/example_sla_dag.py
[2023-08-18 01:56:21,872] {logging_mixin.py:115} INFO - [2023-08-18 01:56:21,872] {manager.py:508} INFO - Created Permission View: can edit on DAG:example_sla_dag
[2023-08-18 01:56:21,902] {logging_mixin.py:115} INFO - [2023-08-18 01:56:21,902] {manager.py:508} INFO - Created Permission View: can delete on DAG:example_sla_dag
[2023-08-18 01:56:21,921] {logging_mixin.py:115} INFO - [2023-08-18 01:56:21,921] {manager.py:508} INFO - Created Permission View: can read on DAG:example_sla_dag
[2023-08-18 01:56:21,921] {logging_mixin.py:115} INFO - [2023-08-18 01:56:21,921] {dag.py:2379} INFO - Sync 1 DAGs
[2023-08-18 01:56:21,930] {logging_mixin.py:115} INFO - [2023-08-18 01:56:21,930] {dag.py:2398} INFO - Creating ORM DAG for example_sla_dag
[2023-08-18 01:56:21,944] {logging_mixin.py:115} INFO - [2023-08-18 01:56:21,944] {dag.py:2927} INFO - Setting next_dagrun for example_sla_dag to 2023-08-18T01:54:00+00:00, run_after=2023-08-18T01:56:00+00:00
[2023-08-18 01:56:21,971] {processor.py:161} INFO - Processing /home/guilherme/extracao-dados-twitter/venv/lib/python3.9/site-packages/airflow/example_dags/example_sla_dag.py took 0.394 seconds
[2023-08-18 01:57:03,006] {processor.py:153} INFO - Started process (PID=3649) to work on /home/guilherme/extracao-dados-twitter/venv/lib/python3.9/site-packages/airflow/example_dags/example_sla_dag.py
[2023-08-18 01:57:03,007] {processor.py:641} INFO - Processing file /home/guilherme/extracao-dados-twitter/venv/lib/python3.9/site-packages/airflow/example_dags/example_sla_dag.py for tasks to queue
[2023-08-18 01:57:03,008] {logging_mixin.py:115} INFO - [2023-08-18 01:57:03,008] {dagbag.py:507} INFO - Filling up the DagBag from /home/guilherme/extracao-dados-twitter/venv/lib/python3.9/site-packages/airflow/example_dags/example_sla_dag.py
[2023-08-18 01:57:03,031] {processor.py:651} INFO - DAG(s) dict_keys(['example_sla_dag']) retrieved from /home/guilherme/extracao-dados-twitter/venv/lib/python3.9/site-packages/airflow/example_dags/example_sla_dag.py
[2023-08-18 01:57:03,083] {logging_mixin.py:115} INFO - [2023-08-18 01:57:03,083] {dag.py:2379} INFO - Sync 1 DAGs
[2023-08-18 01:57:03,111] {logging_mixin.py:115} INFO - [2023-08-18 01:57:03,111] {dag.py:2927} INFO - Setting next_dagrun for example_sla_dag to 2023-08-18T01:54:00+00:00, run_after=2023-08-18T01:56:00+00:00
[2023-08-18 01:57:03,168] {processor.py:161} INFO - Processing /home/guilherme/extracao-dados-twitter/venv/lib/python3.9/site-packages/airflow/example_dags/example_sla_dag.py took 0.167 seconds
[2023-08-18 01:57:39,090] {processor.py:153} INFO - Started process (PID=3893) to work on /home/guilherme/extracao-dados-twitter/venv/lib/python3.9/site-packages/airflow/example_dags/example_sla_dag.py
[2023-08-18 01:57:39,091] {processor.py:641} INFO - Processing file /home/guilherme/extracao-dados-twitter/venv/lib/python3.9/site-packages/airflow/example_dags/example_sla_dag.py for tasks to queue
[2023-08-18 01:57:39,092] {logging_mixin.py:115} INFO - [2023-08-18 01:57:39,092] {dagbag.py:507} INFO - Filling up the DagBag from /home/guilherme/extracao-dados-twitter/venv/lib/python3.9/site-packages/airflow/example_dags/example_sla_dag.py
[2023-08-18 01:57:39,113] {processor.py:651} INFO - DAG(s) dict_keys(['example_sla_dag']) retrieved from /home/guilherme/extracao-dados-twitter/venv/lib/python3.9/site-packages/airflow/example_dags/example_sla_dag.py
[2023-08-18 01:57:39,131] {logging_mixin.py:115} INFO - [2023-08-18 01:57:39,131] {dag.py:2379} INFO - Sync 1 DAGs
[2023-08-18 01:57:39,155] {logging_mixin.py:115} INFO - [2023-08-18 01:57:39,155] {dag.py:2927} INFO - Setting next_dagrun for example_sla_dag to 2023-08-18T01:54:00+00:00, run_after=2023-08-18T01:56:00+00:00
[2023-08-18 01:57:39,180] {processor.py:161} INFO - Processing /home/guilherme/extracao-dados-twitter/venv/lib/python3.9/site-packages/airflow/example_dags/example_sla_dag.py took 0.093 seconds
[2023-08-18 01:58:14,330] {processor.py:153} INFO - Started process (PID=4083) to work on /home/guilherme/extracao-dados-twitter/venv/lib/python3.9/site-packages/airflow/example_dags/example_sla_dag.py
[2023-08-18 01:58:14,331] {processor.py:641} INFO - Processing file /home/guilherme/extracao-dados-twitter/venv/lib/python3.9/site-packages/airflow/example_dags/example_sla_dag.py for tasks to queue
[2023-08-18 01:58:14,332] {logging_mixin.py:115} INFO - [2023-08-18 01:58:14,332] {dagbag.py:507} INFO - Filling up the DagBag from /home/guilherme/extracao-dados-twitter/venv/lib/python3.9/site-packages/airflow/example_dags/example_sla_dag.py
[2023-08-18 01:58:14,353] {processor.py:651} INFO - DAG(s) dict_keys(['example_sla_dag']) retrieved from /home/guilherme/extracao-dados-twitter/venv/lib/python3.9/site-packages/airflow/example_dags/example_sla_dag.py
[2023-08-18 01:58:14,379] {logging_mixin.py:115} INFO - [2023-08-18 01:58:14,379] {dag.py:2379} INFO - Sync 1 DAGs
[2023-08-18 01:58:14,405] {logging_mixin.py:115} INFO - [2023-08-18 01:58:14,405] {dag.py:2927} INFO - Setting next_dagrun for example_sla_dag to 2023-08-18T01:56:00+00:00, run_after=2023-08-18T01:58:00+00:00
[2023-08-18 01:58:14,453] {processor.py:161} INFO - Processing /home/guilherme/extracao-dados-twitter/venv/lib/python3.9/site-packages/airflow/example_dags/example_sla_dag.py took 0.127 seconds
[2023-08-18 01:58:48,786] {processor.py:153} INFO - Started process (PID=4117) to work on /home/guilherme/extracao-dados-twitter/venv/lib/python3.9/site-packages/airflow/example_dags/example_sla_dag.py
[2023-08-18 01:58:48,787] {processor.py:641} INFO - Processing file /home/guilherme/extracao-dados-twitter/venv/lib/python3.9/site-packages/airflow/example_dags/example_sla_dag.py for tasks to queue
[2023-08-18 01:58:48,788] {logging_mixin.py:115} INFO - [2023-08-18 01:58:48,787] {dagbag.py:507} INFO - Filling up the DagBag from /home/guilherme/extracao-dados-twitter/venv/lib/python3.9/site-packages/airflow/example_dags/example_sla_dag.py
[2023-08-18 01:58:48,808] {processor.py:651} INFO - DAG(s) dict_keys(['example_sla_dag']) retrieved from /home/guilherme/extracao-dados-twitter/venv/lib/python3.9/site-packages/airflow/example_dags/example_sla_dag.py
[2023-08-18 01:58:48,827] {logging_mixin.py:115} INFO - [2023-08-18 01:58:48,827] {dag.py:2379} INFO - Sync 1 DAGs
[2023-08-18 01:58:48,852] {logging_mixin.py:115} INFO - [2023-08-18 01:58:48,852] {dag.py:2927} INFO - Setting next_dagrun for example_sla_dag to 2023-08-18T01:56:00+00:00, run_after=2023-08-18T01:58:00+00:00
[2023-08-18 01:58:48,876] {processor.py:161} INFO - Processing /home/guilherme/extracao-dados-twitter/venv/lib/python3.9/site-packages/airflow/example_dags/example_sla_dag.py took 0.096 seconds
[2023-08-18 02:01:46,878] {processor.py:153} INFO - Started process (PID=4772) to work on /home/guilherme/extracao-dados-twitter/venv/lib/python3.9/site-packages/airflow/example_dags/example_sla_dag.py
[2023-08-18 02:01:46,894] {processor.py:641} INFO - Processing file /home/guilherme/extracao-dados-twitter/venv/lib/python3.9/site-packages/airflow/example_dags/example_sla_dag.py for tasks to queue
[2023-08-18 02:01:46,895] {logging_mixin.py:115} INFO - [2023-08-18 02:01:46,895] {dagbag.py:507} INFO - Filling up the DagBag from /home/guilherme/extracao-dados-twitter/venv/lib/python3.9/site-packages/airflow/example_dags/example_sla_dag.py
[2023-08-18 02:01:46,939] {processor.py:651} INFO - DAG(s) dict_keys(['example_sla_dag']) retrieved from /home/guilherme/extracao-dados-twitter/venv/lib/python3.9/site-packages/airflow/example_dags/example_sla_dag.py
[2023-08-18 02:01:47,050] {logging_mixin.py:115} INFO - [2023-08-18 02:01:47,050] {dag.py:2379} INFO - Sync 1 DAGs
[2023-08-18 02:01:47,150] {logging_mixin.py:115} INFO - [2023-08-18 02:01:47,150] {dag.py:2927} INFO - Setting next_dagrun for example_sla_dag to 2023-08-18T01:58:00+00:00, run_after=2023-08-18T02:00:00+00:00
[2023-08-18 02:01:47,195] {processor.py:161} INFO - Processing /home/guilherme/extracao-dados-twitter/venv/lib/python3.9/site-packages/airflow/example_dags/example_sla_dag.py took 0.343 seconds
[2023-08-18 02:02:21,899] {processor.py:153} INFO - Started process (PID=4988) to work on /home/guilherme/extracao-dados-twitter/venv/lib/python3.9/site-packages/airflow/example_dags/example_sla_dag.py
[2023-08-18 02:02:21,900] {processor.py:641} INFO - Processing file /home/guilherme/extracao-dados-twitter/venv/lib/python3.9/site-packages/airflow/example_dags/example_sla_dag.py for tasks to queue
[2023-08-18 02:02:21,901] {logging_mixin.py:115} INFO - [2023-08-18 02:02:21,901] {dagbag.py:507} INFO - Filling up the DagBag from /home/guilherme/extracao-dados-twitter/venv/lib/python3.9/site-packages/airflow/example_dags/example_sla_dag.py
[2023-08-18 02:02:21,922] {processor.py:651} INFO - DAG(s) dict_keys(['example_sla_dag']) retrieved from /home/guilherme/extracao-dados-twitter/venv/lib/python3.9/site-packages/airflow/example_dags/example_sla_dag.py
[2023-08-18 02:02:21,939] {logging_mixin.py:115} INFO - [2023-08-18 02:02:21,939] {dag.py:2379} INFO - Sync 1 DAGs
[2023-08-18 02:02:21,961] {logging_mixin.py:115} INFO - [2023-08-18 02:02:21,961] {dag.py:2927} INFO - Setting next_dagrun for example_sla_dag to 2023-08-18T02:00:00+00:00, run_after=2023-08-18T02:02:00+00:00
[2023-08-18 02:02:22,000] {processor.py:161} INFO - Processing /home/guilherme/extracao-dados-twitter/venv/lib/python3.9/site-packages/airflow/example_dags/example_sla_dag.py took 0.104 seconds
[2023-08-18 02:02:56,963] {processor.py:153} INFO - Started process (PID=5029) to work on /home/guilherme/extracao-dados-twitter/venv/lib/python3.9/site-packages/airflow/example_dags/example_sla_dag.py
[2023-08-18 02:02:56,964] {processor.py:641} INFO - Processing file /home/guilherme/extracao-dados-twitter/venv/lib/python3.9/site-packages/airflow/example_dags/example_sla_dag.py for tasks to queue
[2023-08-18 02:02:56,964] {logging_mixin.py:115} INFO - [2023-08-18 02:02:56,964] {dagbag.py:507} INFO - Filling up the DagBag from /home/guilherme/extracao-dados-twitter/venv/lib/python3.9/site-packages/airflow/example_dags/example_sla_dag.py
[2023-08-18 02:02:56,985] {processor.py:651} INFO - DAG(s) dict_keys(['example_sla_dag']) retrieved from /home/guilherme/extracao-dados-twitter/venv/lib/python3.9/site-packages/airflow/example_dags/example_sla_dag.py
[2023-08-18 02:02:57,003] {logging_mixin.py:115} INFO - [2023-08-18 02:02:57,003] {dag.py:2379} INFO - Sync 1 DAGs
[2023-08-18 02:02:57,027] {logging_mixin.py:115} INFO - [2023-08-18 02:02:57,027] {dag.py:2927} INFO - Setting next_dagrun for example_sla_dag to 2023-08-18T02:00:00+00:00, run_after=2023-08-18T02:02:00+00:00
[2023-08-18 02:02:57,059] {processor.py:161} INFO - Processing /home/guilherme/extracao-dados-twitter/venv/lib/python3.9/site-packages/airflow/example_dags/example_sla_dag.py took 0.100 seconds
[2023-08-18 02:03:30,912] {processor.py:153} INFO - Started process (PID=5064) to work on /home/guilherme/extracao-dados-twitter/venv/lib/python3.9/site-packages/airflow/example_dags/example_sla_dag.py
[2023-08-18 02:03:30,917] {processor.py:641} INFO - Processing file /home/guilherme/extracao-dados-twitter/venv/lib/python3.9/site-packages/airflow/example_dags/example_sla_dag.py for tasks to queue
[2023-08-18 02:03:30,918] {logging_mixin.py:115} INFO - [2023-08-18 02:03:30,918] {dagbag.py:507} INFO - Filling up the DagBag from /home/guilherme/extracao-dados-twitter/venv/lib/python3.9/site-packages/airflow/example_dags/example_sla_dag.py
[2023-08-18 02:03:30,958] {processor.py:651} INFO - DAG(s) dict_keys(['example_sla_dag']) retrieved from /home/guilherme/extracao-dados-twitter/venv/lib/python3.9/site-packages/airflow/example_dags/example_sla_dag.py
[2023-08-18 02:03:31,058] {logging_mixin.py:115} INFO - [2023-08-18 02:03:31,058] {dag.py:2379} INFO - Sync 1 DAGs
[2023-08-18 02:03:31,116] {logging_mixin.py:115} INFO - [2023-08-18 02:03:31,115] {dag.py:2927} INFO - Setting next_dagrun for example_sla_dag to 2023-08-18T02:00:00+00:00, run_after=2023-08-18T02:02:00+00:00
[2023-08-18 02:03:31,150] {processor.py:161} INFO - Processing /home/guilherme/extracao-dados-twitter/venv/lib/python3.9/site-packages/airflow/example_dags/example_sla_dag.py took 0.251 seconds
[2023-08-18 02:04:05,519] {processor.py:153} INFO - Started process (PID=5098) to work on /home/guilherme/extracao-dados-twitter/venv/lib/python3.9/site-packages/airflow/example_dags/example_sla_dag.py
[2023-08-18 02:04:05,519] {processor.py:641} INFO - Processing file /home/guilherme/extracao-dados-twitter/venv/lib/python3.9/site-packages/airflow/example_dags/example_sla_dag.py for tasks to queue
[2023-08-18 02:04:05,520] {logging_mixin.py:115} INFO - [2023-08-18 02:04:05,520] {dagbag.py:507} INFO - Filling up the DagBag from /home/guilherme/extracao-dados-twitter/venv/lib/python3.9/site-packages/airflow/example_dags/example_sla_dag.py
[2023-08-18 02:04:05,544] {processor.py:651} INFO - DAG(s) dict_keys(['example_sla_dag']) retrieved from /home/guilherme/extracao-dados-twitter/venv/lib/python3.9/site-packages/airflow/example_dags/example_sla_dag.py
[2023-08-18 02:04:05,563] {logging_mixin.py:115} INFO - [2023-08-18 02:04:05,562] {dag.py:2379} INFO - Sync 1 DAGs
[2023-08-18 02:04:05,586] {logging_mixin.py:115} INFO - [2023-08-18 02:04:05,585] {dag.py:2927} INFO - Setting next_dagrun for example_sla_dag to 2023-08-18T02:02:00+00:00, run_after=2023-08-18T02:04:00+00:00
[2023-08-18 02:04:05,690] {processor.py:161} INFO - Processing /home/guilherme/extracao-dados-twitter/venv/lib/python3.9/site-packages/airflow/example_dags/example_sla_dag.py took 0.176 seconds
[2023-08-18 02:04:40,133] {processor.py:153} INFO - Started process (PID=5338) to work on /home/guilherme/extracao-dados-twitter/venv/lib/python3.9/site-packages/airflow/example_dags/example_sla_dag.py
[2023-08-18 02:04:40,134] {processor.py:641} INFO - Processing file /home/guilherme/extracao-dados-twitter/venv/lib/python3.9/site-packages/airflow/example_dags/example_sla_dag.py for tasks to queue
[2023-08-18 02:04:40,134] {logging_mixin.py:115} INFO - [2023-08-18 02:04:40,134] {dagbag.py:507} INFO - Filling up the DagBag from /home/guilherme/extracao-dados-twitter/venv/lib/python3.9/site-packages/airflow/example_dags/example_sla_dag.py
[2023-08-18 02:04:40,155] {processor.py:651} INFO - DAG(s) dict_keys(['example_sla_dag']) retrieved from /home/guilherme/extracao-dados-twitter/venv/lib/python3.9/site-packages/airflow/example_dags/example_sla_dag.py
[2023-08-18 02:04:40,174] {logging_mixin.py:115} INFO - [2023-08-18 02:04:40,174] {dag.py:2379} INFO - Sync 1 DAGs
[2023-08-18 02:04:40,197] {logging_mixin.py:115} INFO - [2023-08-18 02:04:40,197] {dag.py:2927} INFO - Setting next_dagrun for example_sla_dag to 2023-08-18T02:02:00+00:00, run_after=2023-08-18T02:04:00+00:00
[2023-08-18 02:04:40,222] {processor.py:161} INFO - Processing /home/guilherme/extracao-dados-twitter/venv/lib/python3.9/site-packages/airflow/example_dags/example_sla_dag.py took 0.093 seconds
[2023-08-18 02:05:14,309] {processor.py:153} INFO - Started process (PID=5475) to work on /home/guilherme/extracao-dados-twitter/venv/lib/python3.9/site-packages/airflow/example_dags/example_sla_dag.py
[2023-08-18 02:05:14,309] {processor.py:641} INFO - Processing file /home/guilherme/extracao-dados-twitter/venv/lib/python3.9/site-packages/airflow/example_dags/example_sla_dag.py for tasks to queue
[2023-08-18 02:05:14,310] {logging_mixin.py:115} INFO - [2023-08-18 02:05:14,310] {dagbag.py:507} INFO - Filling up the DagBag from /home/guilherme/extracao-dados-twitter/venv/lib/python3.9/site-packages/airflow/example_dags/example_sla_dag.py
[2023-08-18 02:05:14,331] {processor.py:651} INFO - DAG(s) dict_keys(['example_sla_dag']) retrieved from /home/guilherme/extracao-dados-twitter/venv/lib/python3.9/site-packages/airflow/example_dags/example_sla_dag.py
[2023-08-18 02:05:14,349] {logging_mixin.py:115} INFO - [2023-08-18 02:05:14,349] {dag.py:2379} INFO - Sync 1 DAGs
[2023-08-18 02:05:14,372] {logging_mixin.py:115} INFO - [2023-08-18 02:05:14,372] {dag.py:2927} INFO - Setting next_dagrun for example_sla_dag to 2023-08-18T02:02:00+00:00, run_after=2023-08-18T02:04:00+00:00
[2023-08-18 02:05:14,400] {processor.py:161} INFO - Processing /home/guilherme/extracao-dados-twitter/venv/lib/python3.9/site-packages/airflow/example_dags/example_sla_dag.py took 0.095 seconds
[2023-08-18 02:05:48,267] {processor.py:153} INFO - Started process (PID=5509) to work on /home/guilherme/extracao-dados-twitter/venv/lib/python3.9/site-packages/airflow/example_dags/example_sla_dag.py
[2023-08-18 02:05:48,267] {processor.py:641} INFO - Processing file /home/guilherme/extracao-dados-twitter/venv/lib/python3.9/site-packages/airflow/example_dags/example_sla_dag.py for tasks to queue
[2023-08-18 02:05:48,268] {logging_mixin.py:115} INFO - [2023-08-18 02:05:48,268] {dagbag.py:507} INFO - Filling up the DagBag from /home/guilherme/extracao-dados-twitter/venv/lib/python3.9/site-packages/airflow/example_dags/example_sla_dag.py
[2023-08-18 02:05:48,290] {processor.py:651} INFO - DAG(s) dict_keys(['example_sla_dag']) retrieved from /home/guilherme/extracao-dados-twitter/venv/lib/python3.9/site-packages/airflow/example_dags/example_sla_dag.py
[2023-08-18 02:05:48,309] {logging_mixin.py:115} INFO - [2023-08-18 02:05:48,308] {dag.py:2379} INFO - Sync 1 DAGs
[2023-08-18 02:05:48,331] {logging_mixin.py:115} INFO - [2023-08-18 02:05:48,331] {dag.py:2927} INFO - Setting next_dagrun for example_sla_dag to 2023-08-18T02:02:00+00:00, run_after=2023-08-18T02:04:00+00:00
[2023-08-18 02:05:48,360] {processor.py:161} INFO - Processing /home/guilherme/extracao-dados-twitter/venv/lib/python3.9/site-packages/airflow/example_dags/example_sla_dag.py took 0.098 seconds
[2023-08-18 17:08:10,768] {processor.py:153} INFO - Started process (PID=4714) to work on /home/guilherme/airflow/venv/lib/python3.9/site-packages/airflow/example_dags/example_sla_dag.py
[2023-08-18 17:08:10,777] {processor.py:641} INFO - Processing file /home/guilherme/airflow/venv/lib/python3.9/site-packages/airflow/example_dags/example_sla_dag.py for tasks to queue
[2023-08-18 17:08:10,777] {logging_mixin.py:115} INFO - [2023-08-18 17:08:10,777] {dagbag.py:507} INFO - Filling up the DagBag from /home/guilherme/airflow/venv/lib/python3.9/site-packages/airflow/example_dags/example_sla_dag.py
[2023-08-18 17:08:10,807] {processor.py:651} INFO - DAG(s) dict_keys(['example_sla_dag']) retrieved from /home/guilherme/airflow/venv/lib/python3.9/site-packages/airflow/example_dags/example_sla_dag.py
[2023-08-18 17:08:10,861] {logging_mixin.py:115} INFO - [2023-08-18 17:08:10,861] {dag.py:2379} INFO - Sync 1 DAGs
[2023-08-18 17:08:10,892] {logging_mixin.py:115} INFO - [2023-08-18 17:08:10,892] {dag.py:2927} INFO - Setting next_dagrun for example_sla_dag to 2023-08-18T17:06:00+00:00, run_after=2023-08-18T17:08:00+00:00
[2023-08-18 17:08:11,009] {processor.py:161} INFO - Processing /home/guilherme/airflow/venv/lib/python3.9/site-packages/airflow/example_dags/example_sla_dag.py took 0.244 seconds
[2023-08-18 17:08:56,088] {processor.py:153} INFO - Started process (PID=5049) to work on /home/guilherme/airflow/venv/lib/python3.9/site-packages/airflow/example_dags/example_sla_dag.py
[2023-08-18 17:08:56,088] {processor.py:641} INFO - Processing file /home/guilherme/airflow/venv/lib/python3.9/site-packages/airflow/example_dags/example_sla_dag.py for tasks to queue
[2023-08-18 17:08:56,089] {logging_mixin.py:115} INFO - [2023-08-18 17:08:56,089] {dagbag.py:507} INFO - Filling up the DagBag from /home/guilherme/airflow/venv/lib/python3.9/site-packages/airflow/example_dags/example_sla_dag.py
[2023-08-18 17:08:56,106] {processor.py:651} INFO - DAG(s) dict_keys(['example_sla_dag']) retrieved from /home/guilherme/airflow/venv/lib/python3.9/site-packages/airflow/example_dags/example_sla_dag.py
[2023-08-18 17:08:56,125] {logging_mixin.py:115} INFO - [2023-08-18 17:08:56,124] {dag.py:2379} INFO - Sync 1 DAGs
[2023-08-18 17:08:56,143] {logging_mixin.py:115} INFO - [2023-08-18 17:08:56,143] {dag.py:2927} INFO - Setting next_dagrun for example_sla_dag to 2023-08-18T17:06:00+00:00, run_after=2023-08-18T17:08:00+00:00
[2023-08-18 17:08:56,315] {processor.py:161} INFO - Processing /home/guilherme/airflow/venv/lib/python3.9/site-packages/airflow/example_dags/example_sla_dag.py took 0.231 seconds
[2023-08-18 17:09:26,659] {processor.py:153} INFO - Started process (PID=5079) to work on /home/guilherme/airflow/venv/lib/python3.9/site-packages/airflow/example_dags/example_sla_dag.py
[2023-08-18 17:09:26,659] {processor.py:641} INFO - Processing file /home/guilherme/airflow/venv/lib/python3.9/site-packages/airflow/example_dags/example_sla_dag.py for tasks to queue
[2023-08-18 17:09:26,660] {logging_mixin.py:115} INFO - [2023-08-18 17:09:26,660] {dagbag.py:507} INFO - Filling up the DagBag from /home/guilherme/airflow/venv/lib/python3.9/site-packages/airflow/example_dags/example_sla_dag.py
[2023-08-18 17:09:26,678] {processor.py:651} INFO - DAG(s) dict_keys(['example_sla_dag']) retrieved from /home/guilherme/airflow/venv/lib/python3.9/site-packages/airflow/example_dags/example_sla_dag.py
[2023-08-18 17:09:26,697] {logging_mixin.py:115} INFO - [2023-08-18 17:09:26,696] {dag.py:2379} INFO - Sync 1 DAGs
[2023-08-18 17:09:26,716] {logging_mixin.py:115} INFO - [2023-08-18 17:09:26,716] {dag.py:2927} INFO - Setting next_dagrun for example_sla_dag to 2023-08-18T17:06:00+00:00, run_after=2023-08-18T17:08:00+00:00
[2023-08-18 17:09:26,737] {processor.py:161} INFO - Processing /home/guilherme/airflow/venv/lib/python3.9/site-packages/airflow/example_dags/example_sla_dag.py took 0.082 seconds
[2023-08-18 17:09:56,829] {processor.py:153} INFO - Started process (PID=5109) to work on /home/guilherme/airflow/venv/lib/python3.9/site-packages/airflow/example_dags/example_sla_dag.py
[2023-08-18 17:09:56,829] {processor.py:641} INFO - Processing file /home/guilherme/airflow/venv/lib/python3.9/site-packages/airflow/example_dags/example_sla_dag.py for tasks to queue
[2023-08-18 17:09:56,830] {logging_mixin.py:115} INFO - [2023-08-18 17:09:56,830] {dagbag.py:507} INFO - Filling up the DagBag from /home/guilherme/airflow/venv/lib/python3.9/site-packages/airflow/example_dags/example_sla_dag.py
[2023-08-18 17:09:56,847] {processor.py:651} INFO - DAG(s) dict_keys(['example_sla_dag']) retrieved from /home/guilherme/airflow/venv/lib/python3.9/site-packages/airflow/example_dags/example_sla_dag.py
[2023-08-18 17:09:56,865] {logging_mixin.py:115} INFO - [2023-08-18 17:09:56,864] {dag.py:2379} INFO - Sync 1 DAGs
[2023-08-18 17:09:56,882] {logging_mixin.py:115} INFO - [2023-08-18 17:09:56,882] {dag.py:2927} INFO - Setting next_dagrun for example_sla_dag to 2023-08-18T17:06:00+00:00, run_after=2023-08-18T17:08:00+00:00
[2023-08-18 17:09:57,110] {processor.py:161} INFO - Processing /home/guilherme/airflow/venv/lib/python3.9/site-packages/airflow/example_dags/example_sla_dag.py took 0.285 seconds
[2023-08-18 17:10:35,441] {processor.py:153} INFO - Started process (PID=5148) to work on /home/guilherme/airflow/venv/lib/python3.9/site-packages/airflow/example_dags/example_sla_dag.py
[2023-08-18 17:10:35,442] {processor.py:641} INFO - Processing file /home/guilherme/airflow/venv/lib/python3.9/site-packages/airflow/example_dags/example_sla_dag.py for tasks to queue
[2023-08-18 17:10:35,443] {logging_mixin.py:115} INFO - [2023-08-18 17:10:35,442] {dagbag.py:507} INFO - Filling up the DagBag from /home/guilherme/airflow/venv/lib/python3.9/site-packages/airflow/example_dags/example_sla_dag.py
[2023-08-18 17:10:35,460] {processor.py:651} INFO - DAG(s) dict_keys(['example_sla_dag']) retrieved from /home/guilherme/airflow/venv/lib/python3.9/site-packages/airflow/example_dags/example_sla_dag.py
[2023-08-18 17:10:35,478] {logging_mixin.py:115} INFO - [2023-08-18 17:10:35,478] {dag.py:2379} INFO - Sync 1 DAGs
[2023-08-18 17:10:35,496] {logging_mixin.py:115} INFO - [2023-08-18 17:10:35,496] {dag.py:2927} INFO - Setting next_dagrun for example_sla_dag to 2023-08-18T17:08:00+00:00, run_after=2023-08-18T17:10:00+00:00
[2023-08-18 17:10:35,567] {processor.py:161} INFO - Processing /home/guilherme/airflow/venv/lib/python3.9/site-packages/airflow/example_dags/example_sla_dag.py took 0.129 seconds
[2023-08-18 17:11:12,686] {processor.py:153} INFO - Started process (PID=5180) to work on /home/guilherme/airflow/venv/lib/python3.9/site-packages/airflow/example_dags/example_sla_dag.py
[2023-08-18 17:11:12,687] {processor.py:641} INFO - Processing file /home/guilherme/airflow/venv/lib/python3.9/site-packages/airflow/example_dags/example_sla_dag.py for tasks to queue
[2023-08-18 17:11:12,687] {logging_mixin.py:115} INFO - [2023-08-18 17:11:12,687] {dagbag.py:507} INFO - Filling up the DagBag from /home/guilherme/airflow/venv/lib/python3.9/site-packages/airflow/example_dags/example_sla_dag.py
[2023-08-18 17:11:12,705] {processor.py:651} INFO - DAG(s) dict_keys(['example_sla_dag']) retrieved from /home/guilherme/airflow/venv/lib/python3.9/site-packages/airflow/example_dags/example_sla_dag.py
[2023-08-18 17:11:12,724] {logging_mixin.py:115} INFO - [2023-08-18 17:11:12,724] {dag.py:2379} INFO - Sync 1 DAGs
[2023-08-18 17:11:12,745] {logging_mixin.py:115} INFO - [2023-08-18 17:11:12,745] {dag.py:2927} INFO - Setting next_dagrun for example_sla_dag to 2023-08-18T17:08:00+00:00, run_after=2023-08-18T17:10:00+00:00
[2023-08-18 17:11:12,773] {processor.py:161} INFO - Processing /home/guilherme/airflow/venv/lib/python3.9/site-packages/airflow/example_dags/example_sla_dag.py took 0.090 seconds
[2023-08-18 17:11:45,294] {processor.py:153} INFO - Started process (PID=5450) to work on /home/guilherme/airflow/venv/lib/python3.9/site-packages/airflow/example_dags/example_sla_dag.py
[2023-08-18 17:11:45,295] {processor.py:641} INFO - Processing file /home/guilherme/airflow/venv/lib/python3.9/site-packages/airflow/example_dags/example_sla_dag.py for tasks to queue
[2023-08-18 17:11:45,295] {logging_mixin.py:115} INFO - [2023-08-18 17:11:45,295] {dagbag.py:507} INFO - Filling up the DagBag from /home/guilherme/airflow/venv/lib/python3.9/site-packages/airflow/example_dags/example_sla_dag.py
[2023-08-18 17:11:45,313] {processor.py:651} INFO - DAG(s) dict_keys(['example_sla_dag']) retrieved from /home/guilherme/airflow/venv/lib/python3.9/site-packages/airflow/example_dags/example_sla_dag.py
[2023-08-18 17:11:45,332] {logging_mixin.py:115} INFO - [2023-08-18 17:11:45,332] {dag.py:2379} INFO - Sync 1 DAGs
[2023-08-18 17:11:45,353] {logging_mixin.py:115} INFO - [2023-08-18 17:11:45,353] {dag.py:2927} INFO - Setting next_dagrun for example_sla_dag to 2023-08-18T17:08:00+00:00, run_after=2023-08-18T17:10:00+00:00
[2023-08-18 17:11:45,375] {processor.py:161} INFO - Processing /home/guilherme/airflow/venv/lib/python3.9/site-packages/airflow/example_dags/example_sla_dag.py took 0.084 seconds
[2023-08-18 17:12:16,794] {processor.py:153} INFO - Started process (PID=5609) to work on /home/guilherme/airflow/venv/lib/python3.9/site-packages/airflow/example_dags/example_sla_dag.py
[2023-08-18 17:12:16,795] {processor.py:641} INFO - Processing file /home/guilherme/airflow/venv/lib/python3.9/site-packages/airflow/example_dags/example_sla_dag.py for tasks to queue
[2023-08-18 17:12:16,796] {logging_mixin.py:115} INFO - [2023-08-18 17:12:16,796] {dagbag.py:507} INFO - Filling up the DagBag from /home/guilherme/airflow/venv/lib/python3.9/site-packages/airflow/example_dags/example_sla_dag.py
[2023-08-18 17:12:16,813] {processor.py:651} INFO - DAG(s) dict_keys(['example_sla_dag']) retrieved from /home/guilherme/airflow/venv/lib/python3.9/site-packages/airflow/example_dags/example_sla_dag.py
[2023-08-18 17:12:16,831] {logging_mixin.py:115} INFO - [2023-08-18 17:12:16,831] {dag.py:2379} INFO - Sync 1 DAGs
[2023-08-18 17:12:16,850] {logging_mixin.py:115} INFO - [2023-08-18 17:12:16,850] {dag.py:2927} INFO - Setting next_dagrun for example_sla_dag to 2023-08-18T17:10:00+00:00, run_after=2023-08-18T17:12:00+00:00
[2023-08-18 17:12:16,876] {processor.py:161} INFO - Processing /home/guilherme/airflow/venv/lib/python3.9/site-packages/airflow/example_dags/example_sla_dag.py took 0.085 seconds
[2023-08-18 17:12:47,193] {processor.py:153} INFO - Started process (PID=5641) to work on /home/guilherme/airflow/venv/lib/python3.9/site-packages/airflow/example_dags/example_sla_dag.py
[2023-08-18 17:12:47,194] {processor.py:641} INFO - Processing file /home/guilherme/airflow/venv/lib/python3.9/site-packages/airflow/example_dags/example_sla_dag.py for tasks to queue
[2023-08-18 17:12:47,194] {logging_mixin.py:115} INFO - [2023-08-18 17:12:47,194] {dagbag.py:507} INFO - Filling up the DagBag from /home/guilherme/airflow/venv/lib/python3.9/site-packages/airflow/example_dags/example_sla_dag.py
[2023-08-18 17:12:47,214] {processor.py:651} INFO - DAG(s) dict_keys(['example_sla_dag']) retrieved from /home/guilherme/airflow/venv/lib/python3.9/site-packages/airflow/example_dags/example_sla_dag.py
[2023-08-18 17:12:47,234] {logging_mixin.py:115} INFO - [2023-08-18 17:12:47,234] {dag.py:2379} INFO - Sync 1 DAGs
[2023-08-18 17:12:47,253] {logging_mixin.py:115} INFO - [2023-08-18 17:12:47,253] {dag.py:2927} INFO - Setting next_dagrun for example_sla_dag to 2023-08-18T17:10:00+00:00, run_after=2023-08-18T17:12:00+00:00
[2023-08-18 17:12:47,279] {processor.py:161} INFO - Processing /home/guilherme/airflow/venv/lib/python3.9/site-packages/airflow/example_dags/example_sla_dag.py took 0.089 seconds
