[2023-08-18 01:56:50,708] {processor.py:153} INFO - Started process (PID=3585) to work on /home/guilherme/extracao-dados-twitter/venv/lib/python3.9/site-packages/airflow/example_dags/example_bash_operator.py
[2023-08-18 01:56:50,709] {processor.py:641} INFO - Processing file /home/guilherme/extracao-dados-twitter/venv/lib/python3.9/site-packages/airflow/example_dags/example_bash_operator.py for tasks to queue
[2023-08-18 01:56:50,710] {logging_mixin.py:115} INFO - [2023-08-18 01:56:50,710] {dagbag.py:507} INFO - Filling up the DagBag from /home/guilherme/extracao-dados-twitter/venv/lib/python3.9/site-packages/airflow/example_dags/example_bash_operator.py
[2023-08-18 01:56:50,739] {processor.py:651} INFO - DAG(s) dict_keys(['example_bash_operator']) retrieved from /home/guilherme/extracao-dados-twitter/venv/lib/python3.9/site-packages/airflow/example_dags/example_bash_operator.py
[2023-08-18 01:56:50,979] {logging_mixin.py:115} INFO - [2023-08-18 01:56:50,979] {manager.py:508} INFO - Created Permission View: can edit on DAG:example_bash_operator
[2023-08-18 01:56:51,041] {logging_mixin.py:115} INFO - [2023-08-18 01:56:51,041] {manager.py:508} INFO - Created Permission View: can delete on DAG:example_bash_operator
[2023-08-18 01:56:51,097] {logging_mixin.py:115} INFO - [2023-08-18 01:56:51,097] {manager.py:508} INFO - Created Permission View: can read on DAG:example_bash_operator
[2023-08-18 01:56:51,097] {logging_mixin.py:115} INFO - [2023-08-18 01:56:51,097] {dag.py:2379} INFO - Sync 1 DAGs
[2023-08-18 01:56:51,121] {logging_mixin.py:115} INFO - [2023-08-18 01:56:51,121] {dag.py:2398} INFO - Creating ORM DAG for example_bash_operator
[2023-08-18 01:56:51,180] {logging_mixin.py:115} INFO - [2023-08-18 01:56:51,180] {dag.py:2927} INFO - Setting next_dagrun for example_bash_operator to 2023-08-17T00:00:00+00:00, run_after=2023-08-18T00:00:00+00:00
[2023-08-18 01:56:51,232] {processor.py:161} INFO - Processing /home/guilherme/extracao-dados-twitter/venv/lib/python3.9/site-packages/airflow/example_dags/example_bash_operator.py took 0.533 seconds
[2023-08-18 01:57:26,286] {processor.py:153} INFO - Started process (PID=3826) to work on /home/guilherme/extracao-dados-twitter/venv/lib/python3.9/site-packages/airflow/example_dags/example_bash_operator.py
[2023-08-18 01:57:26,287] {processor.py:641} INFO - Processing file /home/guilherme/extracao-dados-twitter/venv/lib/python3.9/site-packages/airflow/example_dags/example_bash_operator.py for tasks to queue
[2023-08-18 01:57:26,287] {logging_mixin.py:115} INFO - [2023-08-18 01:57:26,287] {dagbag.py:507} INFO - Filling up the DagBag from /home/guilherme/extracao-dados-twitter/venv/lib/python3.9/site-packages/airflow/example_dags/example_bash_operator.py
[2023-08-18 01:57:26,302] {processor.py:651} INFO - DAG(s) dict_keys(['example_bash_operator']) retrieved from /home/guilherme/extracao-dados-twitter/venv/lib/python3.9/site-packages/airflow/example_dags/example_bash_operator.py
[2023-08-18 01:57:26,322] {logging_mixin.py:115} INFO - [2023-08-18 01:57:26,322] {dag.py:2379} INFO - Sync 1 DAGs
[2023-08-18 01:57:26,345] {logging_mixin.py:115} INFO - [2023-08-18 01:57:26,345] {dag.py:2927} INFO - Setting next_dagrun for example_bash_operator to 2023-08-17T00:00:00+00:00, run_after=2023-08-18T00:00:00+00:00
[2023-08-18 01:57:26,371] {processor.py:161} INFO - Processing /home/guilherme/extracao-dados-twitter/venv/lib/python3.9/site-packages/airflow/example_dags/example_bash_operator.py took 0.089 seconds
[2023-08-18 01:58:02,952] {processor.py:153} INFO - Started process (PID=4072) to work on /home/guilherme/extracao-dados-twitter/venv/lib/python3.9/site-packages/airflow/example_dags/example_bash_operator.py
[2023-08-18 01:58:02,953] {processor.py:641} INFO - Processing file /home/guilherme/extracao-dados-twitter/venv/lib/python3.9/site-packages/airflow/example_dags/example_bash_operator.py for tasks to queue
[2023-08-18 01:58:02,954] {logging_mixin.py:115} INFO - [2023-08-18 01:58:02,953] {dagbag.py:507} INFO - Filling up the DagBag from /home/guilherme/extracao-dados-twitter/venv/lib/python3.9/site-packages/airflow/example_dags/example_bash_operator.py
[2023-08-18 01:58:02,967] {processor.py:651} INFO - DAG(s) dict_keys(['example_bash_operator']) retrieved from /home/guilherme/extracao-dados-twitter/venv/lib/python3.9/site-packages/airflow/example_dags/example_bash_operator.py
[2023-08-18 01:58:02,989] {logging_mixin.py:115} INFO - [2023-08-18 01:58:02,989] {dag.py:2379} INFO - Sync 1 DAGs
[2023-08-18 01:58:03,012] {logging_mixin.py:115} INFO - [2023-08-18 01:58:03,012] {dag.py:2927} INFO - Setting next_dagrun for example_bash_operator to 2023-08-17T00:00:00+00:00, run_after=2023-08-18T00:00:00+00:00
[2023-08-18 01:58:03,057] {processor.py:161} INFO - Processing /home/guilherme/extracao-dados-twitter/venv/lib/python3.9/site-packages/airflow/example_dags/example_bash_operator.py took 0.108 seconds
[2023-08-18 01:58:37,171] {processor.py:153} INFO - Started process (PID=4106) to work on /home/guilherme/extracao-dados-twitter/venv/lib/python3.9/site-packages/airflow/example_dags/example_bash_operator.py
[2023-08-18 01:58:37,172] {processor.py:641} INFO - Processing file /home/guilherme/extracao-dados-twitter/venv/lib/python3.9/site-packages/airflow/example_dags/example_bash_operator.py for tasks to queue
[2023-08-18 01:58:37,173] {logging_mixin.py:115} INFO - [2023-08-18 01:58:37,173] {dagbag.py:507} INFO - Filling up the DagBag from /home/guilherme/extracao-dados-twitter/venv/lib/python3.9/site-packages/airflow/example_dags/example_bash_operator.py
[2023-08-18 01:58:37,186] {processor.py:651} INFO - DAG(s) dict_keys(['example_bash_operator']) retrieved from /home/guilherme/extracao-dados-twitter/venv/lib/python3.9/site-packages/airflow/example_dags/example_bash_operator.py
[2023-08-18 01:58:37,215] {logging_mixin.py:115} INFO - [2023-08-18 01:58:37,215] {dag.py:2379} INFO - Sync 1 DAGs
[2023-08-18 01:58:37,239] {logging_mixin.py:115} INFO - [2023-08-18 01:58:37,238] {dag.py:2927} INFO - Setting next_dagrun for example_bash_operator to 2023-08-17T00:00:00+00:00, run_after=2023-08-18T00:00:00+00:00
[2023-08-18 01:58:37,265] {processor.py:161} INFO - Processing /home/guilherme/extracao-dados-twitter/venv/lib/python3.9/site-packages/airflow/example_dags/example_bash_operator.py took 0.098 seconds
