[2023-08-18 01:56:42,426] {processor.py:153} INFO - Started process (PID=3579) to work on /home/guilherme/extracao-dados-twitter/venv/lib/python3.9/site-packages/airflow/example_dags/example_xcomargs.py
[2023-08-18 01:56:42,426] {processor.py:641} INFO - Processing file /home/guilherme/extracao-dados-twitter/venv/lib/python3.9/site-packages/airflow/example_dags/example_xcomargs.py for tasks to queue
[2023-08-18 01:56:42,427] {logging_mixin.py:115} INFO - [2023-08-18 01:56:42,427] {dagbag.py:507} INFO - Filling up the DagBag from /home/guilherme/extracao-dados-twitter/venv/lib/python3.9/site-packages/airflow/example_dags/example_xcomargs.py
[2023-08-18 01:56:42,450] {processor.py:651} INFO - DAG(s) dict_keys(['example_xcom_args', 'example_xcom_args_with_operators']) retrieved from /home/guilherme/extracao-dados-twitter/venv/lib/python3.9/site-packages/airflow/example_dags/example_xcomargs.py
[2023-08-18 01:56:42,577] {logging_mixin.py:115} INFO - [2023-08-18 01:56:42,577] {manager.py:508} INFO - Created Permission View: can edit on DAG:example_xcom_args
[2023-08-18 01:56:42,610] {logging_mixin.py:115} INFO - [2023-08-18 01:56:42,610] {manager.py:508} INFO - Created Permission View: can delete on DAG:example_xcom_args
[2023-08-18 01:56:42,642] {logging_mixin.py:115} INFO - [2023-08-18 01:56:42,642] {manager.py:508} INFO - Created Permission View: can read on DAG:example_xcom_args
[2023-08-18 01:56:42,700] {logging_mixin.py:115} INFO - [2023-08-18 01:56:42,699] {manager.py:508} INFO - Created Permission View: can edit on DAG:example_xcom_args_with_operators
[2023-08-18 01:56:42,722] {logging_mixin.py:115} INFO - [2023-08-18 01:56:42,722] {manager.py:508} INFO - Created Permission View: can delete on DAG:example_xcom_args_with_operators
[2023-08-18 01:56:42,750] {logging_mixin.py:115} INFO - [2023-08-18 01:56:42,750] {manager.py:508} INFO - Created Permission View: can read on DAG:example_xcom_args_with_operators
[2023-08-18 01:56:42,751] {logging_mixin.py:115} INFO - [2023-08-18 01:56:42,751] {dag.py:2379} INFO - Sync 2 DAGs
[2023-08-18 01:56:42,760] {logging_mixin.py:115} INFO - [2023-08-18 01:56:42,760] {dag.py:2398} INFO - Creating ORM DAG for example_xcom_args
[2023-08-18 01:56:42,760] {logging_mixin.py:115} INFO - [2023-08-18 01:56:42,760] {dag.py:2398} INFO - Creating ORM DAG for example_xcom_args_with_operators
[2023-08-18 01:56:42,771] {logging_mixin.py:115} INFO - [2023-08-18 01:56:42,771] {dag.py:2927} INFO - Setting next_dagrun for example_xcom_args to None, run_after=None
[2023-08-18 01:56:42,771] {logging_mixin.py:115} INFO - [2023-08-18 01:56:42,771] {dag.py:2927} INFO - Setting next_dagrun for example_xcom_args_with_operators to None, run_after=None
[2023-08-18 01:56:42,818] {processor.py:161} INFO - Processing /home/guilherme/extracao-dados-twitter/venv/lib/python3.9/site-packages/airflow/example_dags/example_xcomargs.py took 0.396 seconds
[2023-08-18 01:57:19,770] {processor.py:153} INFO - Started process (PID=3820) to work on /home/guilherme/extracao-dados-twitter/venv/lib/python3.9/site-packages/airflow/example_dags/example_xcomargs.py
[2023-08-18 01:57:19,770] {processor.py:641} INFO - Processing file /home/guilherme/extracao-dados-twitter/venv/lib/python3.9/site-packages/airflow/example_dags/example_xcomargs.py for tasks to queue
[2023-08-18 01:57:19,771] {logging_mixin.py:115} INFO - [2023-08-18 01:57:19,771] {dagbag.py:507} INFO - Filling up the DagBag from /home/guilherme/extracao-dados-twitter/venv/lib/python3.9/site-packages/airflow/example_dags/example_xcomargs.py
[2023-08-18 01:57:19,795] {processor.py:651} INFO - DAG(s) dict_keys(['example_xcom_args', 'example_xcom_args_with_operators']) retrieved from /home/guilherme/extracao-dados-twitter/venv/lib/python3.9/site-packages/airflow/example_dags/example_xcomargs.py
[2023-08-18 01:57:19,857] {logging_mixin.py:115} INFO - [2023-08-18 01:57:19,857] {dag.py:2379} INFO - Sync 2 DAGs
[2023-08-18 01:57:19,876] {logging_mixin.py:115} INFO - [2023-08-18 01:57:19,876] {dag.py:2927} INFO - Setting next_dagrun for example_xcom_args to None, run_after=None
[2023-08-18 01:57:19,877] {logging_mixin.py:115} INFO - [2023-08-18 01:57:19,877] {dag.py:2927} INFO - Setting next_dagrun for example_xcom_args_with_operators to None, run_after=None
[2023-08-18 01:57:19,918] {processor.py:161} INFO - Processing /home/guilherme/extracao-dados-twitter/venv/lib/python3.9/site-packages/airflow/example_dags/example_xcomargs.py took 0.152 seconds
[2023-08-18 01:57:55,195] {processor.py:153} INFO - Started process (PID=3961) to work on /home/guilherme/extracao-dados-twitter/venv/lib/python3.9/site-packages/airflow/example_dags/example_xcomargs.py
[2023-08-18 01:57:55,196] {processor.py:641} INFO - Processing file /home/guilherme/extracao-dados-twitter/venv/lib/python3.9/site-packages/airflow/example_dags/example_xcomargs.py for tasks to queue
[2023-08-18 01:57:55,197] {logging_mixin.py:115} INFO - [2023-08-18 01:57:55,197] {dagbag.py:507} INFO - Filling up the DagBag from /home/guilherme/extracao-dados-twitter/venv/lib/python3.9/site-packages/airflow/example_dags/example_xcomargs.py
[2023-08-18 01:57:55,232] {processor.py:651} INFO - DAG(s) dict_keys(['example_xcom_args', 'example_xcom_args_with_operators']) retrieved from /home/guilherme/extracao-dados-twitter/venv/lib/python3.9/site-packages/airflow/example_dags/example_xcomargs.py
[2023-08-18 01:57:55,266] {logging_mixin.py:115} INFO - [2023-08-18 01:57:55,266] {dag.py:2379} INFO - Sync 2 DAGs
[2023-08-18 01:57:55,304] {logging_mixin.py:115} INFO - [2023-08-18 01:57:55,303] {dag.py:2927} INFO - Setting next_dagrun for example_xcom_args to None, run_after=None
[2023-08-18 01:57:55,304] {logging_mixin.py:115} INFO - [2023-08-18 01:57:55,304] {dag.py:2927} INFO - Setting next_dagrun for example_xcom_args_with_operators to None, run_after=None
[2023-08-18 01:57:55,354] {processor.py:161} INFO - Processing /home/guilherme/extracao-dados-twitter/venv/lib/python3.9/site-packages/airflow/example_dags/example_xcomargs.py took 0.165 seconds
[2023-08-18 01:58:30,326] {processor.py:153} INFO - Started process (PID=4099) to work on /home/guilherme/extracao-dados-twitter/venv/lib/python3.9/site-packages/airflow/example_dags/example_xcomargs.py
[2023-08-18 01:58:30,327] {processor.py:641} INFO - Processing file /home/guilherme/extracao-dados-twitter/venv/lib/python3.9/site-packages/airflow/example_dags/example_xcomargs.py for tasks to queue
[2023-08-18 01:58:30,328] {logging_mixin.py:115} INFO - [2023-08-18 01:58:30,328] {dagbag.py:507} INFO - Filling up the DagBag from /home/guilherme/extracao-dados-twitter/venv/lib/python3.9/site-packages/airflow/example_dags/example_xcomargs.py
[2023-08-18 01:58:30,349] {processor.py:651} INFO - DAG(s) dict_keys(['example_xcom_args', 'example_xcom_args_with_operators']) retrieved from /home/guilherme/extracao-dados-twitter/venv/lib/python3.9/site-packages/airflow/example_dags/example_xcomargs.py
[2023-08-18 01:58:30,412] {logging_mixin.py:115} INFO - [2023-08-18 01:58:30,412] {dag.py:2379} INFO - Sync 2 DAGs
[2023-08-18 01:58:30,430] {logging_mixin.py:115} INFO - [2023-08-18 01:58:30,430] {dag.py:2927} INFO - Setting next_dagrun for example_xcom_args to None, run_after=None
[2023-08-18 01:58:30,431] {logging_mixin.py:115} INFO - [2023-08-18 01:58:30,431] {dag.py:2927} INFO - Setting next_dagrun for example_xcom_args_with_operators to None, run_after=None
[2023-08-18 01:58:30,464] {processor.py:161} INFO - Processing /home/guilherme/extracao-dados-twitter/venv/lib/python3.9/site-packages/airflow/example_dags/example_xcomargs.py took 0.142 seconds
[2023-08-18 01:59:04,370] {processor.py:153} INFO - Started process (PID=4134) to work on /home/guilherme/extracao-dados-twitter/venv/lib/python3.9/site-packages/airflow/example_dags/example_xcomargs.py
[2023-08-18 01:59:04,371] {processor.py:641} INFO - Processing file /home/guilherme/extracao-dados-twitter/venv/lib/python3.9/site-packages/airflow/example_dags/example_xcomargs.py for tasks to queue
[2023-08-18 01:59:04,372] {logging_mixin.py:115} INFO - [2023-08-18 01:59:04,371] {dagbag.py:507} INFO - Filling up the DagBag from /home/guilherme/extracao-dados-twitter/venv/lib/python3.9/site-packages/airflow/example_dags/example_xcomargs.py
[2023-08-18 01:59:04,395] {processor.py:651} INFO - DAG(s) dict_keys(['example_xcom_args', 'example_xcom_args_with_operators']) retrieved from /home/guilherme/extracao-dados-twitter/venv/lib/python3.9/site-packages/airflow/example_dags/example_xcomargs.py
[2023-08-18 01:59:04,417] {logging_mixin.py:115} INFO - [2023-08-18 01:59:04,417] {dag.py:2379} INFO - Sync 2 DAGs
[2023-08-18 01:59:04,438] {logging_mixin.py:115} INFO - [2023-08-18 01:59:04,438] {dag.py:2927} INFO - Setting next_dagrun for example_xcom_args to None, run_after=None
[2023-08-18 01:59:04,438] {logging_mixin.py:115} INFO - [2023-08-18 01:59:04,438] {dag.py:2927} INFO - Setting next_dagrun for example_xcom_args_with_operators to None, run_after=None
[2023-08-18 01:59:04,461] {processor.py:161} INFO - Processing /home/guilherme/extracao-dados-twitter/venv/lib/python3.9/site-packages/airflow/example_dags/example_xcomargs.py took 0.094 seconds
[2023-08-18 02:02:03,972] {processor.py:153} INFO - Started process (PID=4970) to work on /home/guilherme/extracao-dados-twitter/venv/lib/python3.9/site-packages/airflow/example_dags/example_xcomargs.py
[2023-08-18 02:02:03,973] {processor.py:641} INFO - Processing file /home/guilherme/extracao-dados-twitter/venv/lib/python3.9/site-packages/airflow/example_dags/example_xcomargs.py for tasks to queue
[2023-08-18 02:02:03,973] {logging_mixin.py:115} INFO - [2023-08-18 02:02:03,973] {dagbag.py:507} INFO - Filling up the DagBag from /home/guilherme/extracao-dados-twitter/venv/lib/python3.9/site-packages/airflow/example_dags/example_xcomargs.py
[2023-08-18 02:02:03,995] {processor.py:651} INFO - DAG(s) dict_keys(['example_xcom_args', 'example_xcom_args_with_operators']) retrieved from /home/guilherme/extracao-dados-twitter/venv/lib/python3.9/site-packages/airflow/example_dags/example_xcomargs.py
[2023-08-18 02:02:04,049] {logging_mixin.py:115} INFO - [2023-08-18 02:02:04,048] {dag.py:2379} INFO - Sync 2 DAGs
[2023-08-18 02:02:04,065] {logging_mixin.py:115} INFO - [2023-08-18 02:02:04,065] {dag.py:2927} INFO - Setting next_dagrun for example_xcom_args to None, run_after=None
[2023-08-18 02:02:04,065] {logging_mixin.py:115} INFO - [2023-08-18 02:02:04,065] {dag.py:2927} INFO - Setting next_dagrun for example_xcom_args_with_operators to None, run_after=None
[2023-08-18 02:02:04,107] {processor.py:161} INFO - Processing /home/guilherme/extracao-dados-twitter/venv/lib/python3.9/site-packages/airflow/example_dags/example_xcomargs.py took 0.138 seconds
[2023-08-18 02:02:38,011] {processor.py:153} INFO - Started process (PID=5011) to work on /home/guilherme/extracao-dados-twitter/venv/lib/python3.9/site-packages/airflow/example_dags/example_xcomargs.py
[2023-08-18 02:02:38,012] {processor.py:641} INFO - Processing file /home/guilherme/extracao-dados-twitter/venv/lib/python3.9/site-packages/airflow/example_dags/example_xcomargs.py for tasks to queue
[2023-08-18 02:02:38,012] {logging_mixin.py:115} INFO - [2023-08-18 02:02:38,012] {dagbag.py:507} INFO - Filling up the DagBag from /home/guilherme/extracao-dados-twitter/venv/lib/python3.9/site-packages/airflow/example_dags/example_xcomargs.py
[2023-08-18 02:02:38,035] {processor.py:651} INFO - DAG(s) dict_keys(['example_xcom_args', 'example_xcom_args_with_operators']) retrieved from /home/guilherme/extracao-dados-twitter/venv/lib/python3.9/site-packages/airflow/example_dags/example_xcomargs.py
[2023-08-18 02:02:38,119] {logging_mixin.py:115} INFO - [2023-08-18 02:02:38,119] {dag.py:2379} INFO - Sync 2 DAGs
[2023-08-18 02:02:38,136] {logging_mixin.py:115} INFO - [2023-08-18 02:02:38,136] {dag.py:2927} INFO - Setting next_dagrun for example_xcom_args to None, run_after=None
[2023-08-18 02:02:38,136] {logging_mixin.py:115} INFO - [2023-08-18 02:02:38,136] {dag.py:2927} INFO - Setting next_dagrun for example_xcom_args_with_operators to None, run_after=None
[2023-08-18 02:02:38,162] {processor.py:161} INFO - Processing /home/guilherme/extracao-dados-twitter/venv/lib/python3.9/site-packages/airflow/example_dags/example_xcomargs.py took 0.155 seconds
[2023-08-18 02:03:12,645] {processor.py:153} INFO - Started process (PID=5046) to work on /home/guilherme/extracao-dados-twitter/venv/lib/python3.9/site-packages/airflow/example_dags/example_xcomargs.py
[2023-08-18 02:03:12,646] {processor.py:641} INFO - Processing file /home/guilherme/extracao-dados-twitter/venv/lib/python3.9/site-packages/airflow/example_dags/example_xcomargs.py for tasks to queue
[2023-08-18 02:03:12,647] {logging_mixin.py:115} INFO - [2023-08-18 02:03:12,647] {dagbag.py:507} INFO - Filling up the DagBag from /home/guilherme/extracao-dados-twitter/venv/lib/python3.9/site-packages/airflow/example_dags/example_xcomargs.py
[2023-08-18 02:03:12,675] {processor.py:651} INFO - DAG(s) dict_keys(['example_xcom_args', 'example_xcom_args_with_operators']) retrieved from /home/guilherme/extracao-dados-twitter/venv/lib/python3.9/site-packages/airflow/example_dags/example_xcomargs.py
[2023-08-18 02:03:12,737] {logging_mixin.py:115} INFO - [2023-08-18 02:03:12,737] {dag.py:2379} INFO - Sync 2 DAGs
[2023-08-18 02:03:12,754] {logging_mixin.py:115} INFO - [2023-08-18 02:03:12,754] {dag.py:2927} INFO - Setting next_dagrun for example_xcom_args to None, run_after=None
[2023-08-18 02:03:12,754] {logging_mixin.py:115} INFO - [2023-08-18 02:03:12,754] {dag.py:2927} INFO - Setting next_dagrun for example_xcom_args_with_operators to None, run_after=None
[2023-08-18 02:03:12,781] {processor.py:161} INFO - Processing /home/guilherme/extracao-dados-twitter/venv/lib/python3.9/site-packages/airflow/example_dags/example_xcomargs.py took 0.140 seconds
[2023-08-18 02:03:47,823] {processor.py:153} INFO - Started process (PID=5080) to work on /home/guilherme/extracao-dados-twitter/venv/lib/python3.9/site-packages/airflow/example_dags/example_xcomargs.py
[2023-08-18 02:03:47,824] {processor.py:641} INFO - Processing file /home/guilherme/extracao-dados-twitter/venv/lib/python3.9/site-packages/airflow/example_dags/example_xcomargs.py for tasks to queue
[2023-08-18 02:03:47,825] {logging_mixin.py:115} INFO - [2023-08-18 02:03:47,824] {dagbag.py:507} INFO - Filling up the DagBag from /home/guilherme/extracao-dados-twitter/venv/lib/python3.9/site-packages/airflow/example_dags/example_xcomargs.py
[2023-08-18 02:03:47,847] {processor.py:651} INFO - DAG(s) dict_keys(['example_xcom_args', 'example_xcom_args_with_operators']) retrieved from /home/guilherme/extracao-dados-twitter/venv/lib/python3.9/site-packages/airflow/example_dags/example_xcomargs.py
[2023-08-18 02:03:47,904] {logging_mixin.py:115} INFO - [2023-08-18 02:03:47,904] {dag.py:2379} INFO - Sync 2 DAGs
[2023-08-18 02:03:47,924] {logging_mixin.py:115} INFO - [2023-08-18 02:03:47,924] {dag.py:2927} INFO - Setting next_dagrun for example_xcom_args to None, run_after=None
[2023-08-18 02:03:47,924] {logging_mixin.py:115} INFO - [2023-08-18 02:03:47,924] {dag.py:2927} INFO - Setting next_dagrun for example_xcom_args_with_operators to None, run_after=None
[2023-08-18 02:03:47,955] {processor.py:161} INFO - Processing /home/guilherme/extracao-dados-twitter/venv/lib/python3.9/site-packages/airflow/example_dags/example_xcomargs.py took 0.135 seconds
[2023-08-18 02:04:22,456] {processor.py:153} INFO - Started process (PID=5216) to work on /home/guilherme/extracao-dados-twitter/venv/lib/python3.9/site-packages/airflow/example_dags/example_xcomargs.py
[2023-08-18 02:04:22,456] {processor.py:641} INFO - Processing file /home/guilherme/extracao-dados-twitter/venv/lib/python3.9/site-packages/airflow/example_dags/example_xcomargs.py for tasks to queue
[2023-08-18 02:04:22,457] {logging_mixin.py:115} INFO - [2023-08-18 02:04:22,457] {dagbag.py:507} INFO - Filling up the DagBag from /home/guilherme/extracao-dados-twitter/venv/lib/python3.9/site-packages/airflow/example_dags/example_xcomargs.py
[2023-08-18 02:04:22,479] {processor.py:651} INFO - DAG(s) dict_keys(['example_xcom_args', 'example_xcom_args_with_operators']) retrieved from /home/guilherme/extracao-dados-twitter/venv/lib/python3.9/site-packages/airflow/example_dags/example_xcomargs.py
[2023-08-18 02:04:22,533] {logging_mixin.py:115} INFO - [2023-08-18 02:04:22,532] {dag.py:2379} INFO - Sync 2 DAGs
[2023-08-18 02:04:22,549] {logging_mixin.py:115} INFO - [2023-08-18 02:04:22,549] {dag.py:2927} INFO - Setting next_dagrun for example_xcom_args to None, run_after=None
[2023-08-18 02:04:22,550] {logging_mixin.py:115} INFO - [2023-08-18 02:04:22,550] {dag.py:2927} INFO - Setting next_dagrun for example_xcom_args_with_operators to None, run_after=None
[2023-08-18 02:04:22,574] {processor.py:161} INFO - Processing /home/guilherme/extracao-dados-twitter/venv/lib/python3.9/site-packages/airflow/example_dags/example_xcomargs.py took 0.122 seconds
[2023-08-18 02:04:56,600] {processor.py:153} INFO - Started process (PID=5457) to work on /home/guilherme/extracao-dados-twitter/venv/lib/python3.9/site-packages/airflow/example_dags/example_xcomargs.py
[2023-08-18 02:04:56,601] {processor.py:641} INFO - Processing file /home/guilherme/extracao-dados-twitter/venv/lib/python3.9/site-packages/airflow/example_dags/example_xcomargs.py for tasks to queue
[2023-08-18 02:04:56,602] {logging_mixin.py:115} INFO - [2023-08-18 02:04:56,602] {dagbag.py:507} INFO - Filling up the DagBag from /home/guilherme/extracao-dados-twitter/venv/lib/python3.9/site-packages/airflow/example_dags/example_xcomargs.py
[2023-08-18 02:04:56,624] {processor.py:651} INFO - DAG(s) dict_keys(['example_xcom_args', 'example_xcom_args_with_operators']) retrieved from /home/guilherme/extracao-dados-twitter/venv/lib/python3.9/site-packages/airflow/example_dags/example_xcomargs.py
[2023-08-18 02:04:56,646] {logging_mixin.py:115} INFO - [2023-08-18 02:04:56,646] {dag.py:2379} INFO - Sync 2 DAGs
[2023-08-18 02:04:56,664] {logging_mixin.py:115} INFO - [2023-08-18 02:04:56,664] {dag.py:2927} INFO - Setting next_dagrun for example_xcom_args to None, run_after=None
[2023-08-18 02:04:56,664] {logging_mixin.py:115} INFO - [2023-08-18 02:04:56,664] {dag.py:2927} INFO - Setting next_dagrun for example_xcom_args_with_operators to None, run_after=None
[2023-08-18 02:04:56,705] {processor.py:161} INFO - Processing /home/guilherme/extracao-dados-twitter/venv/lib/python3.9/site-packages/airflow/example_dags/example_xcomargs.py took 0.108 seconds
[2023-08-18 02:05:31,159] {processor.py:153} INFO - Started process (PID=5493) to work on /home/guilherme/extracao-dados-twitter/venv/lib/python3.9/site-packages/airflow/example_dags/example_xcomargs.py
[2023-08-18 02:05:31,160] {processor.py:641} INFO - Processing file /home/guilherme/extracao-dados-twitter/venv/lib/python3.9/site-packages/airflow/example_dags/example_xcomargs.py for tasks to queue
[2023-08-18 02:05:31,160] {logging_mixin.py:115} INFO - [2023-08-18 02:05:31,160] {dagbag.py:507} INFO - Filling up the DagBag from /home/guilherme/extracao-dados-twitter/venv/lib/python3.9/site-packages/airflow/example_dags/example_xcomargs.py
[2023-08-18 02:05:31,182] {processor.py:651} INFO - DAG(s) dict_keys(['example_xcom_args', 'example_xcom_args_with_operators']) retrieved from /home/guilherme/extracao-dados-twitter/venv/lib/python3.9/site-packages/airflow/example_dags/example_xcomargs.py
[2023-08-18 02:05:31,237] {logging_mixin.py:115} INFO - [2023-08-18 02:05:31,237] {dag.py:2379} INFO - Sync 2 DAGs
[2023-08-18 02:05:31,259] {logging_mixin.py:115} INFO - [2023-08-18 02:05:31,259] {dag.py:2927} INFO - Setting next_dagrun for example_xcom_args to None, run_after=None
[2023-08-18 02:05:31,259] {logging_mixin.py:115} INFO - [2023-08-18 02:05:31,259] {dag.py:2927} INFO - Setting next_dagrun for example_xcom_args_with_operators to None, run_after=None
[2023-08-18 02:05:31,299] {processor.py:161} INFO - Processing /home/guilherme/extracao-dados-twitter/venv/lib/python3.9/site-packages/airflow/example_dags/example_xcomargs.py took 0.144 seconds
[2023-08-18 17:08:29,010] {processor.py:153} INFO - Started process (PID=4983) to work on /home/guilherme/airflow/venv/lib/python3.9/site-packages/airflow/example_dags/example_xcomargs.py
[2023-08-18 17:08:29,014] {processor.py:641} INFO - Processing file /home/guilherme/airflow/venv/lib/python3.9/site-packages/airflow/example_dags/example_xcomargs.py for tasks to queue
[2023-08-18 17:08:29,015] {logging_mixin.py:115} INFO - [2023-08-18 17:08:29,015] {dagbag.py:507} INFO - Filling up the DagBag from /home/guilherme/airflow/venv/lib/python3.9/site-packages/airflow/example_dags/example_xcomargs.py
[2023-08-18 17:08:29,033] {processor.py:651} INFO - DAG(s) dict_keys(['example_xcom_args', 'example_xcom_args_with_operators']) retrieved from /home/guilherme/airflow/venv/lib/python3.9/site-packages/airflow/example_dags/example_xcomargs.py
[2023-08-18 17:08:29,076] {logging_mixin.py:115} INFO - [2023-08-18 17:08:29,076] {dag.py:2379} INFO - Sync 2 DAGs
[2023-08-18 17:08:29,090] {logging_mixin.py:115} INFO - [2023-08-18 17:08:29,090] {dag.py:2927} INFO - Setting next_dagrun for example_xcom_args to None, run_after=None
[2023-08-18 17:08:29,090] {logging_mixin.py:115} INFO - [2023-08-18 17:08:29,090] {dag.py:2927} INFO - Setting next_dagrun for example_xcom_args_with_operators to None, run_after=None
[2023-08-18 17:08:29,762] {processor.py:161} INFO - Processing /home/guilherme/airflow/venv/lib/python3.9/site-packages/airflow/example_dags/example_xcomargs.py took 0.756 seconds
[2023-08-18 17:09:11,425] {processor.py:153} INFO - Started process (PID=5064) to work on /home/guilherme/airflow/venv/lib/python3.9/site-packages/airflow/example_dags/example_xcomargs.py
[2023-08-18 17:09:11,426] {processor.py:641} INFO - Processing file /home/guilherme/airflow/venv/lib/python3.9/site-packages/airflow/example_dags/example_xcomargs.py for tasks to queue
[2023-08-18 17:09:11,426] {logging_mixin.py:115} INFO - [2023-08-18 17:09:11,426] {dagbag.py:507} INFO - Filling up the DagBag from /home/guilherme/airflow/venv/lib/python3.9/site-packages/airflow/example_dags/example_xcomargs.py
[2023-08-18 17:09:11,445] {processor.py:651} INFO - DAG(s) dict_keys(['example_xcom_args', 'example_xcom_args_with_operators']) retrieved from /home/guilherme/airflow/venv/lib/python3.9/site-packages/airflow/example_dags/example_xcomargs.py
[2023-08-18 17:09:11,488] {logging_mixin.py:115} INFO - [2023-08-18 17:09:11,488] {dag.py:2379} INFO - Sync 2 DAGs
[2023-08-18 17:09:11,502] {logging_mixin.py:115} INFO - [2023-08-18 17:09:11,502] {dag.py:2927} INFO - Setting next_dagrun for example_xcom_args to None, run_after=None
[2023-08-18 17:09:11,502] {logging_mixin.py:115} INFO - [2023-08-18 17:09:11,502] {dag.py:2927} INFO - Setting next_dagrun for example_xcom_args_with_operators to None, run_after=None
[2023-08-18 17:09:11,525] {processor.py:161} INFO - Processing /home/guilherme/airflow/venv/lib/python3.9/site-packages/airflow/example_dags/example_xcomargs.py took 0.103 seconds
[2023-08-18 17:09:45,426] {processor.py:153} INFO - Started process (PID=5098) to work on /home/guilherme/airflow/venv/lib/python3.9/site-packages/airflow/example_dags/example_xcomargs.py
[2023-08-18 17:09:45,427] {processor.py:641} INFO - Processing file /home/guilherme/airflow/venv/lib/python3.9/site-packages/airflow/example_dags/example_xcomargs.py for tasks to queue
[2023-08-18 17:09:45,428] {logging_mixin.py:115} INFO - [2023-08-18 17:09:45,427] {dagbag.py:507} INFO - Filling up the DagBag from /home/guilherme/airflow/venv/lib/python3.9/site-packages/airflow/example_dags/example_xcomargs.py
[2023-08-18 17:09:45,445] {processor.py:651} INFO - DAG(s) dict_keys(['example_xcom_args', 'example_xcom_args_with_operators']) retrieved from /home/guilherme/airflow/venv/lib/python3.9/site-packages/airflow/example_dags/example_xcomargs.py
[2023-08-18 17:09:45,467] {logging_mixin.py:115} INFO - [2023-08-18 17:09:45,467] {dag.py:2379} INFO - Sync 2 DAGs
[2023-08-18 17:09:45,482] {logging_mixin.py:115} INFO - [2023-08-18 17:09:45,482] {dag.py:2927} INFO - Setting next_dagrun for example_xcom_args to None, run_after=None
[2023-08-18 17:09:45,482] {logging_mixin.py:115} INFO - [2023-08-18 17:09:45,482] {dag.py:2927} INFO - Setting next_dagrun for example_xcom_args_with_operators to None, run_after=None
[2023-08-18 17:09:45,501] {processor.py:161} INFO - Processing /home/guilherme/airflow/venv/lib/python3.9/site-packages/airflow/example_dags/example_xcomargs.py took 0.078 seconds
[2023-08-18 17:10:22,531] {processor.py:153} INFO - Started process (PID=5132) to work on /home/guilherme/airflow/venv/lib/python3.9/site-packages/airflow/example_dags/example_xcomargs.py
[2023-08-18 17:10:22,532] {processor.py:641} INFO - Processing file /home/guilherme/airflow/venv/lib/python3.9/site-packages/airflow/example_dags/example_xcomargs.py for tasks to queue
[2023-08-18 17:10:22,532] {logging_mixin.py:115} INFO - [2023-08-18 17:10:22,532] {dagbag.py:507} INFO - Filling up the DagBag from /home/guilherme/airflow/venv/lib/python3.9/site-packages/airflow/example_dags/example_xcomargs.py
[2023-08-18 17:10:22,551] {processor.py:651} INFO - DAG(s) dict_keys(['example_xcom_args', 'example_xcom_args_with_operators']) retrieved from /home/guilherme/airflow/venv/lib/python3.9/site-packages/airflow/example_dags/example_xcomargs.py
[2023-08-18 17:10:22,594] {logging_mixin.py:115} INFO - [2023-08-18 17:10:22,593] {dag.py:2379} INFO - Sync 2 DAGs
[2023-08-18 17:10:22,606] {logging_mixin.py:115} INFO - [2023-08-18 17:10:22,606] {dag.py:2927} INFO - Setting next_dagrun for example_xcom_args to None, run_after=None
[2023-08-18 17:10:22,607] {logging_mixin.py:115} INFO - [2023-08-18 17:10:22,606] {dag.py:2927} INFO - Setting next_dagrun for example_xcom_args_with_operators to None, run_after=None
[2023-08-18 17:10:23,178] {processor.py:161} INFO - Processing /home/guilherme/airflow/venv/lib/python3.9/site-packages/airflow/example_dags/example_xcomargs.py took 0.651 seconds
[2023-08-18 17:11:04,660] {processor.py:153} INFO - Started process (PID=5172) to work on /home/guilherme/airflow/venv/lib/python3.9/site-packages/airflow/example_dags/example_xcomargs.py
[2023-08-18 17:11:04,661] {processor.py:641} INFO - Processing file /home/guilherme/airflow/venv/lib/python3.9/site-packages/airflow/example_dags/example_xcomargs.py for tasks to queue
[2023-08-18 17:11:04,661] {logging_mixin.py:115} INFO - [2023-08-18 17:11:04,661] {dagbag.py:507} INFO - Filling up the DagBag from /home/guilherme/airflow/venv/lib/python3.9/site-packages/airflow/example_dags/example_xcomargs.py
[2023-08-18 17:11:04,680] {processor.py:651} INFO - DAG(s) dict_keys(['example_xcom_args', 'example_xcom_args_with_operators']) retrieved from /home/guilherme/airflow/venv/lib/python3.9/site-packages/airflow/example_dags/example_xcomargs.py
[2023-08-18 17:11:04,701] {logging_mixin.py:115} INFO - [2023-08-18 17:11:04,701] {dag.py:2379} INFO - Sync 2 DAGs
[2023-08-18 17:11:04,718] {logging_mixin.py:115} INFO - [2023-08-18 17:11:04,718] {dag.py:2927} INFO - Setting next_dagrun for example_xcom_args to None, run_after=None
[2023-08-18 17:11:04,718] {logging_mixin.py:115} INFO - [2023-08-18 17:11:04,718] {dag.py:2927} INFO - Setting next_dagrun for example_xcom_args_with_operators to None, run_after=None
[2023-08-18 17:11:04,816] {processor.py:161} INFO - Processing /home/guilherme/airflow/venv/lib/python3.9/site-packages/airflow/example_dags/example_xcomargs.py took 0.159 seconds
[2023-08-18 17:11:38,572] {processor.py:153} INFO - Started process (PID=5413) to work on /home/guilherme/airflow/venv/lib/python3.9/site-packages/airflow/example_dags/example_xcomargs.py
[2023-08-18 17:11:38,573] {processor.py:641} INFO - Processing file /home/guilherme/airflow/venv/lib/python3.9/site-packages/airflow/example_dags/example_xcomargs.py for tasks to queue
[2023-08-18 17:11:38,574] {logging_mixin.py:115} INFO - [2023-08-18 17:11:38,574] {dagbag.py:507} INFO - Filling up the DagBag from /home/guilherme/airflow/venv/lib/python3.9/site-packages/airflow/example_dags/example_xcomargs.py
[2023-08-18 17:11:38,601] {processor.py:651} INFO - DAG(s) dict_keys(['example_xcom_args', 'example_xcom_args_with_operators']) retrieved from /home/guilherme/airflow/venv/lib/python3.9/site-packages/airflow/example_dags/example_xcomargs.py
[2023-08-18 17:11:38,648] {logging_mixin.py:115} INFO - [2023-08-18 17:11:38,648] {dag.py:2379} INFO - Sync 2 DAGs
[2023-08-18 17:11:38,663] {logging_mixin.py:115} INFO - [2023-08-18 17:11:38,663] {dag.py:2927} INFO - Setting next_dagrun for example_xcom_args to None, run_after=None
[2023-08-18 17:11:38,663] {logging_mixin.py:115} INFO - [2023-08-18 17:11:38,663] {dag.py:2927} INFO - Setting next_dagrun for example_xcom_args_with_operators to None, run_after=None
[2023-08-18 17:11:38,687] {processor.py:161} INFO - Processing /home/guilherme/airflow/venv/lib/python3.9/site-packages/airflow/example_dags/example_xcomargs.py took 0.120 seconds
[2023-08-18 17:12:10,700] {processor.py:153} INFO - Started process (PID=5602) to work on /home/guilherme/airflow/venv/lib/python3.9/site-packages/airflow/example_dags/example_xcomargs.py
[2023-08-18 17:12:10,701] {processor.py:641} INFO - Processing file /home/guilherme/airflow/venv/lib/python3.9/site-packages/airflow/example_dags/example_xcomargs.py for tasks to queue
[2023-08-18 17:12:10,701] {logging_mixin.py:115} INFO - [2023-08-18 17:12:10,701] {dagbag.py:507} INFO - Filling up the DagBag from /home/guilherme/airflow/venv/lib/python3.9/site-packages/airflow/example_dags/example_xcomargs.py
[2023-08-18 17:12:10,719] {processor.py:651} INFO - DAG(s) dict_keys(['example_xcom_args', 'example_xcom_args_with_operators']) retrieved from /home/guilherme/airflow/venv/lib/python3.9/site-packages/airflow/example_dags/example_xcomargs.py
[2023-08-18 17:12:10,762] {logging_mixin.py:115} INFO - [2023-08-18 17:12:10,762] {dag.py:2379} INFO - Sync 2 DAGs
[2023-08-18 17:12:10,775] {logging_mixin.py:115} INFO - [2023-08-18 17:12:10,775] {dag.py:2927} INFO - Setting next_dagrun for example_xcom_args to None, run_after=None
[2023-08-18 17:12:10,776] {logging_mixin.py:115} INFO - [2023-08-18 17:12:10,776] {dag.py:2927} INFO - Setting next_dagrun for example_xcom_args_with_operators to None, run_after=None
[2023-08-18 17:12:10,806] {processor.py:161} INFO - Processing /home/guilherme/airflow/venv/lib/python3.9/site-packages/airflow/example_dags/example_xcomargs.py took 0.109 seconds
[2023-08-18 17:12:43,065] {processor.py:153} INFO - Started process (PID=5636) to work on /home/guilherme/airflow/venv/lib/python3.9/site-packages/airflow/example_dags/example_xcomargs.py
[2023-08-18 17:12:43,066] {processor.py:641} INFO - Processing file /home/guilherme/airflow/venv/lib/python3.9/site-packages/airflow/example_dags/example_xcomargs.py for tasks to queue
[2023-08-18 17:12:43,067] {logging_mixin.py:115} INFO - [2023-08-18 17:12:43,067] {dagbag.py:507} INFO - Filling up the DagBag from /home/guilherme/airflow/venv/lib/python3.9/site-packages/airflow/example_dags/example_xcomargs.py
[2023-08-18 17:12:43,085] {processor.py:651} INFO - DAG(s) dict_keys(['example_xcom_args', 'example_xcom_args_with_operators']) retrieved from /home/guilherme/airflow/venv/lib/python3.9/site-packages/airflow/example_dags/example_xcomargs.py
[2023-08-18 17:12:43,131] {logging_mixin.py:115} INFO - [2023-08-18 17:12:43,131] {dag.py:2379} INFO - Sync 2 DAGs
[2023-08-18 17:12:43,146] {logging_mixin.py:115} INFO - [2023-08-18 17:12:43,146] {dag.py:2927} INFO - Setting next_dagrun for example_xcom_args to None, run_after=None
[2023-08-18 17:12:43,147] {logging_mixin.py:115} INFO - [2023-08-18 17:12:43,147] {dag.py:2927} INFO - Setting next_dagrun for example_xcom_args_with_operators to None, run_after=None
[2023-08-18 17:12:43,212] {processor.py:161} INFO - Processing /home/guilherme/airflow/venv/lib/python3.9/site-packages/airflow/example_dags/example_xcomargs.py took 0.150 seconds
