[2023-08-18 01:56:25,639] {processor.py:153} INFO - Started process (PID=3563) to work on /home/guilherme/extracao-dados-twitter/venv/lib/python3.9/site-packages/airflow/example_dags/example_task_group_decorator.py
[2023-08-18 01:56:25,639] {processor.py:641} INFO - Processing file /home/guilherme/extracao-dados-twitter/venv/lib/python3.9/site-packages/airflow/example_dags/example_task_group_decorator.py for tasks to queue
[2023-08-18 01:56:25,640] {logging_mixin.py:115} INFO - [2023-08-18 01:56:25,640] {dagbag.py:507} INFO - Filling up the DagBag from /home/guilherme/extracao-dados-twitter/venv/lib/python3.9/site-packages/airflow/example_dags/example_task_group_decorator.py
[2023-08-18 01:56:25,695] {processor.py:651} INFO - DAG(s) dict_keys(['example_task_group_decorator']) retrieved from /home/guilherme/extracao-dados-twitter/venv/lib/python3.9/site-packages/airflow/example_dags/example_task_group_decorator.py
[2023-08-18 01:56:25,869] {logging_mixin.py:115} INFO - [2023-08-18 01:56:25,869] {manager.py:508} INFO - Created Permission View: can edit on DAG:example_task_group_decorator
[2023-08-18 01:56:25,900] {logging_mixin.py:115} INFO - [2023-08-18 01:56:25,899] {manager.py:508} INFO - Created Permission View: can delete on DAG:example_task_group_decorator
[2023-08-18 01:56:25,918] {logging_mixin.py:115} INFO - [2023-08-18 01:56:25,918] {manager.py:508} INFO - Created Permission View: can read on DAG:example_task_group_decorator
[2023-08-18 01:56:25,918] {logging_mixin.py:115} INFO - [2023-08-18 01:56:25,918] {dag.py:2379} INFO - Sync 1 DAGs
[2023-08-18 01:56:25,927] {logging_mixin.py:115} INFO - [2023-08-18 01:56:25,927] {dag.py:2398} INFO - Creating ORM DAG for example_task_group_decorator
[2023-08-18 01:56:25,939] {logging_mixin.py:115} INFO - [2023-08-18 01:56:25,939] {dag.py:2927} INFO - Setting next_dagrun for example_task_group_decorator to 2023-08-17T01:56:25.939061+00:00, run_after=2023-08-18T01:56:25.939061+00:00
[2023-08-18 01:56:25,971] {processor.py:161} INFO - Processing /home/guilherme/extracao-dados-twitter/venv/lib/python3.9/site-packages/airflow/example_dags/example_task_group_decorator.py took 0.337 seconds
[2023-08-18 01:57:06,470] {processor.py:153} INFO - Started process (PID=3705) to work on /home/guilherme/extracao-dados-twitter/venv/lib/python3.9/site-packages/airflow/example_dags/example_task_group_decorator.py
[2023-08-18 01:57:06,471] {processor.py:641} INFO - Processing file /home/guilherme/extracao-dados-twitter/venv/lib/python3.9/site-packages/airflow/example_dags/example_task_group_decorator.py for tasks to queue
[2023-08-18 01:57:06,471] {logging_mixin.py:115} INFO - [2023-08-18 01:57:06,471] {dagbag.py:507} INFO - Filling up the DagBag from /home/guilherme/extracao-dados-twitter/venv/lib/python3.9/site-packages/airflow/example_dags/example_task_group_decorator.py
[2023-08-18 01:57:06,506] {processor.py:651} INFO - DAG(s) dict_keys(['example_task_group_decorator']) retrieved from /home/guilherme/extracao-dados-twitter/venv/lib/python3.9/site-packages/airflow/example_dags/example_task_group_decorator.py
[2023-08-18 01:57:06,606] {logging_mixin.py:115} INFO - [2023-08-18 01:57:06,605] {dag.py:2379} INFO - Sync 1 DAGs
[2023-08-18 01:57:06,624] {logging_mixin.py:115} INFO - [2023-08-18 01:57:06,624] {dag.py:2927} INFO - Setting next_dagrun for example_task_group_decorator to 2023-08-17T01:57:06.624385+00:00, run_after=2023-08-18T01:57:06.624385+00:00
[2023-08-18 01:57:06,660] {processor.py:161} INFO - Processing /home/guilherme/extracao-dados-twitter/venv/lib/python3.9/site-packages/airflow/example_dags/example_task_group_decorator.py took 0.194 seconds
[2023-08-18 01:57:41,979] {processor.py:153} INFO - Started process (PID=3896) to work on /home/guilherme/extracao-dados-twitter/venv/lib/python3.9/site-packages/airflow/example_dags/example_task_group_decorator.py
[2023-08-18 01:57:41,980] {processor.py:641} INFO - Processing file /home/guilherme/extracao-dados-twitter/venv/lib/python3.9/site-packages/airflow/example_dags/example_task_group_decorator.py for tasks to queue
[2023-08-18 01:57:41,980] {logging_mixin.py:115} INFO - [2023-08-18 01:57:41,980] {dagbag.py:507} INFO - Filling up the DagBag from /home/guilherme/extracao-dados-twitter/venv/lib/python3.9/site-packages/airflow/example_dags/example_task_group_decorator.py
[2023-08-18 01:57:42,011] {processor.py:651} INFO - DAG(s) dict_keys(['example_task_group_decorator']) retrieved from /home/guilherme/extracao-dados-twitter/venv/lib/python3.9/site-packages/airflow/example_dags/example_task_group_decorator.py
[2023-08-18 01:57:42,081] {logging_mixin.py:115} INFO - [2023-08-18 01:57:42,081] {dag.py:2379} INFO - Sync 1 DAGs
[2023-08-18 01:57:42,101] {logging_mixin.py:115} INFO - [2023-08-18 01:57:42,101] {dag.py:2927} INFO - Setting next_dagrun for example_task_group_decorator to 2023-08-17T01:57:42.100750+00:00, run_after=2023-08-18T01:57:42.100750+00:00
[2023-08-18 01:57:42,156] {processor.py:161} INFO - Processing /home/guilherme/extracao-dados-twitter/venv/lib/python3.9/site-packages/airflow/example_dags/example_task_group_decorator.py took 0.181 seconds
[2023-08-18 01:58:17,422] {processor.py:153} INFO - Started process (PID=4086) to work on /home/guilherme/extracao-dados-twitter/venv/lib/python3.9/site-packages/airflow/example_dags/example_task_group_decorator.py
[2023-08-18 01:58:17,423] {processor.py:641} INFO - Processing file /home/guilherme/extracao-dados-twitter/venv/lib/python3.9/site-packages/airflow/example_dags/example_task_group_decorator.py for tasks to queue
[2023-08-18 01:58:17,424] {logging_mixin.py:115} INFO - [2023-08-18 01:58:17,424] {dagbag.py:507} INFO - Filling up the DagBag from /home/guilherme/extracao-dados-twitter/venv/lib/python3.9/site-packages/airflow/example_dags/example_task_group_decorator.py
[2023-08-18 01:58:17,453] {processor.py:651} INFO - DAG(s) dict_keys(['example_task_group_decorator']) retrieved from /home/guilherme/extracao-dados-twitter/venv/lib/python3.9/site-packages/airflow/example_dags/example_task_group_decorator.py
[2023-08-18 01:58:17,517] {logging_mixin.py:115} INFO - [2023-08-18 01:58:17,517] {dag.py:2379} INFO - Sync 1 DAGs
[2023-08-18 01:58:17,538] {logging_mixin.py:115} INFO - [2023-08-18 01:58:17,538] {dag.py:2927} INFO - Setting next_dagrun for example_task_group_decorator to 2023-08-17T01:58:17.537851+00:00, run_after=2023-08-18T01:58:17.537851+00:00
[2023-08-18 01:58:17,564] {processor.py:161} INFO - Processing /home/guilherme/extracao-dados-twitter/venv/lib/python3.9/site-packages/airflow/example_dags/example_task_group_decorator.py took 0.145 seconds
[2023-08-18 01:58:52,426] {processor.py:153} INFO - Started process (PID=4120) to work on /home/guilherme/extracao-dados-twitter/venv/lib/python3.9/site-packages/airflow/example_dags/example_task_group_decorator.py
[2023-08-18 01:58:52,426] {processor.py:641} INFO - Processing file /home/guilherme/extracao-dados-twitter/venv/lib/python3.9/site-packages/airflow/example_dags/example_task_group_decorator.py for tasks to queue
[2023-08-18 01:58:52,427] {logging_mixin.py:115} INFO - [2023-08-18 01:58:52,427] {dagbag.py:507} INFO - Filling up the DagBag from /home/guilherme/extracao-dados-twitter/venv/lib/python3.9/site-packages/airflow/example_dags/example_task_group_decorator.py
[2023-08-18 01:58:52,458] {processor.py:651} INFO - DAG(s) dict_keys(['example_task_group_decorator']) retrieved from /home/guilherme/extracao-dados-twitter/venv/lib/python3.9/site-packages/airflow/example_dags/example_task_group_decorator.py
[2023-08-18 01:58:52,479] {logging_mixin.py:115} INFO - [2023-08-18 01:58:52,479] {dag.py:2379} INFO - Sync 1 DAGs
[2023-08-18 01:58:52,500] {logging_mixin.py:115} INFO - [2023-08-18 01:58:52,500] {dag.py:2927} INFO - Setting next_dagrun for example_task_group_decorator to 2023-08-17T01:58:52.500462+00:00, run_after=2023-08-18T01:58:52.500462+00:00
[2023-08-18 01:58:52,532] {processor.py:161} INFO - Processing /home/guilherme/extracao-dados-twitter/venv/lib/python3.9/site-packages/airflow/example_dags/example_task_group_decorator.py took 0.110 seconds
[2023-08-18 02:01:50,762] {processor.py:153} INFO - Started process (PID=4804) to work on /home/guilherme/extracao-dados-twitter/venv/lib/python3.9/site-packages/airflow/example_dags/example_task_group_decorator.py
[2023-08-18 02:01:50,763] {processor.py:641} INFO - Processing file /home/guilherme/extracao-dados-twitter/venv/lib/python3.9/site-packages/airflow/example_dags/example_task_group_decorator.py for tasks to queue
[2023-08-18 02:01:50,763] {logging_mixin.py:115} INFO - [2023-08-18 02:01:50,763] {dagbag.py:507} INFO - Filling up the DagBag from /home/guilherme/extracao-dados-twitter/venv/lib/python3.9/site-packages/airflow/example_dags/example_task_group_decorator.py
[2023-08-18 02:01:50,793] {processor.py:651} INFO - DAG(s) dict_keys(['example_task_group_decorator']) retrieved from /home/guilherme/extracao-dados-twitter/venv/lib/python3.9/site-packages/airflow/example_dags/example_task_group_decorator.py
[2023-08-18 02:01:50,845] {logging_mixin.py:115} INFO - [2023-08-18 02:01:50,845] {dag.py:2379} INFO - Sync 1 DAGs
[2023-08-18 02:01:50,861] {logging_mixin.py:115} INFO - [2023-08-18 02:01:50,861] {dag.py:2927} INFO - Setting next_dagrun for example_task_group_decorator to 2023-08-17T02:01:50.861055+00:00, run_after=2023-08-18T02:01:50.861055+00:00
[2023-08-18 02:01:50,901] {processor.py:161} INFO - Processing /home/guilherme/extracao-dados-twitter/venv/lib/python3.9/site-packages/airflow/example_dags/example_task_group_decorator.py took 0.143 seconds
[2023-08-18 02:02:24,811] {processor.py:153} INFO - Started process (PID=4991) to work on /home/guilherme/extracao-dados-twitter/venv/lib/python3.9/site-packages/airflow/example_dags/example_task_group_decorator.py
[2023-08-18 02:02:24,812] {processor.py:641} INFO - Processing file /home/guilherme/extracao-dados-twitter/venv/lib/python3.9/site-packages/airflow/example_dags/example_task_group_decorator.py for tasks to queue
[2023-08-18 02:02:24,813] {logging_mixin.py:115} INFO - [2023-08-18 02:02:24,813] {dagbag.py:507} INFO - Filling up the DagBag from /home/guilherme/extracao-dados-twitter/venv/lib/python3.9/site-packages/airflow/example_dags/example_task_group_decorator.py
[2023-08-18 02:02:24,854] {processor.py:651} INFO - DAG(s) dict_keys(['example_task_group_decorator']) retrieved from /home/guilherme/extracao-dados-twitter/venv/lib/python3.9/site-packages/airflow/example_dags/example_task_group_decorator.py
[2023-08-18 02:02:24,909] {logging_mixin.py:115} INFO - [2023-08-18 02:02:24,909] {dag.py:2379} INFO - Sync 1 DAGs
[2023-08-18 02:02:24,925] {logging_mixin.py:115} INFO - [2023-08-18 02:02:24,925] {dag.py:2927} INFO - Setting next_dagrun for example_task_group_decorator to 2023-08-17T02:02:24.925234+00:00, run_after=2023-08-18T02:02:24.925234+00:00
[2023-08-18 02:02:24,968] {processor.py:161} INFO - Processing /home/guilherme/extracao-dados-twitter/venv/lib/python3.9/site-packages/airflow/example_dags/example_task_group_decorator.py took 0.162 seconds
[2023-08-18 02:02:59,631] {processor.py:153} INFO - Started process (PID=5032) to work on /home/guilherme/extracao-dados-twitter/venv/lib/python3.9/site-packages/airflow/example_dags/example_task_group_decorator.py
[2023-08-18 02:02:59,631] {processor.py:641} INFO - Processing file /home/guilherme/extracao-dados-twitter/venv/lib/python3.9/site-packages/airflow/example_dags/example_task_group_decorator.py for tasks to queue
[2023-08-18 02:02:59,632] {logging_mixin.py:115} INFO - [2023-08-18 02:02:59,632] {dagbag.py:507} INFO - Filling up the DagBag from /home/guilherme/extracao-dados-twitter/venv/lib/python3.9/site-packages/airflow/example_dags/example_task_group_decorator.py
[2023-08-18 02:02:59,661] {processor.py:651} INFO - DAG(s) dict_keys(['example_task_group_decorator']) retrieved from /home/guilherme/extracao-dados-twitter/venv/lib/python3.9/site-packages/airflow/example_dags/example_task_group_decorator.py
[2023-08-18 02:02:59,719] {logging_mixin.py:115} INFO - [2023-08-18 02:02:59,719] {dag.py:2379} INFO - Sync 1 DAGs
[2023-08-18 02:02:59,735] {logging_mixin.py:115} INFO - [2023-08-18 02:02:59,735] {dag.py:2927} INFO - Setting next_dagrun for example_task_group_decorator to 2023-08-17T02:02:59.735545+00:00, run_after=2023-08-18T02:02:59.735545+00:00
[2023-08-18 02:02:59,866] {processor.py:161} INFO - Processing /home/guilherme/extracao-dados-twitter/venv/lib/python3.9/site-packages/airflow/example_dags/example_task_group_decorator.py took 0.239 seconds
[2023-08-18 02:03:34,608] {processor.py:153} INFO - Started process (PID=5067) to work on /home/guilherme/extracao-dados-twitter/venv/lib/python3.9/site-packages/airflow/example_dags/example_task_group_decorator.py
[2023-08-18 02:03:34,609] {processor.py:641} INFO - Processing file /home/guilherme/extracao-dados-twitter/venv/lib/python3.9/site-packages/airflow/example_dags/example_task_group_decorator.py for tasks to queue
[2023-08-18 02:03:34,610] {logging_mixin.py:115} INFO - [2023-08-18 02:03:34,610] {dagbag.py:507} INFO - Filling up the DagBag from /home/guilherme/extracao-dados-twitter/venv/lib/python3.9/site-packages/airflow/example_dags/example_task_group_decorator.py
[2023-08-18 02:03:34,639] {processor.py:651} INFO - DAG(s) dict_keys(['example_task_group_decorator']) retrieved from /home/guilherme/extracao-dados-twitter/venv/lib/python3.9/site-packages/airflow/example_dags/example_task_group_decorator.py
[2023-08-18 02:03:34,660] {logging_mixin.py:115} INFO - [2023-08-18 02:03:34,660] {dag.py:2379} INFO - Sync 1 DAGs
[2023-08-18 02:03:34,682] {logging_mixin.py:115} INFO - [2023-08-18 02:03:34,682] {dag.py:2927} INFO - Setting next_dagrun for example_task_group_decorator to 2023-08-17T02:03:34.681929+00:00, run_after=2023-08-18T02:03:34.681929+00:00
[2023-08-18 02:03:34,708] {processor.py:161} INFO - Processing /home/guilherme/extracao-dados-twitter/venv/lib/python3.9/site-packages/airflow/example_dags/example_task_group_decorator.py took 0.104 seconds
[2023-08-18 02:04:08,430] {processor.py:153} INFO - Started process (PID=5101) to work on /home/guilherme/extracao-dados-twitter/venv/lib/python3.9/site-packages/airflow/example_dags/example_task_group_decorator.py
[2023-08-18 02:04:08,431] {processor.py:641} INFO - Processing file /home/guilherme/extracao-dados-twitter/venv/lib/python3.9/site-packages/airflow/example_dags/example_task_group_decorator.py for tasks to queue
[2023-08-18 02:04:08,431] {logging_mixin.py:115} INFO - [2023-08-18 02:04:08,431] {dagbag.py:507} INFO - Filling up the DagBag from /home/guilherme/extracao-dados-twitter/venv/lib/python3.9/site-packages/airflow/example_dags/example_task_group_decorator.py
[2023-08-18 02:04:08,461] {processor.py:651} INFO - DAG(s) dict_keys(['example_task_group_decorator']) retrieved from /home/guilherme/extracao-dados-twitter/venv/lib/python3.9/site-packages/airflow/example_dags/example_task_group_decorator.py
[2023-08-18 02:04:08,519] {logging_mixin.py:115} INFO - [2023-08-18 02:04:08,519] {dag.py:2379} INFO - Sync 1 DAGs
[2023-08-18 02:04:08,538] {logging_mixin.py:115} INFO - [2023-08-18 02:04:08,537] {dag.py:2927} INFO - Setting next_dagrun for example_task_group_decorator to 2023-08-17T02:04:08.537670+00:00, run_after=2023-08-18T02:04:08.537670+00:00
[2023-08-18 02:04:08,739] {processor.py:161} INFO - Processing /home/guilherme/extracao-dados-twitter/venv/lib/python3.9/site-packages/airflow/example_dags/example_task_group_decorator.py took 0.313 seconds
[2023-08-18 02:04:42,646] {processor.py:153} INFO - Started process (PID=5341) to work on /home/guilherme/extracao-dados-twitter/venv/lib/python3.9/site-packages/airflow/example_dags/example_task_group_decorator.py
[2023-08-18 02:04:42,647] {processor.py:641} INFO - Processing file /home/guilherme/extracao-dados-twitter/venv/lib/python3.9/site-packages/airflow/example_dags/example_task_group_decorator.py for tasks to queue
[2023-08-18 02:04:42,647] {logging_mixin.py:115} INFO - [2023-08-18 02:04:42,647] {dagbag.py:507} INFO - Filling up the DagBag from /home/guilherme/extracao-dados-twitter/venv/lib/python3.9/site-packages/airflow/example_dags/example_task_group_decorator.py
[2023-08-18 02:04:42,676] {processor.py:651} INFO - DAG(s) dict_keys(['example_task_group_decorator']) retrieved from /home/guilherme/extracao-dados-twitter/venv/lib/python3.9/site-packages/airflow/example_dags/example_task_group_decorator.py
[2023-08-18 02:04:42,734] {logging_mixin.py:115} INFO - [2023-08-18 02:04:42,734] {dag.py:2379} INFO - Sync 1 DAGs
[2023-08-18 02:04:42,751] {logging_mixin.py:115} INFO - [2023-08-18 02:04:42,751] {dag.py:2927} INFO - Setting next_dagrun for example_task_group_decorator to 2023-08-17T02:04:42.751380+00:00, run_after=2023-08-18T02:04:42.751380+00:00
[2023-08-18 02:04:42,888] {processor.py:161} INFO - Processing /home/guilherme/extracao-dados-twitter/venv/lib/python3.9/site-packages/airflow/example_dags/example_task_group_decorator.py took 0.246 seconds
[2023-08-18 02:05:17,006] {processor.py:153} INFO - Started process (PID=5478) to work on /home/guilherme/extracao-dados-twitter/venv/lib/python3.9/site-packages/airflow/example_dags/example_task_group_decorator.py
[2023-08-18 02:05:17,007] {processor.py:641} INFO - Processing file /home/guilherme/extracao-dados-twitter/venv/lib/python3.9/site-packages/airflow/example_dags/example_task_group_decorator.py for tasks to queue
[2023-08-18 02:05:17,007] {logging_mixin.py:115} INFO - [2023-08-18 02:05:17,007] {dagbag.py:507} INFO - Filling up the DagBag from /home/guilherme/extracao-dados-twitter/venv/lib/python3.9/site-packages/airflow/example_dags/example_task_group_decorator.py
[2023-08-18 02:05:17,037] {processor.py:651} INFO - DAG(s) dict_keys(['example_task_group_decorator']) retrieved from /home/guilherme/extracao-dados-twitter/venv/lib/python3.9/site-packages/airflow/example_dags/example_task_group_decorator.py
[2023-08-18 02:05:17,092] {logging_mixin.py:115} INFO - [2023-08-18 02:05:17,092] {dag.py:2379} INFO - Sync 1 DAGs
[2023-08-18 02:05:17,109] {logging_mixin.py:115} INFO - [2023-08-18 02:05:17,109] {dag.py:2927} INFO - Setting next_dagrun for example_task_group_decorator to 2023-08-17T02:05:17.109288+00:00, run_after=2023-08-18T02:05:17.109288+00:00
[2023-08-18 02:05:17,150] {processor.py:161} INFO - Processing /home/guilherme/extracao-dados-twitter/venv/lib/python3.9/site-packages/airflow/example_dags/example_task_group_decorator.py took 0.148 seconds
[2023-08-18 02:05:51,528] {processor.py:153} INFO - Started process (PID=5513) to work on /home/guilherme/extracao-dados-twitter/venv/lib/python3.9/site-packages/airflow/example_dags/example_task_group_decorator.py
[2023-08-18 02:05:51,529] {processor.py:641} INFO - Processing file /home/guilherme/extracao-dados-twitter/venv/lib/python3.9/site-packages/airflow/example_dags/example_task_group_decorator.py for tasks to queue
[2023-08-18 02:05:51,529] {logging_mixin.py:115} INFO - [2023-08-18 02:05:51,529] {dagbag.py:507} INFO - Filling up the DagBag from /home/guilherme/extracao-dados-twitter/venv/lib/python3.9/site-packages/airflow/example_dags/example_task_group_decorator.py
[2023-08-18 02:05:51,559] {processor.py:651} INFO - DAG(s) dict_keys(['example_task_group_decorator']) retrieved from /home/guilherme/extracao-dados-twitter/venv/lib/python3.9/site-packages/airflow/example_dags/example_task_group_decorator.py
[2023-08-18 02:05:51,614] {logging_mixin.py:115} INFO - [2023-08-18 02:05:51,614] {dag.py:2379} INFO - Sync 1 DAGs
[2023-08-18 02:05:51,631] {logging_mixin.py:115} INFO - [2023-08-18 02:05:51,630] {dag.py:2927} INFO - Setting next_dagrun for example_task_group_decorator to 2023-08-17T02:05:51.630622+00:00, run_after=2023-08-18T02:05:51.630622+00:00
[2023-08-18 02:05:51,656] {processor.py:161} INFO - Processing /home/guilherme/extracao-dados-twitter/venv/lib/python3.9/site-packages/airflow/example_dags/example_task_group_decorator.py took 0.131 seconds
[2023-08-18 17:08:13,727] {processor.py:153} INFO - Started process (PID=4799) to work on /home/guilherme/airflow/venv/lib/python3.9/site-packages/airflow/example_dags/example_task_group_decorator.py
[2023-08-18 17:08:13,732] {processor.py:641} INFO - Processing file /home/guilherme/airflow/venv/lib/python3.9/site-packages/airflow/example_dags/example_task_group_decorator.py for tasks to queue
[2023-08-18 17:08:13,732] {logging_mixin.py:115} INFO - [2023-08-18 17:08:13,732] {dagbag.py:507} INFO - Filling up the DagBag from /home/guilherme/airflow/venv/lib/python3.9/site-packages/airflow/example_dags/example_task_group_decorator.py
[2023-08-18 17:08:13,798] {processor.py:651} INFO - DAG(s) dict_keys(['example_task_group_decorator']) retrieved from /home/guilherme/airflow/venv/lib/python3.9/site-packages/airflow/example_dags/example_task_group_decorator.py
[2023-08-18 17:08:14,066] {logging_mixin.py:115} INFO - [2023-08-18 17:08:14,066] {dag.py:2379} INFO - Sync 1 DAGs
[2023-08-18 17:08:14,106] {logging_mixin.py:115} INFO - [2023-08-18 17:08:14,106] {dag.py:2927} INFO - Setting next_dagrun for example_task_group_decorator to 2023-08-17T17:08:14.105783+00:00, run_after=2023-08-18T17:08:14.105783+00:00
[2023-08-18 17:08:14,212] {processor.py:161} INFO - Processing /home/guilherme/airflow/venv/lib/python3.9/site-packages/airflow/example_dags/example_task_group_decorator.py took 0.488 seconds
[2023-08-18 17:08:58,650] {processor.py:153} INFO - Started process (PID=5051) to work on /home/guilherme/airflow/venv/lib/python3.9/site-packages/airflow/example_dags/example_task_group_decorator.py
[2023-08-18 17:08:58,651] {processor.py:641} INFO - Processing file /home/guilherme/airflow/venv/lib/python3.9/site-packages/airflow/example_dags/example_task_group_decorator.py for tasks to queue
[2023-08-18 17:08:58,652] {logging_mixin.py:115} INFO - [2023-08-18 17:08:58,652] {dagbag.py:507} INFO - Filling up the DagBag from /home/guilherme/airflow/venv/lib/python3.9/site-packages/airflow/example_dags/example_task_group_decorator.py
[2023-08-18 17:08:58,674] {processor.py:651} INFO - DAG(s) dict_keys(['example_task_group_decorator']) retrieved from /home/guilherme/airflow/venv/lib/python3.9/site-packages/airflow/example_dags/example_task_group_decorator.py
[2023-08-18 17:08:58,717] {logging_mixin.py:115} INFO - [2023-08-18 17:08:58,716] {dag.py:2379} INFO - Sync 1 DAGs
[2023-08-18 17:08:58,730] {logging_mixin.py:115} INFO - [2023-08-18 17:08:58,729] {dag.py:2927} INFO - Setting next_dagrun for example_task_group_decorator to 2023-08-17T17:08:58.729666+00:00, run_after=2023-08-18T17:08:58.729666+00:00
[2023-08-18 17:08:58,856] {processor.py:161} INFO - Processing /home/guilherme/airflow/venv/lib/python3.9/site-packages/airflow/example_dags/example_task_group_decorator.py took 0.209 seconds
[2023-08-18 17:09:32,928] {processor.py:153} INFO - Started process (PID=5086) to work on /home/guilherme/airflow/venv/lib/python3.9/site-packages/airflow/example_dags/example_task_group_decorator.py
[2023-08-18 17:09:32,929] {processor.py:641} INFO - Processing file /home/guilherme/airflow/venv/lib/python3.9/site-packages/airflow/example_dags/example_task_group_decorator.py for tasks to queue
[2023-08-18 17:09:32,930] {logging_mixin.py:115} INFO - [2023-08-18 17:09:32,930] {dagbag.py:507} INFO - Filling up the DagBag from /home/guilherme/airflow/venv/lib/python3.9/site-packages/airflow/example_dags/example_task_group_decorator.py
[2023-08-18 17:09:32,954] {processor.py:651} INFO - DAG(s) dict_keys(['example_task_group_decorator']) retrieved from /home/guilherme/airflow/venv/lib/python3.9/site-packages/airflow/example_dags/example_task_group_decorator.py
[2023-08-18 17:09:33,000] {logging_mixin.py:115} INFO - [2023-08-18 17:09:33,000] {dag.py:2379} INFO - Sync 1 DAGs
[2023-08-18 17:09:33,014] {logging_mixin.py:115} INFO - [2023-08-18 17:09:33,014] {dag.py:2927} INFO - Setting next_dagrun for example_task_group_decorator to 2023-08-17T17:09:33.014553+00:00, run_after=2023-08-18T17:09:33.014553+00:00
[2023-08-18 17:09:33,037] {processor.py:161} INFO - Processing /home/guilherme/airflow/venv/lib/python3.9/site-packages/airflow/example_dags/example_task_group_decorator.py took 0.112 seconds
[2023-08-18 17:10:07,921] {processor.py:153} INFO - Started process (PID=5120) to work on /home/guilherme/airflow/venv/lib/python3.9/site-packages/airflow/example_dags/example_task_group_decorator.py
[2023-08-18 17:10:07,922] {processor.py:641} INFO - Processing file /home/guilherme/airflow/venv/lib/python3.9/site-packages/airflow/example_dags/example_task_group_decorator.py for tasks to queue
[2023-08-18 17:10:07,922] {logging_mixin.py:115} INFO - [2023-08-18 17:10:07,922] {dagbag.py:507} INFO - Filling up the DagBag from /home/guilherme/airflow/venv/lib/python3.9/site-packages/airflow/example_dags/example_task_group_decorator.py
[2023-08-18 17:10:07,945] {processor.py:651} INFO - DAG(s) dict_keys(['example_task_group_decorator']) retrieved from /home/guilherme/airflow/venv/lib/python3.9/site-packages/airflow/example_dags/example_task_group_decorator.py
[2023-08-18 17:10:07,965] {logging_mixin.py:115} INFO - [2023-08-18 17:10:07,965] {dag.py:2379} INFO - Sync 1 DAGs
[2023-08-18 17:10:07,980] {logging_mixin.py:115} INFO - [2023-08-18 17:10:07,980] {dag.py:2927} INFO - Setting next_dagrun for example_task_group_decorator to 2023-08-17T17:10:07.980065+00:00, run_after=2023-08-18T17:10:07.980065+00:00
[2023-08-18 17:10:08,000] {processor.py:161} INFO - Processing /home/guilherme/airflow/venv/lib/python3.9/site-packages/airflow/example_dags/example_task_group_decorator.py took 0.083 seconds
[2023-08-18 17:10:47,741] {processor.py:153} INFO - Started process (PID=5157) to work on /home/guilherme/airflow/venv/lib/python3.9/site-packages/airflow/example_dags/example_task_group_decorator.py
[2023-08-18 17:10:47,742] {processor.py:641} INFO - Processing file /home/guilherme/airflow/venv/lib/python3.9/site-packages/airflow/example_dags/example_task_group_decorator.py for tasks to queue
[2023-08-18 17:10:47,742] {logging_mixin.py:115} INFO - [2023-08-18 17:10:47,742] {dagbag.py:507} INFO - Filling up the DagBag from /home/guilherme/airflow/venv/lib/python3.9/site-packages/airflow/example_dags/example_task_group_decorator.py
[2023-08-18 17:10:47,766] {processor.py:651} INFO - DAG(s) dict_keys(['example_task_group_decorator']) retrieved from /home/guilherme/airflow/venv/lib/python3.9/site-packages/airflow/example_dags/example_task_group_decorator.py
[2023-08-18 17:10:47,810] {logging_mixin.py:115} INFO - [2023-08-18 17:10:47,810] {dag.py:2379} INFO - Sync 1 DAGs
[2023-08-18 17:10:47,824] {logging_mixin.py:115} INFO - [2023-08-18 17:10:47,824] {dag.py:2927} INFO - Setting next_dagrun for example_task_group_decorator to 2023-08-17T17:10:47.823916+00:00, run_after=2023-08-18T17:10:47.823916+00:00
[2023-08-18 17:10:48,039] {processor.py:161} INFO - Processing /home/guilherme/airflow/venv/lib/python3.9/site-packages/airflow/example_dags/example_task_group_decorator.py took 0.301 seconds
[2023-08-18 17:11:22,615] {processor.py:153} INFO - Started process (PID=5189) to work on /home/guilherme/airflow/venv/lib/python3.9/site-packages/airflow/example_dags/example_task_group_decorator.py
[2023-08-18 17:11:22,616] {processor.py:641} INFO - Processing file /home/guilherme/airflow/venv/lib/python3.9/site-packages/airflow/example_dags/example_task_group_decorator.py for tasks to queue
[2023-08-18 17:11:22,616] {logging_mixin.py:115} INFO - [2023-08-18 17:11:22,616] {dagbag.py:507} INFO - Filling up the DagBag from /home/guilherme/airflow/venv/lib/python3.9/site-packages/airflow/example_dags/example_task_group_decorator.py
[2023-08-18 17:11:22,640] {processor.py:651} INFO - DAG(s) dict_keys(['example_task_group_decorator']) retrieved from /home/guilherme/airflow/venv/lib/python3.9/site-packages/airflow/example_dags/example_task_group_decorator.py
[2023-08-18 17:11:22,685] {logging_mixin.py:115} INFO - [2023-08-18 17:11:22,685] {dag.py:2379} INFO - Sync 1 DAGs
[2023-08-18 17:11:22,699] {logging_mixin.py:115} INFO - [2023-08-18 17:11:22,699] {dag.py:2927} INFO - Setting next_dagrun for example_task_group_decorator to 2023-08-17T17:11:22.698993+00:00, run_after=2023-08-18T17:11:22.698993+00:00
[2023-08-18 17:11:22,728] {processor.py:161} INFO - Processing /home/guilherme/airflow/venv/lib/python3.9/site-packages/airflow/example_dags/example_task_group_decorator.py took 0.117 seconds
[2023-08-18 17:11:55,294] {processor.py:153} INFO - Started process (PID=5586) to work on /home/guilherme/airflow/venv/lib/python3.9/site-packages/airflow/example_dags/example_task_group_decorator.py
[2023-08-18 17:11:55,295] {processor.py:641} INFO - Processing file /home/guilherme/airflow/venv/lib/python3.9/site-packages/airflow/example_dags/example_task_group_decorator.py for tasks to queue
[2023-08-18 17:11:55,295] {logging_mixin.py:115} INFO - [2023-08-18 17:11:55,295] {dagbag.py:507} INFO - Filling up the DagBag from /home/guilherme/airflow/venv/lib/python3.9/site-packages/airflow/example_dags/example_task_group_decorator.py
[2023-08-18 17:11:55,318] {processor.py:651} INFO - DAG(s) dict_keys(['example_task_group_decorator']) retrieved from /home/guilherme/airflow/venv/lib/python3.9/site-packages/airflow/example_dags/example_task_group_decorator.py
[2023-08-18 17:11:55,363] {logging_mixin.py:115} INFO - [2023-08-18 17:11:55,363] {dag.py:2379} INFO - Sync 1 DAGs
[2023-08-18 17:11:55,376] {logging_mixin.py:115} INFO - [2023-08-18 17:11:55,376] {dag.py:2927} INFO - Setting next_dagrun for example_task_group_decorator to 2023-08-17T17:11:55.376032+00:00, run_after=2023-08-18T17:11:55.376032+00:00
[2023-08-18 17:11:55,433] {processor.py:161} INFO - Processing /home/guilherme/airflow/venv/lib/python3.9/site-packages/airflow/example_dags/example_task_group_decorator.py took 0.143 seconds
[2023-08-18 17:12:28,380] {processor.py:153} INFO - Started process (PID=5621) to work on /home/guilherme/airflow/venv/lib/python3.9/site-packages/airflow/example_dags/example_task_group_decorator.py
[2023-08-18 17:12:28,381] {processor.py:641} INFO - Processing file /home/guilherme/airflow/venv/lib/python3.9/site-packages/airflow/example_dags/example_task_group_decorator.py for tasks to queue
[2023-08-18 17:12:28,382] {logging_mixin.py:115} INFO - [2023-08-18 17:12:28,382] {dagbag.py:507} INFO - Filling up the DagBag from /home/guilherme/airflow/venv/lib/python3.9/site-packages/airflow/example_dags/example_task_group_decorator.py
[2023-08-18 17:12:28,408] {processor.py:651} INFO - DAG(s) dict_keys(['example_task_group_decorator']) retrieved from /home/guilherme/airflow/venv/lib/python3.9/site-packages/airflow/example_dags/example_task_group_decorator.py
[2023-08-18 17:12:28,452] {logging_mixin.py:115} INFO - [2023-08-18 17:12:28,451] {dag.py:2379} INFO - Sync 1 DAGs
[2023-08-18 17:12:28,466] {logging_mixin.py:115} INFO - [2023-08-18 17:12:28,465] {dag.py:2927} INFO - Setting next_dagrun for example_task_group_decorator to 2023-08-17T17:12:28.465680+00:00, run_after=2023-08-18T17:12:28.465680+00:00
[2023-08-18 17:12:28,487] {processor.py:161} INFO - Processing /home/guilherme/airflow/venv/lib/python3.9/site-packages/airflow/example_dags/example_task_group_decorator.py took 0.111 seconds
[2023-08-18 17:12:58,676] {processor.py:153} INFO - Started process (PID=5706) to work on /home/guilherme/airflow/venv/lib/python3.9/site-packages/airflow/example_dags/example_task_group_decorator.py
[2023-08-18 17:12:58,677] {processor.py:641} INFO - Processing file /home/guilherme/airflow/venv/lib/python3.9/site-packages/airflow/example_dags/example_task_group_decorator.py for tasks to queue
[2023-08-18 17:12:58,677] {logging_mixin.py:115} INFO - [2023-08-18 17:12:58,677] {dagbag.py:507} INFO - Filling up the DagBag from /home/guilherme/airflow/venv/lib/python3.9/site-packages/airflow/example_dags/example_task_group_decorator.py
[2023-08-18 17:12:58,701] {processor.py:651} INFO - DAG(s) dict_keys(['example_task_group_decorator']) retrieved from /home/guilherme/airflow/venv/lib/python3.9/site-packages/airflow/example_dags/example_task_group_decorator.py
[2023-08-18 17:12:58,722] {logging_mixin.py:115} INFO - [2023-08-18 17:12:58,722] {dag.py:2379} INFO - Sync 1 DAGs
[2023-08-18 17:12:58,738] {logging_mixin.py:115} INFO - [2023-08-18 17:12:58,738] {dag.py:2927} INFO - Setting next_dagrun for example_task_group_decorator to 2023-08-17T17:12:58.738283+00:00, run_after=2023-08-18T17:12:58.738283+00:00
[2023-08-18 17:12:58,767] {processor.py:161} INFO - Processing /home/guilherme/airflow/venv/lib/python3.9/site-packages/airflow/example_dags/example_task_group_decorator.py took 0.095 seconds
