[2023-08-18 01:56:52,761] {processor.py:153} INFO - Started process (PID=3587) to work on /home/guilherme/extracao-dados-twitter/venv/lib/python3.9/site-packages/airflow/example_dags/example_branch_operator.py
[2023-08-18 01:56:52,761] {processor.py:641} INFO - Processing file /home/guilherme/extracao-dados-twitter/venv/lib/python3.9/site-packages/airflow/example_dags/example_branch_operator.py for tasks to queue
[2023-08-18 01:56:52,762] {logging_mixin.py:115} INFO - [2023-08-18 01:56:52,762] {dagbag.py:507} INFO - Filling up the DagBag from /home/guilherme/extracao-dados-twitter/venv/lib/python3.9/site-packages/airflow/example_dags/example_branch_operator.py
[2023-08-18 01:56:52,774] {processor.py:651} INFO - DAG(s) dict_keys(['example_branch_operator']) retrieved from /home/guilherme/extracao-dados-twitter/venv/lib/python3.9/site-packages/airflow/example_dags/example_branch_operator.py
[2023-08-18 01:56:52,914] {logging_mixin.py:115} INFO - [2023-08-18 01:56:52,914] {manager.py:508} INFO - Created Permission View: can edit on DAG:example_branch_operator
[2023-08-18 01:56:52,945] {logging_mixin.py:115} INFO - [2023-08-18 01:56:52,945] {manager.py:508} INFO - Created Permission View: can delete on DAG:example_branch_operator
[2023-08-18 01:56:52,965] {logging_mixin.py:115} INFO - [2023-08-18 01:56:52,965] {manager.py:508} INFO - Created Permission View: can read on DAG:example_branch_operator
[2023-08-18 01:56:52,965] {logging_mixin.py:115} INFO - [2023-08-18 01:56:52,965] {dag.py:2379} INFO - Sync 1 DAGs
[2023-08-18 01:56:52,976] {logging_mixin.py:115} INFO - [2023-08-18 01:56:52,976] {dag.py:2398} INFO - Creating ORM DAG for example_branch_operator
[2023-08-18 01:56:52,991] {logging_mixin.py:115} INFO - [2023-08-18 01:56:52,991] {dag.py:2927} INFO - Setting next_dagrun for example_branch_operator to 2023-08-17T00:00:00+00:00, run_after=2023-08-18T00:00:00+00:00
[2023-08-18 01:56:53,021] {processor.py:161} INFO - Processing /home/guilherme/extracao-dados-twitter/venv/lib/python3.9/site-packages/airflow/example_dags/example_branch_operator.py took 0.264 seconds
[2023-08-18 01:57:28,102] {processor.py:153} INFO - Started process (PID=3828) to work on /home/guilherme/extracao-dados-twitter/venv/lib/python3.9/site-packages/airflow/example_dags/example_branch_operator.py
[2023-08-18 01:57:28,103] {processor.py:641} INFO - Processing file /home/guilherme/extracao-dados-twitter/venv/lib/python3.9/site-packages/airflow/example_dags/example_branch_operator.py for tasks to queue
[2023-08-18 01:57:28,104] {logging_mixin.py:115} INFO - [2023-08-18 01:57:28,104] {dagbag.py:507} INFO - Filling up the DagBag from /home/guilherme/extracao-dados-twitter/venv/lib/python3.9/site-packages/airflow/example_dags/example_branch_operator.py
[2023-08-18 01:57:28,118] {processor.py:651} INFO - DAG(s) dict_keys(['example_branch_operator']) retrieved from /home/guilherme/extracao-dados-twitter/venv/lib/python3.9/site-packages/airflow/example_dags/example_branch_operator.py
[2023-08-18 01:57:28,138] {logging_mixin.py:115} INFO - [2023-08-18 01:57:28,138] {dag.py:2379} INFO - Sync 1 DAGs
[2023-08-18 01:57:28,161] {logging_mixin.py:115} INFO - [2023-08-18 01:57:28,161] {dag.py:2927} INFO - Setting next_dagrun for example_branch_operator to 2023-08-17T00:00:00+00:00, run_after=2023-08-18T00:00:00+00:00
[2023-08-18 01:57:28,198] {processor.py:161} INFO - Processing /home/guilherme/extracao-dados-twitter/venv/lib/python3.9/site-packages/airflow/example_dags/example_branch_operator.py took 0.100 seconds
[2023-08-18 01:58:05,427] {processor.py:153} INFO - Started process (PID=4074) to work on /home/guilherme/extracao-dados-twitter/venv/lib/python3.9/site-packages/airflow/example_dags/example_branch_operator.py
[2023-08-18 01:58:05,428] {processor.py:641} INFO - Processing file /home/guilherme/extracao-dados-twitter/venv/lib/python3.9/site-packages/airflow/example_dags/example_branch_operator.py for tasks to queue
[2023-08-18 01:58:05,428] {logging_mixin.py:115} INFO - [2023-08-18 01:58:05,428] {dagbag.py:507} INFO - Filling up the DagBag from /home/guilherme/extracao-dados-twitter/venv/lib/python3.9/site-packages/airflow/example_dags/example_branch_operator.py
[2023-08-18 01:58:05,440] {processor.py:651} INFO - DAG(s) dict_keys(['example_branch_operator']) retrieved from /home/guilherme/extracao-dados-twitter/venv/lib/python3.9/site-packages/airflow/example_dags/example_branch_operator.py
[2023-08-18 01:58:05,463] {logging_mixin.py:115} INFO - [2023-08-18 01:58:05,463] {dag.py:2379} INFO - Sync 1 DAGs
[2023-08-18 01:58:05,488] {logging_mixin.py:115} INFO - [2023-08-18 01:58:05,487] {dag.py:2927} INFO - Setting next_dagrun for example_branch_operator to 2023-08-17T00:00:00+00:00, run_after=2023-08-18T00:00:00+00:00
[2023-08-18 01:58:05,515] {processor.py:161} INFO - Processing /home/guilherme/extracao-dados-twitter/venv/lib/python3.9/site-packages/airflow/example_dags/example_branch_operator.py took 0.092 seconds
[2023-08-18 01:58:41,890] {processor.py:153} INFO - Started process (PID=4110) to work on /home/guilherme/extracao-dados-twitter/venv/lib/python3.9/site-packages/airflow/example_dags/example_branch_operator.py
[2023-08-18 01:58:41,891] {processor.py:641} INFO - Processing file /home/guilherme/extracao-dados-twitter/venv/lib/python3.9/site-packages/airflow/example_dags/example_branch_operator.py for tasks to queue
[2023-08-18 01:58:41,892] {logging_mixin.py:115} INFO - [2023-08-18 01:58:41,891] {dagbag.py:507} INFO - Filling up the DagBag from /home/guilherme/extracao-dados-twitter/venv/lib/python3.9/site-packages/airflow/example_dags/example_branch_operator.py
[2023-08-18 01:58:41,905] {processor.py:651} INFO - DAG(s) dict_keys(['example_branch_operator']) retrieved from /home/guilherme/extracao-dados-twitter/venv/lib/python3.9/site-packages/airflow/example_dags/example_branch_operator.py
[2023-08-18 01:58:41,927] {logging_mixin.py:115} INFO - [2023-08-18 01:58:41,926] {dag.py:2379} INFO - Sync 1 DAGs
[2023-08-18 01:58:41,954] {logging_mixin.py:115} INFO - [2023-08-18 01:58:41,954] {dag.py:2927} INFO - Setting next_dagrun for example_branch_operator to 2023-08-17T00:00:00+00:00, run_after=2023-08-18T00:00:00+00:00
[2023-08-18 01:58:41,977] {processor.py:161} INFO - Processing /home/guilherme/extracao-dados-twitter/venv/lib/python3.9/site-packages/airflow/example_dags/example_branch_operator.py took 0.092 seconds
[2023-08-18 02:02:11,691] {processor.py:153} INFO - Started process (PID=4978) to work on /home/guilherme/extracao-dados-twitter/venv/lib/python3.9/site-packages/airflow/example_dags/example_branch_operator.py
[2023-08-18 02:02:11,692] {processor.py:641} INFO - Processing file /home/guilherme/extracao-dados-twitter/venv/lib/python3.9/site-packages/airflow/example_dags/example_branch_operator.py for tasks to queue
[2023-08-18 02:02:11,693] {logging_mixin.py:115} INFO - [2023-08-18 02:02:11,692] {dagbag.py:507} INFO - Filling up the DagBag from /home/guilherme/extracao-dados-twitter/venv/lib/python3.9/site-packages/airflow/example_dags/example_branch_operator.py
[2023-08-18 02:02:11,705] {processor.py:651} INFO - DAG(s) dict_keys(['example_branch_operator']) retrieved from /home/guilherme/extracao-dados-twitter/venv/lib/python3.9/site-packages/airflow/example_dags/example_branch_operator.py
[2023-08-18 02:02:11,724] {logging_mixin.py:115} INFO - [2023-08-18 02:02:11,724] {dag.py:2379} INFO - Sync 1 DAGs
[2023-08-18 02:02:11,745] {logging_mixin.py:115} INFO - [2023-08-18 02:02:11,745] {dag.py:2927} INFO - Setting next_dagrun for example_branch_operator to 2023-08-17T00:00:00+00:00, run_after=2023-08-18T00:00:00+00:00
[2023-08-18 02:02:11,779] {processor.py:161} INFO - Processing /home/guilherme/extracao-dados-twitter/venv/lib/python3.9/site-packages/airflow/example_dags/example_branch_operator.py took 0.091 seconds
[2023-08-18 02:02:46,555] {processor.py:153} INFO - Started process (PID=5019) to work on /home/guilherme/extracao-dados-twitter/venv/lib/python3.9/site-packages/airflow/example_dags/example_branch_operator.py
[2023-08-18 02:02:46,555] {processor.py:641} INFO - Processing file /home/guilherme/extracao-dados-twitter/venv/lib/python3.9/site-packages/airflow/example_dags/example_branch_operator.py for tasks to queue
[2023-08-18 02:02:46,556] {logging_mixin.py:115} INFO - [2023-08-18 02:02:46,556] {dagbag.py:507} INFO - Filling up the DagBag from /home/guilherme/extracao-dados-twitter/venv/lib/python3.9/site-packages/airflow/example_dags/example_branch_operator.py
[2023-08-18 02:02:46,568] {processor.py:651} INFO - DAG(s) dict_keys(['example_branch_operator']) retrieved from /home/guilherme/extracao-dados-twitter/venv/lib/python3.9/site-packages/airflow/example_dags/example_branch_operator.py
[2023-08-18 02:02:46,588] {logging_mixin.py:115} INFO - [2023-08-18 02:02:46,588] {dag.py:2379} INFO - Sync 1 DAGs
[2023-08-18 02:02:46,609] {logging_mixin.py:115} INFO - [2023-08-18 02:02:46,609] {dag.py:2927} INFO - Setting next_dagrun for example_branch_operator to 2023-08-17T00:00:00+00:00, run_after=2023-08-18T00:00:00+00:00
[2023-08-18 02:02:46,647] {processor.py:161} INFO - Processing /home/guilherme/extracao-dados-twitter/venv/lib/python3.9/site-packages/airflow/example_dags/example_branch_operator.py took 0.096 seconds
[2023-08-18 02:03:21,727] {processor.py:153} INFO - Started process (PID=5055) to work on /home/guilherme/extracao-dados-twitter/venv/lib/python3.9/site-packages/airflow/example_dags/example_branch_operator.py
[2023-08-18 02:03:21,728] {processor.py:641} INFO - Processing file /home/guilherme/extracao-dados-twitter/venv/lib/python3.9/site-packages/airflow/example_dags/example_branch_operator.py for tasks to queue
[2023-08-18 02:03:21,728] {logging_mixin.py:115} INFO - [2023-08-18 02:03:21,728] {dagbag.py:507} INFO - Filling up the DagBag from /home/guilherme/extracao-dados-twitter/venv/lib/python3.9/site-packages/airflow/example_dags/example_branch_operator.py
[2023-08-18 02:03:21,742] {processor.py:651} INFO - DAG(s) dict_keys(['example_branch_operator']) retrieved from /home/guilherme/extracao-dados-twitter/venv/lib/python3.9/site-packages/airflow/example_dags/example_branch_operator.py
[2023-08-18 02:03:21,763] {logging_mixin.py:115} INFO - [2023-08-18 02:03:21,763] {dag.py:2379} INFO - Sync 1 DAGs
[2023-08-18 02:03:21,791] {logging_mixin.py:115} INFO - [2023-08-18 02:03:21,791] {dag.py:2927} INFO - Setting next_dagrun for example_branch_operator to 2023-08-17T00:00:00+00:00, run_after=2023-08-18T00:00:00+00:00
[2023-08-18 02:03:21,872] {processor.py:161} INFO - Processing /home/guilherme/extracao-dados-twitter/venv/lib/python3.9/site-packages/airflow/example_dags/example_branch_operator.py took 0.149 seconds
[2023-08-18 02:03:58,169] {processor.py:153} INFO - Started process (PID=5091) to work on /home/guilherme/extracao-dados-twitter/venv/lib/python3.9/site-packages/airflow/example_dags/example_branch_operator.py
[2023-08-18 02:03:58,169] {processor.py:641} INFO - Processing file /home/guilherme/extracao-dados-twitter/venv/lib/python3.9/site-packages/airflow/example_dags/example_branch_operator.py for tasks to queue
[2023-08-18 02:03:58,170] {logging_mixin.py:115} INFO - [2023-08-18 02:03:58,170] {dagbag.py:507} INFO - Filling up the DagBag from /home/guilherme/extracao-dados-twitter/venv/lib/python3.9/site-packages/airflow/example_dags/example_branch_operator.py
[2023-08-18 02:03:58,183] {processor.py:651} INFO - DAG(s) dict_keys(['example_branch_operator']) retrieved from /home/guilherme/extracao-dados-twitter/venv/lib/python3.9/site-packages/airflow/example_dags/example_branch_operator.py
[2023-08-18 02:03:58,204] {logging_mixin.py:115} INFO - [2023-08-18 02:03:58,204] {dag.py:2379} INFO - Sync 1 DAGs
[2023-08-18 02:03:58,226] {logging_mixin.py:115} INFO - [2023-08-18 02:03:58,226] {dag.py:2927} INFO - Setting next_dagrun for example_branch_operator to 2023-08-17T00:00:00+00:00, run_after=2023-08-18T00:00:00+00:00
[2023-08-18 02:03:58,257] {processor.py:161} INFO - Processing /home/guilherme/extracao-dados-twitter/venv/lib/python3.9/site-packages/airflow/example_dags/example_branch_operator.py took 0.092 seconds
[2023-08-18 02:04:32,968] {processor.py:153} INFO - Started process (PID=5301) to work on /home/guilherme/extracao-dados-twitter/venv/lib/python3.9/site-packages/airflow/example_dags/example_branch_operator.py
[2023-08-18 02:04:32,969] {processor.py:641} INFO - Processing file /home/guilherme/extracao-dados-twitter/venv/lib/python3.9/site-packages/airflow/example_dags/example_branch_operator.py for tasks to queue
[2023-08-18 02:04:32,970] {logging_mixin.py:115} INFO - [2023-08-18 02:04:32,970] {dagbag.py:507} INFO - Filling up the DagBag from /home/guilherme/extracao-dados-twitter/venv/lib/python3.9/site-packages/airflow/example_dags/example_branch_operator.py
[2023-08-18 02:04:32,982] {processor.py:651} INFO - DAG(s) dict_keys(['example_branch_operator']) retrieved from /home/guilherme/extracao-dados-twitter/venv/lib/python3.9/site-packages/airflow/example_dags/example_branch_operator.py
[2023-08-18 02:04:33,004] {logging_mixin.py:115} INFO - [2023-08-18 02:04:33,004] {dag.py:2379} INFO - Sync 1 DAGs
[2023-08-18 02:04:33,025] {logging_mixin.py:115} INFO - [2023-08-18 02:04:33,025] {dag.py:2927} INFO - Setting next_dagrun for example_branch_operator to 2023-08-17T00:00:00+00:00, run_after=2023-08-18T00:00:00+00:00
[2023-08-18 02:04:33,050] {processor.py:161} INFO - Processing /home/guilherme/extracao-dados-twitter/venv/lib/python3.9/site-packages/airflow/example_dags/example_branch_operator.py took 0.086 seconds
[2023-08-18 02:05:07,641] {processor.py:153} INFO - Started process (PID=5467) to work on /home/guilherme/extracao-dados-twitter/venv/lib/python3.9/site-packages/airflow/example_dags/example_branch_operator.py
[2023-08-18 02:05:07,642] {processor.py:641} INFO - Processing file /home/guilherme/extracao-dados-twitter/venv/lib/python3.9/site-packages/airflow/example_dags/example_branch_operator.py for tasks to queue
[2023-08-18 02:05:07,643] {logging_mixin.py:115} INFO - [2023-08-18 02:05:07,643] {dagbag.py:507} INFO - Filling up the DagBag from /home/guilherme/extracao-dados-twitter/venv/lib/python3.9/site-packages/airflow/example_dags/example_branch_operator.py
[2023-08-18 02:05:07,659] {processor.py:651} INFO - DAG(s) dict_keys(['example_branch_operator']) retrieved from /home/guilherme/extracao-dados-twitter/venv/lib/python3.9/site-packages/airflow/example_dags/example_branch_operator.py
[2023-08-18 02:05:07,680] {logging_mixin.py:115} INFO - [2023-08-18 02:05:07,680] {dag.py:2379} INFO - Sync 1 DAGs
[2023-08-18 02:05:07,701] {logging_mixin.py:115} INFO - [2023-08-18 02:05:07,701] {dag.py:2927} INFO - Setting next_dagrun for example_branch_operator to 2023-08-17T00:00:00+00:00, run_after=2023-08-18T00:00:00+00:00
[2023-08-18 02:05:07,748] {processor.py:161} INFO - Processing /home/guilherme/extracao-dados-twitter/venv/lib/python3.9/site-packages/airflow/example_dags/example_branch_operator.py took 0.112 seconds
[2023-08-18 02:05:42,529] {processor.py:153} INFO - Started process (PID=5504) to work on /home/guilherme/extracao-dados-twitter/venv/lib/python3.9/site-packages/airflow/example_dags/example_branch_operator.py
[2023-08-18 02:05:42,530] {processor.py:641} INFO - Processing file /home/guilherme/extracao-dados-twitter/venv/lib/python3.9/site-packages/airflow/example_dags/example_branch_operator.py for tasks to queue
[2023-08-18 02:05:42,531] {logging_mixin.py:115} INFO - [2023-08-18 02:05:42,531] {dagbag.py:507} INFO - Filling up the DagBag from /home/guilherme/extracao-dados-twitter/venv/lib/python3.9/site-packages/airflow/example_dags/example_branch_operator.py
[2023-08-18 02:05:42,542] {processor.py:651} INFO - DAG(s) dict_keys(['example_branch_operator']) retrieved from /home/guilherme/extracao-dados-twitter/venv/lib/python3.9/site-packages/airflow/example_dags/example_branch_operator.py
[2023-08-18 02:05:42,563] {logging_mixin.py:115} INFO - [2023-08-18 02:05:42,563] {dag.py:2379} INFO - Sync 1 DAGs
[2023-08-18 02:05:42,583] {logging_mixin.py:115} INFO - [2023-08-18 02:05:42,583] {dag.py:2927} INFO - Setting next_dagrun for example_branch_operator to 2023-08-17T00:00:00+00:00, run_after=2023-08-18T00:00:00+00:00
[2023-08-18 02:05:42,608] {processor.py:161} INFO - Processing /home/guilherme/extracao-dados-twitter/venv/lib/python3.9/site-packages/airflow/example_dags/example_branch_operator.py took 0.083 seconds
[2023-08-18 17:08:50,876] {processor.py:153} INFO - Started process (PID=5045) to work on /home/guilherme/airflow/venv/lib/python3.9/site-packages/airflow/example_dags/example_branch_operator.py
[2023-08-18 17:08:50,877] {processor.py:641} INFO - Processing file /home/guilherme/airflow/venv/lib/python3.9/site-packages/airflow/example_dags/example_branch_operator.py for tasks to queue
[2023-08-18 17:08:50,878] {logging_mixin.py:115} INFO - [2023-08-18 17:08:50,878] {dagbag.py:507} INFO - Filling up the DagBag from /home/guilherme/airflow/venv/lib/python3.9/site-packages/airflow/example_dags/example_branch_operator.py
[2023-08-18 17:08:50,888] {processor.py:651} INFO - DAG(s) dict_keys(['example_branch_operator']) retrieved from /home/guilherme/airflow/venv/lib/python3.9/site-packages/airflow/example_dags/example_branch_operator.py
[2023-08-18 17:08:50,932] {logging_mixin.py:115} INFO - [2023-08-18 17:08:50,932] {dag.py:2379} INFO - Sync 1 DAGs
[2023-08-18 17:08:50,952] {logging_mixin.py:115} INFO - [2023-08-18 17:08:50,952] {dag.py:2927} INFO - Setting next_dagrun for example_branch_operator to 2023-08-17T00:00:00+00:00, run_after=2023-08-18T00:00:00+00:00
[2023-08-18 17:08:51,102] {processor.py:161} INFO - Processing /home/guilherme/airflow/venv/lib/python3.9/site-packages/airflow/example_dags/example_branch_operator.py took 0.230 seconds
[2023-08-18 17:09:28,922] {processor.py:153} INFO - Started process (PID=5081) to work on /home/guilherme/airflow/venv/lib/python3.9/site-packages/airflow/example_dags/example_branch_operator.py
[2023-08-18 17:09:28,922] {processor.py:641} INFO - Processing file /home/guilherme/airflow/venv/lib/python3.9/site-packages/airflow/example_dags/example_branch_operator.py for tasks to queue
[2023-08-18 17:09:28,923] {logging_mixin.py:115} INFO - [2023-08-18 17:09:28,923] {dagbag.py:507} INFO - Filling up the DagBag from /home/guilherme/airflow/venv/lib/python3.9/site-packages/airflow/example_dags/example_branch_operator.py
[2023-08-18 17:09:28,934] {processor.py:651} INFO - DAG(s) dict_keys(['example_branch_operator']) retrieved from /home/guilherme/airflow/venv/lib/python3.9/site-packages/airflow/example_dags/example_branch_operator.py
[2023-08-18 17:09:28,951] {logging_mixin.py:115} INFO - [2023-08-18 17:09:28,951] {dag.py:2379} INFO - Sync 1 DAGs
[2023-08-18 17:09:28,970] {logging_mixin.py:115} INFO - [2023-08-18 17:09:28,970] {dag.py:2927} INFO - Setting next_dagrun for example_branch_operator to 2023-08-17T00:00:00+00:00, run_after=2023-08-18T00:00:00+00:00
[2023-08-18 17:09:28,993] {processor.py:161} INFO - Processing /home/guilherme/airflow/venv/lib/python3.9/site-packages/airflow/example_dags/example_branch_operator.py took 0.075 seconds
[2023-08-18 17:10:03,921] {processor.py:153} INFO - Started process (PID=5116) to work on /home/guilherme/airflow/venv/lib/python3.9/site-packages/airflow/example_dags/example_branch_operator.py
[2023-08-18 17:10:03,922] {processor.py:641} INFO - Processing file /home/guilherme/airflow/venv/lib/python3.9/site-packages/airflow/example_dags/example_branch_operator.py for tasks to queue
[2023-08-18 17:10:03,922] {logging_mixin.py:115} INFO - [2023-08-18 17:10:03,922] {dagbag.py:507} INFO - Filling up the DagBag from /home/guilherme/airflow/venv/lib/python3.9/site-packages/airflow/example_dags/example_branch_operator.py
[2023-08-18 17:10:03,932] {processor.py:651} INFO - DAG(s) dict_keys(['example_branch_operator']) retrieved from /home/guilherme/airflow/venv/lib/python3.9/site-packages/airflow/example_dags/example_branch_operator.py
[2023-08-18 17:10:03,948] {logging_mixin.py:115} INFO - [2023-08-18 17:10:03,948] {dag.py:2379} INFO - Sync 1 DAGs
[2023-08-18 17:10:03,967] {logging_mixin.py:115} INFO - [2023-08-18 17:10:03,967] {dag.py:2927} INFO - Setting next_dagrun for example_branch_operator to 2023-08-17T00:00:00+00:00, run_after=2023-08-18T00:00:00+00:00
[2023-08-18 17:10:03,989] {processor.py:161} INFO - Processing /home/guilherme/airflow/venv/lib/python3.9/site-packages/airflow/example_dags/example_branch_operator.py took 0.071 seconds
[2023-08-18 17:10:45,569] {processor.py:153} INFO - Started process (PID=5155) to work on /home/guilherme/airflow/venv/lib/python3.9/site-packages/airflow/example_dags/example_branch_operator.py
[2023-08-18 17:10:45,570] {processor.py:641} INFO - Processing file /home/guilherme/airflow/venv/lib/python3.9/site-packages/airflow/example_dags/example_branch_operator.py for tasks to queue
[2023-08-18 17:10:45,571] {logging_mixin.py:115} INFO - [2023-08-18 17:10:45,571] {dagbag.py:507} INFO - Filling up the DagBag from /home/guilherme/airflow/venv/lib/python3.9/site-packages/airflow/example_dags/example_branch_operator.py
[2023-08-18 17:10:45,581] {processor.py:651} INFO - DAG(s) dict_keys(['example_branch_operator']) retrieved from /home/guilherme/airflow/venv/lib/python3.9/site-packages/airflow/example_dags/example_branch_operator.py
[2023-08-18 17:10:45,598] {logging_mixin.py:115} INFO - [2023-08-18 17:10:45,598] {dag.py:2379} INFO - Sync 1 DAGs
[2023-08-18 17:10:45,619] {logging_mixin.py:115} INFO - [2023-08-18 17:10:45,619] {dag.py:2927} INFO - Setting next_dagrun for example_branch_operator to 2023-08-17T00:00:00+00:00, run_after=2023-08-18T00:00:00+00:00
[2023-08-18 17:10:45,819] {processor.py:161} INFO - Processing /home/guilherme/airflow/venv/lib/python3.9/site-packages/airflow/example_dags/example_branch_operator.py took 0.253 seconds
[2023-08-18 17:11:26,161] {processor.py:153} INFO - Started process (PID=5193) to work on /home/guilherme/airflow/venv/lib/python3.9/site-packages/airflow/example_dags/example_branch_operator.py
[2023-08-18 17:11:26,162] {processor.py:641} INFO - Processing file /home/guilherme/airflow/venv/lib/python3.9/site-packages/airflow/example_dags/example_branch_operator.py for tasks to queue
[2023-08-18 17:11:26,162] {logging_mixin.py:115} INFO - [2023-08-18 17:11:26,162] {dagbag.py:507} INFO - Filling up the DagBag from /home/guilherme/airflow/venv/lib/python3.9/site-packages/airflow/example_dags/example_branch_operator.py
[2023-08-18 17:11:26,173] {processor.py:651} INFO - DAG(s) dict_keys(['example_branch_operator']) retrieved from /home/guilherme/airflow/venv/lib/python3.9/site-packages/airflow/example_dags/example_branch_operator.py
[2023-08-18 17:11:26,191] {logging_mixin.py:115} INFO - [2023-08-18 17:11:26,191] {dag.py:2379} INFO - Sync 1 DAGs
[2023-08-18 17:11:26,214] {logging_mixin.py:115} INFO - [2023-08-18 17:11:26,214] {dag.py:2927} INFO - Setting next_dagrun for example_branch_operator to 2023-08-17T00:00:00+00:00, run_after=2023-08-18T00:00:00+00:00
[2023-08-18 17:11:26,240] {processor.py:161} INFO - Processing /home/guilherme/airflow/venv/lib/python3.9/site-packages/airflow/example_dags/example_branch_operator.py took 0.083 seconds
[2023-08-18 17:12:01,528] {processor.py:153} INFO - Started process (PID=5592) to work on /home/guilherme/airflow/venv/lib/python3.9/site-packages/airflow/example_dags/example_branch_operator.py
[2023-08-18 17:12:01,529] {processor.py:641} INFO - Processing file /home/guilherme/airflow/venv/lib/python3.9/site-packages/airflow/example_dags/example_branch_operator.py for tasks to queue
[2023-08-18 17:12:01,529] {logging_mixin.py:115} INFO - [2023-08-18 17:12:01,529] {dagbag.py:507} INFO - Filling up the DagBag from /home/guilherme/airflow/venv/lib/python3.9/site-packages/airflow/example_dags/example_branch_operator.py
[2023-08-18 17:12:01,540] {processor.py:651} INFO - DAG(s) dict_keys(['example_branch_operator']) retrieved from /home/guilherme/airflow/venv/lib/python3.9/site-packages/airflow/example_dags/example_branch_operator.py
[2023-08-18 17:12:01,556] {logging_mixin.py:115} INFO - [2023-08-18 17:12:01,556] {dag.py:2379} INFO - Sync 1 DAGs
[2023-08-18 17:12:01,576] {logging_mixin.py:115} INFO - [2023-08-18 17:12:01,576] {dag.py:2927} INFO - Setting next_dagrun for example_branch_operator to 2023-08-17T00:00:00+00:00, run_after=2023-08-18T00:00:00+00:00
[2023-08-18 17:12:01,598] {processor.py:161} INFO - Processing /home/guilherme/airflow/venv/lib/python3.9/site-packages/airflow/example_dags/example_branch_operator.py took 0.073 seconds
[2023-08-18 17:12:34,814] {processor.py:153} INFO - Started process (PID=5627) to work on /home/guilherme/airflow/venv/lib/python3.9/site-packages/airflow/example_dags/example_branch_operator.py
[2023-08-18 17:12:34,815] {processor.py:641} INFO - Processing file /home/guilherme/airflow/venv/lib/python3.9/site-packages/airflow/example_dags/example_branch_operator.py for tasks to queue
[2023-08-18 17:12:34,816] {logging_mixin.py:115} INFO - [2023-08-18 17:12:34,815] {dagbag.py:507} INFO - Filling up the DagBag from /home/guilherme/airflow/venv/lib/python3.9/site-packages/airflow/example_dags/example_branch_operator.py
[2023-08-18 17:12:34,826] {processor.py:651} INFO - DAG(s) dict_keys(['example_branch_operator']) retrieved from /home/guilherme/airflow/venv/lib/python3.9/site-packages/airflow/example_dags/example_branch_operator.py
[2023-08-18 17:12:34,844] {logging_mixin.py:115} INFO - [2023-08-18 17:12:34,844] {dag.py:2379} INFO - Sync 1 DAGs
[2023-08-18 17:12:34,865] {logging_mixin.py:115} INFO - [2023-08-18 17:12:34,865] {dag.py:2927} INFO - Setting next_dagrun for example_branch_operator to 2023-08-17T00:00:00+00:00, run_after=2023-08-18T00:00:00+00:00
[2023-08-18 17:12:34,890] {processor.py:161} INFO - Processing /home/guilherme/airflow/venv/lib/python3.9/site-packages/airflow/example_dags/example_branch_operator.py took 0.080 seconds
[2023-08-18 17:13:06,336] {processor.py:153} INFO - Started process (PID=5737) to work on /home/guilherme/airflow/venv/lib/python3.9/site-packages/airflow/example_dags/example_branch_operator.py
[2023-08-18 17:13:06,336] {processor.py:641} INFO - Processing file /home/guilherme/airflow/venv/lib/python3.9/site-packages/airflow/example_dags/example_branch_operator.py for tasks to queue
[2023-08-18 17:13:06,337] {logging_mixin.py:115} INFO - [2023-08-18 17:13:06,337] {dagbag.py:507} INFO - Filling up the DagBag from /home/guilherme/airflow/venv/lib/python3.9/site-packages/airflow/example_dags/example_branch_operator.py
[2023-08-18 17:13:06,352] {processor.py:651} INFO - DAG(s) dict_keys(['example_branch_operator']) retrieved from /home/guilherme/airflow/venv/lib/python3.9/site-packages/airflow/example_dags/example_branch_operator.py
[2023-08-18 17:13:06,378] {logging_mixin.py:115} INFO - [2023-08-18 17:13:06,378] {dag.py:2379} INFO - Sync 1 DAGs
[2023-08-18 17:13:06,402] {logging_mixin.py:115} INFO - [2023-08-18 17:13:06,402] {dag.py:2927} INFO - Setting next_dagrun for example_branch_operator to 2023-08-17T00:00:00+00:00, run_after=2023-08-18T00:00:00+00:00
[2023-08-18 17:13:06,425] {processor.py:161} INFO - Processing /home/guilherme/airflow/venv/lib/python3.9/site-packages/airflow/example_dags/example_branch_operator.py took 0.093 seconds
