[2023-08-18 01:56:33,586] {processor.py:153} INFO - Started process (PID=3569) to work on /home/guilherme/extracao-dados-twitter/venv/lib/python3.9/site-packages/airflow/example_dags/example_kubernetes_executor.py
[2023-08-18 01:56:33,586] {processor.py:641} INFO - Processing file /home/guilherme/extracao-dados-twitter/venv/lib/python3.9/site-packages/airflow/example_dags/example_kubernetes_executor.py for tasks to queue
[2023-08-18 01:56:33,587] {logging_mixin.py:115} INFO - [2023-08-18 01:56:33,587] {dagbag.py:507} INFO - Filling up the DagBag from /home/guilherme/extracao-dados-twitter/venv/lib/python3.9/site-packages/airflow/example_dags/example_kubernetes_executor.py
[2023-08-18 01:56:33,605] {logging_mixin.py:115} INFO - [2023-08-18 01:56:33,604] {example_kubernetes_executor.py:39} WARNING - The example_kubernetes_executor example DAG requires the kubernetes provider. Please install it with: pip install apache-airflow[cncf.kubernetes]
[2023-08-18 01:56:33,605] {processor.py:653} WARNING - No viable dags retrieved from /home/guilherme/extracao-dados-twitter/venv/lib/python3.9/site-packages/airflow/example_dags/example_kubernetes_executor.py
[2023-08-18 01:56:33,617] {processor.py:161} INFO - Processing /home/guilherme/extracao-dados-twitter/venv/lib/python3.9/site-packages/airflow/example_dags/example_kubernetes_executor.py took 0.036 seconds
[2023-08-18 01:57:11,996] {processor.py:153} INFO - Started process (PID=3762) to work on /home/guilherme/extracao-dados-twitter/venv/lib/python3.9/site-packages/airflow/example_dags/example_kubernetes_executor.py
[2023-08-18 01:57:11,997] {processor.py:641} INFO - Processing file /home/guilherme/extracao-dados-twitter/venv/lib/python3.9/site-packages/airflow/example_dags/example_kubernetes_executor.py for tasks to queue
[2023-08-18 01:57:11,998] {logging_mixin.py:115} INFO - [2023-08-18 01:57:11,998] {dagbag.py:507} INFO - Filling up the DagBag from /home/guilherme/extracao-dados-twitter/venv/lib/python3.9/site-packages/airflow/example_dags/example_kubernetes_executor.py
[2023-08-18 01:57:12,015] {logging_mixin.py:115} INFO - [2023-08-18 01:57:12,015] {example_kubernetes_executor.py:39} WARNING - The example_kubernetes_executor example DAG requires the kubernetes provider. Please install it with: pip install apache-airflow[cncf.kubernetes]
[2023-08-18 01:57:12,015] {processor.py:653} WARNING - No viable dags retrieved from /home/guilherme/extracao-dados-twitter/venv/lib/python3.9/site-packages/airflow/example_dags/example_kubernetes_executor.py
[2023-08-18 01:57:12,028] {processor.py:161} INFO - Processing /home/guilherme/extracao-dados-twitter/venv/lib/python3.9/site-packages/airflow/example_dags/example_kubernetes_executor.py took 0.036 seconds
[2023-08-18 01:57:48,625] {processor.py:153} INFO - Started process (PID=3903) to work on /home/guilherme/extracao-dados-twitter/venv/lib/python3.9/site-packages/airflow/example_dags/example_kubernetes_executor.py
[2023-08-18 01:57:48,626] {processor.py:641} INFO - Processing file /home/guilherme/extracao-dados-twitter/venv/lib/python3.9/site-packages/airflow/example_dags/example_kubernetes_executor.py for tasks to queue
[2023-08-18 01:57:48,627] {logging_mixin.py:115} INFO - [2023-08-18 01:57:48,627] {dagbag.py:507} INFO - Filling up the DagBag from /home/guilherme/extracao-dados-twitter/venv/lib/python3.9/site-packages/airflow/example_dags/example_kubernetes_executor.py
[2023-08-18 01:57:48,644] {logging_mixin.py:115} INFO - [2023-08-18 01:57:48,644] {example_kubernetes_executor.py:39} WARNING - The example_kubernetes_executor example DAG requires the kubernetes provider. Please install it with: pip install apache-airflow[cncf.kubernetes]
[2023-08-18 01:57:48,644] {processor.py:653} WARNING - No viable dags retrieved from /home/guilherme/extracao-dados-twitter/venv/lib/python3.9/site-packages/airflow/example_dags/example_kubernetes_executor.py
[2023-08-18 01:57:48,658] {processor.py:161} INFO - Processing /home/guilherme/extracao-dados-twitter/venv/lib/python3.9/site-packages/airflow/example_dags/example_kubernetes_executor.py took 0.038 seconds
[2023-08-18 01:58:23,330] {processor.py:153} INFO - Started process (PID=4092) to work on /home/guilherme/extracao-dados-twitter/venv/lib/python3.9/site-packages/airflow/example_dags/example_kubernetes_executor.py
[2023-08-18 01:58:23,330] {processor.py:641} INFO - Processing file /home/guilherme/extracao-dados-twitter/venv/lib/python3.9/site-packages/airflow/example_dags/example_kubernetes_executor.py for tasks to queue
[2023-08-18 01:58:23,331] {logging_mixin.py:115} INFO - [2023-08-18 01:58:23,331] {dagbag.py:507} INFO - Filling up the DagBag from /home/guilherme/extracao-dados-twitter/venv/lib/python3.9/site-packages/airflow/example_dags/example_kubernetes_executor.py
[2023-08-18 01:58:23,349] {logging_mixin.py:115} INFO - [2023-08-18 01:58:23,349] {example_kubernetes_executor.py:39} WARNING - The example_kubernetes_executor example DAG requires the kubernetes provider. Please install it with: pip install apache-airflow[cncf.kubernetes]
[2023-08-18 01:58:23,349] {processor.py:653} WARNING - No viable dags retrieved from /home/guilherme/extracao-dados-twitter/venv/lib/python3.9/site-packages/airflow/example_dags/example_kubernetes_executor.py
[2023-08-18 01:58:23,363] {processor.py:161} INFO - Processing /home/guilherme/extracao-dados-twitter/venv/lib/python3.9/site-packages/airflow/example_dags/example_kubernetes_executor.py took 0.037 seconds
[2023-08-18 01:58:57,903] {processor.py:153} INFO - Started process (PID=4126) to work on /home/guilherme/extracao-dados-twitter/venv/lib/python3.9/site-packages/airflow/example_dags/example_kubernetes_executor.py
[2023-08-18 01:58:57,904] {processor.py:641} INFO - Processing file /home/guilherme/extracao-dados-twitter/venv/lib/python3.9/site-packages/airflow/example_dags/example_kubernetes_executor.py for tasks to queue
[2023-08-18 01:58:57,904] {logging_mixin.py:115} INFO - [2023-08-18 01:58:57,904] {dagbag.py:507} INFO - Filling up the DagBag from /home/guilherme/extracao-dados-twitter/venv/lib/python3.9/site-packages/airflow/example_dags/example_kubernetes_executor.py
[2023-08-18 01:58:57,922] {logging_mixin.py:115} INFO - [2023-08-18 01:58:57,922] {example_kubernetes_executor.py:39} WARNING - The example_kubernetes_executor example DAG requires the kubernetes provider. Please install it with: pip install apache-airflow[cncf.kubernetes]
[2023-08-18 01:58:57,923] {processor.py:653} WARNING - No viable dags retrieved from /home/guilherme/extracao-dados-twitter/venv/lib/python3.9/site-packages/airflow/example_dags/example_kubernetes_executor.py
[2023-08-18 01:58:57,936] {processor.py:161} INFO - Processing /home/guilherme/extracao-dados-twitter/venv/lib/python3.9/site-packages/airflow/example_dags/example_kubernetes_executor.py took 0.036 seconds
