[2023-08-18 01:56:10,673] {processor.py:153} INFO - Started process (PID=3395) to work on /home/guilherme/extracao-dados-twitter/venv/lib/python3.9/site-packages/airflow/example_dags/tutorial_taskflow_api_etl.py
[2023-08-18 01:56:10,673] {processor.py:641} INFO - Processing file /home/guilherme/extracao-dados-twitter/venv/lib/python3.9/site-packages/airflow/example_dags/tutorial_taskflow_api_etl.py for tasks to queue
[2023-08-18 01:56:10,674] {logging_mixin.py:115} INFO - [2023-08-18 01:56:10,674] {dagbag.py:507} INFO - Filling up the DagBag from /home/guilherme/extracao-dados-twitter/venv/lib/python3.9/site-packages/airflow/example_dags/tutorial_taskflow_api_etl.py
[2023-08-18 01:56:10,712] {processor.py:651} INFO - DAG(s) dict_keys(['tutorial_taskflow_api_etl']) retrieved from /home/guilherme/extracao-dados-twitter/venv/lib/python3.9/site-packages/airflow/example_dags/tutorial_taskflow_api_etl.py
[2023-08-18 01:56:10,948] {logging_mixin.py:115} INFO - [2023-08-18 01:56:10,948] {manager.py:508} INFO - Created Permission View: can edit on DAG:tutorial_taskflow_api_etl
[2023-08-18 01:56:10,996] {logging_mixin.py:115} INFO - [2023-08-18 01:56:10,996] {manager.py:508} INFO - Created Permission View: can delete on DAG:tutorial_taskflow_api_etl
[2023-08-18 01:56:11,027] {logging_mixin.py:115} INFO - [2023-08-18 01:56:11,027] {manager.py:508} INFO - Created Permission View: can read on DAG:tutorial_taskflow_api_etl
[2023-08-18 01:56:11,027] {logging_mixin.py:115} INFO - [2023-08-18 01:56:11,027] {dag.py:2379} INFO - Sync 1 DAGs
[2023-08-18 01:56:11,051] {logging_mixin.py:115} INFO - [2023-08-18 01:56:11,051] {dag.py:2398} INFO - Creating ORM DAG for tutorial_taskflow_api_etl
[2023-08-18 01:56:11,071] {logging_mixin.py:115} INFO - [2023-08-18 01:56:11,071] {dag.py:2927} INFO - Setting next_dagrun for tutorial_taskflow_api_etl to None, run_after=None
[2023-08-18 01:56:11,119] {processor.py:161} INFO - Processing /home/guilherme/extracao-dados-twitter/venv/lib/python3.9/site-packages/airflow/example_dags/tutorial_taskflow_api_etl.py took 0.451 seconds
[2023-08-18 01:56:56,056] {processor.py:153} INFO - Started process (PID=3590) to work on /home/guilherme/extracao-dados-twitter/venv/lib/python3.9/site-packages/airflow/example_dags/tutorial_taskflow_api_etl.py
[2023-08-18 01:56:56,057] {processor.py:641} INFO - Processing file /home/guilherme/extracao-dados-twitter/venv/lib/python3.9/site-packages/airflow/example_dags/tutorial_taskflow_api_etl.py for tasks to queue
[2023-08-18 01:56:56,057] {logging_mixin.py:115} INFO - [2023-08-18 01:56:56,057] {dagbag.py:507} INFO - Filling up the DagBag from /home/guilherme/extracao-dados-twitter/venv/lib/python3.9/site-packages/airflow/example_dags/tutorial_taskflow_api_etl.py
[2023-08-18 01:56:56,077] {processor.py:651} INFO - DAG(s) dict_keys(['tutorial_taskflow_api_etl']) retrieved from /home/guilherme/extracao-dados-twitter/venv/lib/python3.9/site-packages/airflow/example_dags/tutorial_taskflow_api_etl.py
[2023-08-18 01:56:56,148] {logging_mixin.py:115} INFO - [2023-08-18 01:56:56,148] {dag.py:2379} INFO - Sync 1 DAGs
[2023-08-18 01:56:56,167] {logging_mixin.py:115} INFO - [2023-08-18 01:56:56,167] {dag.py:2927} INFO - Setting next_dagrun for tutorial_taskflow_api_etl to None, run_after=None
[2023-08-18 01:56:56,206] {processor.py:161} INFO - Processing /home/guilherme/extracao-dados-twitter/venv/lib/python3.9/site-packages/airflow/example_dags/tutorial_taskflow_api_etl.py took 0.154 seconds
[2023-08-18 01:57:30,286] {processor.py:153} INFO - Started process (PID=3852) to work on /home/guilherme/extracao-dados-twitter/venv/lib/python3.9/site-packages/airflow/example_dags/tutorial_taskflow_api_etl.py
[2023-08-18 01:57:30,287] {processor.py:641} INFO - Processing file /home/guilherme/extracao-dados-twitter/venv/lib/python3.9/site-packages/airflow/example_dags/tutorial_taskflow_api_etl.py for tasks to queue
[2023-08-18 01:57:30,288] {logging_mixin.py:115} INFO - [2023-08-18 01:57:30,287] {dagbag.py:507} INFO - Filling up the DagBag from /home/guilherme/extracao-dados-twitter/venv/lib/python3.9/site-packages/airflow/example_dags/tutorial_taskflow_api_etl.py
[2023-08-18 01:57:30,308] {processor.py:651} INFO - DAG(s) dict_keys(['tutorial_taskflow_api_etl']) retrieved from /home/guilherme/extracao-dados-twitter/venv/lib/python3.9/site-packages/airflow/example_dags/tutorial_taskflow_api_etl.py
[2023-08-18 01:57:30,369] {logging_mixin.py:115} INFO - [2023-08-18 01:57:30,369] {dag.py:2379} INFO - Sync 1 DAGs
[2023-08-18 01:57:30,388] {logging_mixin.py:115} INFO - [2023-08-18 01:57:30,388] {dag.py:2927} INFO - Setting next_dagrun for tutorial_taskflow_api_etl to None, run_after=None
[2023-08-18 01:57:30,419] {processor.py:161} INFO - Processing /home/guilherme/extracao-dados-twitter/venv/lib/python3.9/site-packages/airflow/example_dags/tutorial_taskflow_api_etl.py took 0.137 seconds
[2023-08-18 01:58:00,736] {processor.py:153} INFO - Started process (PID=4017) to work on /home/guilherme/extracao-dados-twitter/venv/lib/python3.9/site-packages/airflow/example_dags/tutorial_taskflow_api_etl.py
[2023-08-18 01:58:00,736] {processor.py:641} INFO - Processing file /home/guilherme/extracao-dados-twitter/venv/lib/python3.9/site-packages/airflow/example_dags/tutorial_taskflow_api_etl.py for tasks to queue
[2023-08-18 01:58:00,737] {logging_mixin.py:115} INFO - [2023-08-18 01:58:00,737] {dagbag.py:507} INFO - Filling up the DagBag from /home/guilherme/extracao-dados-twitter/venv/lib/python3.9/site-packages/airflow/example_dags/tutorial_taskflow_api_etl.py
[2023-08-18 01:58:00,756] {processor.py:651} INFO - DAG(s) dict_keys(['tutorial_taskflow_api_etl']) retrieved from /home/guilherme/extracao-dados-twitter/venv/lib/python3.9/site-packages/airflow/example_dags/tutorial_taskflow_api_etl.py
[2023-08-18 01:58:00,776] {logging_mixin.py:115} INFO - [2023-08-18 01:58:00,776] {dag.py:2379} INFO - Sync 1 DAGs
[2023-08-18 01:58:00,805] {logging_mixin.py:115} INFO - [2023-08-18 01:58:00,805] {dag.py:2927} INFO - Setting next_dagrun for tutorial_taskflow_api_etl to None, run_after=None
[2023-08-18 01:58:00,837] {processor.py:161} INFO - Processing /home/guilherme/extracao-dados-twitter/venv/lib/python3.9/site-packages/airflow/example_dags/tutorial_taskflow_api_etl.py took 0.105 seconds
[2023-08-18 01:58:34,704] {processor.py:153} INFO - Started process (PID=4104) to work on /home/guilherme/extracao-dados-twitter/venv/lib/python3.9/site-packages/airflow/example_dags/tutorial_taskflow_api_etl.py
[2023-08-18 01:58:34,705] {processor.py:641} INFO - Processing file /home/guilherme/extracao-dados-twitter/venv/lib/python3.9/site-packages/airflow/example_dags/tutorial_taskflow_api_etl.py for tasks to queue
[2023-08-18 01:58:34,706] {logging_mixin.py:115} INFO - [2023-08-18 01:58:34,706] {dagbag.py:507} INFO - Filling up the DagBag from /home/guilherme/extracao-dados-twitter/venv/lib/python3.9/site-packages/airflow/example_dags/tutorial_taskflow_api_etl.py
[2023-08-18 01:58:34,728] {processor.py:651} INFO - DAG(s) dict_keys(['tutorial_taskflow_api_etl']) retrieved from /home/guilherme/extracao-dados-twitter/venv/lib/python3.9/site-packages/airflow/example_dags/tutorial_taskflow_api_etl.py
[2023-08-18 01:58:34,791] {logging_mixin.py:115} INFO - [2023-08-18 01:58:34,791] {dag.py:2379} INFO - Sync 1 DAGs
[2023-08-18 01:58:34,811] {logging_mixin.py:115} INFO - [2023-08-18 01:58:34,811] {dag.py:2927} INFO - Setting next_dagrun for tutorial_taskflow_api_etl to None, run_after=None
[2023-08-18 01:58:34,847] {processor.py:161} INFO - Processing /home/guilherme/extracao-dados-twitter/venv/lib/python3.9/site-packages/airflow/example_dags/tutorial_taskflow_api_etl.py took 0.148 seconds
