[2023-08-18 01:56:14,129] {processor.py:153} INFO - Started process (PID=3423) to work on /home/guilherme/extracao-dados-twitter/venv/lib/python3.9/site-packages/airflow/example_dags/tutorial_etl_dag.py
[2023-08-18 01:56:14,130] {processor.py:641} INFO - Processing file /home/guilherme/extracao-dados-twitter/venv/lib/python3.9/site-packages/airflow/example_dags/tutorial_etl_dag.py for tasks to queue
[2023-08-18 01:56:14,131] {logging_mixin.py:115} INFO - [2023-08-18 01:56:14,131] {dagbag.py:507} INFO - Filling up the DagBag from /home/guilherme/extracao-dados-twitter/venv/lib/python3.9/site-packages/airflow/example_dags/tutorial_etl_dag.py
[2023-08-18 01:56:14,175] {processor.py:651} INFO - DAG(s) dict_keys(['tutorial_etl_dag']) retrieved from /home/guilherme/extracao-dados-twitter/venv/lib/python3.9/site-packages/airflow/example_dags/tutorial_etl_dag.py
[2023-08-18 01:56:14,609] {logging_mixin.py:115} INFO - [2023-08-18 01:56:14,609] {manager.py:508} INFO - Created Permission View: can edit on DAG:tutorial_etl_dag
[2023-08-18 01:56:14,651] {logging_mixin.py:115} INFO - [2023-08-18 01:56:14,651] {manager.py:508} INFO - Created Permission View: can delete on DAG:tutorial_etl_dag
[2023-08-18 01:56:14,681] {logging_mixin.py:115} INFO - [2023-08-18 01:56:14,681] {manager.py:508} INFO - Created Permission View: can read on DAG:tutorial_etl_dag
[2023-08-18 01:56:14,682] {logging_mixin.py:115} INFO - [2023-08-18 01:56:14,682] {dag.py:2379} INFO - Sync 1 DAGs
[2023-08-18 01:56:14,714] {logging_mixin.py:115} INFO - [2023-08-18 01:56:14,714] {dag.py:2398} INFO - Creating ORM DAG for tutorial_etl_dag
[2023-08-18 01:56:14,734] {logging_mixin.py:115} INFO - [2023-08-18 01:56:14,733] {dag.py:2927} INFO - Setting next_dagrun for tutorial_etl_dag to None, run_after=None
[2023-08-18 01:56:14,812] {processor.py:161} INFO - Processing /home/guilherme/extracao-dados-twitter/venv/lib/python3.9/site-packages/airflow/example_dags/tutorial_etl_dag.py took 0.712 seconds
[2023-08-18 01:56:57,560] {processor.py:153} INFO - Started process (PID=3592) to work on /home/guilherme/extracao-dados-twitter/venv/lib/python3.9/site-packages/airflow/example_dags/tutorial_etl_dag.py
[2023-08-18 01:56:57,561] {processor.py:641} INFO - Processing file /home/guilherme/extracao-dados-twitter/venv/lib/python3.9/site-packages/airflow/example_dags/tutorial_etl_dag.py for tasks to queue
[2023-08-18 01:56:57,561] {logging_mixin.py:115} INFO - [2023-08-18 01:56:57,561] {dagbag.py:507} INFO - Filling up the DagBag from /home/guilherme/extracao-dados-twitter/venv/lib/python3.9/site-packages/airflow/example_dags/tutorial_etl_dag.py
[2023-08-18 01:56:57,570] {processor.py:651} INFO - DAG(s) dict_keys(['tutorial_etl_dag']) retrieved from /home/guilherme/extracao-dados-twitter/venv/lib/python3.9/site-packages/airflow/example_dags/tutorial_etl_dag.py
[2023-08-18 01:56:57,589] {logging_mixin.py:115} INFO - [2023-08-18 01:56:57,589] {dag.py:2379} INFO - Sync 1 DAGs
[2023-08-18 01:56:57,611] {logging_mixin.py:115} INFO - [2023-08-18 01:56:57,611] {dag.py:2927} INFO - Setting next_dagrun for tutorial_etl_dag to None, run_after=None
[2023-08-18 01:56:57,637] {processor.py:161} INFO - Processing /home/guilherme/extracao-dados-twitter/venv/lib/python3.9/site-packages/airflow/example_dags/tutorial_etl_dag.py took 0.083 seconds
[2023-08-18 01:57:32,442] {processor.py:153} INFO - Started process (PID=3887) to work on /home/guilherme/extracao-dados-twitter/venv/lib/python3.9/site-packages/airflow/example_dags/tutorial_etl_dag.py
[2023-08-18 01:57:32,443] {processor.py:641} INFO - Processing file /home/guilherme/extracao-dados-twitter/venv/lib/python3.9/site-packages/airflow/example_dags/tutorial_etl_dag.py for tasks to queue
[2023-08-18 01:57:32,443] {logging_mixin.py:115} INFO - [2023-08-18 01:57:32,443] {dagbag.py:507} INFO - Filling up the DagBag from /home/guilherme/extracao-dados-twitter/venv/lib/python3.9/site-packages/airflow/example_dags/tutorial_etl_dag.py
[2023-08-18 01:57:32,452] {processor.py:651} INFO - DAG(s) dict_keys(['tutorial_etl_dag']) retrieved from /home/guilherme/extracao-dados-twitter/venv/lib/python3.9/site-packages/airflow/example_dags/tutorial_etl_dag.py
[2023-08-18 01:57:32,472] {logging_mixin.py:115} INFO - [2023-08-18 01:57:32,472] {dag.py:2379} INFO - Sync 1 DAGs
[2023-08-18 01:57:32,495] {logging_mixin.py:115} INFO - [2023-08-18 01:57:32,495] {dag.py:2927} INFO - Setting next_dagrun for tutorial_etl_dag to None, run_after=None
[2023-08-18 01:57:32,520] {processor.py:161} INFO - Processing /home/guilherme/extracao-dados-twitter/venv/lib/python3.9/site-packages/airflow/example_dags/tutorial_etl_dag.py took 0.082 seconds
[2023-08-18 01:58:08,162] {processor.py:153} INFO - Started process (PID=4077) to work on /home/guilherme/extracao-dados-twitter/venv/lib/python3.9/site-packages/airflow/example_dags/tutorial_etl_dag.py
[2023-08-18 01:58:08,163] {processor.py:641} INFO - Processing file /home/guilherme/extracao-dados-twitter/venv/lib/python3.9/site-packages/airflow/example_dags/tutorial_etl_dag.py for tasks to queue
[2023-08-18 01:58:08,164] {logging_mixin.py:115} INFO - [2023-08-18 01:58:08,164] {dagbag.py:507} INFO - Filling up the DagBag from /home/guilherme/extracao-dados-twitter/venv/lib/python3.9/site-packages/airflow/example_dags/tutorial_etl_dag.py
[2023-08-18 01:58:08,175] {processor.py:651} INFO - DAG(s) dict_keys(['tutorial_etl_dag']) retrieved from /home/guilherme/extracao-dados-twitter/venv/lib/python3.9/site-packages/airflow/example_dags/tutorial_etl_dag.py
[2023-08-18 01:58:08,196] {logging_mixin.py:115} INFO - [2023-08-18 01:58:08,196] {dag.py:2379} INFO - Sync 1 DAGs
[2023-08-18 01:58:08,220] {logging_mixin.py:115} INFO - [2023-08-18 01:58:08,220] {dag.py:2927} INFO - Setting next_dagrun for tutorial_etl_dag to None, run_after=None
[2023-08-18 01:58:08,261] {processor.py:161} INFO - Processing /home/guilherme/extracao-dados-twitter/venv/lib/python3.9/site-packages/airflow/example_dags/tutorial_etl_dag.py took 0.103 seconds
[2023-08-18 01:58:40,654] {processor.py:153} INFO - Started process (PID=4109) to work on /home/guilherme/extracao-dados-twitter/venv/lib/python3.9/site-packages/airflow/example_dags/tutorial_etl_dag.py
[2023-08-18 01:58:40,655] {processor.py:641} INFO - Processing file /home/guilherme/extracao-dados-twitter/venv/lib/python3.9/site-packages/airflow/example_dags/tutorial_etl_dag.py for tasks to queue
[2023-08-18 01:58:40,655] {logging_mixin.py:115} INFO - [2023-08-18 01:58:40,655] {dagbag.py:507} INFO - Filling up the DagBag from /home/guilherme/extracao-dados-twitter/venv/lib/python3.9/site-packages/airflow/example_dags/tutorial_etl_dag.py
[2023-08-18 01:58:40,668] {processor.py:651} INFO - DAG(s) dict_keys(['tutorial_etl_dag']) retrieved from /home/guilherme/extracao-dados-twitter/venv/lib/python3.9/site-packages/airflow/example_dags/tutorial_etl_dag.py
[2023-08-18 01:58:40,691] {logging_mixin.py:115} INFO - [2023-08-18 01:58:40,691] {dag.py:2379} INFO - Sync 1 DAGs
[2023-08-18 01:58:40,716] {logging_mixin.py:115} INFO - [2023-08-18 01:58:40,716] {dag.py:2927} INFO - Setting next_dagrun for tutorial_etl_dag to None, run_after=None
[2023-08-18 01:58:40,753] {processor.py:161} INFO - Processing /home/guilherme/extracao-dados-twitter/venv/lib/python3.9/site-packages/airflow/example_dags/tutorial_etl_dag.py took 0.103 seconds
[2023-08-18 02:01:39,751] {processor.py:153} INFO - Started process (PID=4692) to work on /home/guilherme/extracao-dados-twitter/venv/lib/python3.9/site-packages/airflow/example_dags/tutorial_etl_dag.py
[2023-08-18 02:01:39,758] {processor.py:641} INFO - Processing file /home/guilherme/extracao-dados-twitter/venv/lib/python3.9/site-packages/airflow/example_dags/tutorial_etl_dag.py for tasks to queue
[2023-08-18 02:01:39,759] {logging_mixin.py:115} INFO - [2023-08-18 02:01:39,759] {dagbag.py:507} INFO - Filling up the DagBag from /home/guilherme/extracao-dados-twitter/venv/lib/python3.9/site-packages/airflow/example_dags/tutorial_etl_dag.py
[2023-08-18 02:01:39,795] {processor.py:651} INFO - DAG(s) dict_keys(['tutorial_etl_dag']) retrieved from /home/guilherme/extracao-dados-twitter/venv/lib/python3.9/site-packages/airflow/example_dags/tutorial_etl_dag.py
[2023-08-18 02:01:39,869] {logging_mixin.py:115} INFO - [2023-08-18 02:01:39,869] {dag.py:2379} INFO - Sync 1 DAGs
[2023-08-18 02:01:39,960] {logging_mixin.py:115} INFO - [2023-08-18 02:01:39,960] {dag.py:2927} INFO - Setting next_dagrun for tutorial_etl_dag to None, run_after=None
[2023-08-18 02:01:40,020] {processor.py:161} INFO - Processing /home/guilherme/extracao-dados-twitter/venv/lib/python3.9/site-packages/airflow/example_dags/tutorial_etl_dag.py took 0.290 seconds
[2023-08-18 02:02:16,752] {processor.py:153} INFO - Started process (PID=4983) to work on /home/guilherme/extracao-dados-twitter/venv/lib/python3.9/site-packages/airflow/example_dags/tutorial_etl_dag.py
[2023-08-18 02:02:16,753] {processor.py:641} INFO - Processing file /home/guilherme/extracao-dados-twitter/venv/lib/python3.9/site-packages/airflow/example_dags/tutorial_etl_dag.py for tasks to queue
[2023-08-18 02:02:16,753] {logging_mixin.py:115} INFO - [2023-08-18 02:02:16,753] {dagbag.py:507} INFO - Filling up the DagBag from /home/guilherme/extracao-dados-twitter/venv/lib/python3.9/site-packages/airflow/example_dags/tutorial_etl_dag.py
[2023-08-18 02:02:16,762] {processor.py:651} INFO - DAG(s) dict_keys(['tutorial_etl_dag']) retrieved from /home/guilherme/extracao-dados-twitter/venv/lib/python3.9/site-packages/airflow/example_dags/tutorial_etl_dag.py
[2023-08-18 02:02:16,782] {logging_mixin.py:115} INFO - [2023-08-18 02:02:16,782] {dag.py:2379} INFO - Sync 1 DAGs
[2023-08-18 02:02:16,803] {logging_mixin.py:115} INFO - [2023-08-18 02:02:16,803] {dag.py:2927} INFO - Setting next_dagrun for tutorial_etl_dag to None, run_after=None
[2023-08-18 02:02:16,843] {processor.py:161} INFO - Processing /home/guilherme/extracao-dados-twitter/venv/lib/python3.9/site-packages/airflow/example_dags/tutorial_etl_dag.py took 0.096 seconds
[2023-08-18 02:02:51,807] {processor.py:153} INFO - Started process (PID=5024) to work on /home/guilherme/extracao-dados-twitter/venv/lib/python3.9/site-packages/airflow/example_dags/tutorial_etl_dag.py
[2023-08-18 02:02:51,808] {processor.py:641} INFO - Processing file /home/guilherme/extracao-dados-twitter/venv/lib/python3.9/site-packages/airflow/example_dags/tutorial_etl_dag.py for tasks to queue
[2023-08-18 02:02:51,808] {logging_mixin.py:115} INFO - [2023-08-18 02:02:51,808] {dagbag.py:507} INFO - Filling up the DagBag from /home/guilherme/extracao-dados-twitter/venv/lib/python3.9/site-packages/airflow/example_dags/tutorial_etl_dag.py
[2023-08-18 02:02:51,818] {processor.py:651} INFO - DAG(s) dict_keys(['tutorial_etl_dag']) retrieved from /home/guilherme/extracao-dados-twitter/venv/lib/python3.9/site-packages/airflow/example_dags/tutorial_etl_dag.py
[2023-08-18 02:02:51,837] {logging_mixin.py:115} INFO - [2023-08-18 02:02:51,837] {dag.py:2379} INFO - Sync 1 DAGs
[2023-08-18 02:02:51,856] {logging_mixin.py:115} INFO - [2023-08-18 02:02:51,856] {dag.py:2927} INFO - Setting next_dagrun for tutorial_etl_dag to None, run_after=None
[2023-08-18 02:02:51,896] {processor.py:161} INFO - Processing /home/guilherme/extracao-dados-twitter/venv/lib/python3.9/site-packages/airflow/example_dags/tutorial_etl_dag.py took 0.093 seconds
[2023-08-18 02:03:25,726] {processor.py:153} INFO - Started process (PID=5059) to work on /home/guilherme/extracao-dados-twitter/venv/lib/python3.9/site-packages/airflow/example_dags/tutorial_etl_dag.py
[2023-08-18 02:03:25,727] {processor.py:641} INFO - Processing file /home/guilherme/extracao-dados-twitter/venv/lib/python3.9/site-packages/airflow/example_dags/tutorial_etl_dag.py for tasks to queue
[2023-08-18 02:03:25,728] {logging_mixin.py:115} INFO - [2023-08-18 02:03:25,728] {dagbag.py:507} INFO - Filling up the DagBag from /home/guilherme/extracao-dados-twitter/venv/lib/python3.9/site-packages/airflow/example_dags/tutorial_etl_dag.py
[2023-08-18 02:03:25,737] {processor.py:651} INFO - DAG(s) dict_keys(['tutorial_etl_dag']) retrieved from /home/guilherme/extracao-dados-twitter/venv/lib/python3.9/site-packages/airflow/example_dags/tutorial_etl_dag.py
[2023-08-18 02:03:25,756] {logging_mixin.py:115} INFO - [2023-08-18 02:03:25,756] {dag.py:2379} INFO - Sync 1 DAGs
[2023-08-18 02:03:25,775] {logging_mixin.py:115} INFO - [2023-08-18 02:03:25,775] {dag.py:2927} INFO - Setting next_dagrun for tutorial_etl_dag to None, run_after=None
[2023-08-18 02:03:25,810] {processor.py:161} INFO - Processing /home/guilherme/extracao-dados-twitter/venv/lib/python3.9/site-packages/airflow/example_dags/tutorial_etl_dag.py took 0.088 seconds
[2023-08-18 02:03:57,012] {processor.py:153} INFO - Started process (PID=5090) to work on /home/guilherme/extracao-dados-twitter/venv/lib/python3.9/site-packages/airflow/example_dags/tutorial_etl_dag.py
[2023-08-18 02:03:57,012] {processor.py:641} INFO - Processing file /home/guilherme/extracao-dados-twitter/venv/lib/python3.9/site-packages/airflow/example_dags/tutorial_etl_dag.py for tasks to queue
[2023-08-18 02:03:57,013] {logging_mixin.py:115} INFO - [2023-08-18 02:03:57,013] {dagbag.py:507} INFO - Filling up the DagBag from /home/guilherme/extracao-dados-twitter/venv/lib/python3.9/site-packages/airflow/example_dags/tutorial_etl_dag.py
[2023-08-18 02:03:57,022] {processor.py:651} INFO - DAG(s) dict_keys(['tutorial_etl_dag']) retrieved from /home/guilherme/extracao-dados-twitter/venv/lib/python3.9/site-packages/airflow/example_dags/tutorial_etl_dag.py
[2023-08-18 02:03:57,041] {logging_mixin.py:115} INFO - [2023-08-18 02:03:57,041] {dag.py:2379} INFO - Sync 1 DAGs
[2023-08-18 02:03:57,067] {logging_mixin.py:115} INFO - [2023-08-18 02:03:57,066] {dag.py:2927} INFO - Setting next_dagrun for tutorial_etl_dag to None, run_after=None
[2023-08-18 02:03:57,102] {processor.py:161} INFO - Processing /home/guilherme/extracao-dados-twitter/venv/lib/python3.9/site-packages/airflow/example_dags/tutorial_etl_dag.py took 0.095 seconds
[2023-08-18 02:04:31,280] {processor.py:153} INFO - Started process (PID=5276) to work on /home/guilherme/extracao-dados-twitter/venv/lib/python3.9/site-packages/airflow/example_dags/tutorial_etl_dag.py
[2023-08-18 02:04:31,281] {processor.py:641} INFO - Processing file /home/guilherme/extracao-dados-twitter/venv/lib/python3.9/site-packages/airflow/example_dags/tutorial_etl_dag.py for tasks to queue
[2023-08-18 02:04:31,282] {logging_mixin.py:115} INFO - [2023-08-18 02:04:31,282] {dagbag.py:507} INFO - Filling up the DagBag from /home/guilherme/extracao-dados-twitter/venv/lib/python3.9/site-packages/airflow/example_dags/tutorial_etl_dag.py
[2023-08-18 02:04:31,290] {processor.py:651} INFO - DAG(s) dict_keys(['tutorial_etl_dag']) retrieved from /home/guilherme/extracao-dados-twitter/venv/lib/python3.9/site-packages/airflow/example_dags/tutorial_etl_dag.py
[2023-08-18 02:04:31,311] {logging_mixin.py:115} INFO - [2023-08-18 02:04:31,311] {dag.py:2379} INFO - Sync 1 DAGs
[2023-08-18 02:04:31,331] {logging_mixin.py:115} INFO - [2023-08-18 02:04:31,330] {dag.py:2927} INFO - Setting next_dagrun for tutorial_etl_dag to None, run_after=None
[2023-08-18 02:04:31,357] {processor.py:161} INFO - Processing /home/guilherme/extracao-dados-twitter/venv/lib/python3.9/site-packages/airflow/example_dags/tutorial_etl_dag.py took 0.080 seconds
[2023-08-18 02:05:05,378] {processor.py:153} INFO - Started process (PID=5465) to work on /home/guilherme/extracao-dados-twitter/venv/lib/python3.9/site-packages/airflow/example_dags/tutorial_etl_dag.py
[2023-08-18 02:05:05,378] {processor.py:641} INFO - Processing file /home/guilherme/extracao-dados-twitter/venv/lib/python3.9/site-packages/airflow/example_dags/tutorial_etl_dag.py for tasks to queue
[2023-08-18 02:05:05,379] {logging_mixin.py:115} INFO - [2023-08-18 02:05:05,379] {dagbag.py:507} INFO - Filling up the DagBag from /home/guilherme/extracao-dados-twitter/venv/lib/python3.9/site-packages/airflow/example_dags/tutorial_etl_dag.py
[2023-08-18 02:05:05,388] {processor.py:651} INFO - DAG(s) dict_keys(['tutorial_etl_dag']) retrieved from /home/guilherme/extracao-dados-twitter/venv/lib/python3.9/site-packages/airflow/example_dags/tutorial_etl_dag.py
[2023-08-18 02:05:05,408] {logging_mixin.py:115} INFO - [2023-08-18 02:05:05,407] {dag.py:2379} INFO - Sync 1 DAGs
[2023-08-18 02:05:05,427] {logging_mixin.py:115} INFO - [2023-08-18 02:05:05,426] {dag.py:2927} INFO - Setting next_dagrun for tutorial_etl_dag to None, run_after=None
[2023-08-18 02:05:05,450] {processor.py:161} INFO - Processing /home/guilherme/extracao-dados-twitter/venv/lib/python3.9/site-packages/airflow/example_dags/tutorial_etl_dag.py took 0.076 seconds
[2023-08-18 02:05:39,658] {processor.py:153} INFO - Started process (PID=5501) to work on /home/guilherme/extracao-dados-twitter/venv/lib/python3.9/site-packages/airflow/example_dags/tutorial_etl_dag.py
[2023-08-18 02:05:39,659] {processor.py:641} INFO - Processing file /home/guilherme/extracao-dados-twitter/venv/lib/python3.9/site-packages/airflow/example_dags/tutorial_etl_dag.py for tasks to queue
[2023-08-18 02:05:39,660] {logging_mixin.py:115} INFO - [2023-08-18 02:05:39,660] {dagbag.py:507} INFO - Filling up the DagBag from /home/guilherme/extracao-dados-twitter/venv/lib/python3.9/site-packages/airflow/example_dags/tutorial_etl_dag.py
[2023-08-18 02:05:39,669] {processor.py:651} INFO - DAG(s) dict_keys(['tutorial_etl_dag']) retrieved from /home/guilherme/extracao-dados-twitter/venv/lib/python3.9/site-packages/airflow/example_dags/tutorial_etl_dag.py
[2023-08-18 02:05:39,688] {logging_mixin.py:115} INFO - [2023-08-18 02:05:39,688] {dag.py:2379} INFO - Sync 1 DAGs
[2023-08-18 02:05:39,706] {logging_mixin.py:115} INFO - [2023-08-18 02:05:39,706] {dag.py:2927} INFO - Setting next_dagrun for tutorial_etl_dag to None, run_after=None
[2023-08-18 02:05:39,741] {processor.py:161} INFO - Processing /home/guilherme/extracao-dados-twitter/venv/lib/python3.9/site-packages/airflow/example_dags/tutorial_etl_dag.py took 0.087 seconds
[2023-08-18 17:08:23,516] {processor.py:153} INFO - Started process (PID=4954) to work on /home/guilherme/airflow/venv/lib/python3.9/site-packages/airflow/example_dags/tutorial_etl_dag.py
[2023-08-18 17:08:23,521] {processor.py:641} INFO - Processing file /home/guilherme/airflow/venv/lib/python3.9/site-packages/airflow/example_dags/tutorial_etl_dag.py for tasks to queue
[2023-08-18 17:08:23,521] {logging_mixin.py:115} INFO - [2023-08-18 17:08:23,521] {dagbag.py:507} INFO - Filling up the DagBag from /home/guilherme/airflow/venv/lib/python3.9/site-packages/airflow/example_dags/tutorial_etl_dag.py
[2023-08-18 17:08:23,529] {processor.py:651} INFO - DAG(s) dict_keys(['tutorial_etl_dag']) retrieved from /home/guilherme/airflow/venv/lib/python3.9/site-packages/airflow/example_dags/tutorial_etl_dag.py
[2023-08-18 17:08:23,570] {logging_mixin.py:115} INFO - [2023-08-18 17:08:23,569] {dag.py:2379} INFO - Sync 1 DAGs
[2023-08-18 17:08:23,582] {logging_mixin.py:115} INFO - [2023-08-18 17:08:23,582] {dag.py:2927} INFO - Setting next_dagrun for tutorial_etl_dag to None, run_after=None
[2023-08-18 17:08:23,664] {processor.py:161} INFO - Processing /home/guilherme/airflow/venv/lib/python3.9/site-packages/airflow/example_dags/tutorial_etl_dag.py took 0.151 seconds
[2023-08-18 17:09:06,615] {processor.py:153} INFO - Started process (PID=5058) to work on /home/guilherme/airflow/venv/lib/python3.9/site-packages/airflow/example_dags/tutorial_etl_dag.py
[2023-08-18 17:09:06,616] {processor.py:641} INFO - Processing file /home/guilherme/airflow/venv/lib/python3.9/site-packages/airflow/example_dags/tutorial_etl_dag.py for tasks to queue
[2023-08-18 17:09:06,616] {logging_mixin.py:115} INFO - [2023-08-18 17:09:06,616] {dagbag.py:507} INFO - Filling up the DagBag from /home/guilherme/airflow/venv/lib/python3.9/site-packages/airflow/example_dags/tutorial_etl_dag.py
[2023-08-18 17:09:06,624] {processor.py:651} INFO - DAG(s) dict_keys(['tutorial_etl_dag']) retrieved from /home/guilherme/airflow/venv/lib/python3.9/site-packages/airflow/example_dags/tutorial_etl_dag.py
[2023-08-18 17:09:06,639] {logging_mixin.py:115} INFO - [2023-08-18 17:09:06,639] {dag.py:2379} INFO - Sync 1 DAGs
[2023-08-18 17:09:06,657] {logging_mixin.py:115} INFO - [2023-08-18 17:09:06,657] {dag.py:2927} INFO - Setting next_dagrun for tutorial_etl_dag to None, run_after=None
[2023-08-18 17:09:06,707] {processor.py:161} INFO - Processing /home/guilherme/airflow/venv/lib/python3.9/site-packages/airflow/example_dags/tutorial_etl_dag.py took 0.096 seconds
[2023-08-18 17:09:41,074] {processor.py:153} INFO - Started process (PID=5093) to work on /home/guilherme/airflow/venv/lib/python3.9/site-packages/airflow/example_dags/tutorial_etl_dag.py
[2023-08-18 17:09:41,075] {processor.py:641} INFO - Processing file /home/guilherme/airflow/venv/lib/python3.9/site-packages/airflow/example_dags/tutorial_etl_dag.py for tasks to queue
[2023-08-18 17:09:41,076] {logging_mixin.py:115} INFO - [2023-08-18 17:09:41,076] {dagbag.py:507} INFO - Filling up the DagBag from /home/guilherme/airflow/venv/lib/python3.9/site-packages/airflow/example_dags/tutorial_etl_dag.py
[2023-08-18 17:09:41,085] {processor.py:651} INFO - DAG(s) dict_keys(['tutorial_etl_dag']) retrieved from /home/guilherme/airflow/venv/lib/python3.9/site-packages/airflow/example_dags/tutorial_etl_dag.py
[2023-08-18 17:09:41,101] {logging_mixin.py:115} INFO - [2023-08-18 17:09:41,101] {dag.py:2379} INFO - Sync 1 DAGs
[2023-08-18 17:09:41,122] {logging_mixin.py:115} INFO - [2023-08-18 17:09:41,122] {dag.py:2927} INFO - Setting next_dagrun for tutorial_etl_dag to None, run_after=None
[2023-08-18 17:09:41,146] {processor.py:161} INFO - Processing /home/guilherme/airflow/venv/lib/python3.9/site-packages/airflow/example_dags/tutorial_etl_dag.py took 0.076 seconds
[2023-08-18 17:10:14,220] {processor.py:153} INFO - Started process (PID=5127) to work on /home/guilherme/airflow/venv/lib/python3.9/site-packages/airflow/example_dags/tutorial_etl_dag.py
[2023-08-18 17:10:14,221] {processor.py:641} INFO - Processing file /home/guilherme/airflow/venv/lib/python3.9/site-packages/airflow/example_dags/tutorial_etl_dag.py for tasks to queue
[2023-08-18 17:10:14,222] {logging_mixin.py:115} INFO - [2023-08-18 17:10:14,221] {dagbag.py:507} INFO - Filling up the DagBag from /home/guilherme/airflow/venv/lib/python3.9/site-packages/airflow/example_dags/tutorial_etl_dag.py
[2023-08-18 17:10:14,229] {processor.py:651} INFO - DAG(s) dict_keys(['tutorial_etl_dag']) retrieved from /home/guilherme/airflow/venv/lib/python3.9/site-packages/airflow/example_dags/tutorial_etl_dag.py
[2023-08-18 17:10:14,244] {logging_mixin.py:115} INFO - [2023-08-18 17:10:14,244] {dag.py:2379} INFO - Sync 1 DAGs
[2023-08-18 17:10:14,261] {logging_mixin.py:115} INFO - [2023-08-18 17:10:14,261] {dag.py:2927} INFO - Setting next_dagrun for tutorial_etl_dag to None, run_after=None
[2023-08-18 17:10:14,418] {processor.py:161} INFO - Processing /home/guilherme/airflow/venv/lib/python3.9/site-packages/airflow/example_dags/tutorial_etl_dag.py took 0.201 seconds
[2023-08-18 17:10:56,828] {processor.py:153} INFO - Started process (PID=5164) to work on /home/guilherme/airflow/venv/lib/python3.9/site-packages/airflow/example_dags/tutorial_etl_dag.py
[2023-08-18 17:10:56,829] {processor.py:641} INFO - Processing file /home/guilherme/airflow/venv/lib/python3.9/site-packages/airflow/example_dags/tutorial_etl_dag.py for tasks to queue
[2023-08-18 17:10:56,829] {logging_mixin.py:115} INFO - [2023-08-18 17:10:56,829] {dagbag.py:507} INFO - Filling up the DagBag from /home/guilherme/airflow/venv/lib/python3.9/site-packages/airflow/example_dags/tutorial_etl_dag.py
[2023-08-18 17:10:56,837] {processor.py:651} INFO - DAG(s) dict_keys(['tutorial_etl_dag']) retrieved from /home/guilherme/airflow/venv/lib/python3.9/site-packages/airflow/example_dags/tutorial_etl_dag.py
[2023-08-18 17:10:56,854] {logging_mixin.py:115} INFO - [2023-08-18 17:10:56,854] {dag.py:2379} INFO - Sync 1 DAGs
[2023-08-18 17:10:56,874] {logging_mixin.py:115} INFO - [2023-08-18 17:10:56,874] {dag.py:2927} INFO - Setting next_dagrun for tutorial_etl_dag to None, run_after=None
[2023-08-18 17:10:56,951] {processor.py:161} INFO - Processing /home/guilherme/airflow/venv/lib/python3.9/site-packages/airflow/example_dags/tutorial_etl_dag.py took 0.127 seconds
[2023-08-18 17:11:31,900] {processor.py:153} INFO - Started process (PID=5250) to work on /home/guilherme/airflow/venv/lib/python3.9/site-packages/airflow/example_dags/tutorial_etl_dag.py
[2023-08-18 17:11:31,901] {processor.py:641} INFO - Processing file /home/guilherme/airflow/venv/lib/python3.9/site-packages/airflow/example_dags/tutorial_etl_dag.py for tasks to queue
[2023-08-18 17:11:31,901] {logging_mixin.py:115} INFO - [2023-08-18 17:11:31,901] {dagbag.py:507} INFO - Filling up the DagBag from /home/guilherme/airflow/venv/lib/python3.9/site-packages/airflow/example_dags/tutorial_etl_dag.py
[2023-08-18 17:11:31,909] {processor.py:651} INFO - DAG(s) dict_keys(['tutorial_etl_dag']) retrieved from /home/guilherme/airflow/venv/lib/python3.9/site-packages/airflow/example_dags/tutorial_etl_dag.py
[2023-08-18 17:11:31,926] {logging_mixin.py:115} INFO - [2023-08-18 17:11:31,926] {dag.py:2379} INFO - Sync 1 DAGs
[2023-08-18 17:11:31,945] {logging_mixin.py:115} INFO - [2023-08-18 17:11:31,945] {dag.py:2927} INFO - Setting next_dagrun for tutorial_etl_dag to None, run_after=None
[2023-08-18 17:11:31,969] {processor.py:161} INFO - Processing /home/guilherme/airflow/venv/lib/python3.9/site-packages/airflow/example_dags/tutorial_etl_dag.py took 0.072 seconds
[2023-08-18 17:12:05,527] {processor.py:153} INFO - Started process (PID=5596) to work on /home/guilherme/airflow/venv/lib/python3.9/site-packages/airflow/example_dags/tutorial_etl_dag.py
[2023-08-18 17:12:05,528] {processor.py:641} INFO - Processing file /home/guilherme/airflow/venv/lib/python3.9/site-packages/airflow/example_dags/tutorial_etl_dag.py for tasks to queue
[2023-08-18 17:12:05,529] {logging_mixin.py:115} INFO - [2023-08-18 17:12:05,529] {dagbag.py:507} INFO - Filling up the DagBag from /home/guilherme/airflow/venv/lib/python3.9/site-packages/airflow/example_dags/tutorial_etl_dag.py
[2023-08-18 17:12:05,536] {processor.py:651} INFO - DAG(s) dict_keys(['tutorial_etl_dag']) retrieved from /home/guilherme/airflow/venv/lib/python3.9/site-packages/airflow/example_dags/tutorial_etl_dag.py
[2023-08-18 17:12:05,552] {logging_mixin.py:115} INFO - [2023-08-18 17:12:05,552] {dag.py:2379} INFO - Sync 1 DAGs
[2023-08-18 17:12:05,571] {logging_mixin.py:115} INFO - [2023-08-18 17:12:05,571] {dag.py:2927} INFO - Setting next_dagrun for tutorial_etl_dag to None, run_after=None
[2023-08-18 17:12:05,603] {processor.py:161} INFO - Processing /home/guilherme/airflow/venv/lib/python3.9/site-packages/airflow/example_dags/tutorial_etl_dag.py took 0.079 seconds
[2023-08-18 17:12:38,190] {processor.py:153} INFO - Started process (PID=5631) to work on /home/guilherme/airflow/venv/lib/python3.9/site-packages/airflow/example_dags/tutorial_etl_dag.py
[2023-08-18 17:12:38,191] {processor.py:641} INFO - Processing file /home/guilherme/airflow/venv/lib/python3.9/site-packages/airflow/example_dags/tutorial_etl_dag.py for tasks to queue
[2023-08-18 17:12:38,191] {logging_mixin.py:115} INFO - [2023-08-18 17:12:38,191] {dagbag.py:507} INFO - Filling up the DagBag from /home/guilherme/airflow/venv/lib/python3.9/site-packages/airflow/example_dags/tutorial_etl_dag.py
[2023-08-18 17:12:38,199] {processor.py:651} INFO - DAG(s) dict_keys(['tutorial_etl_dag']) retrieved from /home/guilherme/airflow/venv/lib/python3.9/site-packages/airflow/example_dags/tutorial_etl_dag.py
[2023-08-18 17:12:38,216] {logging_mixin.py:115} INFO - [2023-08-18 17:12:38,215] {dag.py:2379} INFO - Sync 1 DAGs
[2023-08-18 17:12:38,235] {logging_mixin.py:115} INFO - [2023-08-18 17:12:38,235] {dag.py:2927} INFO - Setting next_dagrun for tutorial_etl_dag to None, run_after=None
[2023-08-18 17:12:38,262] {processor.py:161} INFO - Processing /home/guilherme/airflow/venv/lib/python3.9/site-packages/airflow/example_dags/tutorial_etl_dag.py took 0.076 seconds
