[2023-08-18 01:56:12,325] {processor.py:153} INFO - Started process (PID=3400) to work on /home/guilherme/extracao-dados-twitter/venv/lib/python3.9/site-packages/airflow/example_dags/tutorial.py
[2023-08-18 01:56:12,326] {processor.py:641} INFO - Processing file /home/guilherme/extracao-dados-twitter/venv/lib/python3.9/site-packages/airflow/example_dags/tutorial.py for tasks to queue
[2023-08-18 01:56:12,327] {logging_mixin.py:115} INFO - [2023-08-18 01:56:12,327] {dagbag.py:507} INFO - Filling up the DagBag from /home/guilherme/extracao-dados-twitter/venv/lib/python3.9/site-packages/airflow/example_dags/tutorial.py
[2023-08-18 01:56:12,352] {processor.py:651} INFO - DAG(s) dict_keys(['tutorial']) retrieved from /home/guilherme/extracao-dados-twitter/venv/lib/python3.9/site-packages/airflow/example_dags/tutorial.py
[2023-08-18 01:56:12,730] {logging_mixin.py:115} INFO - [2023-08-18 01:56:12,730] {manager.py:508} INFO - Created Permission View: can edit on DAG:tutorial
[2023-08-18 01:56:12,774] {logging_mixin.py:115} INFO - [2023-08-18 01:56:12,774] {manager.py:508} INFO - Created Permission View: can delete on DAG:tutorial
[2023-08-18 01:56:12,805] {logging_mixin.py:115} INFO - [2023-08-18 01:56:12,805] {manager.py:508} INFO - Created Permission View: can read on DAG:tutorial
[2023-08-18 01:56:12,805] {logging_mixin.py:115} INFO - [2023-08-18 01:56:12,805] {dag.py:2379} INFO - Sync 1 DAGs
[2023-08-18 01:56:12,841] {logging_mixin.py:115} INFO - [2023-08-18 01:56:12,840] {dag.py:2398} INFO - Creating ORM DAG for tutorial
[2023-08-18 01:56:12,904] {logging_mixin.py:115} INFO - [2023-08-18 01:56:12,893] {dag.py:2927} INFO - Setting next_dagrun for tutorial to 2023-08-17T01:56:12.893278+00:00, run_after=2023-08-18T01:56:12.893278+00:00
[2023-08-18 01:56:12,973] {processor.py:161} INFO - Processing /home/guilherme/extracao-dados-twitter/venv/lib/python3.9/site-packages/airflow/example_dags/tutorial.py took 0.662 seconds
[2023-08-18 01:56:56,422] {processor.py:153} INFO - Started process (PID=3591) to work on /home/guilherme/extracao-dados-twitter/venv/lib/python3.9/site-packages/airflow/example_dags/tutorial.py
[2023-08-18 01:56:56,423] {processor.py:641} INFO - Processing file /home/guilherme/extracao-dados-twitter/venv/lib/python3.9/site-packages/airflow/example_dags/tutorial.py for tasks to queue
[2023-08-18 01:56:56,423] {logging_mixin.py:115} INFO - [2023-08-18 01:56:56,423] {dagbag.py:507} INFO - Filling up the DagBag from /home/guilherme/extracao-dados-twitter/venv/lib/python3.9/site-packages/airflow/example_dags/tutorial.py
[2023-08-18 01:56:56,430] {processor.py:651} INFO - DAG(s) dict_keys(['tutorial']) retrieved from /home/guilherme/extracao-dados-twitter/venv/lib/python3.9/site-packages/airflow/example_dags/tutorial.py
[2023-08-18 01:56:56,451] {logging_mixin.py:115} INFO - [2023-08-18 01:56:56,451] {dag.py:2379} INFO - Sync 1 DAGs
[2023-08-18 01:56:56,473] {logging_mixin.py:115} INFO - [2023-08-18 01:56:56,473] {dag.py:2927} INFO - Setting next_dagrun for tutorial to 2023-08-17T01:56:56.473156+00:00, run_after=2023-08-18T01:56:56.473156+00:00
[2023-08-18 01:56:56,510] {processor.py:161} INFO - Processing /home/guilherme/extracao-dados-twitter/venv/lib/python3.9/site-packages/airflow/example_dags/tutorial.py took 0.092 seconds
[2023-08-18 01:57:31,558] {processor.py:153} INFO - Started process (PID=3886) to work on /home/guilherme/extracao-dados-twitter/venv/lib/python3.9/site-packages/airflow/example_dags/tutorial.py
[2023-08-18 01:57:31,559] {processor.py:641} INFO - Processing file /home/guilherme/extracao-dados-twitter/venv/lib/python3.9/site-packages/airflow/example_dags/tutorial.py for tasks to queue
[2023-08-18 01:57:31,560] {logging_mixin.py:115} INFO - [2023-08-18 01:57:31,560] {dagbag.py:507} INFO - Filling up the DagBag from /home/guilherme/extracao-dados-twitter/venv/lib/python3.9/site-packages/airflow/example_dags/tutorial.py
[2023-08-18 01:57:31,568] {processor.py:651} INFO - DAG(s) dict_keys(['tutorial']) retrieved from /home/guilherme/extracao-dados-twitter/venv/lib/python3.9/site-packages/airflow/example_dags/tutorial.py
[2023-08-18 01:57:31,591] {logging_mixin.py:115} INFO - [2023-08-18 01:57:31,591] {dag.py:2379} INFO - Sync 1 DAGs
[2023-08-18 01:57:31,614] {logging_mixin.py:115} INFO - [2023-08-18 01:57:31,614] {dag.py:2927} INFO - Setting next_dagrun for tutorial to 2023-08-17T01:57:31.613673+00:00, run_after=2023-08-18T01:57:31.613673+00:00
[2023-08-18 01:57:31,653] {processor.py:161} INFO - Processing /home/guilherme/extracao-dados-twitter/venv/lib/python3.9/site-packages/airflow/example_dags/tutorial.py took 0.098 seconds
[2023-08-18 01:58:06,992] {processor.py:153} INFO - Started process (PID=4076) to work on /home/guilherme/extracao-dados-twitter/venv/lib/python3.9/site-packages/airflow/example_dags/tutorial.py
[2023-08-18 01:58:06,993] {processor.py:641} INFO - Processing file /home/guilherme/extracao-dados-twitter/venv/lib/python3.9/site-packages/airflow/example_dags/tutorial.py for tasks to queue
[2023-08-18 01:58:06,994] {logging_mixin.py:115} INFO - [2023-08-18 01:58:06,994] {dagbag.py:507} INFO - Filling up the DagBag from /home/guilherme/extracao-dados-twitter/venv/lib/python3.9/site-packages/airflow/example_dags/tutorial.py
[2023-08-18 01:58:07,001] {processor.py:651} INFO - DAG(s) dict_keys(['tutorial']) retrieved from /home/guilherme/extracao-dados-twitter/venv/lib/python3.9/site-packages/airflow/example_dags/tutorial.py
[2023-08-18 01:58:07,019] {logging_mixin.py:115} INFO - [2023-08-18 01:58:07,019] {dag.py:2379} INFO - Sync 1 DAGs
[2023-08-18 01:58:07,041] {logging_mixin.py:115} INFO - [2023-08-18 01:58:07,041] {dag.py:2927} INFO - Setting next_dagrun for tutorial to 2023-08-17T01:58:07.041198+00:00, run_after=2023-08-18T01:58:07.041198+00:00
[2023-08-18 01:58:07,067] {processor.py:161} INFO - Processing /home/guilherme/extracao-dados-twitter/venv/lib/python3.9/site-packages/airflow/example_dags/tutorial.py took 0.079 seconds
[2023-08-18 01:58:39,520] {processor.py:153} INFO - Started process (PID=4108) to work on /home/guilherme/extracao-dados-twitter/venv/lib/python3.9/site-packages/airflow/example_dags/tutorial.py
[2023-08-18 01:58:39,521] {processor.py:641} INFO - Processing file /home/guilherme/extracao-dados-twitter/venv/lib/python3.9/site-packages/airflow/example_dags/tutorial.py for tasks to queue
[2023-08-18 01:58:39,521] {logging_mixin.py:115} INFO - [2023-08-18 01:58:39,521] {dagbag.py:507} INFO - Filling up the DagBag from /home/guilherme/extracao-dados-twitter/venv/lib/python3.9/site-packages/airflow/example_dags/tutorial.py
[2023-08-18 01:58:39,528] {processor.py:651} INFO - DAG(s) dict_keys(['tutorial']) retrieved from /home/guilherme/extracao-dados-twitter/venv/lib/python3.9/site-packages/airflow/example_dags/tutorial.py
[2023-08-18 01:58:39,548] {logging_mixin.py:115} INFO - [2023-08-18 01:58:39,548] {dag.py:2379} INFO - Sync 1 DAGs
[2023-08-18 01:58:39,571] {logging_mixin.py:115} INFO - [2023-08-18 01:58:39,571] {dag.py:2927} INFO - Setting next_dagrun for tutorial to 2023-08-17T01:58:39.571119+00:00, run_after=2023-08-18T01:58:39.571119+00:00
[2023-08-18 01:58:39,607] {processor.py:161} INFO - Processing /home/guilherme/extracao-dados-twitter/venv/lib/python3.9/site-packages/airflow/example_dags/tutorial.py took 0.091 seconds
