[2023-08-18 01:56:15,668] {processor.py:153} INFO - Started process (PID=3454) to work on /home/guilherme/extracao-dados-twitter/venv/lib/python3.9/site-packages/airflow/example_dags/tutorial_taskflow_api_etl_virtualenv.py
[2023-08-18 01:56:15,668] {processor.py:641} INFO - Processing file /home/guilherme/extracao-dados-twitter/venv/lib/python3.9/site-packages/airflow/example_dags/tutorial_taskflow_api_etl_virtualenv.py for tasks to queue
[2023-08-18 01:56:15,669] {logging_mixin.py:115} INFO - [2023-08-18 01:56:15,669] {dagbag.py:507} INFO - Filling up the DagBag from /home/guilherme/extracao-dados-twitter/venv/lib/python3.9/site-packages/airflow/example_dags/tutorial_taskflow_api_etl_virtualenv.py
[2023-08-18 01:56:15,760] {processor.py:651} INFO - DAG(s) dict_keys(['tutorial_taskflow_api_etl_virtualenv']) retrieved from /home/guilherme/extracao-dados-twitter/venv/lib/python3.9/site-packages/airflow/example_dags/tutorial_taskflow_api_etl_virtualenv.py
[2023-08-18 01:56:16,071] {logging_mixin.py:115} INFO - [2023-08-18 01:56:16,071] {manager.py:508} INFO - Created Permission View: can edit on DAG:tutorial_taskflow_api_etl_virtualenv
[2023-08-18 01:56:16,151] {logging_mixin.py:115} INFO - [2023-08-18 01:56:16,151] {manager.py:508} INFO - Created Permission View: can delete on DAG:tutorial_taskflow_api_etl_virtualenv
[2023-08-18 01:56:16,203] {logging_mixin.py:115} INFO - [2023-08-18 01:56:16,203] {manager.py:508} INFO - Created Permission View: can read on DAG:tutorial_taskflow_api_etl_virtualenv
[2023-08-18 01:56:16,204] {logging_mixin.py:115} INFO - [2023-08-18 01:56:16,204] {dag.py:2379} INFO - Sync 1 DAGs
[2023-08-18 01:56:16,251] {logging_mixin.py:115} INFO - [2023-08-18 01:56:16,251] {dag.py:2398} INFO - Creating ORM DAG for tutorial_taskflow_api_etl_virtualenv
[2023-08-18 01:56:16,302] {logging_mixin.py:115} INFO - [2023-08-18 01:56:16,301] {dag.py:2927} INFO - Setting next_dagrun for tutorial_taskflow_api_etl_virtualenv to None, run_after=None
[2023-08-18 01:56:16,361] {processor.py:161} INFO - Processing /home/guilherme/extracao-dados-twitter/venv/lib/python3.9/site-packages/airflow/example_dags/tutorial_taskflow_api_etl_virtualenv.py took 0.716 seconds
[2023-08-18 01:56:58,696] {processor.py:153} INFO - Started process (PID=3593) to work on /home/guilherme/extracao-dados-twitter/venv/lib/python3.9/site-packages/airflow/example_dags/tutorial_taskflow_api_etl_virtualenv.py
[2023-08-18 01:56:58,696] {processor.py:641} INFO - Processing file /home/guilherme/extracao-dados-twitter/venv/lib/python3.9/site-packages/airflow/example_dags/tutorial_taskflow_api_etl_virtualenv.py for tasks to queue
[2023-08-18 01:56:58,697] {logging_mixin.py:115} INFO - [2023-08-18 01:56:58,697] {dagbag.py:507} INFO - Filling up the DagBag from /home/guilherme/extracao-dados-twitter/venv/lib/python3.9/site-packages/airflow/example_dags/tutorial_taskflow_api_etl_virtualenv.py
[2023-08-18 01:56:58,723] {processor.py:651} INFO - DAG(s) dict_keys(['tutorial_taskflow_api_etl_virtualenv']) retrieved from /home/guilherme/extracao-dados-twitter/venv/lib/python3.9/site-packages/airflow/example_dags/tutorial_taskflow_api_etl_virtualenv.py
[2023-08-18 01:56:58,786] {logging_mixin.py:115} INFO - [2023-08-18 01:56:58,786] {dag.py:2379} INFO - Sync 1 DAGs
[2023-08-18 01:56:58,805] {logging_mixin.py:115} INFO - [2023-08-18 01:56:58,805] {dag.py:2927} INFO - Setting next_dagrun for tutorial_taskflow_api_etl_virtualenv to None, run_after=None
[2023-08-18 01:56:58,846] {processor.py:161} INFO - Processing /home/guilherme/extracao-dados-twitter/venv/lib/python3.9/site-packages/airflow/example_dags/tutorial_taskflow_api_etl_virtualenv.py took 0.154 seconds
[2023-08-18 01:57:33,578] {processor.py:153} INFO - Started process (PID=3888) to work on /home/guilherme/extracao-dados-twitter/venv/lib/python3.9/site-packages/airflow/example_dags/tutorial_taskflow_api_etl_virtualenv.py
[2023-08-18 01:57:33,579] {processor.py:641} INFO - Processing file /home/guilherme/extracao-dados-twitter/venv/lib/python3.9/site-packages/airflow/example_dags/tutorial_taskflow_api_etl_virtualenv.py for tasks to queue
[2023-08-18 01:57:33,580] {logging_mixin.py:115} INFO - [2023-08-18 01:57:33,579] {dagbag.py:507} INFO - Filling up the DagBag from /home/guilherme/extracao-dados-twitter/venv/lib/python3.9/site-packages/airflow/example_dags/tutorial_taskflow_api_etl_virtualenv.py
[2023-08-18 01:57:33,601] {processor.py:651} INFO - DAG(s) dict_keys(['tutorial_taskflow_api_etl_virtualenv']) retrieved from /home/guilherme/extracao-dados-twitter/venv/lib/python3.9/site-packages/airflow/example_dags/tutorial_taskflow_api_etl_virtualenv.py
[2023-08-18 01:57:33,661] {logging_mixin.py:115} INFO - [2023-08-18 01:57:33,660] {dag.py:2379} INFO - Sync 1 DAGs
[2023-08-18 01:57:33,679] {logging_mixin.py:115} INFO - [2023-08-18 01:57:33,679] {dag.py:2927} INFO - Setting next_dagrun for tutorial_taskflow_api_etl_virtualenv to None, run_after=None
[2023-08-18 01:57:33,706] {processor.py:161} INFO - Processing /home/guilherme/extracao-dados-twitter/venv/lib/python3.9/site-packages/airflow/example_dags/tutorial_taskflow_api_etl_virtualenv.py took 0.132 seconds
[2023-08-18 01:58:09,394] {processor.py:153} INFO - Started process (PID=4078) to work on /home/guilherme/extracao-dados-twitter/venv/lib/python3.9/site-packages/airflow/example_dags/tutorial_taskflow_api_etl_virtualenv.py
[2023-08-18 01:58:09,394] {processor.py:641} INFO - Processing file /home/guilherme/extracao-dados-twitter/venv/lib/python3.9/site-packages/airflow/example_dags/tutorial_taskflow_api_etl_virtualenv.py for tasks to queue
[2023-08-18 01:58:09,395] {logging_mixin.py:115} INFO - [2023-08-18 01:58:09,395] {dagbag.py:507} INFO - Filling up the DagBag from /home/guilherme/extracao-dados-twitter/venv/lib/python3.9/site-packages/airflow/example_dags/tutorial_taskflow_api_etl_virtualenv.py
[2023-08-18 01:58:09,415] {processor.py:651} INFO - DAG(s) dict_keys(['tutorial_taskflow_api_etl_virtualenv']) retrieved from /home/guilherme/extracao-dados-twitter/venv/lib/python3.9/site-packages/airflow/example_dags/tutorial_taskflow_api_etl_virtualenv.py
[2023-08-18 01:58:09,479] {logging_mixin.py:115} INFO - [2023-08-18 01:58:09,479] {dag.py:2379} INFO - Sync 1 DAGs
[2023-08-18 01:58:09,500] {logging_mixin.py:115} INFO - [2023-08-18 01:58:09,500] {dag.py:2927} INFO - Setting next_dagrun for tutorial_taskflow_api_etl_virtualenv to None, run_after=None
[2023-08-18 01:58:09,530] {processor.py:161} INFO - Processing /home/guilherme/extracao-dados-twitter/venv/lib/python3.9/site-packages/airflow/example_dags/tutorial_taskflow_api_etl_virtualenv.py took 0.140 seconds
[2023-08-18 01:58:43,517] {processor.py:153} INFO - Started process (PID=4112) to work on /home/guilherme/extracao-dados-twitter/venv/lib/python3.9/site-packages/airflow/example_dags/tutorial_taskflow_api_etl_virtualenv.py
[2023-08-18 01:58:43,518] {processor.py:641} INFO - Processing file /home/guilherme/extracao-dados-twitter/venv/lib/python3.9/site-packages/airflow/example_dags/tutorial_taskflow_api_etl_virtualenv.py for tasks to queue
[2023-08-18 01:58:43,518] {logging_mixin.py:115} INFO - [2023-08-18 01:58:43,518] {dagbag.py:507} INFO - Filling up the DagBag from /home/guilherme/extracao-dados-twitter/venv/lib/python3.9/site-packages/airflow/example_dags/tutorial_taskflow_api_etl_virtualenv.py
[2023-08-18 01:58:43,538] {processor.py:651} INFO - DAG(s) dict_keys(['tutorial_taskflow_api_etl_virtualenv']) retrieved from /home/guilherme/extracao-dados-twitter/venv/lib/python3.9/site-packages/airflow/example_dags/tutorial_taskflow_api_etl_virtualenv.py
[2023-08-18 01:58:43,599] {logging_mixin.py:115} INFO - [2023-08-18 01:58:43,599] {dag.py:2379} INFO - Sync 1 DAGs
[2023-08-18 01:58:43,617] {logging_mixin.py:115} INFO - [2023-08-18 01:58:43,617] {dag.py:2927} INFO - Setting next_dagrun for tutorial_taskflow_api_etl_virtualenv to None, run_after=None
[2023-08-18 01:58:43,656] {processor.py:161} INFO - Processing /home/guilherme/extracao-dados-twitter/venv/lib/python3.9/site-packages/airflow/example_dags/tutorial_taskflow_api_etl_virtualenv.py took 0.143 seconds
[2023-08-18 02:01:41,241] {processor.py:153} INFO - Started process (PID=4693) to work on /home/guilherme/extracao-dados-twitter/venv/lib/python3.9/site-packages/airflow/example_dags/tutorial_taskflow_api_etl_virtualenv.py
[2023-08-18 02:01:41,254] {processor.py:641} INFO - Processing file /home/guilherme/extracao-dados-twitter/venv/lib/python3.9/site-packages/airflow/example_dags/tutorial_taskflow_api_etl_virtualenv.py for tasks to queue
[2023-08-18 02:01:41,255] {logging_mixin.py:115} INFO - [2023-08-18 02:01:41,255] {dagbag.py:507} INFO - Filling up the DagBag from /home/guilherme/extracao-dados-twitter/venv/lib/python3.9/site-packages/airflow/example_dags/tutorial_taskflow_api_etl_virtualenv.py
[2023-08-18 02:01:41,346] {processor.py:651} INFO - DAG(s) dict_keys(['tutorial_taskflow_api_etl_virtualenv']) retrieved from /home/guilherme/extracao-dados-twitter/venv/lib/python3.9/site-packages/airflow/example_dags/tutorial_taskflow_api_etl_virtualenv.py
[2023-08-18 02:01:41,616] {logging_mixin.py:115} INFO - [2023-08-18 02:01:41,615] {dag.py:2379} INFO - Sync 1 DAGs
[2023-08-18 02:01:41,711] {logging_mixin.py:115} INFO - [2023-08-18 02:01:41,711] {dag.py:2927} INFO - Setting next_dagrun for tutorial_taskflow_api_etl_virtualenv to None, run_after=None
[2023-08-18 02:01:41,765] {processor.py:161} INFO - Processing /home/guilherme/extracao-dados-twitter/venv/lib/python3.9/site-packages/airflow/example_dags/tutorial_taskflow_api_etl_virtualenv.py took 0.545 seconds
[2023-08-18 02:02:17,644] {processor.py:153} INFO - Started process (PID=4984) to work on /home/guilherme/extracao-dados-twitter/venv/lib/python3.9/site-packages/airflow/example_dags/tutorial_taskflow_api_etl_virtualenv.py
[2023-08-18 02:02:17,645] {processor.py:641} INFO - Processing file /home/guilherme/extracao-dados-twitter/venv/lib/python3.9/site-packages/airflow/example_dags/tutorial_taskflow_api_etl_virtualenv.py for tasks to queue
[2023-08-18 02:02:17,646] {logging_mixin.py:115} INFO - [2023-08-18 02:02:17,646] {dagbag.py:507} INFO - Filling up the DagBag from /home/guilherme/extracao-dados-twitter/venv/lib/python3.9/site-packages/airflow/example_dags/tutorial_taskflow_api_etl_virtualenv.py
[2023-08-18 02:02:17,676] {processor.py:651} INFO - DAG(s) dict_keys(['tutorial_taskflow_api_etl_virtualenv']) retrieved from /home/guilherme/extracao-dados-twitter/venv/lib/python3.9/site-packages/airflow/example_dags/tutorial_taskflow_api_etl_virtualenv.py
[2023-08-18 02:02:17,727] {logging_mixin.py:115} INFO - [2023-08-18 02:02:17,727] {dag.py:2379} INFO - Sync 1 DAGs
[2023-08-18 02:02:17,742] {logging_mixin.py:115} INFO - [2023-08-18 02:02:17,742] {dag.py:2927} INFO - Setting next_dagrun for tutorial_taskflow_api_etl_virtualenv to None, run_after=None
[2023-08-18 02:02:17,768] {processor.py:161} INFO - Processing /home/guilherme/extracao-dados-twitter/venv/lib/python3.9/site-packages/airflow/example_dags/tutorial_taskflow_api_etl_virtualenv.py took 0.129 seconds
[2023-08-18 02:02:52,376] {processor.py:153} INFO - Started process (PID=5025) to work on /home/guilherme/extracao-dados-twitter/venv/lib/python3.9/site-packages/airflow/example_dags/tutorial_taskflow_api_etl_virtualenv.py
[2023-08-18 02:02:52,376] {processor.py:641} INFO - Processing file /home/guilherme/extracao-dados-twitter/venv/lib/python3.9/site-packages/airflow/example_dags/tutorial_taskflow_api_etl_virtualenv.py for tasks to queue
[2023-08-18 02:02:52,377] {logging_mixin.py:115} INFO - [2023-08-18 02:02:52,377] {dagbag.py:507} INFO - Filling up the DagBag from /home/guilherme/extracao-dados-twitter/venv/lib/python3.9/site-packages/airflow/example_dags/tutorial_taskflow_api_etl_virtualenv.py
[2023-08-18 02:02:52,398] {processor.py:651} INFO - DAG(s) dict_keys(['tutorial_taskflow_api_etl_virtualenv']) retrieved from /home/guilherme/extracao-dados-twitter/venv/lib/python3.9/site-packages/airflow/example_dags/tutorial_taskflow_api_etl_virtualenv.py
[2023-08-18 02:02:52,450] {logging_mixin.py:115} INFO - [2023-08-18 02:02:52,450] {dag.py:2379} INFO - Sync 1 DAGs
[2023-08-18 02:02:52,466] {logging_mixin.py:115} INFO - [2023-08-18 02:02:52,466] {dag.py:2927} INFO - Setting next_dagrun for tutorial_taskflow_api_etl_virtualenv to None, run_after=None
[2023-08-18 02:02:52,504] {processor.py:161} INFO - Processing /home/guilherme/extracao-dados-twitter/venv/lib/python3.9/site-packages/airflow/example_dags/tutorial_taskflow_api_etl_virtualenv.py took 0.133 seconds
[2023-08-18 02:03:26,881] {processor.py:153} INFO - Started process (PID=5060) to work on /home/guilherme/extracao-dados-twitter/venv/lib/python3.9/site-packages/airflow/example_dags/tutorial_taskflow_api_etl_virtualenv.py
[2023-08-18 02:03:26,882] {processor.py:641} INFO - Processing file /home/guilherme/extracao-dados-twitter/venv/lib/python3.9/site-packages/airflow/example_dags/tutorial_taskflow_api_etl_virtualenv.py for tasks to queue
[2023-08-18 02:03:26,883] {logging_mixin.py:115} INFO - [2023-08-18 02:03:26,883] {dagbag.py:507} INFO - Filling up the DagBag from /home/guilherme/extracao-dados-twitter/venv/lib/python3.9/site-packages/airflow/example_dags/tutorial_taskflow_api_etl_virtualenv.py
[2023-08-18 02:03:26,902] {processor.py:651} INFO - DAG(s) dict_keys(['tutorial_taskflow_api_etl_virtualenv']) retrieved from /home/guilherme/extracao-dados-twitter/venv/lib/python3.9/site-packages/airflow/example_dags/tutorial_taskflow_api_etl_virtualenv.py
[2023-08-18 02:03:26,953] {logging_mixin.py:115} INFO - [2023-08-18 02:03:26,953] {dag.py:2379} INFO - Sync 1 DAGs
[2023-08-18 02:03:26,969] {logging_mixin.py:115} INFO - [2023-08-18 02:03:26,969] {dag.py:2927} INFO - Setting next_dagrun for tutorial_taskflow_api_etl_virtualenv to None, run_after=None
[2023-08-18 02:03:27,002] {processor.py:161} INFO - Processing /home/guilherme/extracao-dados-twitter/venv/lib/python3.9/site-packages/airflow/example_dags/tutorial_taskflow_api_etl_virtualenv.py took 0.125 seconds
[2023-08-18 02:04:00,851] {processor.py:153} INFO - Started process (PID=5094) to work on /home/guilherme/extracao-dados-twitter/venv/lib/python3.9/site-packages/airflow/example_dags/tutorial_taskflow_api_etl_virtualenv.py
[2023-08-18 02:04:00,852] {processor.py:641} INFO - Processing file /home/guilherme/extracao-dados-twitter/venv/lib/python3.9/site-packages/airflow/example_dags/tutorial_taskflow_api_etl_virtualenv.py for tasks to queue
[2023-08-18 02:04:00,853] {logging_mixin.py:115} INFO - [2023-08-18 02:04:00,853] {dagbag.py:507} INFO - Filling up the DagBag from /home/guilherme/extracao-dados-twitter/venv/lib/python3.9/site-packages/airflow/example_dags/tutorial_taskflow_api_etl_virtualenv.py
[2023-08-18 02:04:00,877] {processor.py:651} INFO - DAG(s) dict_keys(['tutorial_taskflow_api_etl_virtualenv']) retrieved from /home/guilherme/extracao-dados-twitter/venv/lib/python3.9/site-packages/airflow/example_dags/tutorial_taskflow_api_etl_virtualenv.py
[2023-08-18 02:04:00,942] {logging_mixin.py:115} INFO - [2023-08-18 02:04:00,942] {dag.py:2379} INFO - Sync 1 DAGs
[2023-08-18 02:04:00,959] {logging_mixin.py:115} INFO - [2023-08-18 02:04:00,959] {dag.py:2927} INFO - Setting next_dagrun for tutorial_taskflow_api_etl_virtualenv to None, run_after=None
[2023-08-18 02:04:01,001] {processor.py:161} INFO - Processing /home/guilherme/extracao-dados-twitter/venv/lib/python3.9/site-packages/airflow/example_dags/tutorial_taskflow_api_etl_virtualenv.py took 0.154 seconds
[2023-08-18 02:04:36,504] {processor.py:153} INFO - Started process (PID=5334) to work on /home/guilherme/extracao-dados-twitter/venv/lib/python3.9/site-packages/airflow/example_dags/tutorial_taskflow_api_etl_virtualenv.py
[2023-08-18 02:04:36,505] {processor.py:641} INFO - Processing file /home/guilherme/extracao-dados-twitter/venv/lib/python3.9/site-packages/airflow/example_dags/tutorial_taskflow_api_etl_virtualenv.py for tasks to queue
[2023-08-18 02:04:36,506] {logging_mixin.py:115} INFO - [2023-08-18 02:04:36,505] {dagbag.py:507} INFO - Filling up the DagBag from /home/guilherme/extracao-dados-twitter/venv/lib/python3.9/site-packages/airflow/example_dags/tutorial_taskflow_api_etl_virtualenv.py
[2023-08-18 02:04:36,525] {processor.py:651} INFO - DAG(s) dict_keys(['tutorial_taskflow_api_etl_virtualenv']) retrieved from /home/guilherme/extracao-dados-twitter/venv/lib/python3.9/site-packages/airflow/example_dags/tutorial_taskflow_api_etl_virtualenv.py
[2023-08-18 02:04:36,577] {logging_mixin.py:115} INFO - [2023-08-18 02:04:36,577] {dag.py:2379} INFO - Sync 1 DAGs
[2023-08-18 02:04:36,593] {logging_mixin.py:115} INFO - [2023-08-18 02:04:36,593] {dag.py:2927} INFO - Setting next_dagrun for tutorial_taskflow_api_etl_virtualenv to None, run_after=None
[2023-08-18 02:04:36,619] {processor.py:161} INFO - Processing /home/guilherme/extracao-dados-twitter/venv/lib/python3.9/site-packages/airflow/example_dags/tutorial_taskflow_api_etl_virtualenv.py took 0.119 seconds
[2023-08-18 02:05:09,367] {processor.py:153} INFO - Started process (PID=5470) to work on /home/guilherme/extracao-dados-twitter/venv/lib/python3.9/site-packages/airflow/example_dags/tutorial_taskflow_api_etl_virtualenv.py
[2023-08-18 02:05:09,367] {processor.py:641} INFO - Processing file /home/guilherme/extracao-dados-twitter/venv/lib/python3.9/site-packages/airflow/example_dags/tutorial_taskflow_api_etl_virtualenv.py for tasks to queue
[2023-08-18 02:05:09,368] {logging_mixin.py:115} INFO - [2023-08-18 02:05:09,368] {dagbag.py:507} INFO - Filling up the DagBag from /home/guilherme/extracao-dados-twitter/venv/lib/python3.9/site-packages/airflow/example_dags/tutorial_taskflow_api_etl_virtualenv.py
[2023-08-18 02:05:09,389] {processor.py:651} INFO - DAG(s) dict_keys(['tutorial_taskflow_api_etl_virtualenv']) retrieved from /home/guilherme/extracao-dados-twitter/venv/lib/python3.9/site-packages/airflow/example_dags/tutorial_taskflow_api_etl_virtualenv.py
[2023-08-18 02:05:09,442] {logging_mixin.py:115} INFO - [2023-08-18 02:05:09,442] {dag.py:2379} INFO - Sync 1 DAGs
[2023-08-18 02:05:09,458] {logging_mixin.py:115} INFO - [2023-08-18 02:05:09,458] {dag.py:2927} INFO - Setting next_dagrun for tutorial_taskflow_api_etl_virtualenv to None, run_after=None
[2023-08-18 02:05:09,502] {processor.py:161} INFO - Processing /home/guilherme/extracao-dados-twitter/venv/lib/python3.9/site-packages/airflow/example_dags/tutorial_taskflow_api_etl_virtualenv.py took 0.139 seconds
[2023-08-18 02:05:40,714] {processor.py:153} INFO - Started process (PID=5502) to work on /home/guilherme/extracao-dados-twitter/venv/lib/python3.9/site-packages/airflow/example_dags/tutorial_taskflow_api_etl_virtualenv.py
[2023-08-18 02:05:40,715] {processor.py:641} INFO - Processing file /home/guilherme/extracao-dados-twitter/venv/lib/python3.9/site-packages/airflow/example_dags/tutorial_taskflow_api_etl_virtualenv.py for tasks to queue
[2023-08-18 02:05:40,715] {logging_mixin.py:115} INFO - [2023-08-18 02:05:40,715] {dagbag.py:507} INFO - Filling up the DagBag from /home/guilherme/extracao-dados-twitter/venv/lib/python3.9/site-packages/airflow/example_dags/tutorial_taskflow_api_etl_virtualenv.py
[2023-08-18 02:05:40,737] {processor.py:651} INFO - DAG(s) dict_keys(['tutorial_taskflow_api_etl_virtualenv']) retrieved from /home/guilherme/extracao-dados-twitter/venv/lib/python3.9/site-packages/airflow/example_dags/tutorial_taskflow_api_etl_virtualenv.py
[2023-08-18 02:05:40,789] {logging_mixin.py:115} INFO - [2023-08-18 02:05:40,788] {dag.py:2379} INFO - Sync 1 DAGs
[2023-08-18 02:05:40,805] {logging_mixin.py:115} INFO - [2023-08-18 02:05:40,805] {dag.py:2927} INFO - Setting next_dagrun for tutorial_taskflow_api_etl_virtualenv to None, run_after=None
[2023-08-18 02:05:40,848] {processor.py:161} INFO - Processing /home/guilherme/extracao-dados-twitter/venv/lib/python3.9/site-packages/airflow/example_dags/tutorial_taskflow_api_etl_virtualenv.py took 0.139 seconds
[2023-08-18 17:08:26,183] {processor.py:153} INFO - Started process (PID=4957) to work on /home/guilherme/airflow/venv/lib/python3.9/site-packages/airflow/example_dags/tutorial_taskflow_api_etl_virtualenv.py
[2023-08-18 17:08:26,188] {processor.py:641} INFO - Processing file /home/guilherme/airflow/venv/lib/python3.9/site-packages/airflow/example_dags/tutorial_taskflow_api_etl_virtualenv.py for tasks to queue
[2023-08-18 17:08:26,189] {logging_mixin.py:115} INFO - [2023-08-18 17:08:26,189] {dagbag.py:507} INFO - Filling up the DagBag from /home/guilherme/airflow/venv/lib/python3.9/site-packages/airflow/example_dags/tutorial_taskflow_api_etl_virtualenv.py
[2023-08-18 17:08:26,206] {processor.py:651} INFO - DAG(s) dict_keys(['tutorial_taskflow_api_etl_virtualenv']) retrieved from /home/guilherme/airflow/venv/lib/python3.9/site-packages/airflow/example_dags/tutorial_taskflow_api_etl_virtualenv.py
[2023-08-18 17:08:26,245] {logging_mixin.py:115} INFO - [2023-08-18 17:08:26,245] {dag.py:2379} INFO - Sync 1 DAGs
[2023-08-18 17:08:26,259] {logging_mixin.py:115} INFO - [2023-08-18 17:08:26,258] {dag.py:2927} INFO - Setting next_dagrun for tutorial_taskflow_api_etl_virtualenv to None, run_after=None
[2023-08-18 17:08:26,399] {processor.py:161} INFO - Processing /home/guilherme/airflow/venv/lib/python3.9/site-packages/airflow/example_dags/tutorial_taskflow_api_etl_virtualenv.py took 0.220 seconds
[2023-08-18 17:09:10,109] {processor.py:153} INFO - Started process (PID=5062) to work on /home/guilherme/airflow/venv/lib/python3.9/site-packages/airflow/example_dags/tutorial_taskflow_api_etl_virtualenv.py
[2023-08-18 17:09:10,110] {processor.py:641} INFO - Processing file /home/guilherme/airflow/venv/lib/python3.9/site-packages/airflow/example_dags/tutorial_taskflow_api_etl_virtualenv.py for tasks to queue
[2023-08-18 17:09:10,110] {logging_mixin.py:115} INFO - [2023-08-18 17:09:10,110] {dagbag.py:507} INFO - Filling up the DagBag from /home/guilherme/airflow/venv/lib/python3.9/site-packages/airflow/example_dags/tutorial_taskflow_api_etl_virtualenv.py
[2023-08-18 17:09:10,127] {processor.py:651} INFO - DAG(s) dict_keys(['tutorial_taskflow_api_etl_virtualenv']) retrieved from /home/guilherme/airflow/venv/lib/python3.9/site-packages/airflow/example_dags/tutorial_taskflow_api_etl_virtualenv.py
[2023-08-18 17:09:10,175] {logging_mixin.py:115} INFO - [2023-08-18 17:09:10,175] {dag.py:2379} INFO - Sync 1 DAGs
[2023-08-18 17:09:10,192] {logging_mixin.py:115} INFO - [2023-08-18 17:09:10,192] {dag.py:2927} INFO - Setting next_dagrun for tutorial_taskflow_api_etl_virtualenv to None, run_after=None
[2023-08-18 17:09:10,221] {processor.py:161} INFO - Processing /home/guilherme/airflow/venv/lib/python3.9/site-packages/airflow/example_dags/tutorial_taskflow_api_etl_virtualenv.py took 0.115 seconds
[2023-08-18 17:09:43,060] {processor.py:153} INFO - Started process (PID=5096) to work on /home/guilherme/airflow/venv/lib/python3.9/site-packages/airflow/example_dags/tutorial_taskflow_api_etl_virtualenv.py
[2023-08-18 17:09:43,061] {processor.py:641} INFO - Processing file /home/guilherme/airflow/venv/lib/python3.9/site-packages/airflow/example_dags/tutorial_taskflow_api_etl_virtualenv.py for tasks to queue
[2023-08-18 17:09:43,062] {logging_mixin.py:115} INFO - [2023-08-18 17:09:43,062] {dagbag.py:507} INFO - Filling up the DagBag from /home/guilherme/airflow/venv/lib/python3.9/site-packages/airflow/example_dags/tutorial_taskflow_api_etl_virtualenv.py
[2023-08-18 17:09:43,079] {processor.py:651} INFO - DAG(s) dict_keys(['tutorial_taskflow_api_etl_virtualenv']) retrieved from /home/guilherme/airflow/venv/lib/python3.9/site-packages/airflow/example_dags/tutorial_taskflow_api_etl_virtualenv.py
[2023-08-18 17:09:43,121] {logging_mixin.py:115} INFO - [2023-08-18 17:09:43,121] {dag.py:2379} INFO - Sync 1 DAGs
[2023-08-18 17:09:43,135] {logging_mixin.py:115} INFO - [2023-08-18 17:09:43,135] {dag.py:2927} INFO - Setting next_dagrun for tutorial_taskflow_api_etl_virtualenv to None, run_after=None
[2023-08-18 17:09:43,211] {processor.py:161} INFO - Processing /home/guilherme/airflow/venv/lib/python3.9/site-packages/airflow/example_dags/tutorial_taskflow_api_etl_virtualenv.py took 0.155 seconds
[2023-08-18 17:10:18,220] {processor.py:153} INFO - Started process (PID=5130) to work on /home/guilherme/airflow/venv/lib/python3.9/site-packages/airflow/example_dags/tutorial_taskflow_api_etl_virtualenv.py
[2023-08-18 17:10:18,220] {processor.py:641} INFO - Processing file /home/guilherme/airflow/venv/lib/python3.9/site-packages/airflow/example_dags/tutorial_taskflow_api_etl_virtualenv.py for tasks to queue
[2023-08-18 17:10:18,221] {logging_mixin.py:115} INFO - [2023-08-18 17:10:18,221] {dagbag.py:507} INFO - Filling up the DagBag from /home/guilherme/airflow/venv/lib/python3.9/site-packages/airflow/example_dags/tutorial_taskflow_api_etl_virtualenv.py
[2023-08-18 17:10:18,237] {processor.py:651} INFO - DAG(s) dict_keys(['tutorial_taskflow_api_etl_virtualenv']) retrieved from /home/guilherme/airflow/venv/lib/python3.9/site-packages/airflow/example_dags/tutorial_taskflow_api_etl_virtualenv.py
[2023-08-18 17:10:18,277] {logging_mixin.py:115} INFO - [2023-08-18 17:10:18,277] {dag.py:2379} INFO - Sync 1 DAGs
[2023-08-18 17:10:18,289] {logging_mixin.py:115} INFO - [2023-08-18 17:10:18,289] {dag.py:2927} INFO - Setting next_dagrun for tutorial_taskflow_api_etl_virtualenv to None, run_after=None
[2023-08-18 17:10:18,927] {processor.py:161} INFO - Processing /home/guilherme/airflow/venv/lib/python3.9/site-packages/airflow/example_dags/tutorial_taskflow_api_etl_virtualenv.py took 0.710 seconds
[2023-08-18 17:11:02,126] {processor.py:153} INFO - Started process (PID=5170) to work on /home/guilherme/airflow/venv/lib/python3.9/site-packages/airflow/example_dags/tutorial_taskflow_api_etl_virtualenv.py
[2023-08-18 17:11:02,127] {processor.py:641} INFO - Processing file /home/guilherme/airflow/venv/lib/python3.9/site-packages/airflow/example_dags/tutorial_taskflow_api_etl_virtualenv.py for tasks to queue
[2023-08-18 17:11:02,127] {logging_mixin.py:115} INFO - [2023-08-18 17:11:02,127] {dagbag.py:507} INFO - Filling up the DagBag from /home/guilherme/airflow/venv/lib/python3.9/site-packages/airflow/example_dags/tutorial_taskflow_api_etl_virtualenv.py
[2023-08-18 17:11:02,145] {processor.py:651} INFO - DAG(s) dict_keys(['tutorial_taskflow_api_etl_virtualenv']) retrieved from /home/guilherme/airflow/venv/lib/python3.9/site-packages/airflow/example_dags/tutorial_taskflow_api_etl_virtualenv.py
[2023-08-18 17:11:02,164] {logging_mixin.py:115} INFO - [2023-08-18 17:11:02,164] {dag.py:2379} INFO - Sync 1 DAGs
[2023-08-18 17:11:02,181] {logging_mixin.py:115} INFO - [2023-08-18 17:11:02,181] {dag.py:2927} INFO - Setting next_dagrun for tutorial_taskflow_api_etl_virtualenv to None, run_after=None
[2023-08-18 17:11:02,270] {processor.py:161} INFO - Processing /home/guilherme/airflow/venv/lib/python3.9/site-packages/airflow/example_dags/tutorial_taskflow_api_etl_virtualenv.py took 0.147 seconds
[2023-08-18 17:11:34,697] {processor.py:153} INFO - Started process (PID=5304) to work on /home/guilherme/airflow/venv/lib/python3.9/site-packages/airflow/example_dags/tutorial_taskflow_api_etl_virtualenv.py
[2023-08-18 17:11:34,698] {processor.py:641} INFO - Processing file /home/guilherme/airflow/venv/lib/python3.9/site-packages/airflow/example_dags/tutorial_taskflow_api_etl_virtualenv.py for tasks to queue
[2023-08-18 17:11:34,699] {logging_mixin.py:115} INFO - [2023-08-18 17:11:34,698] {dagbag.py:507} INFO - Filling up the DagBag from /home/guilherme/airflow/venv/lib/python3.9/site-packages/airflow/example_dags/tutorial_taskflow_api_etl_virtualenv.py
[2023-08-18 17:11:34,716] {processor.py:651} INFO - DAG(s) dict_keys(['tutorial_taskflow_api_etl_virtualenv']) retrieved from /home/guilherme/airflow/venv/lib/python3.9/site-packages/airflow/example_dags/tutorial_taskflow_api_etl_virtualenv.py
[2023-08-18 17:11:34,762] {logging_mixin.py:115} INFO - [2023-08-18 17:11:34,762] {dag.py:2379} INFO - Sync 1 DAGs
[2023-08-18 17:11:34,777] {logging_mixin.py:115} INFO - [2023-08-18 17:11:34,777] {dag.py:2927} INFO - Setting next_dagrun for tutorial_taskflow_api_etl_virtualenv to None, run_after=None
[2023-08-18 17:11:34,804] {processor.py:161} INFO - Processing /home/guilherme/airflow/venv/lib/python3.9/site-packages/airflow/example_dags/tutorial_taskflow_api_etl_virtualenv.py took 0.110 seconds
[2023-08-18 17:12:08,922] {processor.py:153} INFO - Started process (PID=5599) to work on /home/guilherme/airflow/venv/lib/python3.9/site-packages/airflow/example_dags/tutorial_taskflow_api_etl_virtualenv.py
[2023-08-18 17:12:08,923] {processor.py:641} INFO - Processing file /home/guilherme/airflow/venv/lib/python3.9/site-packages/airflow/example_dags/tutorial_taskflow_api_etl_virtualenv.py for tasks to queue
[2023-08-18 17:12:08,924] {logging_mixin.py:115} INFO - [2023-08-18 17:12:08,923] {dagbag.py:507} INFO - Filling up the DagBag from /home/guilherme/airflow/venv/lib/python3.9/site-packages/airflow/example_dags/tutorial_taskflow_api_etl_virtualenv.py
[2023-08-18 17:12:08,940] {processor.py:651} INFO - DAG(s) dict_keys(['tutorial_taskflow_api_etl_virtualenv']) retrieved from /home/guilherme/airflow/venv/lib/python3.9/site-packages/airflow/example_dags/tutorial_taskflow_api_etl_virtualenv.py
[2023-08-18 17:12:08,982] {logging_mixin.py:115} INFO - [2023-08-18 17:12:08,982] {dag.py:2379} INFO - Sync 1 DAGs
[2023-08-18 17:12:08,996] {logging_mixin.py:115} INFO - [2023-08-18 17:12:08,996] {dag.py:2927} INFO - Setting next_dagrun for tutorial_taskflow_api_etl_virtualenv to None, run_after=None
[2023-08-18 17:12:09,020] {processor.py:161} INFO - Processing /home/guilherme/airflow/venv/lib/python3.9/site-packages/airflow/example_dags/tutorial_taskflow_api_etl_virtualenv.py took 0.101 seconds
[2023-08-18 17:12:40,682] {processor.py:153} INFO - Started process (PID=5634) to work on /home/guilherme/airflow/venv/lib/python3.9/site-packages/airflow/example_dags/tutorial_taskflow_api_etl_virtualenv.py
[2023-08-18 17:12:40,683] {processor.py:641} INFO - Processing file /home/guilherme/airflow/venv/lib/python3.9/site-packages/airflow/example_dags/tutorial_taskflow_api_etl_virtualenv.py for tasks to queue
[2023-08-18 17:12:40,683] {logging_mixin.py:115} INFO - [2023-08-18 17:12:40,683] {dagbag.py:507} INFO - Filling up the DagBag from /home/guilherme/airflow/venv/lib/python3.9/site-packages/airflow/example_dags/tutorial_taskflow_api_etl_virtualenv.py
[2023-08-18 17:12:40,700] {processor.py:651} INFO - DAG(s) dict_keys(['tutorial_taskflow_api_etl_virtualenv']) retrieved from /home/guilherme/airflow/venv/lib/python3.9/site-packages/airflow/example_dags/tutorial_taskflow_api_etl_virtualenv.py
[2023-08-18 17:12:40,742] {logging_mixin.py:115} INFO - [2023-08-18 17:12:40,742] {dag.py:2379} INFO - Sync 1 DAGs
[2023-08-18 17:12:40,755] {logging_mixin.py:115} INFO - [2023-08-18 17:12:40,755] {dag.py:2927} INFO - Setting next_dagrun for tutorial_taskflow_api_etl_virtualenv to None, run_after=None
[2023-08-18 17:12:40,782] {processor.py:161} INFO - Processing /home/guilherme/airflow/venv/lib/python3.9/site-packages/airflow/example_dags/tutorial_taskflow_api_etl_virtualenv.py took 0.104 seconds
