[2023-08-18 01:56:17,612] {processor.py:153} INFO - Started process (PID=3455) to work on /home/guilherme/extracao-dados-twitter/venv/lib/python3.9/site-packages/airflow/example_dags/subdags/subdag.py
[2023-08-18 01:56:17,613] {processor.py:641} INFO - Processing file /home/guilherme/extracao-dados-twitter/venv/lib/python3.9/site-packages/airflow/example_dags/subdags/subdag.py for tasks to queue
[2023-08-18 01:56:17,630] {logging_mixin.py:115} INFO - [2023-08-18 01:56:17,629] {dagbag.py:507} INFO - Filling up the DagBag from /home/guilherme/extracao-dados-twitter/venv/lib/python3.9/site-packages/airflow/example_dags/subdags/subdag.py
[2023-08-18 01:56:17,632] {processor.py:653} WARNING - No viable dags retrieved from /home/guilherme/extracao-dados-twitter/venv/lib/python3.9/site-packages/airflow/example_dags/subdags/subdag.py
[2023-08-18 01:56:17,669] {processor.py:161} INFO - Processing /home/guilherme/extracao-dados-twitter/venv/lib/python3.9/site-packages/airflow/example_dags/subdags/subdag.py took 0.062 seconds
[2023-08-18 01:56:59,963] {processor.py:153} INFO - Started process (PID=3594) to work on /home/guilherme/extracao-dados-twitter/venv/lib/python3.9/site-packages/airflow/example_dags/subdags/subdag.py
[2023-08-18 01:56:59,964] {processor.py:641} INFO - Processing file /home/guilherme/extracao-dados-twitter/venv/lib/python3.9/site-packages/airflow/example_dags/subdags/subdag.py for tasks to queue
[2023-08-18 01:56:59,964] {logging_mixin.py:115} INFO - [2023-08-18 01:56:59,964] {dagbag.py:507} INFO - Filling up the DagBag from /home/guilherme/extracao-dados-twitter/venv/lib/python3.9/site-packages/airflow/example_dags/subdags/subdag.py
[2023-08-18 01:56:59,966] {processor.py:653} WARNING - No viable dags retrieved from /home/guilherme/extracao-dados-twitter/venv/lib/python3.9/site-packages/airflow/example_dags/subdags/subdag.py
[2023-08-18 01:56:59,978] {processor.py:161} INFO - Processing /home/guilherme/extracao-dados-twitter/venv/lib/python3.9/site-packages/airflow/example_dags/subdags/subdag.py took 0.019 seconds
[2023-08-18 01:57:34,813] {processor.py:153} INFO - Started process (PID=3889) to work on /home/guilherme/extracao-dados-twitter/venv/lib/python3.9/site-packages/airflow/example_dags/subdags/subdag.py
[2023-08-18 01:57:34,814] {processor.py:641} INFO - Processing file /home/guilherme/extracao-dados-twitter/venv/lib/python3.9/site-packages/airflow/example_dags/subdags/subdag.py for tasks to queue
[2023-08-18 01:57:34,815] {logging_mixin.py:115} INFO - [2023-08-18 01:57:34,815] {dagbag.py:507} INFO - Filling up the DagBag from /home/guilherme/extracao-dados-twitter/venv/lib/python3.9/site-packages/airflow/example_dags/subdags/subdag.py
[2023-08-18 01:57:34,816] {processor.py:653} WARNING - No viable dags retrieved from /home/guilherme/extracao-dados-twitter/venv/lib/python3.9/site-packages/airflow/example_dags/subdags/subdag.py
[2023-08-18 01:57:34,830] {processor.py:161} INFO - Processing /home/guilherme/extracao-dados-twitter/venv/lib/python3.9/site-packages/airflow/example_dags/subdags/subdag.py took 0.021 seconds
[2023-08-18 01:58:10,628] {processor.py:153} INFO - Started process (PID=4079) to work on /home/guilherme/extracao-dados-twitter/venv/lib/python3.9/site-packages/airflow/example_dags/subdags/subdag.py
[2023-08-18 01:58:10,629] {processor.py:641} INFO - Processing file /home/guilherme/extracao-dados-twitter/venv/lib/python3.9/site-packages/airflow/example_dags/subdags/subdag.py for tasks to queue
[2023-08-18 01:58:10,630] {logging_mixin.py:115} INFO - [2023-08-18 01:58:10,630] {dagbag.py:507} INFO - Filling up the DagBag from /home/guilherme/extracao-dados-twitter/venv/lib/python3.9/site-packages/airflow/example_dags/subdags/subdag.py
[2023-08-18 01:58:10,631] {processor.py:653} WARNING - No viable dags retrieved from /home/guilherme/extracao-dados-twitter/venv/lib/python3.9/site-packages/airflow/example_dags/subdags/subdag.py
[2023-08-18 01:58:10,645] {processor.py:161} INFO - Processing /home/guilherme/extracao-dados-twitter/venv/lib/python3.9/site-packages/airflow/example_dags/subdags/subdag.py took 0.021 seconds
[2023-08-18 01:58:44,782] {processor.py:153} INFO - Started process (PID=4113) to work on /home/guilherme/extracao-dados-twitter/venv/lib/python3.9/site-packages/airflow/example_dags/subdags/subdag.py
[2023-08-18 01:58:44,783] {processor.py:641} INFO - Processing file /home/guilherme/extracao-dados-twitter/venv/lib/python3.9/site-packages/airflow/example_dags/subdags/subdag.py for tasks to queue
[2023-08-18 01:58:44,783] {logging_mixin.py:115} INFO - [2023-08-18 01:58:44,783] {dagbag.py:507} INFO - Filling up the DagBag from /home/guilherme/extracao-dados-twitter/venv/lib/python3.9/site-packages/airflow/example_dags/subdags/subdag.py
[2023-08-18 01:58:44,785] {processor.py:653} WARNING - No viable dags retrieved from /home/guilherme/extracao-dados-twitter/venv/lib/python3.9/site-packages/airflow/example_dags/subdags/subdag.py
[2023-08-18 01:58:44,799] {processor.py:161} INFO - Processing /home/guilherme/extracao-dados-twitter/venv/lib/python3.9/site-packages/airflow/example_dags/subdags/subdag.py took 0.020 seconds
[2023-08-18 02:01:42,933] {processor.py:153} INFO - Started process (PID=4730) to work on /home/guilherme/extracao-dados-twitter/venv/lib/python3.9/site-packages/airflow/example_dags/subdags/subdag.py
[2023-08-18 02:01:42,950] {processor.py:641} INFO - Processing file /home/guilherme/extracao-dados-twitter/venv/lib/python3.9/site-packages/airflow/example_dags/subdags/subdag.py for tasks to queue
[2023-08-18 02:01:42,951] {logging_mixin.py:115} INFO - [2023-08-18 02:01:42,951] {dagbag.py:507} INFO - Filling up the DagBag from /home/guilherme/extracao-dados-twitter/venv/lib/python3.9/site-packages/airflow/example_dags/subdags/subdag.py
[2023-08-18 02:01:42,953] {processor.py:653} WARNING - No viable dags retrieved from /home/guilherme/extracao-dados-twitter/venv/lib/python3.9/site-packages/airflow/example_dags/subdags/subdag.py
[2023-08-18 02:01:43,014] {processor.py:161} INFO - Processing /home/guilherme/extracao-dados-twitter/venv/lib/python3.9/site-packages/airflow/example_dags/subdags/subdag.py took 0.086 seconds
[2023-08-18 02:02:18,379] {processor.py:153} INFO - Started process (PID=4985) to work on /home/guilherme/extracao-dados-twitter/venv/lib/python3.9/site-packages/airflow/example_dags/subdags/subdag.py
[2023-08-18 02:02:18,380] {processor.py:641} INFO - Processing file /home/guilherme/extracao-dados-twitter/venv/lib/python3.9/site-packages/airflow/example_dags/subdags/subdag.py for tasks to queue
[2023-08-18 02:02:18,381] {logging_mixin.py:115} INFO - [2023-08-18 02:02:18,381] {dagbag.py:507} INFO - Filling up the DagBag from /home/guilherme/extracao-dados-twitter/venv/lib/python3.9/site-packages/airflow/example_dags/subdags/subdag.py
[2023-08-18 02:02:18,382] {processor.py:653} WARNING - No viable dags retrieved from /home/guilherme/extracao-dados-twitter/venv/lib/python3.9/site-packages/airflow/example_dags/subdags/subdag.py
[2023-08-18 02:02:18,396] {processor.py:161} INFO - Processing /home/guilherme/extracao-dados-twitter/venv/lib/python3.9/site-packages/airflow/example_dags/subdags/subdag.py took 0.020 seconds
[2023-08-18 02:02:53,611] {processor.py:153} INFO - Started process (PID=5026) to work on /home/guilherme/extracao-dados-twitter/venv/lib/python3.9/site-packages/airflow/example_dags/subdags/subdag.py
[2023-08-18 02:02:53,612] {processor.py:641} INFO - Processing file /home/guilherme/extracao-dados-twitter/venv/lib/python3.9/site-packages/airflow/example_dags/subdags/subdag.py for tasks to queue
[2023-08-18 02:02:53,612] {logging_mixin.py:115} INFO - [2023-08-18 02:02:53,612] {dagbag.py:507} INFO - Filling up the DagBag from /home/guilherme/extracao-dados-twitter/venv/lib/python3.9/site-packages/airflow/example_dags/subdags/subdag.py
[2023-08-18 02:02:53,614] {processor.py:653} WARNING - No viable dags retrieved from /home/guilherme/extracao-dados-twitter/venv/lib/python3.9/site-packages/airflow/example_dags/subdags/subdag.py
[2023-08-18 02:02:53,627] {processor.py:161} INFO - Processing /home/guilherme/extracao-dados-twitter/venv/lib/python3.9/site-packages/airflow/example_dags/subdags/subdag.py took 0.020 seconds
[2023-08-18 02:03:28,114] {processor.py:153} INFO - Started process (PID=5061) to work on /home/guilherme/extracao-dados-twitter/venv/lib/python3.9/site-packages/airflow/example_dags/subdags/subdag.py
[2023-08-18 02:03:28,115] {processor.py:641} INFO - Processing file /home/guilherme/extracao-dados-twitter/venv/lib/python3.9/site-packages/airflow/example_dags/subdags/subdag.py for tasks to queue
[2023-08-18 02:03:28,115] {logging_mixin.py:115} INFO - [2023-08-18 02:03:28,115] {dagbag.py:507} INFO - Filling up the DagBag from /home/guilherme/extracao-dados-twitter/venv/lib/python3.9/site-packages/airflow/example_dags/subdags/subdag.py
[2023-08-18 02:03:28,117] {processor.py:653} WARNING - No viable dags retrieved from /home/guilherme/extracao-dados-twitter/venv/lib/python3.9/site-packages/airflow/example_dags/subdags/subdag.py
[2023-08-18 02:03:28,130] {processor.py:161} INFO - Processing /home/guilherme/extracao-dados-twitter/venv/lib/python3.9/site-packages/airflow/example_dags/subdags/subdag.py took 0.019 seconds
[2023-08-18 02:04:02,084] {processor.py:153} INFO - Started process (PID=5095) to work on /home/guilherme/extracao-dados-twitter/venv/lib/python3.9/site-packages/airflow/example_dags/subdags/subdag.py
[2023-08-18 02:04:02,085] {processor.py:641} INFO - Processing file /home/guilherme/extracao-dados-twitter/venv/lib/python3.9/site-packages/airflow/example_dags/subdags/subdag.py for tasks to queue
[2023-08-18 02:04:02,086] {logging_mixin.py:115} INFO - [2023-08-18 02:04:02,086] {dagbag.py:507} INFO - Filling up the DagBag from /home/guilherme/extracao-dados-twitter/venv/lib/python3.9/site-packages/airflow/example_dags/subdags/subdag.py
[2023-08-18 02:04:02,087] {processor.py:653} WARNING - No viable dags retrieved from /home/guilherme/extracao-dados-twitter/venv/lib/python3.9/site-packages/airflow/example_dags/subdags/subdag.py
[2023-08-18 02:04:02,105] {processor.py:161} INFO - Processing /home/guilherme/extracao-dados-twitter/venv/lib/python3.9/site-packages/airflow/example_dags/subdags/subdag.py took 0.025 seconds
[2023-08-18 02:04:37,742] {processor.py:153} INFO - Started process (PID=5335) to work on /home/guilherme/extracao-dados-twitter/venv/lib/python3.9/site-packages/airflow/example_dags/subdags/subdag.py
[2023-08-18 02:04:37,743] {processor.py:641} INFO - Processing file /home/guilherme/extracao-dados-twitter/venv/lib/python3.9/site-packages/airflow/example_dags/subdags/subdag.py for tasks to queue
[2023-08-18 02:04:37,744] {logging_mixin.py:115} INFO - [2023-08-18 02:04:37,744] {dagbag.py:507} INFO - Filling up the DagBag from /home/guilherme/extracao-dados-twitter/venv/lib/python3.9/site-packages/airflow/example_dags/subdags/subdag.py
[2023-08-18 02:04:37,745] {processor.py:653} WARNING - No viable dags retrieved from /home/guilherme/extracao-dados-twitter/venv/lib/python3.9/site-packages/airflow/example_dags/subdags/subdag.py
[2023-08-18 02:04:37,757] {processor.py:161} INFO - Processing /home/guilherme/extracao-dados-twitter/venv/lib/python3.9/site-packages/airflow/example_dags/subdags/subdag.py took 0.018 seconds
[2023-08-18 02:05:10,621] {processor.py:153} INFO - Started process (PID=5471) to work on /home/guilherme/extracao-dados-twitter/venv/lib/python3.9/site-packages/airflow/example_dags/subdags/subdag.py
[2023-08-18 02:05:10,622] {processor.py:641} INFO - Processing file /home/guilherme/extracao-dados-twitter/venv/lib/python3.9/site-packages/airflow/example_dags/subdags/subdag.py for tasks to queue
[2023-08-18 02:05:10,622] {logging_mixin.py:115} INFO - [2023-08-18 02:05:10,622] {dagbag.py:507} INFO - Filling up the DagBag from /home/guilherme/extracao-dados-twitter/venv/lib/python3.9/site-packages/airflow/example_dags/subdags/subdag.py
[2023-08-18 02:05:10,624] {processor.py:653} WARNING - No viable dags retrieved from /home/guilherme/extracao-dados-twitter/venv/lib/python3.9/site-packages/airflow/example_dags/subdags/subdag.py
[2023-08-18 02:05:10,637] {processor.py:161} INFO - Processing /home/guilherme/extracao-dados-twitter/venv/lib/python3.9/site-packages/airflow/example_dags/subdags/subdag.py took 0.020 seconds
[2023-08-18 02:05:44,894] {processor.py:153} INFO - Started process (PID=5506) to work on /home/guilherme/extracao-dados-twitter/venv/lib/python3.9/site-packages/airflow/example_dags/subdags/subdag.py
[2023-08-18 02:05:44,895] {processor.py:641} INFO - Processing file /home/guilherme/extracao-dados-twitter/venv/lib/python3.9/site-packages/airflow/example_dags/subdags/subdag.py for tasks to queue
[2023-08-18 02:05:44,895] {logging_mixin.py:115} INFO - [2023-08-18 02:05:44,895] {dagbag.py:507} INFO - Filling up the DagBag from /home/guilherme/extracao-dados-twitter/venv/lib/python3.9/site-packages/airflow/example_dags/subdags/subdag.py
[2023-08-18 02:05:44,897] {processor.py:653} WARNING - No viable dags retrieved from /home/guilherme/extracao-dados-twitter/venv/lib/python3.9/site-packages/airflow/example_dags/subdags/subdag.py
[2023-08-18 02:05:44,911] {processor.py:161} INFO - Processing /home/guilherme/extracao-dados-twitter/venv/lib/python3.9/site-packages/airflow/example_dags/subdags/subdag.py took 0.020 seconds
[2023-08-18 17:08:30,571] {processor.py:153} INFO - Started process (PID=4984) to work on /home/guilherme/airflow/venv/lib/python3.9/site-packages/airflow/example_dags/subdags/subdag.py
[2023-08-18 17:08:30,575] {processor.py:641} INFO - Processing file /home/guilherme/airflow/venv/lib/python3.9/site-packages/airflow/example_dags/subdags/subdag.py for tasks to queue
[2023-08-18 17:08:30,576] {logging_mixin.py:115} INFO - [2023-08-18 17:08:30,576] {dagbag.py:507} INFO - Filling up the DagBag from /home/guilherme/airflow/venv/lib/python3.9/site-packages/airflow/example_dags/subdags/subdag.py
[2023-08-18 17:08:30,577] {processor.py:653} WARNING - No viable dags retrieved from /home/guilherme/airflow/venv/lib/python3.9/site-packages/airflow/example_dags/subdags/subdag.py
[2023-08-18 17:08:30,588] {processor.py:161} INFO - Processing /home/guilherme/airflow/venv/lib/python3.9/site-packages/airflow/example_dags/subdags/subdag.py took 0.021 seconds
[2023-08-18 17:09:12,662] {processor.py:153} INFO - Started process (PID=5065) to work on /home/guilherme/airflow/venv/lib/python3.9/site-packages/airflow/example_dags/subdags/subdag.py
[2023-08-18 17:09:12,662] {processor.py:641} INFO - Processing file /home/guilherme/airflow/venv/lib/python3.9/site-packages/airflow/example_dags/subdags/subdag.py for tasks to queue
[2023-08-18 17:09:12,663] {logging_mixin.py:115} INFO - [2023-08-18 17:09:12,663] {dagbag.py:507} INFO - Filling up the DagBag from /home/guilherme/airflow/venv/lib/python3.9/site-packages/airflow/example_dags/subdags/subdag.py
[2023-08-18 17:09:12,664] {processor.py:653} WARNING - No viable dags retrieved from /home/guilherme/airflow/venv/lib/python3.9/site-packages/airflow/example_dags/subdags/subdag.py
[2023-08-18 17:09:12,676] {processor.py:161} INFO - Processing /home/guilherme/airflow/venv/lib/python3.9/site-packages/airflow/example_dags/subdags/subdag.py took 0.017 seconds
[2023-08-18 17:09:46,557] {processor.py:153} INFO - Started process (PID=5099) to work on /home/guilherme/airflow/venv/lib/python3.9/site-packages/airflow/example_dags/subdags/subdag.py
[2023-08-18 17:09:46,557] {processor.py:641} INFO - Processing file /home/guilherme/airflow/venv/lib/python3.9/site-packages/airflow/example_dags/subdags/subdag.py for tasks to queue
[2023-08-18 17:09:46,558] {logging_mixin.py:115} INFO - [2023-08-18 17:09:46,558] {dagbag.py:507} INFO - Filling up the DagBag from /home/guilherme/airflow/venv/lib/python3.9/site-packages/airflow/example_dags/subdags/subdag.py
[2023-08-18 17:09:46,559] {processor.py:653} WARNING - No viable dags retrieved from /home/guilherme/airflow/venv/lib/python3.9/site-packages/airflow/example_dags/subdags/subdag.py
[2023-08-18 17:09:46,570] {processor.py:161} INFO - Processing /home/guilherme/airflow/venv/lib/python3.9/site-packages/airflow/example_dags/subdags/subdag.py took 0.016 seconds
[2023-08-18 17:10:24,264] {processor.py:153} INFO - Started process (PID=5133) to work on /home/guilherme/airflow/venv/lib/python3.9/site-packages/airflow/example_dags/subdags/subdag.py
[2023-08-18 17:10:24,265] {processor.py:641} INFO - Processing file /home/guilherme/airflow/venv/lib/python3.9/site-packages/airflow/example_dags/subdags/subdag.py for tasks to queue
[2023-08-18 17:10:24,265] {logging_mixin.py:115} INFO - [2023-08-18 17:10:24,265] {dagbag.py:507} INFO - Filling up the DagBag from /home/guilherme/airflow/venv/lib/python3.9/site-packages/airflow/example_dags/subdags/subdag.py
[2023-08-18 17:10:24,267] {processor.py:653} WARNING - No viable dags retrieved from /home/guilherme/airflow/venv/lib/python3.9/site-packages/airflow/example_dags/subdags/subdag.py
[2023-08-18 17:10:24,278] {processor.py:161} INFO - Processing /home/guilherme/airflow/venv/lib/python3.9/site-packages/airflow/example_dags/subdags/subdag.py took 0.017 seconds
[2023-08-18 17:11:05,898] {processor.py:153} INFO - Started process (PID=5173) to work on /home/guilherme/airflow/venv/lib/python3.9/site-packages/airflow/example_dags/subdags/subdag.py
[2023-08-18 17:11:05,899] {processor.py:641} INFO - Processing file /home/guilherme/airflow/venv/lib/python3.9/site-packages/airflow/example_dags/subdags/subdag.py for tasks to queue
[2023-08-18 17:11:05,899] {logging_mixin.py:115} INFO - [2023-08-18 17:11:05,899] {dagbag.py:507} INFO - Filling up the DagBag from /home/guilherme/airflow/venv/lib/python3.9/site-packages/airflow/example_dags/subdags/subdag.py
[2023-08-18 17:11:05,901] {processor.py:653} WARNING - No viable dags retrieved from /home/guilherme/airflow/venv/lib/python3.9/site-packages/airflow/example_dags/subdags/subdag.py
[2023-08-18 17:11:05,913] {processor.py:161} INFO - Processing /home/guilherme/airflow/venv/lib/python3.9/site-packages/airflow/example_dags/subdags/subdag.py took 0.019 seconds
[2023-08-18 17:11:39,831] {processor.py:153} INFO - Started process (PID=5418) to work on /home/guilherme/airflow/venv/lib/python3.9/site-packages/airflow/example_dags/subdags/subdag.py
[2023-08-18 17:11:39,831] {processor.py:641} INFO - Processing file /home/guilherme/airflow/venv/lib/python3.9/site-packages/airflow/example_dags/subdags/subdag.py for tasks to queue
[2023-08-18 17:11:39,832] {logging_mixin.py:115} INFO - [2023-08-18 17:11:39,832] {dagbag.py:507} INFO - Filling up the DagBag from /home/guilherme/airflow/venv/lib/python3.9/site-packages/airflow/example_dags/subdags/subdag.py
[2023-08-18 17:11:39,834] {processor.py:653} WARNING - No viable dags retrieved from /home/guilherme/airflow/venv/lib/python3.9/site-packages/airflow/example_dags/subdags/subdag.py
[2023-08-18 17:11:39,846] {processor.py:161} INFO - Processing /home/guilherme/airflow/venv/lib/python3.9/site-packages/airflow/example_dags/subdags/subdag.py took 0.019 seconds
[2023-08-18 17:12:13,247] {processor.py:153} INFO - Started process (PID=5605) to work on /home/guilherme/airflow/venv/lib/python3.9/site-packages/airflow/example_dags/subdags/subdag.py
[2023-08-18 17:12:13,248] {processor.py:641} INFO - Processing file /home/guilherme/airflow/venv/lib/python3.9/site-packages/airflow/example_dags/subdags/subdag.py for tasks to queue
[2023-08-18 17:12:13,248] {logging_mixin.py:115} INFO - [2023-08-18 17:12:13,248] {dagbag.py:507} INFO - Filling up the DagBag from /home/guilherme/airflow/venv/lib/python3.9/site-packages/airflow/example_dags/subdags/subdag.py
[2023-08-18 17:12:13,250] {processor.py:653} WARNING - No viable dags retrieved from /home/guilherme/airflow/venv/lib/python3.9/site-packages/airflow/example_dags/subdags/subdag.py
[2023-08-18 17:12:13,261] {processor.py:161} INFO - Processing /home/guilherme/airflow/venv/lib/python3.9/site-packages/airflow/example_dags/subdags/subdag.py took 0.017 seconds
[2023-08-18 17:12:44,749] {processor.py:153} INFO - Started process (PID=5638) to work on /home/guilherme/airflow/venv/lib/python3.9/site-packages/airflow/example_dags/subdags/subdag.py
[2023-08-18 17:12:44,749] {processor.py:641} INFO - Processing file /home/guilherme/airflow/venv/lib/python3.9/site-packages/airflow/example_dags/subdags/subdag.py for tasks to queue
[2023-08-18 17:12:44,750] {logging_mixin.py:115} INFO - [2023-08-18 17:12:44,750] {dagbag.py:507} INFO - Filling up the DagBag from /home/guilherme/airflow/venv/lib/python3.9/site-packages/airflow/example_dags/subdags/subdag.py
[2023-08-18 17:12:44,752] {processor.py:653} WARNING - No viable dags retrieved from /home/guilherme/airflow/venv/lib/python3.9/site-packages/airflow/example_dags/subdags/subdag.py
[2023-08-18 17:12:44,764] {processor.py:161} INFO - Processing /home/guilherme/airflow/venv/lib/python3.9/site-packages/airflow/example_dags/subdags/subdag.py took 0.019 seconds
